The best model and running log will save in ./experiments\LondonHW_15\2022-06-04-10-26-09.
============================================================================
The setting of dataset(name: LondonHW, duration: 15):
x_train: month-segment (21824, 1000, 6), week-segment (21824, 1000, 6), current-segment (21824, 1000, 6)
y_train: (21824, 1000, 1)
x_val: month-segment (3504, 1000, 6), week-segment (3504, 1000, 6), current-segment (3504, 1000, 6)
y_val: (3504, 1000, 1)
x_test: month-segment (7008, 1000, 6), week-segment (7008, 1000, 6), current-segment (7008, 1000, 6)
y_test: (7008, 1000, 1)
The number of train records is 21824.
The number of val records is 3504.
The number of test records is 7008.
============================================================================
============================================================================
Model settings:
batch_size=16, cp_cross_attention_depth=2, cp_depth=1, cp_left_depth=1, cp_right_depth=2, cuda=True, dataset='LondonHW', debug=True, decay_rate=0.5, device=0, duration=15, early_stop_patience=15, embedding_dropout=0.06, embedding_size=128, epochs=100, heads=3, is_limit=True, learning_rate=0.002, lr_boundaries=[5, 20, 40, 70], memory_limit=6500, mode='train', model_root_path='./experiments', num_for_predict=1, pattern_length=6, pool='tf', progressive_depth=3, save_model=True, scale_dim=4, sensor_size=1000, shuffle=True, spatial_embedding_path='./input/spatial_embedding_LondonHW.npy', temporal_dropout=0.06, wm_cross_attention_depth=2, wm_depth=1, wm_left_depth=1, wm_right_depth=2
============================================================================
Finish training!
Load the best model.
Load pretrained model parameters from "./experiments\LondonHW_15\2022-06-04-10-26-09\best_model".
Start evaluating!
============================================================================
Finish evaluating, the performance is shown below:
MAE Loss: 19.302350997924805.
RMSE Loss: 33.802669525146484.
SMAPE Loss: 11.197827756404877.
============================================================================
