The best model and running log will save in ./experiments\LondonHW_60\2022-06-19-08-17-45.
============================================================================
The setting of dataset(name: LondonHW, duration: 60):
x_train: month-segment (5440, 1000, 6), week-segment (5440, 1000, 6), current-segment (5440, 1000, 6)
y_train: (5440, 1000, 1)
x_val: month-segment (864, 1000, 6), week-segment (864, 1000, 6), current-segment (864, 1000, 6)
y_val: (864, 1000, 1)
x_test: month-segment (1744, 1000, 6), week-segment (1744, 1000, 6), current-segment (1744, 1000, 6)
y_test: (1744, 1000, 1)
The number of train records is 5440.
The number of val records is 864.
The number of test records is 1744.
============================================================================
============================================================================
Model settings:
batch_size=16, cp_cross_attention_depth=2, cp_depth=1, cp_left_depth=1, cp_right_depth=2, cuda=True, dataset='LondonHW', debug=True, decay_rate=0.5, device=0, duration=60, early_stop_patience=15, embedding_dropout=0.06, embedding_size=128, epochs=400, heads=3, is_limit=True, learning_rate=0.002, lr_boundaries=[20, 80, 120, 200], memory_limit=6500, mode='train', model_root_path='./experiments', num_for_predict=1, pattern_length=6, pool='tf', progressive_depth=3, save_model=True, scale_dim=4, sensor_size=1000, shuffle=True, spatial_embedding_path='./input/spatial_embedding_LondonHW.npy', temporal_dropout=0.06, wm_cross_attention_depth=2, wm_depth=1, wm_left_depth=1, wm_right_depth=2
============================================================================
Finish training!
Load the best model.
Load pretrained model parameters from "./experiments\LondonHW_60\2022-06-19-08-17-45\best_model".
Start evaluating!
============================================================================
Finish evaluating, the performance is shown below:
MAE Loss: 76.68802642822266.
RMSE Loss: 140.45501708984375.
SMAPE Loss: 10.40147840976715.
============================================================================
