The best model and running log will save in ./experiments\LondonHW_30\2022-06-13-08-51-36.
============================================================================
The setting of dataset(name: LondonHW, duration: 30):
x_train: month-segment (10912, 1000, 6), week-segment (10912, 1000, 6), current-segment (10912, 1000, 6)
y_train: (10912, 1000, 1)
x_val: month-segment (1744, 1000, 6), week-segment (1744, 1000, 6), current-segment (1744, 1000, 6)
y_val: (1744, 1000, 1)
x_test: month-segment (3504, 1000, 6), week-segment (3504, 1000, 6), current-segment (3504, 1000, 6)
y_test: (3504, 1000, 1)
The number of train records is 10912.
The number of val records is 1744.
The number of test records is 3504.
============================================================================
============================================================================
Model settings:
batch_size=16, cp_cross_attention_depth=2, cp_depth=1, cp_left_depth=1, cp_right_depth=2, cuda=True, dataset='LondonHW', debug=True, decay_rate=0.5, device=0, duration=30, early_stop_patience=15, embedding_dropout=0.06, embedding_size=128, epochs=200, heads=3, is_limit=True, learning_rate=0.002, lr_boundaries=[10, 30, 70, 80], memory_limit=6500, mode='train', model_root_path='./experiments', num_for_predict=1, pattern_length=6, pool='tf', progressive_depth=3, save_model=True, scale_dim=4, sensor_size=1000, shuffle=True, spatial_embedding_path='./input/spatial_embedding_LondonHW.npy', temporal_dropout=0.06, wm_cross_attention_depth=2, wm_depth=1, wm_left_depth=1, wm_right_depth=2
============================================================================
Finish training!
Load the best model.
Load pretrained model parameters from "./experiments\LondonHW_30\2022-06-13-08-51-36\best_model".
Start evaluating!
============================================================================
Finish evaluating, the performance is shown below:
MAE Loss: 37.181495666503906.
RMSE Loss: 67.20133209228516.
SMAPE Loss: 10.293636471033096.
============================================================================
