2022-07-10 10:17:23.384 | INFO     | __main__:main:108 - {'remote': False, 'num_gpu': 0, 'epochs': 200, 'batch_size': 8, 'is_test': False, 'early_stop_patience': 15, 'filename': 'ManchesterHW_30', 'train_ratio': 0.7, 'valid_ratio': 0.1, 'his_length': 12, 'pred_length': 1, 'sigma1': 0.1, 'sigma2': 10, 'thres1': 0.6, 'thres2': 0.5, 'lr': 0.002, 'log': True}
average degree of spatial graph is 500.0
average degree of semantic graph is 23.445
=====Epoch 1=====
Training...
100%|██████████| 1532/1532 [05:10<00:00,  4.93it/s]
  0%|          | 0/1532 [00:00<?, ?it/s]Evaluating...
100%|██████████| 1532/1532 [01:59<00:00, 12.77it/s]
100%|██████████| 218/218 [00:17<00:00, 12.81it/s]
New best results!
2022-07-10 10:24:51.761 | INFO     | __main__:main:156 -
##on train data## loss: 0.029362458112897647,
##on train data## rmse loss: 86.31374123326792, mae loss: 52.82570508005725, mape loss: 24.151154067221416
##on valid data## rmse loss: 88.51910832606325, mae loss: 54.062683525435425, mape loss: 26.125509203027146
  0%|          | 0/1532 [00:00<?, ?it/s]=====Epoch 2=====
Training...
100%|██████████| 1532/1532 [05:07<00:00,  4.99it/s]
  0%|          | 0/1532 [00:00<?, ?it/s]Evaluating...
100%|██████████| 1532/1532 [01:59<00:00, 12.77it/s]
100%|██████████| 218/218 [00:17<00:00, 12.76it/s]
New best results!
2022-07-10 10:32:16.041 | INFO     | __main__:main:156 -
##on train data## loss: 0.010758958919844335,
##on train data## rmse loss: 84.63711702232261, mae loss: 52.93385534933902, mape loss: 30.6900679695544
##on valid data## rmse loss: 86.7389841167205, mae loss: 53.99981239738814, mape loss: 32.39711002198928
  0%|          | 0/1532 [00:00<?, ?it/s]=====Epoch 3=====
Training...
100%|██████████| 1532/1532 [05:04<00:00,  5.03it/s]
  0%|          | 0/1532 [00:00<?, ?it/s]Evaluating...
100%|██████████| 1532/1532 [01:59<00:00, 12.83it/s]
100%|██████████| 218/218 [00:16<00:00, 12.83it/s]
New best results!
2022-07-10 10:39:36.836 | INFO     | __main__:main:156 -
##on train data## loss: 0.009896085609429013,
##on train data## rmse loss: 79.63669503015264, mae loss: 47.091665505740416, mape loss: 21.10645403749949
##on valid data## rmse loss: 82.33709872534516, mae loss: 48.60663043030905, mape loss: 24.19605358683188
  0%|          | 0/1532 [00:00<?, ?it/s]=====Epoch 4=====
Training...
100%|██████████| 1532/1532 [05:05<00:00,  5.01it/s]
  0%|          | 0/1532 [00:00<?, ?it/s]Evaluating...
100%|██████████| 1532/1532 [01:59<00:00, 12.82it/s]
100%|██████████| 218/218 [00:16<00:00, 12.85it/s]
New best results!
2022-07-10 10:46:58.875 | INFO     | __main__:main:156 -
##on train data## loss: 0.009196035865014638,
##on train data## rmse loss: 73.5511871865773, mae loss: 44.37112358282503, mape loss: 22.51961555565384
##on valid data## rmse loss: 75.50251595033419, mae loss: 45.243047303016034, mape loss: 24.589094806701766
  0%|          | 0/1532 [00:00<?, ?it/s]=====Epoch 5=====
Training...
100%|██████████| 1532/1532 [05:06<00:00,  5.00it/s]
  0%|          | 0/1532 [00:00<?, ?it/s]Evaluating...
100%|██████████| 1532/1532 [01:59<00:00, 12.81it/s]
100%|██████████| 218/218 [00:17<00:00, 12.71it/s]
2022-07-10 10:54:21.896 | INFO     | __main__:main:156 -
##on train data## loss: 0.008863062842724135,
##on train data## rmse loss: 80.22535771551705, mae loss: 53.26032576050522, mape loss: 39.17386947642263
##on valid data## rmse loss: 82.85868294742129, mae loss: 54.674814276739, mape loss: 40.47669048224567
  0%|          | 0/1532 [00:00<?, ?it/s]=====Epoch 6=====
Training...
100%|██████████| 1532/1532 [05:07<00:00,  4.99it/s]
  0%|          | 0/1532 [00:00<?, ?it/s]Evaluating...
100%|██████████| 1532/1532 [01:59<00:00, 12.80it/s]
100%|██████████| 218/218 [00:17<00:00, 12.81it/s]
2022-07-10 11:01:45.681 | INFO     | __main__:main:156 -
##on train data## loss: 0.008041268099611868,
##on train data## rmse loss: 76.23864168909138, mae loss: 48.966137711746576, mape loss: 24.164921359472736
##on valid data## rmse loss: 77.55487538258964, mae loss: 49.376256277801794, mape loss: 26.93485021249417
  0%|          | 0/1532 [00:00<?, ?it/s]=====Epoch 7=====
Training...
100%|██████████| 1532/1532 [05:07<00:00,  4.99it/s]
  0%|          | 0/1532 [00:00<?, ?it/s]Evaluating...
100%|██████████| 1532/1532 [01:59<00:00, 12.80it/s]
100%|██████████| 218/218 [00:17<00:00, 12.80it/s]
New best results!
2022-07-10 11:09:09.675 | INFO     | __main__:main:156 -
##on train data## loss: 0.00789191818163261,
##on train data## rmse loss: 66.93578480429188, mae loss: 41.10620020450562, mape loss: 27.639760760780103
##on valid data## rmse loss: 69.13706600994145, mae loss: 42.040087358667215, mape loss: 30.83701630661247
  0%|          | 0/1532 [00:00<?, ?it/s]=====Epoch 8=====
Training...
100%|██████████| 1532/1532 [05:07<00:00,  4.99it/s]
  0%|          | 0/1532 [00:00<?, ?it/s]Evaluating...
100%|██████████| 1532/1532 [01:59<00:00, 12.79it/s]
100%|██████████| 218/218 [00:17<00:00, 12.81it/s]
2022-07-10 11:16:33.706 | INFO     | __main__:main:156 -
##on train data## loss: 0.00828307023874968,
##on train data## rmse loss: 76.41447059541707, mae loss: 47.327409998243844, mape loss: 22.01077210286501
##on valid data## rmse loss: 79.1060162990465, mae loss: 48.6926192187388, mape loss: 24.27113966657481
  0%|          | 0/1532 [00:00<?, ?it/s]=====Epoch 9=====
Training...
100%|██████████| 1532/1532 [05:07<00:00,  4.99it/s]
  0%|          | 0/1532 [00:00<?, ?it/s]Evaluating...
100%|██████████| 1532/1532 [01:59<00:00, 12.78it/s]
100%|██████████| 218/218 [00:17<00:00, 12.80it/s]
New best results!
2022-07-10 11:23:57.962 | INFO     | __main__:main:156 -
##on train data## loss: 0.007344288439927599,
##on train data## rmse loss: 65.88384406186893, mae loss: 40.15922092955667, mape loss: 21.467834436784525
##on valid data## rmse loss: 68.35326182514156, mae loss: 41.2825186668186, mape loss: 23.507920874778282
  0%|          | 0/1532 [00:00<?, ?it/s]=====Epoch 10=====
Training...
100%|██████████| 1532/1532 [05:07<00:00,  4.99it/s]
  0%|          | 0/1532 [00:00<?, ?it/s]Evaluating...
100%|██████████| 1532/1532 [01:59<00:00, 12.78it/s]
100%|██████████| 218/218 [00:17<00:00, 12.81it/s]
2022-07-10 11:31:22.198 | INFO     | __main__:main:156 -
##on train data## loss: 0.00716112943198386,
##on train data## rmse loss: 66.33631438437081, mae loss: 40.68304116669896, mape loss: 23.762821386672808
##on valid data## rmse loss: 68.92112047737892, mae loss: 41.94126457249353, mape loss: 26.55479076121925
  0%|          | 0/1532 [00:00<?, ?it/s]=====Epoch 11=====
Training...
100%|██████████| 1532/1532 [05:07<00:00,  4.98it/s]
  0%|          | 0/1532 [00:00<?, ?it/s]Evaluating...
100%|██████████| 1532/1532 [01:59<00:00, 12.79it/s]
100%|██████████| 218/218 [00:17<00:00, 12.82it/s]
2022-07-10 11:38:46.347 | INFO     | __main__:main:156 -
##on train data## loss: 0.006790380048785631,
##on train data## rmse loss: 66.15725027487733, mae loss: 40.75576428644962, mape loss: 24.683101767036995
##on valid data## rmse loss: 69.37601166471428, mae loss: 42.20174589069612, mape loss: 26.61726445711534
  0%|          | 0/1532 [00:00<?, ?it/s]=====Epoch 12=====
Training...
100%|██████████| 1532/1532 [05:06<00:00,  5.00it/s]
  0%|          | 0/1532 [00:00<?, ?it/s]Evaluating...
100%|██████████| 1532/1532 [01:58<00:00, 12.90it/s]
100%|██████████| 218/218 [00:16<00:00, 12.91it/s]
2022-07-10 11:46:08.689 | INFO     | __main__:main:156 -
##on train data## loss: 0.006715749192851603,
##on train data## rmse loss: 65.53527596227183, mae loss: 42.79918096457698, mape loss: 36.413409100850316
##on valid data## rmse loss: 68.35787300669818, mae loss: 43.96109963338309, mape loss: 40.45819435439525
  0%|          | 0/1532 [00:00<?, ?it/s]=====Epoch 13=====
Training...
100%|██████████| 1532/1532 [05:04<00:00,  5.03it/s]
  0%|          | 0/1532 [00:00<?, ?it/s]Evaluating...
100%|██████████| 1532/1532 [01:58<00:00, 12.92it/s]
100%|██████████| 218/218 [00:16<00:00, 12.93it/s]
New best results!
2022-07-10 11:53:28.475 | INFO     | __main__:main:156 -
##on train data## loss: 0.006601531537053329,
##on train data## rmse loss: 64.74367327727475, mae loss: 39.723596849267224, mape loss: 22.743708532857987
##on valid data## rmse loss: 67.59678565909009, mae loss: 40.844417668263844, mape loss: 25.74409165445271
  0%|          | 0/1532 [00:00<?, ?it/s]=====Epoch 14=====
Training...
100%|██████████| 1532/1532 [05:04<00:00,  5.04it/s]
  0%|          | 0/1532 [00:00<?, ?it/s]Evaluating...
100%|██████████| 1532/1532 [01:58<00:00, 12.92it/s]
100%|██████████| 218/218 [00:16<00:00, 12.94it/s]
New best results!
2022-07-10 12:00:48.146 | INFO     | __main__:main:156 -
##on train data## loss: 0.006532834631855315,
##on train data## rmse loss: 64.03060272655038, mae loss: 39.424391270928844, mape loss: 25.815636685054855
##on valid data## rmse loss: 66.27798503910729, mae loss: 40.39137936513358, mape loss: 28.009389559610174
  0%|          | 0/1532 [00:00<?, ?it/s]=====Epoch 15=====
Training...
100%|██████████| 1532/1532 [05:04<00:00,  5.04it/s]
  0%|          | 0/1532 [00:00<?, ?it/s]Evaluating...
100%|██████████| 1532/1532 [01:58<00:00, 12.91it/s]
100%|██████████| 218/218 [00:16<00:00, 12.93it/s]
2022-07-10 12:08:07.794 | INFO     | __main__:main:156 -
##on train data## loss: 0.006556458884224602,
##on train data## rmse loss: 68.32803468729124, mae loss: 46.003440169690485, mape loss: 49.46523812640818
##on valid data## rmse loss: 71.35010162843477, mae loss: 47.17078746130707, mape loss: 54.480138520171884
  0%|          | 0/1532 [00:00<?, ?it/s]=====Epoch 16=====
Training...
100%|██████████| 1532/1532 [05:04<00:00,  5.04it/s]
  0%|          | 0/1532 [00:00<?, ?it/s]Evaluating...
100%|██████████| 1532/1532 [01:58<00:00, 12.92it/s]
100%|██████████| 218/218 [00:16<00:00, 12.95it/s]
New best results!
2022-07-10 12:15:27.370 | INFO     | __main__:main:156 -
##on train data## loss: 0.006309552987345662,
##on train data## rmse loss: 61.45513402824302, mae loss: 37.466068607708806, mape loss: 22.012612858286257
##on valid data## rmse loss: 64.41708626003441, mae loss: 38.64543201726511, mape loss: 24.42999383383388
  0%|          | 0/1532 [00:00<?, ?it/s]=====Epoch 17=====
Training...
100%|██████████| 1532/1532 [05:04<00:00,  5.04it/s]
  0%|          | 0/1532 [00:00<?, ?it/s]Evaluating...
100%|██████████| 1532/1532 [01:58<00:00, 12.90it/s]
100%|██████████| 218/218 [00:16<00:00, 12.96it/s]
New best results!
2022-07-10 12:22:47.126 | INFO     | __main__:main:156 -
##on train data## loss: 0.00640690803332388,
##on train data## rmse loss: 61.145893667136406, mae loss: 36.979866363983554, mape loss: 19.968221302560043
##on valid data## rmse loss: 63.88788524242716, mae loss: 38.20078975782482, mape loss: 22.79851865877799
  0%|          | 0/1532 [00:00<?, ?it/s]=====Epoch 18=====
Training...
100%|██████████| 1532/1532 [05:04<00:00,  5.04it/s]
  0%|          | 0/1532 [00:00<?, ?it/s]Evaluating...
100%|██████████| 1532/1532 [01:58<00:00, 12.91it/s]
100%|██████████| 218/218 [00:16<00:00, 12.95it/s]
2022-07-10 12:30:06.780 | INFO     | __main__:main:156 -
##on train data## loss: 0.006236194098364032,
##on train data## rmse loss: 62.827302098585484, mae loss: 37.70854958043709, mape loss: 19.440869385420342
##on valid data## rmse loss: 66.01931641954894, mae loss: 39.02235488716615, mape loss: 22.383332590854497
  0%|          | 0/1532 [00:00<?, ?it/s]=====Epoch 19=====
Training...
100%|██████████| 1532/1532 [05:04<00:00,  5.04it/s]
  0%|          | 0/1532 [00:00<?, ?it/s]Evaluating...
100%|██████████| 1532/1532 [01:58<00:00, 12.92it/s]
100%|██████████| 218/218 [00:16<00:00, 12.95it/s]
2022-07-10 12:37:26.357 | INFO     | __main__:main:156 -
##on train data## loss: 0.006173593885834905,
##on train data## rmse loss: 63.8856148358736, mae loss: 41.797258027228615, mape loss: 32.96343511062876
##on valid data## rmse loss: 66.14578198074202, mae loss: 42.67181445480487, mape loss: 37.16047337842644
  0%|          | 0/1532 [00:00<?, ?it/s]=====Epoch 20=====
Training...
100%|██████████| 1532/1532 [05:04<00:00,  5.04it/s]
  0%|          | 0/1532 [00:00<?, ?it/s]Evaluating...
100%|██████████| 1532/1532 [01:58<00:00, 12.89it/s]
100%|██████████| 218/218 [00:16<00:00, 12.88it/s]
2022-07-10 12:44:46.268 | INFO     | __main__:main:156 -
##on train data## loss: 0.006126614294866557,
##on train data## rmse loss: 61.10796029511693, mae loss: 37.36913244780299, mape loss: 24.176729966548343
##on valid data## rmse loss: 64.1229076385498, mae loss: 38.70088414533423, mape loss: 27.661676909945427
  0%|          | 0/1532 [00:00<?, ?it/s]=====Epoch 21=====
Training...
100%|██████████| 1532/1532 [05:04<00:00,  5.03it/s]
  0%|          | 0/1532 [00:00<?, ?it/s]Evaluating...
100%|██████████| 1532/1532 [01:59<00:00, 12.86it/s]
100%|██████████| 218/218 [00:16<00:00, 12.88it/s]
2022-07-10 12:52:06.806 | INFO     | __main__:main:156 -
##on train data## loss: 0.006162036349358616,
##on train data## rmse loss: 68.04219663734536, mae loss: 44.105405829905216, mape loss: 33.32190182322622
##on valid data## rmse loss: 70.20598110583944, mae loss: 45.01088104773005, mape loss: 37.37318359930581
  0%|          | 0/1532 [00:00<?, ?it/s]=====Epoch 22=====
Training...
100%|██████████| 1532/1532 [05:04<00:00,  5.03it/s]
  0%|          | 0/1532 [00:00<?, ?it/s]Evaluating...
100%|██████████| 1532/1532 [01:58<00:00, 12.90it/s]
100%|██████████| 218/218 [00:16<00:00, 12.95it/s]
2022-07-10 12:59:26.866 | INFO     | __main__:main:156 -
##on train data## loss: 0.006087940809372861,
##on train data## rmse loss: 63.18648616950132, mae loss: 39.753194096816735, mape loss: 31.273710536077502
##on valid data## rmse loss: 66.1932950151076, mae loss: 40.994448451820865, mape loss: 35.10304230752341
  0%|          | 0/1532 [00:00<?, ?it/s]=====Epoch 23=====
Training...
100%|██████████| 1532/1532 [05:04<00:00,  5.03it/s]
  0%|          | 0/1532 [00:00<?, ?it/s]Evaluating...
100%|██████████| 1532/1532 [01:58<00:00, 12.92it/s]
100%|██████████| 218/218 [00:16<00:00, 12.93it/s]
2022-07-10 13:06:46.742 | INFO     | __main__:main:156 -
##on train data## loss: 0.006030206983895637,
##on train data## rmse loss: 61.23987802948715, mae loss: 37.347073121730716, mape loss: 20.593501501485665
##on valid data## rmse loss: 64.16819815679428, mae loss: 38.57022637183513, mape loss: 23.663920762205343
  0%|          | 0/1532 [00:00<?, ?it/s]=====Epoch 24=====
Training...
100%|██████████| 1532/1532 [05:04<00:00,  5.03it/s]
  0%|          | 0/1532 [00:00<?, ?it/s]Evaluating...
100%|██████████| 1532/1532 [01:58<00:00, 12.89it/s]
100%|██████████| 218/218 [00:16<00:00, 12.92it/s]
2022-07-10 13:14:06.912 | INFO     | __main__:main:156 -
##on train data## loss: 0.006024792756065824,
##on train data## rmse loss: 74.3500136557198, mae loss: 45.928078297846625, mape loss: 26.80117888157268
##on valid data## rmse loss: 75.98782301386562, mae loss: 46.71378504901851, mape loss: 30.416265881936486
  0%|          | 0/1532 [00:00<?, ?it/s]=====Epoch 25=====
Training...
100%|██████████| 1532/1532 [05:04<00:00,  5.03it/s]
  0%|          | 0/1532 [00:00<?, ?it/s]Evaluating...
100%|██████████| 1532/1532 [01:58<00:00, 12.91it/s]
100%|██████████| 218/218 [00:16<00:00, 12.94it/s]
2022-07-10 13:21:26.777 | INFO     | __main__:main:156 -
##on train data## loss: 0.005977576771248302,
##on train data## rmse loss: 62.05726880255318, mae loss: 38.23154317492293, mape loss: 26.17114437768338
##on valid data## rmse loss: 64.57915082109083, mae loss: 39.1749385168793, mape loss: 29.98851279668305
  0%|          | 0/1532 [00:00<?, ?it/s]=====Epoch 26=====
Training...
100%|██████████| 1532/1532 [05:04<00:00,  5.04it/s]
  0%|          | 0/1532 [00:00<?, ?it/s]Evaluating...
100%|██████████| 1532/1532 [01:58<00:00, 12.93it/s]
100%|██████████| 218/218 [00:16<00:00, 12.96it/s]
2022-07-10 13:28:46.249 | INFO     | __main__:main:156 -
##on train data## loss: 0.005994585650917094,
##on train data## rmse loss: 68.0606843236221, mae loss: 42.97327038637963, mape loss: 27.582609661254185
##on valid data## rmse loss: 69.88986122061353, mae loss: 43.67922142448775, mape loss: 32.02041954554002
  0%|          | 0/1532 [00:00<?, ?it/s]=====Epoch 27=====
Training...
100%|██████████| 1532/1532 [05:04<00:00,  5.04it/s]
  0%|          | 0/1532 [00:00<?, ?it/s]Evaluating...
100%|██████████| 1532/1532 [01:58<00:00, 12.92it/s]
100%|██████████| 218/218 [00:16<00:00, 12.94it/s]
New best results!
2022-07-10 13:36:05.817 | INFO     | __main__:main:156 -
##on train data## loss: 0.00593120426748996,
##on train data## rmse loss: 60.77755036989018, mae loss: 36.86503510562309, mape loss: 20.4420582661235
##on valid data## rmse loss: 63.61148604996708, mae loss: 37.957140581323465, mape loss: 23.715493182113413
  0%|          | 0/1532 [00:00<?, ?it/s]=====Epoch 28=====
Training...
100%|██████████| 1532/1532 [05:04<00:00,  5.04it/s]
  0%|          | 0/1532 [00:00<?, ?it/s]Evaluating...
100%|██████████| 1532/1532 [01:58<00:00, 12.91it/s]
100%|██████████| 218/218 [00:16<00:00, 12.97it/s]
2022-07-10 13:43:25.388 | INFO     | __main__:main:156 -
##on train data## loss: 0.005912480001670962,
##on train data## rmse loss: 63.42148789786795, mae loss: 41.05288067934718, mape loss: 34.33365344942861
##on valid data## rmse loss: 65.39115279311434, mae loss: 41.69610884430212, mape loss: 38.98722531120165
  0%|          | 0/1532 [00:00<?, ?it/s]=====Epoch 29=====
Training...
100%|██████████| 1532/1532 [05:04<00:00,  5.04it/s]
  0%|          | 0/1532 [00:00<?, ?it/s]Evaluating...
100%|██████████| 1532/1532 [01:58<00:00, 12.91it/s]
100%|██████████| 218/218 [00:16<00:00, 12.93it/s]
New best results!
2022-07-10 13:50:45.140 | INFO     | __main__:main:156 -
##on train data## loss: 0.005882321892022921,
##on train data## rmse loss: 60.182875361828515, mae loss: 36.43646561943831, mape loss: 19.550870652687458
##on valid data## rmse loss: 63.086110998731144, mae loss: 37.622482990999835, mape loss: 21.96872209053521
  0%|          | 0/1532 [00:00<?, ?it/s]=====Epoch 30=====
Training...
100%|██████████| 1532/1532 [05:04<00:00,  5.04it/s]
  0%|          | 0/1532 [00:00<?, ?it/s]Evaluating...
100%|██████████| 1532/1532 [01:58<00:00, 12.92it/s]
100%|██████████| 218/218 [00:16<00:00, 12.92it/s]
2022-07-10 13:58:04.781 | INFO     | __main__:main:156 -
##on train data## loss: 0.0058773139345170275,
##on train data## rmse loss: 61.5091097386014, mae loss: 38.111291397333765, mape loss: 23.906833608452395
##on valid data## rmse loss: 64.29254311377849, mae loss: 39.29194075033205, mape loss: 25.916865888402004
  0%|          | 0/1532 [00:00<?, ?it/s]=====Epoch 31=====
Training...
100%|██████████| 1532/1532 [05:04<00:00,  5.04it/s]
  0%|          | 0/1532 [00:00<?, ?it/s]Evaluating...
100%|██████████| 1532/1532 [01:58<00:00, 12.92it/s]
100%|██████████| 218/218 [00:16<00:00, 12.96it/s]
2022-07-10 14:05:24.279 | INFO     | __main__:main:156 -
##on train data## loss: 0.005831207346986352,
##on train data## rmse loss: 64.28882392953021, mae loss: 40.23987902798167, mape loss: 27.943597851666397
##on valid data## rmse loss: 67.62419375148389, mae loss: 41.67968833118404, mape loss: 29.809953115128597
  0%|          | 0/1532 [00:00<?, ?it/s]=====Epoch 32=====
Training...
100%|██████████| 1532/1532 [05:04<00:00,  5.04it/s]
  0%|          | 0/1532 [00:00<?, ?it/s]Evaluating...
100%|██████████| 1532/1532 [01:58<00:00, 12.92it/s]
100%|██████████| 218/218 [00:16<00:00, 12.95it/s]
New best results!
2022-07-10 14:12:43.799 | INFO     | __main__:main:156 -
##on train data## loss: 0.005863801166615825,
##on train data## rmse loss: 60.163223983724805, mae loss: 36.96745407238953, mape loss: 23.317913550582006
##on valid data## rmse loss: 63.04180185510478, mae loss: 38.104744176252176, mape loss: 25.625459220978097
  0%|          | 0/1532 [00:00<?, ?it/s]=====Epoch 33=====
Training...
100%|██████████| 1532/1532 [05:04<00:00,  5.04it/s]
  0%|          | 0/1532 [00:00<?, ?it/s]Evaluating...
100%|██████████| 1532/1532 [01:58<00:00, 12.92it/s]
100%|██████████| 218/218 [00:16<00:00, 12.96it/s]
New best results!
2022-07-10 14:20:03.500 | INFO     | __main__:main:156 -
##on train data## loss: 0.005786481105729174,
##on train data## rmse loss: 60.119958781698045, mae loss: 36.971792914537474, mape loss: 20.62109716615929
##on valid data## rmse loss: 62.98854759636275, mae loss: 38.21140654152686, mape loss: 22.954384415248118
  0%|          | 0/1532 [00:00<?, ?it/s]=====Epoch 34=====
Training...
100%|██████████| 1532/1532 [05:04<00:00,  5.04it/s]
  0%|          | 0/1532 [00:00<?, ?it/s]Evaluating...
100%|██████████| 1532/1532 [01:58<00:00, 12.92it/s]
100%|██████████| 218/218 [00:16<00:00, 12.94it/s]
2022-07-10 14:27:23.127 | INFO     | __main__:main:156 -
##on train data## loss: 0.0057933177645792385,
##on train data## rmse loss: 60.975861510782266, mae loss: 37.275071329609844, mape loss: 20.35090577504148
##on valid data## rmse loss: 63.983591744659144, mae loss: 38.46372278021016, mape loss: 23.106809972076242
  0%|          | 0/1532 [00:00<?, ?it/s]=====Epoch 35=====
Training...
100%|██████████| 1532/1532 [05:04<00:00,  5.04it/s]
  0%|          | 0/1532 [00:00<?, ?it/s]Evaluating...
100%|██████████| 1532/1532 [01:58<00:00, 12.93it/s]
100%|██████████| 218/218 [00:16<00:00, 12.94it/s]
2022-07-10 14:34:42.680 | INFO     | __main__:main:156 -
##on train data## loss: 0.005801329210792077,
##on train data## rmse loss: 61.319082959825, mae loss: 38.897005774644896, mape loss: 28.513410838695325
##on valid data## rmse loss: 64.06621499017838, mae loss: 39.949223387131994, mape loss: 32.203363422133506
  0%|          | 0/1532 [00:00<?, ?it/s]=====Epoch 36=====
Training...
100%|██████████| 1532/1532 [05:04<00:00,  5.04it/s]
  0%|          | 0/1532 [00:00<?, ?it/s]Evaluating...
100%|██████████| 1532/1532 [01:58<00:00, 12.93it/s]
100%|██████████| 218/218 [00:16<00:00, 12.97it/s]
2022-07-10 14:42:02.146 | INFO     | __main__:main:156 -
##on train data## loss: 0.005749374345691471,
##on train data## rmse loss: 60.9580617436541, mae loss: 39.676221746688725, mape loss: 36.32353427953648
##on valid data## rmse loss: 63.765134233947194, mae loss: 40.768430937320815, mape loss: 40.423281480549676
  0%|          | 0/1532 [00:00<?, ?it/s]=====Epoch 37=====
Training...
100%|██████████| 1532/1532 [05:04<00:00,  5.04it/s]
  0%|          | 0/1532 [00:00<?, ?it/s]Evaluating...
100%|██████████| 1532/1532 [01:58<00:00, 12.91it/s]
100%|██████████| 218/218 [00:16<00:00, 12.95it/s]
2022-07-10 14:49:21.821 | INFO     | __main__:main:156 -
##on train data## loss: 0.005756386944035666,
##on train data## rmse loss: 60.35139715827165, mae loss: 37.1672708608463, mape loss: 23.99875320319096
##on valid data## rmse loss: 63.32614310728301, mae loss: 38.455579311475844, mape loss: 26.911741501967843
  0%|          | 0/1532 [00:00<?, ?it/s]=====Epoch 38=====
Training...
100%|██████████| 1532/1532 [05:04<00:00,  5.04it/s]
  0%|          | 0/1532 [00:00<?, ?it/s]Evaluating...
100%|██████████| 1532/1532 [01:58<00:00, 12.90it/s]
100%|██████████| 218/218 [00:16<00:00, 12.92it/s]
New best results!
2022-07-10 14:56:41.623 | INFO     | __main__:main:156 -
##on train data## loss: 0.005793341161779252,
##on train data## rmse loss: 60.57381415553877, mae loss: 38.40151879059117, mape loss: 29.590816584758596
##on valid data## rmse loss: 62.929931693120835, mae loss: 39.45469482666856, mape loss: 33.89963623853998
  0%|          | 0/1532 [00:00<?, ?it/s]=====Epoch 39=====
Training...
100%|██████████| 1532/1532 [05:04<00:00,  5.04it/s]
  0%|          | 0/1532 [00:00<?, ?it/s]Evaluating...
100%|██████████| 1532/1532 [01:58<00:00, 12.92it/s]
100%|██████████| 218/218 [00:16<00:00, 12.93it/s]
2022-07-10 15:04:01.127 | INFO     | __main__:main:156 -
##on train data## loss: 0.005671529432101535,
##on train data## rmse loss: 61.57521963368508, mae loss: 38.148681960591446, mape loss: 21.710443907166898
##on valid data## rmse loss: 63.82662258673152, mae loss: 39.07024421166936, mape loss: 24.020902798810138
  0%|          | 0/1532 [00:00<?, ?it/s]=====Epoch 40=====
Training...
100%|██████████| 1532/1532 [05:04<00:00,  5.04it/s]
  0%|          | 0/1532 [00:00<?, ?it/s]Evaluating...
100%|██████████| 1532/1532 [01:58<00:00, 12.91it/s]
100%|██████████| 218/218 [00:16<00:00, 12.93it/s]
New best results!
2022-07-10 15:11:20.843 | INFO     | __main__:main:156 -
##on train data## loss: 0.0057456183660497,
##on train data## rmse loss: 59.51493385255181, mae loss: 36.30644145024352, mape loss: 19.748957144393156
##on valid data## rmse loss: 62.51576131418211, mae loss: 37.5514394077686, mape loss: 22.142730437971036
  0%|          | 0/1532 [00:00<?, ?it/s]=====Epoch 41=====
Training...
100%|██████████| 1532/1532 [05:04<00:00,  5.04it/s]
  0%|          | 0/1532 [00:00<?, ?it/s]Evaluating...
100%|██████████| 1532/1532 [01:58<00:00, 12.91it/s]
100%|██████████| 218/218 [00:16<00:00, 12.93it/s]
2022-07-10 15:18:40.586 | INFO     | __main__:main:156 -
##on train data## loss: 0.005696790204863684,
##on train data## rmse loss: 62.5029076596153, mae loss: 39.18678486627325, mape loss: 27.129780838154158
##on valid data## rmse loss: 65.74934003987444, mae loss: 40.63780909722004, mape loss: 30.736993174624004
  0%|          | 0/1532 [00:00<?, ?it/s]=====Epoch 42=====
Training...
100%|██████████| 1532/1532 [05:04<00:00,  5.04it/s]
  0%|          | 0/1532 [00:00<?, ?it/s]Evaluating...
100%|██████████| 1532/1532 [01:58<00:00, 12.92it/s]
100%|██████████| 218/218 [00:16<00:00, 12.96it/s]
2022-07-10 15:26:00.163 | INFO     | __main__:main:156 -
##on train data## loss: 0.0056679700284694165,
##on train data## rmse loss: 61.53456709341343, mae loss: 38.58406212311189, mape loss: 23.816360774457298
##on valid data## rmse loss: 64.03297648298631, mae loss: 39.563955639480454, mape loss: 27.009143748688043
  0%|          | 0/1532 [00:00<?, ?it/s]=====Epoch 43=====
Training...
100%|██████████| 1532/1532 [05:04<00:00,  5.04it/s]
  0%|          | 0/1532 [00:00<?, ?it/s]Evaluating...
100%|██████████| 1532/1532 [01:58<00:00, 12.92it/s]
100%|██████████| 218/218 [00:16<00:00, 12.93it/s]
New best results!
2022-07-10 15:33:19.801 | INFO     | __main__:main:156 -
##on train data## loss: 0.005698220658130633,
##on train data## rmse loss: 59.40234947080089, mae loss: 35.99927712607322, mape loss: 20.92980546074343
##on valid data## rmse loss: 62.15995606588661, mae loss: 37.01724097925589, mape loss: 23.806492112782024
  0%|          | 0/1532 [00:00<?, ?it/s]=====Epoch 44=====
Training...
100%|██████████| 1532/1532 [05:04<00:00,  5.04it/s]
  0%|          | 0/1532 [00:00<?, ?it/s]Evaluating...
100%|██████████| 1532/1532 [01:59<00:00, 12.87it/s]
100%|██████████| 218/218 [00:16<00:00, 12.85it/s]
2022-07-10 15:40:39.961 | INFO     | __main__:main:156 -
##on train data## loss: 0.005666791082146473,
##on train data## rmse loss: 63.516374248126155, mae loss: 40.31343864460838, mape loss: 26.86142176292428
##on valid data## rmse loss: 66.75921713102848, mae loss: 41.71898121790055, mape loss: 29.14439241888873
  0%|          | 0/1532 [00:00<?, ?it/s]=====Epoch 45=====
Training...
100%|██████████| 1532/1532 [05:04<00:00,  5.03it/s]
  0%|          | 0/1532 [00:00<?, ?it/s]Evaluating...
100%|██████████| 1532/1532 [01:59<00:00, 12.84it/s]
100%|██████████| 218/218 [00:16<00:00, 12.90it/s]
2022-07-10 15:48:00.696 | INFO     | __main__:main:156 -
##on train data## loss: 0.005674896912309451,
##on train data## rmse loss: 61.274027391139896, mae loss: 39.618448419297025, mape loss: 32.755977240714486
##on valid data## rmse loss: 63.78630496383807, mae loss: 40.47697662213527, mape loss: 36.061838375182326
  0%|          | 0/1532 [00:00<?, ?it/s]=====Epoch 46=====
Training...
100%|██████████| 1532/1532 [05:04<00:00,  5.03it/s]
  0%|          | 0/1532 [00:00<?, ?it/s]Evaluating...
100%|██████████| 1532/1532 [01:58<00:00, 12.88it/s]
100%|██████████| 218/218 [00:16<00:00, 12.95it/s]
2022-07-10 15:55:20.963 | INFO     | __main__:main:156 -
##on train data## loss: 0.005622808996654254,
##on train data## rmse loss: 61.65670952161983, mae loss: 37.49617770197497, mape loss: 20.216161088030738
##on valid data## rmse loss: 64.18719758899934, mae loss: 38.58663482841002, mape loss: 22.662081015766212
  0%|          | 0/1532 [00:00<?, ?it/s]=====Epoch 47=====
Training...
100%|██████████| 1532/1532 [05:04<00:00,  5.03it/s]
  0%|          | 0/1532 [00:00<?, ?it/s]Evaluating...
100%|██████████| 1532/1532 [01:58<00:00, 12.89it/s]
100%|██████████| 218/218 [00:16<00:00, 12.91it/s]
2022-07-10 16:02:41.141 | INFO     | __main__:main:156 -
##on train data## loss: 0.005597094250110394,
##on train data## rmse loss: 65.52985780481882, mae loss: 42.96927401166672, mape loss: 35.86657639622066
##on valid data## rmse loss: 67.5287134363017, mae loss: 43.5955290750626, mape loss: 38.710714213618445
  0%|          | 0/1532 [00:00<?, ?it/s]=====Epoch 48=====
Training...
100%|██████████| 1532/1532 [05:04<00:00,  5.03it/s]
  0%|          | 0/1532 [00:00<?, ?it/s]Evaluating...
100%|██████████| 1532/1532 [01:58<00:00, 12.91it/s]
100%|██████████| 218/218 [00:16<00:00, 12.95it/s]
2022-07-10 16:10:01.146 | INFO     | __main__:main:156 -
##on train data## loss: 0.005651505327207223,
##on train data## rmse loss: 61.23331631194829, mae loss: 38.470456113392004, mape loss: 31.66388767058949
##on valid data## rmse loss: 64.35641131269823, mae loss: 39.78617639279147, mape loss: 35.00773457622309
  0%|          | 0/1532 [00:00<?, ?it/s]=====Epoch 49=====
Training...
100%|██████████| 1532/1532 [05:04<00:00,  5.03it/s]
  0%|          | 0/1532 [00:00<?, ?it/s]Evaluating...
100%|██████████| 1532/1532 [01:58<00:00, 12.92it/s]
100%|██████████| 218/218 [00:16<00:00, 12.94it/s]
2022-07-10 16:17:21.135 | INFO     | __main__:main:156 -
##on train data## loss: 0.005616339395997812,
##on train data## rmse loss: 59.38969025972929, mae loss: 36.490169039594285, mape loss: 22.064115924094427
##on valid data## rmse loss: 62.432805402563254, mae loss: 37.757118846298354, mape loss: 25.06092992876101
  0%|          | 0/1532 [00:00<?, ?it/s]=====Epoch 50=====
Training...
100%|██████████| 1532/1532 [05:04<00:00,  5.03it/s]
  0%|          | 0/1532 [00:00<?, ?it/s]Evaluating...
100%|██████████| 1532/1532 [01:58<00:00, 12.90it/s]
100%|██████████| 218/218 [00:16<00:00, 12.93it/s]
New best results!
2022-07-10 16:24:41.377 | INFO     | __main__:main:156 -
##on train data## loss: 0.0056024179566686845,
##on train data## rmse loss: 59.3548401478999, mae loss: 35.9408812485538, mape loss: 19.98975923717722
##on valid data## rmse loss: 61.98690365432599, mae loss: 37.013824559132985, mape loss: 22.484146297798244
  0%|          | 0/1532 [00:00<?, ?it/s]=====Epoch 51=====
Training...
100%|██████████| 1532/1532 [05:04<00:00,  5.03it/s]
  0%|          | 0/1532 [00:00<?, ?it/s]Evaluating...
100%|██████████| 1532/1532 [01:58<00:00, 12.90it/s]
100%|██████████| 218/218 [00:16<00:00, 12.93it/s]
New best results!
2022-07-10 16:32:01.489 | INFO     | __main__:main:156 -
##on train data## loss: 0.005136579500742903,
##on train data## rmse loss: 57.627570477229185, mae loss: 34.55385350932029, mape loss: 19.960084441300317
##on valid data## rmse loss: 60.86252302642262, mae loss: 35.88179056360087, mape loss: 23.060334648150917
  0%|          | 0/1532 [00:00<?, ?it/s]=====Epoch 52=====
Training...
100%|██████████| 1532/1532 [05:04<00:00,  5.04it/s]
  0%|          | 0/1532 [00:00<?, ?it/s]Evaluating...
100%|██████████| 1532/1532 [01:58<00:00, 12.91it/s]
100%|██████████| 218/218 [00:16<00:00, 12.91it/s]
New best results!
2022-07-10 16:39:21.259 | INFO     | __main__:main:156 -
##on train data## loss: 0.005145702266957132,
##on train data## rmse loss: 57.43092713468069, mae loss: 34.2926689090679, mape loss: 17.643249111235452
##on valid data## rmse loss: 60.34795153906586, mae loss: 35.41436204997771, mape loss: 20.37299765496079
  0%|          | 0/1532 [00:00<?, ?it/s]=====Epoch 53=====
Training...
100%|██████████| 1532/1532 [05:04<00:00,  5.04it/s]
  0%|          | 0/1532 [00:00<?, ?it/s]Evaluating...
100%|██████████| 1532/1532 [01:58<00:00, 12.92it/s]
100%|██████████| 218/218 [00:16<00:00, 12.93it/s]
2022-07-10 16:46:40.845 | INFO     | __main__:main:156 -
##on train data## loss: 0.005142582737972629,
##on train data## rmse loss: 58.10698320971456, mae loss: 35.07064235054793, mape loss: 18.660672422858347
##on valid data## rmse loss: 61.450759030263356, mae loss: 36.3894931110767, mape loss: 21.014594050859092
  0%|          | 0/1532 [00:00<?, ?it/s]=====Epoch 54=====
Training...
100%|██████████| 1532/1532 [05:04<00:00,  5.04it/s]
  0%|          | 0/1532 [00:00<?, ?it/s]Evaluating...
100%|██████████| 1532/1532 [01:58<00:00, 12.92it/s]
100%|██████████| 218/218 [00:16<00:00, 12.93it/s]
2022-07-10 16:54:00.407 | INFO     | __main__:main:156 -
##on train data## loss: 0.005120721975370011,
##on train data## rmse loss: 61.163917780544985, mae loss: 39.14068384892636, mape loss: 32.37227840353941
##on valid data## rmse loss: 63.57357189633431, mae loss: 39.96491271202717, mape loss: 35.611758681885696
  0%|          | 0/1532 [00:00<?, ?it/s]=====Epoch 55=====
Training...
100%|██████████| 1532/1532 [05:04<00:00,  5.03it/s]
  0%|          | 0/1532 [00:00<?, ?it/s]Evaluating...
100%|██████████| 1532/1532 [01:58<00:00, 12.91it/s]
100%|██████████| 218/218 [00:16<00:00, 12.95it/s]
New best results!
2022-07-10 17:01:20.286 | INFO     | __main__:main:156 -
##on train data## loss: 0.005115482364747766,
##on train data## rmse loss: 57.06872094829151, mae loss: 34.13397873973099, mape loss: 18.372807147919975
##on valid data## rmse loss: 59.95259613947037, mae loss: 35.236024060380565, mape loss: 21.403579297689124
  0%|          | 0/1532 [00:00<?, ?it/s]=====Epoch 56=====
Training...
100%|██████████| 1532/1532 [05:04<00:00,  5.04it/s]
  0%|          | 0/1532 [00:00<?, ?it/s]Evaluating...
100%|██████████| 1532/1532 [01:58<00:00, 12.91it/s]
100%|██████████| 218/218 [00:16<00:00, 12.92it/s]
2022-07-10 17:08:40.036 | INFO     | __main__:main:156 -
##on train data## loss: 0.005088320345354605,
##on train data## rmse loss: 57.77030971965342, mae loss: 34.80382928026563, mape loss: 20.014723601894495
##on valid data## rmse loss: 60.83982822873177, mae loss: 36.06098603764805, mape loss: 22.386829643894774
  0%|          | 0/1532 [00:00<?, ?it/s]=====Epoch 57=====
Training...
100%|██████████| 1532/1532 [05:04<00:00,  5.04it/s]
  0%|          | 0/1532 [00:00<?, ?it/s]Evaluating...
100%|██████████| 1532/1532 [01:58<00:00, 12.89it/s]
100%|██████████| 218/218 [00:16<00:00, 12.93it/s]
2022-07-10 17:16:00.014 | INFO     | __main__:main:156 -
##on train data## loss: 0.005097979002260766,
##on train data## rmse loss: 58.369999223216084, mae loss: 35.19379147412572, mape loss: 18.06812260042166
##on valid data## rmse loss: 61.37196072744667, mae loss: 36.39636853419313, mape loss: 20.60187139779056
  0%|          | 0/1532 [00:00<?, ?it/s]=====Epoch 58=====
Training...
100%|██████████| 1532/1532 [05:04<00:00,  5.04it/s]
  0%|          | 0/1532 [00:00<?, ?it/s]Evaluating...
100%|██████████| 1532/1532 [01:58<00:00, 12.89it/s]
100%|██████████| 218/218 [00:16<00:00, 12.95it/s]
2022-07-10 17:23:19.954 | INFO     | __main__:main:156 -
##on train data## loss: 0.005087184106243237,
##on train data## rmse loss: 56.80688589858013, mae loss: 33.96640481525551, mape loss: 18.499217945936454
##on valid data## rmse loss: 60.123019157199685, mae loss: 35.375774191060195, mape loss: 21.414291373360047
  0%|          | 0/1532 [00:00<?, ?it/s]=====Epoch 59=====
Training...
100%|██████████| 1532/1532 [05:04<00:00,  5.04it/s]
  0%|          | 0/1532 [00:00<?, ?it/s]Evaluating...
100%|██████████| 1532/1532 [01:58<00:00, 12.90it/s]
100%|██████████| 218/218 [00:16<00:00, 12.89it/s]
2022-07-10 17:30:39.822 | INFO     | __main__:main:156 -
##on train data## loss: 0.005085774476918959,
##on train data## rmse loss: 58.86821458233866, mae loss: 34.968913338514284, mape loss: 17.748214177758125
##on valid data## rmse loss: 62.30706363642981, mae loss: 36.41954434246098, mape loss: 20.446847830343685
  0%|          | 0/1532 [00:00<?, ?it/s]=====Epoch 60=====
Training...
100%|██████████| 1532/1532 [05:04<00:00,  5.03it/s]
  0%|          | 0/1532 [00:00<?, ?it/s]Evaluating...
100%|██████████| 1532/1532 [01:59<00:00, 12.83it/s]
100%|██████████| 218/218 [00:16<00:00, 12.84it/s]
New best results!
2022-07-10 17:38:00.866 | INFO     | __main__:main:156 -
##on train data## loss: 0.0050723046469702765,
##on train data## rmse loss: 56.73485913164622, mae loss: 33.98479758852767, mape loss: 19.22108141374689
##on valid data## rmse loss: 59.94919673674697, mae loss: 35.242876315335614, mape loss: 21.707193977242216
  0%|          | 0/1532 [00:00<?, ?it/s]=====Epoch 61=====
Training...
100%|██████████| 1532/1532 [05:04<00:00,  5.02it/s]
  0%|          | 0/1532 [00:00<?, ?it/s]Evaluating...
100%|██████████| 1532/1532 [01:58<00:00, 12.90it/s]
100%|██████████| 218/218 [00:16<00:00, 12.93it/s]
2022-07-10 17:45:21.524 | INFO     | __main__:main:156 -
##on train data## loss: 0.00508643000179357,
##on train data## rmse loss: 57.81353558074712, mae loss: 34.39625465652028, mape loss: 17.671331566790066
##on valid data## rmse loss: 61.00748181124346, mae loss: 35.6187275352828, mape loss: 20.138379288922756
  0%|          | 0/1532 [00:00<?, ?it/s]=====Epoch 62=====
Training...
100%|██████████| 1532/1532 [05:04<00:00,  5.03it/s]
  0%|          | 0/1532 [00:00<?, ?it/s]Evaluating...
100%|██████████| 1532/1532 [01:58<00:00, 12.88it/s]
100%|██████████| 218/218 [00:16<00:00, 12.92it/s]
2022-07-10 17:52:41.853 | INFO     | __main__:main:156 -
##on train data## loss: 0.0050661996349372585,
##on train data## rmse loss: 57.632001028982216, mae loss: 34.84937535627081, mape loss: 19.56792514352979
##on valid data## rmse loss: 60.826199732789206, mae loss: 36.150316990843606, mape loss: 22.24482289011325
  0%|          | 0/1532 [00:00<?, ?it/s]=====Epoch 63=====
Training...
100%|██████████| 1532/1532 [05:04<00:00,  5.03it/s]
  0%|          | 0/1532 [00:00<?, ?it/s]Evaluating...
100%|██████████| 1532/1532 [01:58<00:00, 12.89it/s]
100%|██████████| 218/218 [00:16<00:00, 12.92it/s]
2022-07-10 18:00:02.146 | INFO     | __main__:main:156 -
##on train data## loss: 0.005080583197500571,
##on train data## rmse loss: 57.88280803042977, mae loss: 34.772509532559944, mape loss: 19.14891367826815
##on valid data## rmse loss: 61.12248554579708, mae loss: 36.152097929508315, mape loss: 22.25123060815925
  0%|          | 0/1532 [00:00<?, ?it/s]=====Epoch 64=====
Training...
100%|██████████| 1532/1532 [05:04<00:00,  5.03it/s]
  0%|          | 0/1532 [00:00<?, ?it/s]Evaluating...
100%|██████████| 1532/1532 [01:58<00:00, 12.89it/s]
100%|██████████| 218/218 [00:16<00:00, 12.92it/s]
2022-07-10 18:07:22.420 | INFO     | __main__:main:156 -
##on train data## loss: 0.005089382034244366,
##on train data## rmse loss: 57.683258783723915, mae loss: 35.47136542442262, mape loss: 20.96969195308441
##on valid data## rmse loss: 60.93022731466031, mae loss: 36.82775284828396, mape loss: 23.05660534889326
  0%|          | 0/1532 [00:00<?, ?it/s]=====Epoch 65=====
Training...
100%|██████████| 1532/1532 [05:04<00:00,  5.03it/s]
  0%|          | 0/1532 [00:00<?, ?it/s]Evaluating...
100%|██████████| 1532/1532 [01:58<00:00, 12.89it/s]
100%|██████████| 218/218 [00:16<00:00, 12.92it/s]
2022-07-10 18:14:42.593 | INFO     | __main__:main:156 -
##on train data## loss: 0.005081834918521491,
##on train data## rmse loss: 56.92526511921895, mae loss: 34.01214104097132, mape loss: 17.905464810234136
##on valid data## rmse loss: 60.0241437789497, mae loss: 35.21327285591615, mape loss: 20.461802345213542
  0%|          | 0/1532 [00:00<?, ?it/s]=====Epoch 66=====
Training...
100%|██████████| 1532/1532 [05:04<00:00,  5.04it/s]
  0%|          | 0/1532 [00:00<?, ?it/s]Evaluating...
100%|██████████| 1532/1532 [01:58<00:00, 12.91it/s]
100%|██████████| 218/218 [00:16<00:00, 12.93it/s]
New best results!
2022-07-10 18:22:02.350 | INFO     | __main__:main:156 -
##on train data## loss: 0.00504689237243294,
##on train data## rmse loss: 57.017949307245, mae loss: 34.35796929152765, mape loss: 19.41412993154778
##on valid data## rmse loss: 59.89652663414631, mae loss: 35.50639652987139, mape loss: 21.695077993454188
  0%|          | 0/1532 [00:00<?, ?it/s]=====Epoch 67=====
Training...
100%|██████████| 1532/1532 [05:04<00:00,  5.04it/s]
  0%|          | 0/1532 [00:00<?, ?it/s]Evaluating...
100%|██████████| 1532/1532 [01:58<00:00, 12.90it/s]
100%|██████████| 218/218 [00:16<00:00, 12.93it/s]
2022-07-10 18:29:22.184 | INFO     | __main__:main:156 -
##on train data## loss: 0.005073422120532079,
##on train data## rmse loss: 56.7476528917218, mae loss: 33.96728362738308, mape loss: 17.566857222399573
##on valid data## rmse loss: 59.959876611692096, mae loss: 35.20584526411984, mape loss: 20.17740372465838
  0%|          | 0/1532 [00:00<?, ?it/s]=====Epoch 68=====
Training...
100%|██████████| 1532/1532 [05:04<00:00,  5.04it/s]
  0%|          | 0/1532 [00:00<?, ?it/s]Evaluating...
100%|██████████| 1532/1532 [01:58<00:00, 12.91it/s]
100%|██████████| 218/218 [00:16<00:00, 12.89it/s]
2022-07-10 18:36:42.016 | INFO     | __main__:main:156 -
##on train data## loss: 0.005043392624586271,
##on train data## rmse loss: 57.46851609083131, mae loss: 35.2101623047114, mape loss: 22.260495535688907
##on valid data## rmse loss: 60.59044827452493, mae loss: 36.33275001420887, mape loss: 25.123172530203785
  0%|          | 0/1532 [00:00<?, ?it/s]=====Epoch 69=====
Training...
100%|██████████| 1532/1532 [05:06<00:00,  5.00it/s]
  0%|          | 0/1532 [00:00<?, ?it/s]Evaluating...
100%|██████████| 1532/1532 [01:59<00:00, 12.78it/s]
100%|██████████| 218/218 [00:17<00:00, 12.79it/s]
2022-07-10 18:44:05.605 | INFO     | __main__:main:156 -
##on train data## loss: 0.005054814645193162,
##on train data## rmse loss: 58.26776575855425, mae loss: 35.52892133025525, mape loss: 21.164818791862256
##on valid data## rmse loss: 61.05212261479929, mae loss: 36.555927267862025, mape loss: 23.83112609386444
  0%|          | 0/1532 [00:00<?, ?it/s]=====Epoch 70=====
Training...
100%|██████████| 1532/1532 [05:08<00:00,  4.97it/s]
  0%|          | 0/1532 [00:00<?, ?it/s]Evaluating...
100%|██████████| 1532/1532 [02:00<00:00, 12.73it/s]
100%|██████████| 218/218 [00:17<00:00, 12.77it/s]
2022-07-10 18:51:31.438 | INFO     | __main__:main:156 -
##on train data## loss: 0.005068869823652232,
##on train data## rmse loss: 57.021629861378486, mae loss: 34.13237570346802, mape loss: 18.66289969903293
##on valid data## rmse loss: 60.3020435823213, mae loss: 35.49228709334627, mape loss: 21.564821434130362
  0%|          | 0/1532 [00:00<?, ?it/s]=====Epoch 71=====
Training...
100%|██████████| 1532/1532 [05:08<00:00,  4.96it/s]
  0%|          | 0/1532 [00:00<?, ?it/s]Evaluating...
100%|██████████| 1532/1532 [02:00<00:00, 12.73it/s]
100%|██████████| 218/218 [00:17<00:00, 12.75it/s]
2022-07-10 18:58:57.606 | INFO     | __main__:main:156 -
##on train data## loss: 0.005066370516747976,
##on train data## rmse loss: 57.90741777046542, mae loss: 35.53844834121027, mape loss: 21.691134516101126
##on valid data## rmse loss: 60.91759168992349, mae loss: 36.73757259123916, mape loss: 24.84130409947776
  0%|          | 0/1532 [00:00<?, ?it/s]=====Epoch 72=====
Training...
100%|██████████| 1532/1532 [05:08<00:00,  4.96it/s]
  0%|          | 0/1532 [00:00<?, ?it/s]Evaluating...
100%|██████████| 1532/1532 [02:00<00:00, 12.72it/s]
100%|██████████| 218/218 [00:17<00:00, 12.73it/s]
2022-07-10 19:06:24.005 | INFO     | __main__:main:156 -
##on train data## loss: 0.0050347012544583345,
##on train data## rmse loss: 56.8866714460109, mae loss: 34.13614801576181, mape loss: 18.108710799337057
##on valid data## rmse loss: 59.955181664283124, mae loss: 35.35946370921004, mape loss: 20.686156897369873
  0%|          | 0/1532 [00:00<?, ?it/s]=====Epoch 73=====
Training...
100%|██████████| 1532/1532 [05:08<00:00,  4.96it/s]
  0%|          | 0/1532 [00:00<?, ?it/s]Evaluating...
100%|██████████| 1532/1532 [02:00<00:00, 12.70it/s]
100%|██████████| 218/218 [00:17<00:00, 12.72it/s]
2022-07-10 19:13:50.741 | INFO     | __main__:main:156 -
##on train data## loss: 0.005065026807561687,
##on train data## rmse loss: 59.33415064674756, mae loss: 35.73298157350824, mape loss: 19.226048338195362
##on valid data## rmse loss: 62.126313585753834, mae loss: 36.77692023111046, mape loss: 21.517074436222742
  0%|          | 0/1532 [00:00<?, ?it/s]=====Epoch 74=====
Training...
100%|██████████| 1532/1532 [05:09<00:00,  4.95it/s]
  0%|          | 0/1532 [00:00<?, ?it/s]Evaluating...
100%|██████████| 1532/1532 [02:00<00:00, 12.76it/s]
100%|██████████| 218/218 [00:17<00:00, 12.80it/s]
2022-07-10 19:21:16.993 | INFO     | __main__:main:156 -
##on train data## loss: 0.005044141561966195,
##on train data## rmse loss: 58.61391191258443, mae loss: 35.401936806213136, mape loss: 21.114835557199566
##on valid data## rmse loss: 62.27846173627661, mae loss: 36.91961902653406, mape loss: 24.146617050154493
  0%|          | 0/1532 [00:00<?, ?it/s]=====Epoch 75=====
Training...
100%|██████████| 1532/1532 [05:07<00:00,  4.99it/s]
  0%|          | 0/1532 [00:00<?, ?it/s]Evaluating...
100%|██████████| 1532/1532 [01:59<00:00, 12.80it/s]
100%|██████████| 218/218 [00:17<00:00, 12.82it/s]
2022-07-10 19:28:40.759 | INFO     | __main__:main:156 -
##on train data## loss: 0.005010933132584428,
##on train data## rmse loss: 57.53835109880014, mae loss: 34.4798428010069, mape loss: 18.504272687781416
##on valid data## rmse loss: 60.69825860119741, mae loss: 35.71216782736122, mape loss: 21.203204220451347
  0%|          | 0/1532 [00:00<?, ?it/s]=====Epoch 76=====
Training...
100%|██████████| 1532/1532 [05:04<00:00,  5.03it/s]
  0%|          | 0/1532 [00:00<?, ?it/s]Evaluating...
100%|██████████| 1532/1532 [01:58<00:00, 12.89it/s]
100%|██████████| 218/218 [00:16<00:00, 12.91it/s]
2022-07-10 19:36:01.264 | INFO     | __main__:main:156 -
##on train data## loss: 0.005047051861195876,
##on train data## rmse loss: 59.897593240513814, mae loss: 37.332108588505044, mape loss: 22.35618342715984
##on valid data## rmse loss: 63.105824916734605, mae loss: 38.74673846008581, mape loss: 24.373209295332977
  0%|          | 0/1532 [00:00<?, ?it/s]=====Epoch 77=====
Training...
100%|██████████| 1532/1532 [05:04<00:00,  5.03it/s]
  0%|          | 0/1532 [00:00<?, ?it/s]Evaluating...
100%|██████████| 1532/1532 [01:58<00:00, 12.90it/s]
100%|██████████| 218/218 [00:16<00:00, 12.93it/s]
New best results!
2022-07-10 19:43:21.439 | INFO     | __main__:main:156 -
##on train data## loss: 0.005023601547223406,
##on train data## rmse loss: 56.68770079326381, mae loss: 33.87970011912812, mape loss: 17.923288386529094
##on valid data## rmse loss: 59.63735767679477, mae loss: 35.020717839582254, mape loss: 20.649089903459636
  0%|          | 0/1532 [00:00<?, ?it/s]=====Epoch 78=====
Training...
100%|██████████| 1532/1532 [05:04<00:00,  5.03it/s]
  0%|          | 0/1532 [00:00<?, ?it/s]Evaluating...
100%|██████████| 1532/1532 [01:58<00:00, 12.90it/s]
100%|██████████| 218/218 [00:16<00:00, 12.93it/s]
2022-07-10 19:50:41.334 | INFO     | __main__:main:156 -
##on train data## loss: 0.0050354808039766285,
##on train data## rmse loss: 57.86250162996138, mae loss: 35.08869705374496, mape loss: 22.199088990610512
##on valid data## rmse loss: 61.32954352492586, mae loss: 36.501096681717335, mape loss: 25.241586169518463
  0%|          | 0/1532 [00:00<?, ?it/s]=====Epoch 79=====
Training...
100%|██████████| 1532/1532 [05:04<00:00,  5.03it/s]
  0%|          | 0/1532 [00:00<?, ?it/s]Evaluating...
100%|██████████| 1532/1532 [01:58<00:00, 12.91it/s]
100%|██████████| 218/218 [00:16<00:00, 12.93it/s]
New best results!
2022-07-10 19:58:01.219 | INFO     | __main__:main:156 -
##on train data## loss: 0.005042848421863156,
##on train data## rmse loss: 56.541208885979714, mae loss: 34.1571618035319, mape loss: 19.87677122522194
##on valid data## rmse loss: 59.56639559334571, mae loss: 35.333186140847864, mape loss: 22.849505059762834
  0%|          | 0/1532 [00:00<?, ?it/s]=====Epoch 80=====
Training...
100%|██████████| 1532/1532 [05:04<00:00,  5.04it/s]
  0%|          | 0/1532 [00:00<?, ?it/s]Evaluating...
100%|██████████| 1532/1532 [01:58<00:00, 12.92it/s]
100%|██████████| 218/218 [00:16<00:00, 12.94it/s]
2022-07-10 20:05:20.815 | INFO     | __main__:main:156 -
##on train data## loss: 0.005020085465592787,
##on train data## rmse loss: 59.10907123481014, mae loss: 35.52547169852195, mape loss: 20.305211929599547
##on valid data## rmse loss: 62.570803231055585, mae loss: 37.05749524842709, mape loss: 23.418190548999593
  0%|          | 0/1532 [00:00<?, ?it/s]=====Epoch 81=====
Training...
100%|██████████| 1532/1532 [05:04<00:00,  5.04it/s]
  0%|          | 0/1532 [00:00<?, ?it/s]Evaluating...
100%|██████████| 1532/1532 [01:58<00:00, 12.91it/s]
100%|██████████| 218/218 [00:16<00:00, 12.94it/s]
2022-07-10 20:12:40.530 | INFO     | __main__:main:156 -
##on train data## loss: 0.005053851602558903,
##on train data## rmse loss: 56.93825384842198, mae loss: 34.17001092402804, mape loss: 19.13438946806264
##on valid data## rmse loss: 60.09802842796395, mae loss: 35.59172598812558, mape loss: 21.647079121492325
  0%|          | 0/1532 [00:00<?, ?it/s]=====Epoch 82=====
Training...
100%|██████████| 1532/1532 [05:04<00:00,  5.04it/s]
  0%|          | 0/1532 [00:00<?, ?it/s]Evaluating...
100%|██████████| 1532/1532 [01:58<00:00, 12.91it/s]
100%|██████████| 218/218 [00:16<00:00, 12.92it/s]
2022-07-10 20:20:00.250 | INFO     | __main__:main:156 -
##on train data## loss: 0.0050395288853906095,
##on train data## rmse loss: 57.30762303529147, mae loss: 34.94571860216305, mape loss: 22.770741098990793
##on valid data## rmse loss: 60.44686851151493, mae loss: 36.04992326683954, mape loss: 25.627761241903
  0%|          | 0/1532 [00:00<?, ?it/s]=====Epoch 83=====
Training...
100%|██████████| 1532/1532 [05:04<00:00,  5.04it/s]
  0%|          | 0/1532 [00:00<?, ?it/s]Evaluating...
100%|██████████| 1532/1532 [01:58<00:00, 12.91it/s]
100%|██████████| 218/218 [00:16<00:00, 12.91it/s]
2022-07-10 20:27:20.027 | INFO     | __main__:main:156 -
##on train data## loss: 0.005027847112792936,
##on train data## rmse loss: 57.3979857185802, mae loss: 35.57282517286256, mape loss: 25.554358911051295
##on valid data## rmse loss: 60.49783899149764, mae loss: 36.757357098640654, mape loss: 28.56757045133945
  0%|          | 0/1532 [00:00<?, ?it/s]=====Epoch 84=====
Training...
100%|██████████| 1532/1532 [05:04<00:00,  5.03it/s]
  0%|          | 0/1532 [00:00<?, ?it/s]Evaluating...
100%|██████████| 1532/1532 [01:59<00:00, 12.87it/s]
100%|██████████| 218/218 [00:16<00:00, 12.89it/s]
2022-07-10 20:34:40.507 | INFO     | __main__:main:156 -
##on train data## loss: 0.005038636301458125,
##on train data## rmse loss: 57.239619314826186, mae loss: 34.756503711481315, mape loss: 19.88562784028816
##on valid data## rmse loss: 60.06154357840162, mae loss: 35.913208926489595, mape loss: 22.720936104791974
  0%|          | 0/1532 [00:00<?, ?it/s]=====Epoch 85=====
Training...
100%|██████████| 1532/1532 [05:04<00:00,  5.03it/s]
  0%|          | 0/1532 [00:00<?, ?it/s]Evaluating...
100%|██████████| 1532/1532 [01:58<00:00, 12.88it/s]
100%|██████████| 218/218 [00:16<00:00, 12.87it/s]
2022-07-10 20:42:00.872 | INFO     | __main__:main:156 -
##on train data## loss: 0.005047074381405532,
##on train data## rmse loss: 57.35987482992227, mae loss: 34.25286347436531, mape loss: 18.669355521586482
##on valid data## rmse loss: 60.511233915976426, mae loss: 35.54223886542364, mape loss: 21.169809282782975
  0%|          | 0/1532 [00:00<?, ?it/s]=====Epoch 86=====
Training...
100%|██████████| 1532/1532 [05:04<00:00,  5.03it/s]
  0%|          | 0/1532 [00:00<?, ?it/s]Evaluating...
100%|██████████| 1532/1532 [01:59<00:00, 12.86it/s]
100%|██████████| 218/218 [00:16<00:00, 12.88it/s]
2022-07-10 20:49:21.467 | INFO     | __main__:main:156 -
##on train data## loss: 0.005029247066157435,
##on train data## rmse loss: 57.3096458308068, mae loss: 34.68034569837406, mape loss: 20.33856860641633
##on valid data## rmse loss: 60.258748920685655, mae loss: 35.80620235478113, mape loss: 23.002616787722353
  0%|          | 0/1532 [00:00<?, ?it/s]=====Epoch 87=====
Training...
100%|██████████| 1532/1532 [05:05<00:00,  5.01it/s]
  0%|          | 0/1532 [00:00<?, ?it/s]Evaluating...
100%|██████████| 1532/1532 [02:00<00:00, 12.73it/s]
100%|██████████| 218/218 [00:17<00:00, 12.76it/s]
2022-07-10 20:56:44.611 | INFO     | __main__:main:156 -
##on train data## loss: 0.005000376096512033,
##on train data## rmse loss: 57.062667123331416, mae loss: 34.25972888986374, mape loss: 18.323097007674974
##on valid data## rmse loss: 60.25179527002737, mae loss: 35.62481454096803, mape loss: 20.645734554993997
  0%|          | 0/1532 [00:00<?, ?it/s]=====Epoch 88=====
Training...
100%|██████████| 1532/1532 [05:07<00:00,  4.98it/s]
  0%|          | 0/1532 [00:00<?, ?it/s]Evaluating...
100%|██████████| 1532/1532 [02:00<00:00, 12.71it/s]
100%|██████████| 218/218 [00:17<00:00, 12.72it/s]
2022-07-10 21:04:09.823 | INFO     | __main__:main:156 -
##on train data## loss: 0.005035652309733956,
##on train data## rmse loss: 57.28801762653082, mae loss: 35.19812717885946, mape loss: 21.886127174153497
##on valid data## rmse loss: 60.40034287128974, mae loss: 36.394065393220394, mape loss: 23.943166055400436
  0%|          | 0/1532 [00:00<?, ?it/s]=====Epoch 89=====
Training...
100%|██████████| 1532/1532 [05:07<00:00,  4.99it/s]
  0%|          | 0/1532 [00:00<?, ?it/s]Evaluating...
100%|██████████| 1532/1532 [01:59<00:00, 12.86it/s]
100%|██████████| 218/218 [00:16<00:00, 12.85it/s]
2022-07-10 21:11:33.015 | INFO     | __main__:main:156 -
##on train data## loss: 0.005030700021852586,
##on train data## rmse loss: 58.81953357840954, mae loss: 36.40404544984703, mape loss: 22.2207385621109
##on valid data## rmse loss: 61.922787517582606, mae loss: 37.70661330441816, mape loss: 23.995119333267212
  0%|          | 0/1532 [00:00<?, ?it/s]=====Epoch 90=====
Training...
100%|██████████| 1532/1532 [05:04<00:00,  5.03it/s]
  0%|          | 0/1532 [00:00<?, ?it/s]Evaluating...
100%|██████████| 1532/1532 [01:59<00:00, 12.85it/s]
100%|██████████| 218/218 [00:16<00:00, 12.84it/s]
2022-07-10 21:18:53.893 | INFO     | __main__:main:156 -
##on train data## loss: 0.005028614273198148,
##on train data## rmse loss: 57.33140888662313, mae loss: 34.775761525873726, mape loss: 20.865398663152057
##on valid data## rmse loss: 60.281000154827716, mae loss: 35.94376557026435, mape loss: 22.96974069413242
  0%|          | 0/1532 [00:00<?, ?it/s]=====Epoch 91=====
Training...
100%|██████████| 1532/1532 [05:04<00:00,  5.03it/s]
  0%|          | 0/1532 [00:00<?, ?it/s]Evaluating...
100%|██████████| 1532/1532 [01:59<00:00, 12.83it/s]
100%|██████████| 218/218 [00:17<00:00, 12.82it/s]
2022-07-10 21:26:15.025 | INFO     | __main__:main:156 -
##on train data## loss: 0.005029270440484726,
##on train data## rmse loss: 57.3345701140461, mae loss: 34.74158479401711, mape loss: 19.29034143102698
##on valid data## rmse loss: 60.49354177002513, mae loss: 36.04694284211605, mape loss: 22.213139672071563
  0%|          | 0/1532 [00:00<?, ?it/s]=====Epoch 92=====
Training...
100%|██████████| 1532/1532 [05:04<00:00,  5.03it/s]
  0%|          | 0/1532 [00:00<?, ?it/s]Evaluating...
100%|██████████| 1532/1532 [01:59<00:00, 12.83it/s]
100%|██████████| 218/218 [00:16<00:00, 12.84it/s]
2022-07-10 21:33:36.001 | INFO     | __main__:main:156 -
##on train data## loss: 0.005023419747524834,
##on train data## rmse loss: 58.59181410712299, mae loss: 36.601639294437575, mape loss: 25.230574675935365
##on valid data## rmse loss: 61.52825021306309, mae loss: 37.80145259297222, mape loss: 27.215704851604382
  0%|          | 0/1532 [00:00<?, ?it/s]=====Epoch 93=====
Training...
100%|██████████| 1532/1532 [05:04<00:00,  5.03it/s]
  0%|          | 0/1532 [00:00<?, ?it/s]Evaluating...
100%|██████████| 1532/1532 [01:59<00:00, 12.83it/s]
100%|██████████| 218/218 [00:16<00:00, 12.84it/s]
2022-07-10 21:40:57.127 | INFO     | __main__:main:156 -
##on train data## loss: 0.005049611077955182,
##on train data## rmse loss: 57.805499691876044, mae loss: 35.136848973854406, mape loss: 22.33963465079782
##on valid data## rmse loss: 61.12781734641539, mae loss: 36.530497813443525, mape loss: 25.169134591150723
  0%|          | 0/1532 [00:00<?, ?it/s]=====Epoch 94=====
Training...
100%|██████████| 1532/1532 [05:04<00:00,  5.02it/s]
  0%|          | 0/1532 [00:00<?, ?it/s]Evaluating...
100%|██████████| 1532/1532 [01:59<00:00, 12.79it/s]
100%|██████████| 218/218 [00:16<00:00, 12.86it/s]
2022-07-10 21:48:18.811 | INFO     | __main__:main:156 -
##on train data## loss: 0.0050289272132369766,
##on train data## rmse loss: 57.890625221611, mae loss: 35.34294216564368, mape loss: 22.52934388402976
##on valid data## rmse loss: 61.440544985849925, mae loss: 36.65675506241825, mape loss: 25.834982859295444
  0%|          | 0/1532 [00:00<?, ?it/s]=====Epoch 95=====
Training...
100%|██████████| 1532/1532 [05:05<00:00,  5.02it/s]
  0%|          | 0/1532 [00:00<?, ?it/s]Evaluating...
100%|██████████| 1532/1532 [01:59<00:00, 12.80it/s]
100%|██████████| 218/218 [00:17<00:00, 12.82it/s]
2022-07-10 21:55:40.830 | INFO     | __main__:main:156 -
##on train data## loss: 0.005013312254156966,
##on train data## rmse loss: 57.142850367892194, mae loss: 34.45048387119104, mape loss: 19.63863335160767
##on valid data## rmse loss: 60.208467203542725, mae loss: 35.659941760771865, mape loss: 22.233889880803748
100%|██████████| 437/437 [00:34<00:00, 12.82it/s]
pred shape: (3493, 1000, 1); true shape: (3493, 1000, 1)
##on test data## rmse loss: 58.347828875962875, mae loss: 35.00241841331499, mape loss: 21.827450195152647
