2022-06-09 18:20:24.574 | INFO     | __main__:main:108 - {'remote': False, 'num_gpu': 0, 'epochs': 100, 'batch_size': 8, 'is_test': False, 'filename': 'ManchesterHW_15', 'train_ratio': 0.7, 'valid_ratio': 0.1, 'his_length': 12, 'pred_length': 1, 'sigma1': 0.1, 'sigma2': 10, 'thres1': 0.6, 'thres2': 0.5, 'lr': 0.002, 'log': True}
average degree of spatial graph is 500.0
average degree of semantic graph is 23.03
=====Epoch 1=====
Training...
100%|██████████| 3065/3065 [10:21<00:00,  4.93it/s]
  0%|          | 0/3065 [00:00<?, ?it/s]Evaluating...
100%|██████████| 3065/3065 [04:00<00:00, 12.74it/s]
100%|██████████| 437/437 [00:34<00:00, 12.73it/s]
New best results!
2022-06-09 18:35:21.953 | INFO     | __main__:main:152 -
##on train data## loss: 0.020488537553785942,
##on train data## rmse loss: 36.153842827702036, mae loss: 21.776666590829073, mape loss: 20.453961802734636
##on valid data## rmse loss: 37.22520695561948, mae loss: 22.185145941151635, mape loss: 21.864614908496083
  0%|          | 0/3065 [00:00<?, ?it/s]=====Epoch 2=====
Training...
100%|██████████| 3065/3065 [10:09<00:00,  5.03it/s]
  0%|          | 0/3065 [00:00<?, ?it/s]Evaluating...
100%|██████████| 3065/3065 [03:58<00:00, 12.87it/s]
100%|██████████| 437/437 [00:33<00:00, 12.86it/s]
New best results!
2022-06-09 18:50:03.997 | INFO     | __main__:main:152 -
##on train data## loss: 0.0087497556082248,
##on train data## rmse loss: 35.80674659828572, mae loss: 22.00512450873171, mape loss: 19.69162277014376
##on valid data## rmse loss: 36.86323862926911, mae loss: 22.464229959099463, mape loss: 21.658640322477922
  0%|          | 0/3065 [00:00<?, ?it/s]=====Epoch 3=====
Training...
100%|██████████| 3065/3065 [10:09<00:00,  5.03it/s]
  0%|          | 0/3065 [00:00<?, ?it/s]Evaluating...
100%|██████████| 3065/3065 [03:58<00:00, 12.85it/s]
100%|██████████| 437/437 [00:33<00:00, 12.88it/s]
New best results!
2022-06-09 19:04:45.683 | INFO     | __main__:main:152 -
##on train data## loss: 0.007813133262090238,
##on train data## rmse loss: 33.05053123299877, mae loss: 19.9784893381265, mape loss: 21.249032332934135
##on valid data## rmse loss: 34.096399682610205, mae loss: 20.42695228567931, mape loss: 23.619587664882435
  0%|          | 0/3065 [00:00<?, ?it/s]=====Epoch 4=====
Training...
100%|██████████| 3065/3065 [10:09<00:00,  5.03it/s]
  0%|          | 0/3065 [00:00<?, ?it/s]Evaluating...
100%|██████████| 3065/3065 [03:58<00:00, 12.85it/s]
100%|██████████| 437/437 [00:33<00:00, 12.86it/s]
2022-06-09 19:19:27.410 | INFO     | __main__:main:152 -
##on train data## loss: 0.0071449944676548775,
##on train data## rmse loss: 33.53888305676509, mae loss: 22.672998387895245, mape loss: 43.60515205642333
##on valid data## rmse loss: 34.60466352589343, mae loss: 23.078761561238792, mape loss: 44.667116114422164
  0%|          | 0/3065 [00:00<?, ?it/s]=====Epoch 5=====
Training...
100%|██████████| 3065/3065 [10:10<00:00,  5.02it/s]
  0%|          | 0/3065 [00:00<?, ?it/s]Evaluating...
100%|██████████| 3065/3065 [04:00<00:00, 12.73it/s]
100%|██████████| 437/437 [00:34<00:00, 12.76it/s]
2022-06-09 19:34:13.341 | INFO     | __main__:main:152 -
##on train data## loss: 0.006800624940978882,
##on train data## rmse loss: 33.28422404409039, mae loss: 20.659825157302432, mape loss: 24.25512608851733
##on valid data## rmse loss: 34.53210213964537, mae loss: 21.17518727675728, mape loss: 25.498718548421184
  0%|          | 0/3065 [00:00<?, ?it/s]=====Epoch 6=====
Training...
100%|██████████| 3065/3065 [10:14<00:00,  4.99it/s]
  0%|          | 0/3065 [00:00<?, ?it/s]Evaluating...
100%|██████████| 3065/3065 [03:57<00:00, 12.88it/s]
100%|██████████| 437/437 [00:33<00:00, 12.90it/s]
New best results!
2022-06-09 19:48:59.607 | INFO     | __main__:main:152 -
##on train data## loss: 0.0067169193225893,
##on train data## rmse loss: 31.865041794395758, mae loss: 19.581091736735956, mape loss: 20.834712471697497
##on valid data## rmse loss: 33.05081726702727, mae loss: 20.063072868015457, mape loss: 22.35967545542073
  0%|          | 0/3065 [00:00<?, ?it/s]=====Epoch 7=====
Training...
100%|██████████| 3065/3065 [10:08<00:00,  5.03it/s]
  0%|          | 0/3065 [00:00<?, ?it/s]Evaluating...
100%|██████████| 3065/3065 [03:58<00:00, 12.87it/s]
100%|██████████| 437/437 [00:33<00:00, 12.89it/s]
2022-06-09 20:03:40.537 | INFO     | __main__:main:152 -
##on train data## loss: 0.006463744536613465,
##on train data## rmse loss: 32.33743647564488, mae loss: 20.76926225876925, mape loss: 26.85047068686314
##on valid data## rmse loss: 33.42853742115012, mae loss: 21.123692372843657, mape loss: 29.416436405353743
  0%|          | 0/3065 [00:00<?, ?it/s]=====Epoch 8=====
Training...
100%|██████████| 3065/3065 [10:09<00:00,  5.03it/s]
  0%|          | 0/3065 [00:00<?, ?it/s]Evaluating...
100%|██████████| 3065/3065 [03:57<00:00, 12.90it/s]
100%|██████████| 437/437 [00:33<00:00, 12.90it/s]
2022-06-09 20:18:21.119 | INFO     | __main__:main:152 -
##on train data## loss: 0.006326084336202111,
##on train data## rmse loss: 33.50296835160372, mae loss: 21.272599451460223, mape loss: 23.47047688910467
##on valid data## rmse loss: 34.75790923356465, mae loss: 21.793617933783977, mape loss: 24.818533241271428
  0%|          | 0/3065 [00:00<?, ?it/s]=====Epoch 9=====
Training...
100%|██████████| 3065/3065 [10:11<00:00,  5.01it/s]
  0%|          | 0/3065 [00:00<?, ?it/s]Evaluating...
100%|██████████| 3065/3065 [04:00<00:00, 12.74it/s]
100%|██████████| 437/437 [00:34<00:00, 12.75it/s]
2022-06-09 20:33:07.840 | INFO     | __main__:main:152 -
##on train data## loss: 0.006258265976794064,
##on train data## rmse loss: 32.37336136162962, mae loss: 20.410374474642133, mape loss: 26.207004197026933
##on valid data## rmse loss: 33.45362003771609, mae loss: 20.853746409819927, mape loss: 27.394833831751647
  0%|          | 0/3065 [00:00<?, ?it/s]=====Epoch 10=====
Training...
100%|██████████| 3065/3065 [10:13<00:00,  5.00it/s]
  0%|          | 0/3065 [00:00<?, ?it/s]Evaluating...
100%|██████████| 3065/3065 [03:58<00:00, 12.87it/s]
100%|██████████| 437/437 [00:33<00:00, 12.87it/s]
2022-06-09 20:47:53.021 | INFO     | __main__:main:152 -
##on train data## loss: 0.006209115405357329,
##on train data## rmse loss: 34.99097061655066, mae loss: 24.619325451127466, mape loss: 53.10625417124583
##on valid data## rmse loss: 35.89512390293846, mae loss: 24.838766246420295, mape loss: 56.420199968585706
  0%|          | 0/3065 [00:00<?, ?it/s]=====Epoch 11=====
Training...
100%|██████████| 3065/3065 [10:09<00:00,  5.03it/s]
  0%|          | 0/3065 [00:00<?, ?it/s]Evaluating...
100%|██████████| 3065/3065 [03:58<00:00, 12.87it/s]
100%|██████████| 437/437 [00:33<00:00, 12.87it/s]
New best results!
2022-06-09 21:02:34.346 | INFO     | __main__:main:152 -
##on train data## loss: 0.0061258748889677405,
##on train data## rmse loss: 30.968576190133273, mae loss: 19.213931604855212, mape loss: 24.108744064075523
##on valid data## rmse loss: 32.22548625780188, mae loss: 19.68610103615907, mape loss: 26.714632002044326
  0%|          | 0/3065 [00:00<?, ?it/s]=====Epoch 12=====
Training...
100%|██████████| 3065/3065 [10:09<00:00,  5.03it/s]
  0%|          | 0/3065 [00:00<?, ?it/s]Evaluating...
100%|██████████| 3065/3065 [03:58<00:00, 12.87it/s]
100%|██████████| 437/437 [00:33<00:00, 12.88it/s]
2022-06-09 21:17:15.556 | INFO     | __main__:main:152 -
##on train data## loss: 0.006027142425959544,
##on train data## rmse loss: 32.60993613138868, mae loss: 20.683916988963986, mape loss: 27.325122419860197
##on valid data## rmse loss: 33.86266878595068, mae loss: 21.187347529954714, mape loss: 28.773401389473907
  0%|          | 0/3065 [00:00<?, ?it/s]=====Epoch 13=====
Training...
100%|██████████| 3065/3065 [10:09<00:00,  5.03it/s]
  0%|          | 0/3065 [00:00<?, ?it/s]Evaluating...
100%|██████████| 3065/3065 [03:57<00:00, 12.88it/s]
100%|██████████| 437/437 [00:33<00:00, 12.90it/s]
2022-06-09 21:31:56.470 | INFO     | __main__:main:152 -
##on train data## loss: 0.00602227270828794,
##on train data## rmse loss: 31.027732208152386, mae loss: 18.78792772495338, mape loss: 18.395722076953138
##on valid data## rmse loss: 32.287185970105625, mae loss: 19.302399294872853, mape loss: 20.165766922232763
  0%|          | 0/3065 [00:00<?, ?it/s]=====Epoch 14=====
Training...
100%|██████████| 3065/3065 [10:09<00:00,  5.03it/s]
  0%|          | 0/3065 [00:00<?, ?it/s]Evaluating...
100%|██████████| 3065/3065 [03:57<00:00, 12.89it/s]
100%|██████████| 437/437 [00:33<00:00, 12.89it/s]
2022-06-09 21:46:37.258 | INFO     | __main__:main:152 -
##on train data## loss: 0.005972356466746617,
##on train data## rmse loss: 32.72876315466926, mae loss: 21.67351490101651, mape loss: 35.468023161952296
##on valid data## rmse loss: 33.791455009163656, mae loss: 22.042632157524334, mape loss: 37.99801668326969
  0%|          | 0/3065 [00:00<?, ?it/s]=====Epoch 15=====
Training...
100%|██████████| 3065/3065 [10:09<00:00,  5.03it/s]
  0%|          | 0/3065 [00:00<?, ?it/s]Evaluating...
100%|██████████| 3065/3065 [03:57<00:00, 12.89it/s]
100%|██████████| 437/437 [00:33<00:00, 12.90it/s]
2022-06-09 22:01:18.040 | INFO     | __main__:main:152 -
##on train data## loss: 0.005942274002376549,
##on train data## rmse loss: 31.42680325375879, mae loss: 19.170355642483635, mape loss: 19.20551243798768
##on valid data## rmse loss: 32.745517556127204, mae loss: 19.697396660287538, mape loss: 21.0367405339564
  0%|          | 0/3065 [00:00<?, ?it/s]=====Epoch 16=====
Training...
100%|██████████| 3065/3065 [10:12<00:00,  5.01it/s]
  0%|          | 0/3065 [00:00<?, ?it/s]Evaluating...
100%|██████████| 3065/3065 [04:00<00:00, 12.73it/s]
100%|██████████| 437/437 [00:34<00:00, 12.75it/s]
2022-06-09 22:16:05.183 | INFO     | __main__:main:152 -
##on train data## loss: 0.005937111622321178,
##on train data## rmse loss: 31.52588899870681, mae loss: 19.75814094418997, mape loss: 23.91050490625142
##on valid data## rmse loss: 32.69872154087442, mae loss: 20.219164627913205, mape loss: 25.381001354423212
  0%|          | 0/3065 [00:00<?, ?it/s]=====Epoch 17=====
Training...
100%|██████████| 3065/3065 [10:13<00:00,  5.00it/s]
  0%|          | 0/3065 [00:00<?, ?it/s]Evaluating...
100%|██████████| 3065/3065 [03:57<00:00, 12.88it/s]
100%|██████████| 437/437 [00:33<00:00, 12.89it/s]
New best results!
2022-06-09 22:30:50.098 | INFO     | __main__:main:152 -
##on train data## loss: 0.005888676623810769,
##on train data## rmse loss: 30.44952911607204, mae loss: 18.538701800148793, mape loss: 19.528585358554736
##on valid data## rmse loss: 31.68399252553281, mae loss: 19.020938517572677, mape loss: 21.99720307263957
  0%|          | 0/3065 [00:00<?, ?it/s]=====Epoch 18=====
Training...
100%|██████████| 3065/3065 [10:09<00:00,  5.03it/s]
  0%|          | 0/3065 [00:00<?, ?it/s]Evaluating...
100%|██████████| 3065/3065 [03:58<00:00, 12.85it/s]
100%|██████████| 437/437 [00:33<00:00, 12.89it/s]
2022-06-09 22:45:31.584 | INFO     | __main__:main:152 -
##on train data## loss: 0.005897368970106783,
##on train data## rmse loss: 31.330167066564762, mae loss: 19.210924792950927, mape loss: 22.01612466748737
##on valid data## rmse loss: 32.54624855163714, mae loss: 19.698101512900205, mape loss: 24.620711563039972
  0%|          | 0/3065 [00:00<?, ?it/s]=====Epoch 19=====
Training...
100%|██████████| 3065/3065 [10:08<00:00,  5.03it/s]
  0%|          | 0/3065 [00:00<?, ?it/s]Evaluating...
100%|██████████| 3065/3065 [03:58<00:00, 12.88it/s]
100%|██████████| 437/437 [00:33<00:00, 12.87it/s]
2022-06-09 23:00:12.550 | INFO     | __main__:main:152 -
##on train data## loss: 0.005891000743283849,
##on train data## rmse loss: 30.554227690206655, mae loss: 18.704656144184156, mape loss: 19.460573946087823
##on valid data## rmse loss: 31.788653131480622, mae loss: 19.19685643324863, mape loss: 21.548619554367438
  0%|          | 0/3065 [00:00<?, ?it/s]=====Epoch 20=====
Training...
100%|██████████| 3065/3065 [10:08<00:00,  5.03it/s]
  0%|          | 0/3065 [00:00<?, ?it/s]Evaluating...
100%|██████████| 3065/3065 [03:58<00:00, 12.88it/s]
100%|██████████| 437/437 [00:33<00:00, 12.92it/s]
2022-06-09 23:14:53.331 | INFO     | __main__:main:152 -
##on train data## loss: 0.005848308906132328,
##on train data## rmse loss: 30.873729157564497, mae loss: 19.12963629904618, mape loss: 21.309785136001924
##on valid data## rmse loss: 32.063648769457224, mae loss: 19.603905431193127, mape loss: 22.922193523266223
  0%|          | 0/3065 [00:00<?, ?it/s]=====Epoch 21=====
Training...
100%|██████████| 3065/3065 [10:09<00:00,  5.03it/s]
  0%|          | 0/3065 [00:00<?, ?it/s]Evaluating...
100%|██████████| 3065/3065 [03:57<00:00, 12.88it/s]
100%|██████████| 437/437 [00:33<00:00, 12.89it/s]
2022-06-09 23:29:34.158 | INFO     | __main__:main:152 -
##on train data## loss: 0.005857160323349604,
##on train data## rmse loss: 30.70086159760567, mae loss: 19.045248349922517, mape loss: 24.6756376671266
##on valid data## rmse loss: 32.01457488454998, mae loss: 19.549695981721857, mape loss: 27.269450631376262
  0%|          | 0/3065 [00:00<?, ?it/s]=====Epoch 22=====
Training...
100%|██████████| 3065/3065 [10:08<00:00,  5.03it/s]
  0%|          | 0/3065 [00:00<?, ?it/s]Evaluating...
100%|██████████| 3065/3065 [03:58<00:00, 12.85it/s]
100%|██████████| 437/437 [00:33<00:00, 12.87it/s]
2022-06-09 23:44:15.600 | INFO     | __main__:main:152 -
##on train data## loss: 0.005815950263827905,
##on train data## rmse loss: 30.525073654461064, mae loss: 18.67821662958839, mape loss: 18.9640031164272
##on valid data## rmse loss: 31.799213863346615, mae loss: 19.20639299528004, mape loss: 21.103302781519137
  0%|          | 0/3065 [00:00<?, ?it/s]=====Epoch 23=====
Training...
100%|██████████| 3065/3065 [10:09<00:00,  5.03it/s]
  0%|          | 0/3065 [00:00<?, ?it/s]Evaluating...
100%|██████████| 3065/3065 [03:58<00:00, 12.88it/s]
100%|██████████| 437/437 [00:33<00:00, 12.87it/s]
2022-06-09 23:58:56.576 | INFO     | __main__:main:152 -
##on train data## loss: 0.005809109824402699,
##on train data## rmse loss: 30.73822573619799, mae loss: 18.903072404472514, mape loss: 21.04324184029954
##on valid data## rmse loss: 31.947741449561217, mae loss: 19.393013884328322, mape loss: 23.849031134791996
  0%|          | 0/3065 [00:00<?, ?it/s]=====Epoch 24=====
Training...
100%|██████████| 3065/3065 [10:08<00:00,  5.03it/s]
  0%|          | 0/3065 [00:00<?, ?it/s]Evaluating...
100%|██████████| 3065/3065 [03:58<00:00, 12.87it/s]
100%|██████████| 437/437 [00:33<00:00, 12.89it/s]
2022-06-10 00:13:37.604 | INFO     | __main__:main:152 -
##on train data## loss: 0.005811463399648934,
##on train data## rmse loss: 30.722942931967108, mae loss: 19.317507736679, mape loss: 25.01031847971493
##on valid data## rmse loss: 32.09366265041604, mae loss: 19.821105703882004, mape loss: 26.448722962861204
  0%|          | 0/3065 [00:00<?, ?it/s]=====Epoch 25=====
Training...
100%|██████████| 3065/3065 [10:09<00:00,  5.03it/s]
  0%|          | 0/3065 [00:00<?, ?it/s]Evaluating...
100%|██████████| 3065/3065 [03:57<00:00, 12.89it/s]
100%|██████████| 437/437 [00:33<00:00, 12.90it/s]
2022-06-10 00:28:18.287 | INFO     | __main__:main:152 -
##on train data## loss: 0.005799081277172119,
##on train data## rmse loss: 31.53532959127504, mae loss: 19.93738863915448, mape loss: 26.088514763369645
##on valid data## rmse loss: 32.77117751010223, mae loss: 20.429529547964137, mape loss: 27.605180026328263
  0%|          | 0/3065 [00:00<?, ?it/s]=====Epoch 26=====
Training...
100%|██████████| 3065/3065 [10:09<00:00,  5.03it/s]
  0%|          | 0/3065 [00:00<?, ?it/s]Evaluating...
100%|██████████| 3065/3065 [03:58<00:00, 12.88it/s]
100%|██████████| 437/437 [00:33<00:00, 12.88it/s]
2022-06-10 00:42:59.367 | INFO     | __main__:main:152 -
##on train data## loss: 0.005799767814332021,
##on train data## rmse loss: 30.47655050828445, mae loss: 18.954488477037938, mape loss: 25.1273334157603
##on valid data## rmse loss: 31.68651931291314, mae loss: 19.42639138333039, mape loss: 27.536445116151114
  0%|          | 0/3065 [00:00<?, ?it/s]=====Epoch 27=====
Training...
100%|██████████| 3065/3065 [10:09<00:00,  5.03it/s]
  0%|          | 0/3065 [00:00<?, ?it/s]Evaluating...
100%|██████████| 3065/3065 [03:57<00:00, 12.92it/s]
100%|██████████| 437/437 [00:33<00:00, 12.88it/s]
2022-06-10 00:57:39.659 | INFO     | __main__:main:152 -
##on train data## loss: 0.005792298705961258,
##on train data## rmse loss: 30.64248226532928, mae loss: 18.796450934791253, mape loss: 20.57549275713099
##on valid data## rmse loss: 31.906987013478574, mae loss: 19.289417816790618, mape loss: 22.719814584034257
  0%|          | 0/3065 [00:00<?, ?it/s]=====Epoch 28=====
Training...
100%|██████████| 3065/3065 [10:08<00:00,  5.03it/s]
  0%|          | 0/3065 [00:00<?, ?it/s]Evaluating...
100%|██████████| 3065/3065 [03:58<00:00, 12.87it/s]
100%|██████████| 437/437 [00:33<00:00, 12.88it/s]
New best results!
2022-06-10 01:12:20.682 | INFO     | __main__:main:152 -
##on train data## loss: 0.005767672006716894,
##on train data## rmse loss: 30.22304762487116, mae loss: 18.618142645277363, mape loss: 21.800003903652094
##on valid data## rmse loss: 31.555988643480383, mae loss: 19.157090542791092, mape loss: 24.471791039137873
  0%|          | 0/3065 [00:00<?, ?it/s]=====Epoch 29=====
Training...
100%|██████████| 3065/3065 [10:08<00:00,  5.03it/s]
  0%|          | 0/3065 [00:00<?, ?it/s]Evaluating...
100%|██████████| 3065/3065 [03:58<00:00, 12.86it/s]
100%|██████████| 437/437 [00:33<00:00, 12.88it/s]
2022-06-10 01:27:01.860 | INFO     | __main__:main:152 -
##on train data## loss: 0.005789450708918006,
##on train data## rmse loss: 31.358610384693737, mae loss: 20.218973957889425, mape loss: 29.844557554453466
##on valid data## rmse loss: 32.63704729407549, mae loss: 20.671933865929088, mape loss: 31.560786922613598
  0%|          | 0/3065 [00:00<?, ?it/s]=====Epoch 30=====
Training...
100%|██████████| 3065/3065 [10:08<00:00,  5.03it/s]
  0%|          | 0/3065 [00:00<?, ?it/s]Evaluating...
100%|██████████| 3065/3065 [03:58<00:00, 12.87it/s]
100%|██████████| 437/437 [00:33<00:00, 12.88it/s]
2022-06-10 01:41:42.870 | INFO     | __main__:main:152 -
##on train data## loss: 0.005743599840102575,
##on train data## rmse loss: 30.55647392490754, mae loss: 19.022206340995155, mape loss: 22.908618220448687
##on valid data## rmse loss: 31.898838051942175, mae loss: 19.591321980107566, mape loss: 26.260187705335138
  0%|          | 0/3065 [00:00<?, ?it/s]=====Epoch 31=====
Training...
100%|██████████| 3065/3065 [10:09<00:00,  5.03it/s]
  0%|          | 0/3065 [00:00<?, ?it/s]Evaluating...
100%|██████████| 3065/3065 [03:57<00:00, 12.89it/s]
100%|██████████| 437/437 [00:33<00:00, 12.89it/s]
2022-06-10 01:56:23.643 | INFO     | __main__:main:152 -
##on train data## loss: 0.005760173928174897,
##on train data## rmse loss: 30.512357238221906, mae loss: 18.71191637434345, mape loss: 19.960292516972075
##on valid data## rmse loss: 31.820251194235937, mae loss: 19.22339299068844, mape loss: 22.020608113409452
  0%|          | 0/3065 [00:00<?, ?it/s]=====Epoch 32=====
Training...
100%|██████████| 3065/3065 [10:08<00:00,  5.03it/s]
  0%|          | 0/3065 [00:00<?, ?it/s]Evaluating...
100%|██████████| 3065/3065 [03:57<00:00, 12.89it/s]
100%|██████████| 437/437 [00:33<00:00, 12.87it/s]
2022-06-10 02:11:04.220 | INFO     | __main__:main:152 -
##on train data## loss: 0.0057472238886864405,
##on train data## rmse loss: 30.506493535127376, mae loss: 19.09080913786398, mape loss: 27.574067992351182
##on valid data## rmse loss: 31.935714856983594, mae loss: 19.658261803249474, mape loss: 30.473929993143344
  0%|          | 0/3065 [00:00<?, ?it/s]=====Epoch 33=====
Training...
100%|██████████| 3065/3065 [10:08<00:00,  5.03it/s]
  0%|          | 0/3065 [00:00<?, ?it/s]Evaluating...
100%|██████████| 3065/3065 [03:57<00:00, 12.89it/s]
100%|██████████| 437/437 [00:33<00:00, 12.91it/s]
New best results!
2022-06-10 02:25:44.768 | INFO     | __main__:main:152 -
##on train data## loss: 0.005742571012422345,
##on train data## rmse loss: 30.360816733405407, mae loss: 18.701830468481166, mape loss: 20.290745590094836
##on valid data## rmse loss: 31.529287189859, mae loss: 19.173782726174363, mape loss: 21.96936356734902
  0%|          | 0/3065 [00:00<?, ?it/s]=====Epoch 34=====
Training...
100%|██████████| 3065/3065 [10:08<00:00,  5.03it/s]
  0%|          | 0/3065 [00:00<?, ?it/s]Evaluating...
100%|██████████| 3065/3065 [03:58<00:00, 12.88it/s]
100%|██████████| 437/437 [00:33<00:00, 12.89it/s]
2022-06-10 02:40:25.607 | INFO     | __main__:main:152 -
##on train data## loss: 0.005749435319951136,
##on train data## rmse loss: 30.46682931548425, mae loss: 18.787193008659326, mape loss: 20.51023215444403
##on valid data## rmse loss: 31.694325554016253, mae loss: 19.246748435415448, mape loss: 22.89767317490938
  0%|          | 0/3065 [00:00<?, ?it/s]=====Epoch 35=====
Training...
100%|██████████| 3065/3065 [10:09<00:00,  5.03it/s]
  0%|          | 0/3065 [00:00<?, ?it/s]Evaluating...
100%|██████████| 3065/3065 [03:57<00:00, 12.89it/s]
100%|██████████| 437/437 [00:33<00:00, 12.92it/s]
2022-06-10 02:55:06.187 | INFO     | __main__:main:152 -
##on train data## loss: 0.005724603244328346,
##on train data## rmse loss: 30.45229419098398, mae loss: 18.53202867741297, mape loss: 19.25985741625019
##on valid data## rmse loss: 31.625822032343606, mae loss: 18.99491838459565, mape loss: 21.910128798719402
  0%|          | 0/3065 [00:00<?, ?it/s]=====Epoch 36=====
Training...
100%|██████████| 3065/3065 [10:08<00:00,  5.03it/s]
  0%|          | 0/3065 [00:00<?, ?it/s]Evaluating...
100%|██████████| 3065/3065 [03:58<00:00, 12.84it/s]
100%|██████████| 437/437 [00:33<00:00, 12.88it/s]
2022-06-10 03:09:47.704 | INFO     | __main__:main:152 -
##on train data## loss: 0.005731653811016574,
##on train data## rmse loss: 30.567453277052714, mae loss: 18.885409477289894, mape loss: 21.209248381911443
##on valid data## rmse loss: 31.786443426625407, mae loss: 19.359055560568105, mape loss: 23.491243467382763
  0%|          | 0/3065 [00:00<?, ?it/s]=====Epoch 37=====
Training...
100%|██████████| 3065/3065 [10:09<00:00,  5.03it/s]
  0%|          | 0/3065 [00:00<?, ?it/s]Evaluating...
100%|██████████| 3065/3065 [03:58<00:00, 12.87it/s]
100%|██████████| 437/437 [00:33<00:00, 12.89it/s]
2022-06-10 03:24:28.843 | INFO     | __main__:main:152 -
##on train data## loss: 0.005709360963452249,
##on train data## rmse loss: 31.1869282481332, mae loss: 19.20560729631981, mape loss: 22.94364259522074
##on valid data## rmse loss: 32.42916685929288, mae loss: 19.712528106549783, mape loss: 25.855782431991475
  0%|          | 0/3065 [00:00<?, ?it/s]=====Epoch 38=====
Training...
100%|██████████| 3065/3065 [10:08<00:00,  5.03it/s]
  0%|          | 0/3065 [00:00<?, ?it/s]Evaluating...
100%|██████████| 3065/3065 [03:58<00:00, 12.87it/s]
100%|██████████| 437/437 [00:33<00:00, 12.88it/s]
2022-06-10 03:39:09.898 | INFO     | __main__:main:152 -
##on train data## loss: 0.005738902703302853,
##on train data## rmse loss: 31.037187558869554, mae loss: 19.055801428628396, mape loss: 21.85466250529297
##on valid data## rmse loss: 32.19763677016549, mae loss: 19.54466409923283, mape loss: 24.632767274191504
  0%|          | 0/3065 [00:00<?, ?it/s]=====Epoch 39=====
Training...
100%|██████████| 3065/3065 [10:09<00:00,  5.03it/s]
  0%|          | 0/3065 [00:00<?, ?it/s]Evaluating...
100%|██████████| 3065/3065 [03:57<00:00, 12.88it/s]
100%|██████████| 437/437 [00:33<00:00, 12.91it/s]
2022-06-10 03:53:50.867 | INFO     | __main__:main:152 -
##on train data## loss: 0.005693323689256149,
##on train data## rmse loss: 30.636312344723773, mae loss: 18.713764903207004, mape loss: 19.7650029341315
##on valid data## rmse loss: 31.884769579365816, mae loss: 19.218146627500346, mape loss: 22.376383900710593
  0%|          | 0/3065 [00:00<?, ?it/s]=====Epoch 40=====
Training...
100%|██████████| 3065/3065 [10:09<00:00,  5.03it/s]
  0%|          | 0/3065 [00:00<?, ?it/s]Evaluating...
100%|██████████| 3065/3065 [03:58<00:00, 12.87it/s]
100%|██████████| 437/437 [00:33<00:00, 12.86it/s]
2022-06-10 04:08:32.157 | INFO     | __main__:main:152 -
##on train data## loss: 0.0056768396468969825,
##on train data## rmse loss: 31.51660776278323, mae loss: 19.930415321213193, mape loss: 25.50426680637223
##on valid data## rmse loss: 32.62361841179959, mae loss: 20.34217567356555, mape loss: 26.98309706775493
  0%|          | 0/3065 [00:00<?, ?it/s]=====Epoch 41=====
Training...
100%|██████████| 3065/3065 [10:09<00:00,  5.03it/s]
  0%|          | 0/3065 [00:00<?, ?it/s]Evaluating...
100%|██████████| 3065/3065 [03:57<00:00, 12.88it/s]
100%|██████████| 437/437 [00:33<00:00, 12.91it/s]
2022-06-10 04:23:12.990 | INFO     | __main__:main:152 -
##on train data## loss: 0.005696613044245549,
##on train data## rmse loss: 31.192947398585556, mae loss: 19.38368819269426, mape loss: 22.152033496836463
##on valid data## rmse loss: 32.49773021584517, mae loss: 19.923313007747556, mape loss: 24.082149072492694
  0%|          | 0/3065 [00:00<?, ?it/s]=====Epoch 42=====
Training...
100%|██████████| 3065/3065 [10:08<00:00,  5.03it/s]
  0%|          | 0/3065 [00:00<?, ?it/s]Evaluating...
100%|██████████| 3065/3065 [03:58<00:00, 12.87it/s]
100%|██████████| 437/437 [00:33<00:00, 12.90it/s]
2022-06-10 04:37:53.912 | INFO     | __main__:main:152 -
##on train data## loss: 0.0056811841809438456,
##on train data## rmse loss: 30.914653632146887, mae loss: 19.665791027697615, mape loss: 25.346133784310464
##on valid data## rmse loss: 32.128955972003716, mae loss: 20.124379088185744, mape loss: 26.68582496981326
  0%|          | 0/3065 [00:00<?, ?it/s]=====Epoch 43=====
Training...
100%|██████████| 3065/3065 [10:09<00:00,  5.03it/s]
  0%|          | 0/3065 [00:00<?, ?it/s]Evaluating...
100%|██████████| 3065/3065 [03:58<00:00, 12.88it/s]
100%|██████████| 437/437 [00:33<00:00, 12.89it/s]
New best results!
2022-06-10 04:52:34.994 | INFO     | __main__:main:152 -
##on train data## loss: 0.0056579203749771365,
##on train data## rmse loss: 30.165214616361684, mae loss: 18.57677911335259, mape loss: 19.534578207169233
##on valid data## rmse loss: 31.481595993041992, mae loss: 19.10411486636583, mape loss: 21.886940213512773
  0%|          | 0/3065 [00:00<?, ?it/s]=====Epoch 44=====
Training...
100%|██████████| 3065/3065 [10:09<00:00,  5.03it/s]
  0%|          | 0/3065 [00:00<?, ?it/s]Evaluating...
100%|██████████| 3065/3065 [03:57<00:00, 12.88it/s]
100%|██████████| 437/437 [00:33<00:00, 12.89it/s]
2022-06-10 05:07:15.903 | INFO     | __main__:main:152 -
##on train data## loss: 0.005655480445427957,
##on train data## rmse loss: 30.67014294261839, mae loss: 19.44778645781475, mape loss: 25.38421550641052
##on valid data## rmse loss: 31.954544735173066, mae loss: 19.92402039839965, mape loss: 26.571953871225602
  0%|          | 0/3065 [00:00<?, ?it/s]=====Epoch 45=====
Training...
100%|██████████| 3065/3065 [10:09<00:00,  5.03it/s]
  0%|          | 0/3065 [00:00<?, ?it/s]Evaluating...
100%|██████████| 3065/3065 [03:57<00:00, 12.88it/s]
100%|██████████| 437/437 [00:33<00:00, 12.89it/s]
New best results!
2022-06-10 05:21:56.838 | INFO     | __main__:main:152 -
##on train data## loss: 0.005674104405024665,
##on train data## rmse loss: 30.211888098600056, mae loss: 18.481639182820405, mape loss: 21.707694231491494
##on valid data## rmse loss: 31.424622494241465, mae loss: 18.995757676916757, mape loss: 24.00142098318794
  0%|          | 0/3065 [00:00<?, ?it/s]=====Epoch 46=====
Training...
100%|██████████| 3065/3065 [10:09<00:00,  5.03it/s]
  0%|          | 0/3065 [00:00<?, ?it/s]Evaluating...
100%|██████████| 3065/3065 [03:58<00:00, 12.86it/s]
100%|██████████| 437/437 [00:33<00:00, 12.88it/s]
2022-06-10 05:36:38.148 | INFO     | __main__:main:152 -
##on train data## loss: 0.005657960349567793,
##on train data## rmse loss: 30.175194361937184, mae loss: 18.681365059795038, mape loss: 23.805758782448233
##on valid data## rmse loss: 31.432609649762956, mae loss: 19.2178814973111, mape loss: 26.768674578696693
  0%|          | 0/3065 [00:00<?, ?it/s]=====Epoch 47=====
Training...
100%|██████████| 3065/3065 [10:09<00:00,  5.03it/s]
  0%|          | 0/3065 [00:00<?, ?it/s]Evaluating...
100%|██████████| 3065/3065 [03:57<00:00, 12.90it/s]
100%|██████████| 437/437 [00:33<00:00, 12.90it/s]
2022-06-10 05:51:18.818 | INFO     | __main__:main:152 -
##on train data## loss: 0.005655545345697473,
##on train data## rmse loss: 30.996191788030877, mae loss: 19.71919675114493, mape loss: 31.754167819149536
##on valid data## rmse loss: 32.14881373215594, mae loss: 20.182400090197948, mape loss: 35.0982871000363
  0%|          | 0/3065 [00:00<?, ?it/s]=====Epoch 48=====
Training...
100%|██████████| 3065/3065 [10:09<00:00,  5.03it/s]
  0%|          | 0/3065 [00:00<?, ?it/s]Evaluating...
100%|██████████| 3065/3065 [03:58<00:00, 12.88it/s]
100%|██████████| 437/437 [00:33<00:00, 12.88it/s]
2022-06-10 06:05:59.836 | INFO     | __main__:main:152 -
##on train data## loss: 0.00565249504579222,
##on train data## rmse loss: 30.36177743255217, mae loss: 18.717081367716705, mape loss: 20.40217249759064
##on valid data## rmse loss: 31.69026680341847, mae loss: 19.234764096938772, mape loss: 22.628251441010622
  0%|          | 0/3065 [00:00<?, ?it/s]=====Epoch 49=====
Training...
100%|██████████| 3065/3065 [10:09<00:00,  5.03it/s]
  0%|          | 0/3065 [00:00<?, ?it/s]Evaluating...
100%|██████████| 3065/3065 [03:58<00:00, 12.86it/s]
100%|██████████| 437/437 [00:33<00:00, 12.88it/s]
2022-06-10 06:20:41.140 | INFO     | __main__:main:152 -
##on train data## loss: 0.00564176603761649,
##on train data## rmse loss: 30.777300868259946, mae loss: 18.7542169247327, mape loss: 19.406208529412066
##on valid data## rmse loss: 32.18364289587095, mae loss: 19.348218806548303, mape loss: 21.7387781791747
  0%|          | 0/3065 [00:00<?, ?it/s]=====Epoch 50=====
Training...
100%|██████████| 3065/3065 [10:09<00:00,  5.03it/s]
  0%|          | 0/3065 [00:00<?, ?it/s]Evaluating...
100%|██████████| 3065/3065 [03:57<00:00, 12.88it/s]
100%|██████████| 437/437 [00:33<00:00, 12.90it/s]
New best results!
2022-06-10 06:35:21.999 | INFO     | __main__:main:152 -
##on train data## loss: 0.005667626474593534,
##on train data## rmse loss: 30.00316553380322, mae loss: 18.438313114545863, mape loss: 21.323357820997035
##on valid data## rmse loss: 31.325315375077096, mae loss: 18.975242977011394, mape loss: 24.021137821183324
  0%|          | 0/3065 [00:00<?, ?it/s]=====Epoch 51=====
Training...
100%|██████████| 3065/3065 [10:09<00:00,  5.03it/s]
  0%|          | 0/3065 [00:00<?, ?it/s]Evaluating...
100%|██████████| 3065/3065 [03:58<00:00, 12.88it/s]
100%|██████████| 437/437 [00:33<00:00, 12.90it/s]
New best results!
2022-06-10 06:50:03.030 | INFO     | __main__:main:152 -
##on train data## loss: 0.005321085828354166,
##on train data## rmse loss: 29.505471554082526, mae loss: 18.07508428209563, mape loss: 19.73031672529062
##on valid data## rmse loss: 30.91961751977148, mae loss: 18.618552746980086, mape loss: 21.638458881961945
  0%|          | 0/3065 [00:00<?, ?it/s]=====Epoch 52=====
Training...
100%|██████████| 3065/3065 [10:09<00:00,  5.03it/s]
  0%|          | 0/3065 [00:00<?, ?it/s]Evaluating...
100%|██████████| 3065/3065 [03:57<00:00, 12.89it/s]
100%|██████████| 437/437 [00:33<00:00, 12.90it/s]
New best results!
2022-06-10 07:04:43.729 | INFO     | __main__:main:152 -
##on train data## loss: 0.00531536716657127,
##on train data## rmse loss: 29.265826901720555, mae loss: 17.76991674631688, mape loss: 18.203907168514384
##on valid data## rmse loss: 30.5993557456429, mae loss: 18.306014008598414, mape loss: 20.456889116586755
  0%|          | 0/3065 [00:00<?, ?it/s]=====Epoch 53=====
Training...
100%|██████████| 3065/3065 [10:09<00:00,  5.03it/s]
  0%|          | 0/3065 [00:00<?, ?it/s]Evaluating...
100%|██████████| 3065/3065 [03:58<00:00, 12.87it/s]
100%|██████████| 437/437 [00:33<00:00, 12.88it/s]
2022-06-10 07:19:24.920 | INFO     | __main__:main:152 -
##on train data## loss: 0.005302329995474956,
##on train data## rmse loss: 29.436166868474317, mae loss: 17.965736220828084, mape loss: 18.903533830558107
##on valid data## rmse loss: 30.749043898942542, mae loss: 18.50258095477211, mape loss: 21.5260380243955
  0%|          | 0/3065 [00:00<?, ?it/s]=====Epoch 54=====
Training...
100%|██████████| 3065/3065 [10:08<00:00,  5.03it/s]
  0%|          | 0/3065 [00:00<?, ?it/s]Evaluating...
100%|██████████| 3065/3065 [03:57<00:00, 12.89it/s]
100%|██████████| 437/437 [00:33<00:00, 12.90it/s]
2022-06-10 07:34:05.595 | INFO     | __main__:main:152 -
##on train data## loss: 0.005309153038045152,
##on train data## rmse loss: 29.469131647081984, mae loss: 18.086023417810438, mape loss: 22.622643979737266
##on valid data## rmse loss: 30.817163244810477, mae loss: 18.676764909408185, mape loss: 25.454867665295744
  0%|          | 0/3065 [00:00<?, ?it/s]=====Epoch 55=====
Training...
100%|██████████| 3065/3065 [10:09<00:00,  5.03it/s]
  0%|          | 0/3065 [00:00<?, ?it/s]Evaluating...
100%|██████████| 3065/3065 [03:58<00:00, 12.86it/s]
100%|██████████| 437/437 [00:33<00:00, 12.88it/s]
2022-06-10 07:48:46.884 | INFO     | __main__:main:152 -
##on train data## loss: 0.005306792020080627,
##on train data## rmse loss: 29.529276910069328, mae loss: 17.901570279057612, mape loss: 17.94750821313306
##on valid data## rmse loss: 30.83006310626626, mae loss: 18.45008047439959, mape loss: 20.120767812570662
  0%|          | 0/3065 [00:00<?, ?it/s]=====Epoch 56=====
Training...
100%|██████████| 3065/3065 [10:07<00:00,  5.05it/s]
  0%|          | 0/3065 [00:00<?, ?it/s]Evaluating...
100%|██████████| 3065/3065 [03:58<00:00, 12.86it/s]
100%|██████████| 437/437 [00:33<00:00, 12.87it/s]
2022-06-10 08:03:26.600 | INFO     | __main__:main:152 -
##on train data## loss: 0.005297963676646011,
##on train data## rmse loss: 29.286337278095388, mae loss: 17.864667318695716, mape loss: 17.668611996763097
##on valid data## rmse loss: 30.657125603961727, mae loss: 18.3917414929283, mape loss: 19.49079715789592
  0%|          | 0/3065 [00:00<?, ?it/s]=====Epoch 57=====
Training...
100%|██████████| 3065/3065 [10:09<00:00,  5.03it/s]
  0%|          | 0/3065 [00:00<?, ?it/s]Evaluating...
100%|██████████| 3065/3065 [03:58<00:00, 12.86it/s]
100%|██████████| 437/437 [00:33<00:00, 12.88it/s]
2022-06-10 08:18:07.959 | INFO     | __main__:main:152 -
##on train data## loss: 0.00529076534860462,
##on train data## rmse loss: 29.39814840133194, mae loss: 18.015729503724938, mape loss: 21.064287277749855
##on valid data## rmse loss: 30.70887103397186, mae loss: 18.558373001674767, mape loss: 23.9787917081224
  0%|          | 0/3065 [00:00<?, ?it/s]=====Epoch 58=====
Training...
100%|██████████| 3065/3065 [10:09<00:00,  5.03it/s]
  0%|          | 0/3065 [00:00<?, ?it/s]Evaluating...
100%|██████████| 3065/3065 [03:58<00:00, 12.86it/s]
100%|██████████| 437/437 [00:33<00:00, 12.87it/s]
2022-06-10 08:32:49.326 | INFO     | __main__:main:152 -
##on train data## loss: 0.00529387647625618,
##on train data## rmse loss: 29.391194956220964, mae loss: 18.01029061882181, mape loss: 20.792784359774036
##on valid data## rmse loss: 30.761804393008862, mae loss: 18.53018001451645, mape loss: 23.557198407379932
  0%|          | 0/3065 [00:00<?, ?it/s]=====Epoch 59=====
Training...
100%|██████████| 3065/3065 [10:09<00:00,  5.03it/s]
  0%|          | 0/3065 [00:00<?, ?it/s]Evaluating...
100%|██████████| 3065/3065 [03:58<00:00, 12.85it/s]
100%|██████████| 437/437 [00:33<00:00, 12.87it/s]
2022-06-10 08:47:30.992 | INFO     | __main__:main:152 -
##on train data## loss: 0.005289221054009886,
##on train data## rmse loss: 29.642945792429988, mae loss: 18.29158772877729, mape loss: 23.34831522908335
##on valid data## rmse loss: 30.929369365596116, mae loss: 18.813456740477537, mape loss: 26.09368187441433
  0%|          | 0/3065 [00:00<?, ?it/s]=====Epoch 60=====
Training...
100%|██████████| 3065/3065 [10:09<00:00,  5.03it/s]
  0%|          | 0/3065 [00:00<?, ?it/s]Evaluating...
100%|██████████| 3065/3065 [03:58<00:00, 12.84it/s]
100%|██████████| 437/437 [00:33<00:00, 12.87it/s]
2022-06-10 09:02:12.764 | INFO     | __main__:main:152 -
##on train data## loss: 0.005294619690395928,
##on train data## rmse loss: 29.450111999325028, mae loss: 17.942036821947205, mape loss: 18.50071215877525
##on valid data## rmse loss: 30.77778026659374, mae loss: 18.464761389202057, mape loss: 20.734611977087823
  0%|          | 0/3065 [00:00<?, ?it/s]=====Epoch 61=====
Training...
100%|██████████| 3065/3065 [10:09<00:00,  5.03it/s]
  0%|          | 0/3065 [00:00<?, ?it/s]Evaluating...
100%|██████████| 3065/3065 [03:58<00:00, 12.87it/s]
100%|██████████| 437/437 [00:33<00:00, 12.86it/s]
2022-06-10 09:16:53.960 | INFO     | __main__:main:152 -
##on train data## loss: 0.005294323682467504,
##on train data## rmse loss: 29.527327397208033, mae loss: 18.024725842436997, mape loss: 18.0163087670313
##on valid data## rmse loss: 30.876968754783647, mae loss: 18.536569254894825, mape loss: 20.203292894963543
  0%|          | 0/3065 [00:00<?, ?it/s]=====Epoch 62=====
Training...
100%|██████████| 3065/3065 [10:08<00:00,  5.03it/s]
  0%|          | 0/3065 [00:00<?, ?it/s]Evaluating...
100%|██████████| 3065/3065 [03:57<00:00, 12.88it/s]
100%|██████████| 437/437 [00:33<00:00, 12.89it/s]
2022-06-10 09:31:34.829 | INFO     | __main__:main:152 -
##on train data## loss: 0.005286384793834041,
##on train data## rmse loss: 29.473911494181944, mae loss: 18.076895348205067, mape loss: 20.53323128484007
##on valid data## rmse loss: 30.967647085473523, mae loss: 18.67381497651543, mape loss: 23.462262231370676
  0%|          | 0/3065 [00:00<?, ?it/s]=====Epoch 63=====
Training...
100%|██████████| 3065/3065 [10:09<00:00,  5.03it/s]
  0%|          | 0/3065 [00:00<?, ?it/s]Evaluating...
100%|██████████| 3065/3065 [04:00<00:00, 12.72it/s]
100%|██████████| 437/437 [00:34<00:00, 12.72it/s]
2022-06-10 09:46:19.186 | INFO     | __main__:main:152 -
##on train data## loss: 0.005291116199278399,
##on train data## rmse loss: 29.420032164556556, mae loss: 18.149404525756836, mape loss: 23.396864823668857
##on valid data## rmse loss: 30.862264380029465, mae loss: 18.731124694614717, mape loss: 26.614917149805642
  0%|          | 0/3065 [00:00<?, ?it/s]=====Epoch 64=====
Training...
100%|██████████| 3065/3065 [10:15<00:00,  4.98it/s]
  0%|          | 0/3065 [00:00<?, ?it/s]Evaluating...
100%|██████████| 3065/3065 [03:59<00:00, 12.81it/s]
100%|██████████| 437/437 [00:33<00:00, 12.85it/s]
2022-06-10 10:01:07.846 | INFO     | __main__:main:152 -
##on train data## loss: 0.005298896199229005,
##on train data## rmse loss: 29.67059588222286, mae loss: 18.01450962234671, mape loss: 18.019785803498102
##on valid data## rmse loss: 31.095546495450716, mae loss: 18.59906774472863, mape loss: 20.672468795042562
  0%|          | 0/3065 [00:00<?, ?it/s]=====Epoch 65=====
Training...
100%|██████████| 3065/3065 [10:09<00:00,  5.03it/s]
  0%|          | 0/3065 [00:00<?, ?it/s]Evaluating...
100%|██████████| 3065/3065 [03:58<00:00, 12.86it/s]
100%|██████████| 437/437 [00:33<00:00, 12.89it/s]
2022-06-10 10:15:49.301 | INFO     | __main__:main:152 -
##on train data## loss: 0.00528500598530949,
##on train data## rmse loss: 29.4931679111126, mae loss: 18.336992616326736, mape loss: 25.157965422892065
##on valid data## rmse loss: 30.83420396887738, mae loss: 18.89126095237121, mape loss: 28.51780019956268
  0%|          | 0/3065 [00:00<?, ?it/s]=====Epoch 66=====
Training...
100%|██████████| 3065/3065 [10:09<00:00,  5.03it/s]
  0%|          | 0/3065 [00:00<?, ?it/s]Evaluating...
100%|██████████| 3065/3065 [03:58<00:00, 12.87it/s]
100%|██████████| 437/437 [00:33<00:00, 12.87it/s]
2022-06-10 10:30:30.592 | INFO     | __main__:main:152 -
##on train data## loss: 0.0052981629698396,
##on train data## rmse loss: 29.444599908327785, mae loss: 18.03554376583504, mape loss: 19.879387490220406
##on valid data## rmse loss: 30.797300899601638, mae loss: 18.56614031235195, mape loss: 22.628108468290325
  0%|          | 0/3065 [00:00<?, ?it/s]=====Epoch 67=====
Training...
100%|██████████| 3065/3065 [10:09<00:00,  5.03it/s]
  0%|          | 0/3065 [00:00<?, ?it/s]Evaluating...
100%|██████████| 3065/3065 [03:58<00:00, 12.84it/s]
100%|██████████| 437/437 [00:33<00:00, 12.92it/s]
2022-06-10 10:45:12.257 | INFO     | __main__:main:152 -
##on train data## loss: 0.005290775218534893,
##on train data## rmse loss: 29.384553896855763, mae loss: 18.170247909023168, mape loss: 23.17343854933345
##on valid data## rmse loss: 30.739071492472284, mae loss: 18.725705476320034, mape loss: 26.181111416568474
  0%|          | 0/3065 [00:00<?, ?it/s]=====Epoch 68=====
Training...
100%|██████████| 3065/3065 [10:09<00:00,  5.03it/s]
  0%|          | 0/3065 [00:00<?, ?it/s]Evaluating...
100%|██████████| 3065/3065 [03:58<00:00, 12.86it/s]
100%|██████████| 437/437 [00:33<00:00, 12.86it/s]
2022-06-10 10:59:53.759 | INFO     | __main__:main:152 -
##on train data## loss: 0.005306806800268639,
##on train data## rmse loss: 29.252070935982086, mae loss: 17.78252881596178, mape loss: 18.570118759915257
##on valid data## rmse loss: 30.667643208798335, mae loss: 18.322285270254454, mape loss: 21.703110650625053
  0%|          | 0/3065 [00:00<?, ?it/s]=====Epoch 69=====
Training...
100%|██████████| 3065/3065 [10:09<00:00,  5.03it/s]
  0%|          | 0/3065 [00:00<?, ?it/s]Evaluating...
100%|██████████| 3065/3065 [03:58<00:00, 12.85it/s]
100%|██████████| 437/437 [00:33<00:00, 12.89it/s]
2022-06-10 11:14:35.323 | INFO     | __main__:main:152 -
##on train data## loss: 0.0052969468389083224,
##on train data## rmse loss: 29.443519086666637, mae loss: 18.029437515358357, mape loss: 18.782023818735002
##on valid data## rmse loss: 30.795144030922337, mae loss: 18.57753879363804, mape loss: 20.57728426577843
  0%|          | 0/3065 [00:00<?, ?it/s]=====Epoch 70=====
Training...
100%|██████████| 3065/3065 [10:09<00:00,  5.03it/s]
  0%|          | 0/3065 [00:00<?, ?it/s]Evaluating...
100%|██████████| 3065/3065 [03:58<00:00, 12.86it/s]
100%|██████████| 437/437 [00:33<00:00, 12.87it/s]
2022-06-10 11:29:16.725 | INFO     | __main__:main:152 -
##on train data## loss: 0.005283331596117837,
##on train data## rmse loss: 29.822383683035074, mae loss: 18.074562871164442, mape loss: 18.250718125511344
##on valid data## rmse loss: 31.25441625625645, mae loss: 18.653017314675196, mape loss: 20.594190662935613
  0%|          | 0/3065 [00:00<?, ?it/s]=====Epoch 71=====
Training...
100%|██████████| 3065/3065 [10:09<00:00,  5.03it/s]
  0%|          | 0/3065 [00:00<?, ?it/s]Evaluating...
100%|██████████| 3065/3065 [03:58<00:00, 12.86it/s]
100%|██████████| 437/437 [00:33<00:00, 12.89it/s]
2022-06-10 11:43:58.269 | INFO     | __main__:main:152 -
##on train data## loss: 0.005289947970612293,
##on train data## rmse loss: 29.664156713065665, mae loss: 18.059408360243232, mape loss: 19.29079080994133
##on valid data## rmse loss: 30.932940786435893, mae loss: 18.55475177808539, mape loss: 21.9524987076049
  0%|          | 0/3065 [00:00<?, ?it/s]=====Epoch 72=====
Training...
100%|██████████| 3065/3065 [10:09<00:00,  5.03it/s]
  0%|          | 0/3065 [00:00<?, ?it/s]Evaluating...
100%|██████████| 3065/3065 [03:58<00:00, 12.87it/s]
100%|██████████| 437/437 [00:33<00:00, 12.88it/s]
2022-06-10 11:58:39.601 | INFO     | __main__:main:152 -
##on train data## loss: 0.005285273337786862,
##on train data## rmse loss: 30.483578997140608, mae loss: 18.853965993262037, mape loss: 20.739300139430686
##on valid data## rmse loss: 31.80686774788514, mae loss: 19.42040327102696, mape loss: 23.328222254252815
  0%|          | 0/3065 [00:00<?, ?it/s]=====Epoch 73=====
Training...
100%|██████████| 3065/3065 [10:09<00:00,  5.03it/s]
  0%|          | 0/3065 [00:00<?, ?it/s]Evaluating...
100%|██████████| 3065/3065 [03:58<00:00, 12.85it/s]
100%|██████████| 437/437 [00:33<00:00, 12.87it/s]
2022-06-10 12:13:21.092 | INFO     | __main__:main:152 -
##on train data## loss: 0.005294798865350689,
##on train data## rmse loss: 29.46043317804134, mae loss: 17.985402624369833, mape loss: 18.129969526319286
##on valid data## rmse loss: 30.879083537400724, mae loss: 18.533905385015213, mape loss: 20.271579404649255
  0%|          | 0/3065 [00:00<?, ?it/s]=====Epoch 74=====
Training...
100%|██████████| 3065/3065 [10:09<00:00,  5.03it/s]
  0%|          | 0/3065 [00:00<?, ?it/s]Evaluating...
100%|██████████| 3065/3065 [03:58<00:00, 12.86it/s]
100%|██████████| 437/437 [00:33<00:00, 12.88it/s]
2022-06-10 12:28:02.322 | INFO     | __main__:main:152 -
##on train data## loss: 0.0052876957151909675,
##on train data## rmse loss: 29.491810397572852, mae loss: 18.02450179306951, mape loss: 18.54829882209297
##on valid data## rmse loss: 30.92264681713532, mae loss: 18.58454726762575, mape loss: 20.59786753298489
  0%|          | 0/3065 [00:00<?, ?it/s]=====Epoch 75=====
Training...
100%|██████████| 3065/3065 [10:09<00:00,  5.03it/s]
  0%|          | 0/3065 [00:00<?, ?it/s]Evaluating...
100%|██████████| 3065/3065 [03:57<00:00, 12.89it/s]
100%|██████████| 437/437 [00:33<00:00, 12.91it/s]
2022-06-10 12:42:43.035 | INFO     | __main__:main:152 -
##on train data## loss: 0.005289220648208484,
##on train data## rmse loss: 30.272193017247062, mae loss: 18.69603264359043, mape loss: 20.92264123978078
##on valid data## rmse loss: 31.497173134740486, mae loss: 19.192324826046313, mape loss: 23.69004660872082
  0%|          | 0/3065 [00:00<?, ?it/s]=====Epoch 76=====
Training...
100%|██████████| 3065/3065 [10:09<00:00,  5.03it/s]
  0%|          | 0/3065 [00:00<?, ?it/s]Evaluating...
100%|██████████| 3065/3065 [03:58<00:00, 12.87it/s]
100%|██████████| 437/437 [00:33<00:00, 12.86it/s]
2022-06-10 12:57:24.274 | INFO     | __main__:main:152 -
##on train data## loss: 0.00528533381868008,
##on train data## rmse loss: 29.61346118920779, mae loss: 18.2692071572408, mape loss: 20.69937401407111
##on valid data## rmse loss: 30.987995946434598, mae loss: 18.817002765646787, mape loss: 23.149820908188
  0%|          | 0/3065 [00:00<?, ?it/s]=====Epoch 77=====
Training...
100%|██████████| 3065/3065 [10:09<00:00,  5.03it/s]
  0%|          | 0/3065 [00:00<?, ?it/s]Evaluating...
100%|██████████| 3065/3065 [03:57<00:00, 12.89it/s]
100%|██████████| 437/437 [00:33<00:00, 12.89it/s]
2022-06-10 13:12:04.974 | INFO     | __main__:main:152 -
##on train data## loss: 0.0052849065744109925,
##on train data## rmse loss: 29.49335473295526, mae loss: 18.18477248927703, mape loss: 20.366399921659156
##on valid data## rmse loss: 30.88186802634931, mae loss: 18.719247964208677, mape loss: 21.93888621553949
  0%|          | 0/3065 [00:00<?, ?it/s]=====Epoch 78=====
Training...
100%|██████████| 3065/3065 [10:09<00:00,  5.03it/s]
  0%|          | 0/3065 [00:00<?, ?it/s]Evaluating...
100%|██████████| 3065/3065 [03:58<00:00, 12.86it/s]
100%|██████████| 437/437 [00:33<00:00, 12.87it/s]
2022-06-10 13:26:46.331 | INFO     | __main__:main:152 -
##on train data## loss: 0.0052859425401546025,
##on train data## rmse loss: 29.47318929638015, mae loss: 18.041516656704477, mape loss: 18.837595517590618
##on valid data## rmse loss: 30.723473760574304, mae loss: 18.513060595951035, mape loss: 20.53328555085839
  0%|          | 0/3065 [00:00<?, ?it/s]=====Epoch 79=====
Training...
100%|██████████| 3065/3065 [10:09<00:00,  5.03it/s]
  0%|          | 0/3065 [00:00<?, ?it/s]Evaluating...
100%|██████████| 3065/3065 [03:58<00:00, 12.85it/s]
100%|██████████| 437/437 [00:34<00:00, 12.85it/s]
2022-06-10 13:41:27.840 | INFO     | __main__:main:152 -
##on train data## loss: 0.00528734699195497,
##on train data## rmse loss: 29.640117416257375, mae loss: 18.536898517453068, mape loss: 22.581886438133278
##on valid data## rmse loss: 30.95797039442259, mae loss: 19.0165653665224, mape loss: 24.107966676047518
  0%|          | 0/3065 [00:00<?, ?it/s]=====Epoch 80=====
Training...
100%|██████████| 3065/3065 [10:09<00:00,  5.03it/s]
  0%|          | 0/3065 [00:00<?, ?it/s]Evaluating...
100%|██████████| 3065/3065 [03:57<00:00, 12.89it/s]
100%|██████████| 437/437 [00:33<00:00, 12.89it/s]
2022-06-10 13:56:08.709 | INFO     | __main__:main:152 -
##on train data## loss: 0.005298120410448977,
##on train data## rmse loss: 29.354755957013825, mae loss: 18.001761164206275, mape loss: 20.10474518622115
##on valid data## rmse loss: 30.733400497611107, mae loss: 18.58484231089018, mape loss: 22.75925715639335
  0%|          | 0/3065 [00:00<?, ?it/s]=====Epoch 81=====
Training...
100%|██████████| 3065/3065 [10:09<00:00,  5.03it/s]
  0%|          | 0/3065 [00:00<?, ?it/s]Evaluating...
100%|██████████| 3065/3065 [03:57<00:00, 12.88it/s]
100%|██████████| 437/437 [00:33<00:00, 12.89it/s]
2022-06-10 14:10:49.581 | INFO     | __main__:main:152 -
##on train data## loss: 0.005286096090178931,
##on train data## rmse loss: 30.001903230564434, mae loss: 18.737048960587718, mape loss: 22.012697719098306
##on valid data## rmse loss: 31.29981387943643, mae loss: 19.235446964848776, mape loss: 23.65322633554788
  0%|          | 0/3065 [00:00<?, ?it/s]=====Epoch 82=====
Training...
100%|██████████| 3065/3065 [10:08<00:00,  5.03it/s]
  0%|          | 0/3065 [00:00<?, ?it/s]Evaluating...
100%|██████████| 3065/3065 [03:58<00:00, 12.87it/s]
100%|██████████| 437/437 [00:33<00:00, 12.93it/s]
2022-06-10 14:25:30.389 | INFO     | __main__:main:152 -
##on train data## loss: 0.005291751056277538,
##on train data## rmse loss: 29.371740610642302, mae loss: 17.950001619846162, mape loss: 19.328112549119634
##on valid data## rmse loss: 30.701973074906476, mae loss: 18.488183372899105, mape loss: 22.007208639751582
  0%|          | 0/3065 [00:00<?, ?it/s]=====Epoch 83=====
Training...
100%|██████████| 3065/3065 [10:09<00:00,  5.03it/s]
  0%|          | 0/3065 [00:00<?, ?it/s]Evaluating...
100%|██████████| 3065/3065 [03:58<00:00, 12.85it/s]
100%|██████████| 437/437 [00:33<00:00, 12.89it/s]
2022-06-10 14:40:11.794 | INFO     | __main__:main:152 -
##on train data## loss: 0.0052939089581060415,
##on train data## rmse loss: 29.62160444866386, mae loss: 18.12691182452353, mape loss: 18.512388185079878
##on valid data## rmse loss: 30.905662637007865, mae loss: 18.63902817819975, mape loss: 20.86531657989838
  0%|          | 0/3065 [00:00<?, ?it/s]=====Epoch 84=====
Training...
100%|██████████| 3065/3065 [10:09<00:00,  5.03it/s]
  0%|          | 0/3065 [00:00<?, ?it/s]Evaluating...
100%|██████████| 3065/3065 [03:58<00:00, 12.86it/s]
100%|██████████| 437/437 [00:34<00:00, 12.78it/s]
New best results!
2022-06-10 14:54:53.328 | INFO     | __main__:main:152 -
##on train data## loss: 0.005283952024681752,
##on train data## rmse loss: 29.317741728217918, mae loss: 18.106486082154813, mape loss: 22.801818725870252
##on valid data## rmse loss: 30.569939606795323, mae loss: 18.620615507427015, mape loss: 25.597147444088346
  0%|          | 0/3065 [00:00<?, ?it/s]=====Epoch 85=====
Training...
100%|██████████| 3065/3065 [10:09<00:00,  5.03it/s]
  0%|          | 0/3065 [00:00<?, ?it/s]Evaluating...
100%|██████████| 3065/3065 [04:03<00:00, 12.57it/s]
100%|██████████| 437/437 [00:35<00:00, 12.45it/s]
2022-06-10 15:09:41.395 | INFO     | __main__:main:152 -
##on train data## loss: 0.005291351612519053,
##on train data## rmse loss: 29.306341016312018, mae loss: 17.8487202428099, mape loss: 18.74573762882592
##on valid data## rmse loss: 30.66942715153814, mae loss: 18.34460275287759, mape loss: 21.57079785107475
  0%|          | 0/3065 [00:00<?, ?it/s]=====Epoch 86=====
Training...
100%|██████████| 3065/3065 [10:16<00:00,  4.97it/s]
  0%|          | 0/3065 [00:00<?, ?it/s]Evaluating...
100%|██████████| 3065/3065 [04:00<00:00, 12.73it/s]
100%|██████████| 437/437 [00:34<00:00, 12.74it/s]
2022-06-10 15:24:33.328 | INFO     | __main__:main:152 -
##on train data## loss: 0.0052768236435615555,
##on train data## rmse loss: 29.717924733185264, mae loss: 18.296816643844032, mape loss: 20.368672464936243
##on valid data## rmse loss: 31.052185433952978, mae loss: 18.84335003728452, mape loss: 22.98538471386689
  0%|          | 0/3065 [00:00<?, ?it/s]=====Epoch 87=====
Training...
100%|██████████| 3065/3065 [10:09<00:00,  5.02it/s]
  0%|          | 0/3065 [00:00<?, ?it/s]Evaluating...
100%|██████████| 3065/3065 [03:58<00:00, 12.86it/s]
100%|██████████| 437/437 [00:33<00:00, 12.89it/s]
2022-06-10 15:39:15.600 | INFO     | __main__:main:152 -
##on train data## loss: 0.005285675196489092,
##on train data## rmse loss: 29.474197126018282, mae loss: 18.16198299557311, mape loss: 22.588464224173233
##on valid data## rmse loss: 30.774890783995186, mae loss: 18.706861751303247, mape loss: 25.156297572212853
  0%|          | 0/3065 [00:00<?, ?it/s]=====Epoch 88=====
Training...
100%|██████████| 3065/3065 [10:09<00:00,  5.03it/s]
  0%|          | 0/3065 [00:00<?, ?it/s]Evaluating...
100%|██████████| 3065/3065 [03:58<00:00, 12.86it/s]
100%|██████████| 437/437 [00:33<00:00, 12.87it/s]
2022-06-10 15:53:57.168 | INFO     | __main__:main:152 -
##on train data## loss: 0.005292153200605614,
##on train data## rmse loss: 29.568916797171216, mae loss: 18.16704054921136, mape loss: 21.948641052934512
##on valid data## rmse loss: 30.95411687802941, mae loss: 18.69048471472629, mape loss: 25.06435151537987
  0%|          | 0/3065 [00:00<?, ?it/s]=====Epoch 89=====
Training...
100%|██████████| 3065/3065 [10:09<00:00,  5.03it/s]
  0%|          | 0/3065 [00:00<?, ?it/s]Evaluating...
100%|██████████| 3065/3065 [03:58<00:00, 12.86it/s]
100%|██████████| 437/437 [00:33<00:00, 12.89it/s]
2022-06-10 16:08:38.688 | INFO     | __main__:main:152 -
##on train data## loss: 0.005286861998811486,
##on train data## rmse loss: 29.67206949728737, mae loss: 18.22280251750355, mape loss: 20.33576316122713
##on valid data## rmse loss: 31.024384260723192, mae loss: 18.7581866785918, mape loss: 22.88232440431549
  0%|          | 0/3065 [00:00<?, ?it/s]=====Epoch 90=====
Training...
100%|██████████| 3065/3065 [10:09<00:00,  5.03it/s]
  0%|          | 0/3065 [00:00<?, ?it/s]Evaluating...
100%|██████████| 3065/3065 [03:58<00:00, 12.87it/s]
100%|██████████| 437/437 [00:33<00:00, 12.88it/s]
2022-06-10 16:23:19.990 | INFO     | __main__:main:152 -
##on train data## loss: 0.005275852302374959,
##on train data## rmse loss: 29.801683808617646, mae loss: 18.212113987796652, mape loss: 19.450946544793847
##on valid data## rmse loss: 31.14644691982313, mae loss: 18.752662394630555, mape loss: 22.1486873293905
  0%|          | 0/3065 [00:00<?, ?it/s]=====Epoch 91=====
Training...
100%|██████████| 3065/3065 [10:09<00:00,  5.03it/s]
  0%|          | 0/3065 [00:00<?, ?it/s]Evaluating...
100%|██████████| 3065/3065 [03:58<00:00, 12.87it/s]
100%|██████████| 437/437 [00:33<00:00, 12.92it/s]
2022-06-10 16:38:01.124 | INFO     | __main__:main:152 -
##on train data## loss: 0.005278490568195176,
##on train data## rmse loss: 29.950395146629745, mae loss: 19.171020237112124, mape loss: 29.15394664345519
##on valid data## rmse loss: 31.3727771139254, mae loss: 19.736608882790573, mape loss: 33.22993794485961
  0%|          | 0/3065 [00:00<?, ?it/s]=====Epoch 92=====
Training...
100%|██████████| 3065/3065 [10:09<00:00,  5.03it/s]
  0%|          | 0/3065 [00:00<?, ?it/s]Evaluating...
100%|██████████| 3065/3065 [03:58<00:00, 12.86it/s]
100%|██████████| 437/437 [00:33<00:00, 12.87it/s]
2022-06-10 16:52:42.798 | INFO     | __main__:main:152 -
##on train data## loss: 0.005283418363932563,
##on train data## rmse loss: 29.46578876594929, mae loss: 17.967741339902894, mape loss: 18.871085171695636
##on valid data## rmse loss: 30.904147228878205, mae loss: 18.535248370137857, mape loss: 21.666852625201987
  0%|          | 0/3065 [00:00<?, ?it/s]=====Epoch 93=====
Training...
100%|██████████| 3065/3065 [10:09<00:00,  5.03it/s]
  0%|          | 0/3065 [00:00<?, ?it/s]Evaluating...
100%|██████████| 3065/3065 [03:58<00:00, 12.86it/s]
100%|██████████| 437/437 [00:33<00:00, 12.87it/s]
2022-06-10 17:07:24.319 | INFO     | __main__:main:152 -
##on train data## loss: 0.005292246946388913,
##on train data## rmse loss: 29.3831147036778, mae loss: 17.980881355870608, mape loss: 20.08095020206484
##on valid data## rmse loss: 30.840825392943497, mae loss: 18.569841799528703, mape loss: 22.76053920354123
  0%|          | 0/3065 [00:00<?, ?it/s]=====Epoch 94=====
Training...
100%|██████████| 3065/3065 [10:09<00:00,  5.03it/s]
  0%|          | 0/3065 [00:00<?, ?it/s]Evaluating...
100%|██████████| 3065/3065 [03:57<00:00, 12.88it/s]
100%|██████████| 437/437 [00:33<00:00, 12.88it/s]
2022-06-10 17:22:05.563 | INFO     | __main__:main:152 -
##on train data## loss: 0.005277484724963567,
##on train data## rmse loss: 29.49067105982471, mae loss: 17.984015316053082, mape loss: 18.440938357622354
##on valid data## rmse loss: 30.866442383563218, mae loss: 18.513018950717672, mape loss: 20.62016358637428
  0%|          | 0/3065 [00:00<?, ?it/s]=====Epoch 95=====
Training...
100%|██████████| 3065/3065 [10:09<00:00,  5.03it/s]
  0%|          | 0/3065 [00:00<?, ?it/s]Evaluating...
100%|██████████| 3065/3065 [03:58<00:00, 12.87it/s]
100%|██████████| 437/437 [00:33<00:00, 12.87it/s]
2022-06-10 17:36:47.008 | INFO     | __main__:main:152 -
##on train data## loss: 0.005276523666269469,
##on train data## rmse loss: 29.31909232458516, mae loss: 17.891535200769322, mape loss: 18.977200606227115
##on valid data## rmse loss: 30.695950287703244, mae loss: 18.441312215966544, mape loss: 21.763921856402806
  0%|          | 0/3065 [00:00<?, ?it/s]=====Epoch 96=====
Training...
100%|██████████| 3065/3065 [10:14<00:00,  4.99it/s]
  0%|          | 0/3065 [00:00<?, ?it/s]Evaluating...
100%|██████████| 3065/3065 [04:00<00:00, 12.74it/s]
100%|██████████| 437/437 [00:34<00:00, 12.74it/s]
2022-06-10 17:51:36.705 | INFO     | __main__:main:152 -
##on train data## loss: 0.005278970040194842,
##on train data## rmse loss: 29.340159756285527, mae loss: 17.965397013342205, mape loss: 19.811436210623768
##on valid data## rmse loss: 30.69655197545102, mae loss: 18.507135650931563, mape loss: 22.187428834509248
  0%|          | 0/3065 [00:00<?, ?it/s]=====Epoch 97=====
Training...
100%|██████████| 3065/3065 [10:10<00:00,  5.02it/s]
  0%|          | 0/3065 [00:00<?, ?it/s]Evaluating...
100%|██████████| 3065/3065 [03:57<00:00, 12.88it/s]
100%|██████████| 437/437 [00:33<00:00, 12.89it/s]
2022-06-10 18:06:19.280 | INFO     | __main__:main:152 -
##on train data## loss: 0.005279974529039583,
##on train data## rmse loss: 29.967189726899537, mae loss: 19.296099926013543, mape loss: 32.58919578951102
##on valid data## rmse loss: 31.314580349954916, mae loss: 19.816679090329657, mape loss: 35.9987515470256
  0%|          | 0/3065 [00:00<?, ?it/s]=====Epoch 98=====
Training...
100%|██████████| 3065/3065 [10:09<00:00,  5.03it/s]
  0%|          | 0/3065 [00:00<?, ?it/s]Evaluating...
100%|██████████| 3065/3065 [03:58<00:00, 12.88it/s]
100%|██████████| 437/437 [00:33<00:00, 12.87it/s]
2022-06-10 18:21:00.408 | INFO     | __main__:main:152 -
##on train data## loss: 0.005270589803167745,
##on train data## rmse loss: 29.358326709678863, mae loss: 17.87225141883091, mape loss: 18.81838545592146
##on valid data## rmse loss: 30.768290253471182, mae loss: 18.444857010306702, mape loss: 21.15121817459231
  0%|          | 0/3065 [00:00<?, ?it/s]=====Epoch 99=====
Training...
100%|██████████| 3065/3065 [10:09<00:00,  5.03it/s]
  0%|          | 0/3065 [00:00<?, ?it/s]Evaluating...
100%|██████████| 3065/3065 [04:00<00:00, 12.77it/s]
100%|██████████| 437/437 [00:34<00:00, 12.74it/s]
2022-06-10 18:35:43.930 | INFO     | __main__:main:152 -
##on train data## loss: 0.0052776728061652255,
##on train data## rmse loss: 29.669173103755682, mae loss: 18.094452718576054, mape loss: 19.12877856591203
##on valid data## rmse loss: 30.926701185632353, mae loss: 18.578208886240386, mape loss: 21.283602900376856
  0%|          | 0/3065 [00:00<?, ?it/s]=====Epoch 100=====
Training...
100%|██████████| 3065/3065 [10:15<00:00,  4.98it/s]
  0%|          | 0/3065 [00:00<?, ?it/s]Evaluating...
100%|██████████| 3065/3065 [03:59<00:00, 12.78it/s]
100%|██████████| 437/437 [00:33<00:00, 12.89it/s]
2022-06-10 18:50:33.464 | INFO     | __main__:main:152 -
##on train data## loss: 0.005272957389919029,
##on train data## rmse loss: 29.657536338943057, mae loss: 18.109124512851334, mape loss: 18.934506990538143
##on valid data## rmse loss: 31.025436139488658, mae loss: 18.657618363334603, mape loss: 20.730849155981428
100%|██████████| 875/875 [01:07<00:00, 12.89it/s]
pred shape: (6997, 1000, 1); true shape: (6997, 1000, 1)
##on test data## rmse loss: 29.231831117902484, mae loss: 17.967529465811594, mape loss: 24.76824801819665
