2022-05-30 21:07:44.900 | INFO     | __main__:main:85 - {'remote': False, 'num_gpu': 0, 'epochs': 100, 'batch_size': 8, 'filename': 'LondonHW_15', 'train_ratio': 0.7, 'valid_ratio': 0.1, 'his_length': 12, 'pred_length': 1, 'sigma1': 0.1, 'sigma2': 10, 'thres1': 0.6, 'thres2': 0.5, 'lr': 0.002, 'log': True}
average degree of spatial graph is 500.0
average degree of semantic graph is 21.539
=====Epoch 1=====
Training...
100%|██████████| 3065/3065 [10:15<00:00,  4.98it/s]
  0%|          | 0/3065 [00:00<?, ?it/s]Evaluating...
100%|██████████| 3065/3065 [03:56<00:00, 12.94it/s]
100%|██████████| 437/437 [00:33<00:00, 12.93it/s]
New best results!
2022-05-30 21:22:31.859 | INFO     | __main__:main:123 -
##on train data## loss: 0.018266571865859175,
##on train data## rmse loss: 39.12578684260756, mae loss: 23.758049992597122, mape loss: 17.63261981126146
##on valid data## rmse loss: 39.752099244490914, mae loss: 24.02986820884373, mape loss: 17.572300899901705
  0%|          | 0/3065 [00:00<?, ?it/s]=====Epoch 2=====
Training...
100%|██████████| 3065/3065 [10:08<00:00,  5.03it/s]
  0%|          | 0/3065 [00:00<?, ?it/s]Evaluating...
100%|██████████| 3065/3065 [03:57<00:00, 12.91it/s]
100%|██████████| 437/437 [00:33<00:00, 12.92it/s]
2022-05-30 21:37:12.063 | INFO     | __main__:main:123 -
##on train data## loss: 0.008490007599666836,
##on train data## rmse loss: 41.62989708618861, mae loss: 25.904816619723697, mape loss: 31.710504741205867
##on valid data## rmse loss: 42.4512655925969, mae loss: 26.343476838869144, mape loss: 31.235429767340218
  0%|          | 0/3065 [00:00<?, ?it/s]=====Epoch 3=====
Training...
100%|██████████| 3065/3065 [10:08<00:00,  5.04it/s]
  0%|          | 0/3065 [00:00<?, ?it/s]Evaluating...
100%|██████████| 3065/3065 [03:57<00:00, 12.93it/s]
100%|██████████| 437/437 [00:33<00:00, 12.94it/s]
2022-05-30 21:51:51.583 | INFO     | __main__:main:123 -
##on train data## loss: 0.007920395812934316,
##on train data## rmse loss: 40.13029505432527, mae loss: 24.997530183901016, mape loss: 19.609224241330224
##on valid data## rmse loss: 41.00377814775201, mae loss: 25.471568260367455, mape loss: 19.358599214927555
  0%|          | 0/3065 [00:00<?, ?it/s]=====Epoch 4=====
Training...
100%|██████████| 3065/3065 [10:08<00:00,  5.04it/s]
  0%|          | 0/3065 [00:00<?, ?it/s]Evaluating...
100%|██████████| 3065/3065 [03:56<00:00, 12.95it/s]
100%|██████████| 437/437 [00:33<00:00, 12.96it/s]
New best results!
2022-05-30 22:06:30.839 | INFO     | __main__:main:123 -
##on train data## loss: 0.007340457141293034,
##on train data## rmse loss: 36.683530848566896, mae loss: 22.968828847863353, mape loss: 19.68975674512919
##on valid data## rmse loss: 37.320328177794714, mae loss: 23.270342490765813, mape loss: 19.736755770594904
  0%|          | 0/3065 [00:00<?, ?it/s]=====Epoch 5=====
Training...
100%|██████████| 3065/3065 [10:08<00:00,  5.04it/s]
  0%|          | 0/3065 [00:00<?, ?it/s]Evaluating...
100%|██████████| 3065/3065 [03:56<00:00, 12.96it/s]
100%|██████████| 437/437 [00:33<00:00, 12.96it/s]
2022-05-30 22:21:09.795 | INFO     | __main__:main:123 -
##on train data## loss: 0.007025466724693909,
##on train data## rmse loss: 37.940732267669134, mae loss: 25.161827233020478, mape loss: 36.274448031556545
##on valid data## rmse loss: 38.70714975876448, mae loss: 25.467996309223654, mape loss: 35.41698756050191
  0%|          | 0/3065 [00:00<?, ?it/s]=====Epoch 6=====
Training...
100%|██████████| 3065/3065 [10:08<00:00,  5.04it/s]
  0%|          | 0/3065 [00:00<?, ?it/s]Evaluating...
100%|██████████| 3065/3065 [03:56<00:00, 12.95it/s]
100%|██████████| 437/437 [00:33<00:00, 12.95it/s]
New best results!
2022-05-30 22:35:48.853 | INFO     | __main__:main:123 -
##on train data## loss: 0.006886979238529724,
##on train data## rmse loss: 35.52739471261303, mae loss: 22.024727567140662, mape loss: 18.586797934712244
##on valid data## rmse loss: 36.19797882935548, mae loss: 22.300864171654464, mape loss: 18.136794401388148
  0%|          | 0/3065 [00:00<?, ?it/s]=====Epoch 7=====
Training...
100%|██████████| 3065/3065 [10:08<00:00,  5.04it/s]
  0%|          | 0/3065 [00:00<?, ?it/s]Evaluating...
100%|██████████| 3065/3065 [03:56<00:00, 12.96it/s]
100%|██████████| 437/437 [00:33<00:00, 12.97it/s]
2022-05-30 22:50:27.687 | INFO     | __main__:main:123 -
##on train data## loss: 0.006719348443744987,
##on train data## rmse loss: 35.64662461273044, mae loss: 23.162934442056528, mape loss: 29.011562223292486
##on valid data## rmse loss: 36.25002278779682, mae loss: 23.33724014055265, mape loss: 28.64264460361522
  0%|          | 0/3065 [00:00<?, ?it/s]=====Epoch 8=====
Training...
100%|██████████| 3065/3065 [10:08<00:00,  5.04it/s]
  0%|          | 0/3065 [00:00<?, ?it/s]Evaluating...
100%|██████████| 3065/3065 [03:56<00:00, 12.94it/s]
100%|██████████| 437/437 [00:33<00:00, 12.96it/s]
2022-05-30 23:05:06.970 | INFO     | __main__:main:123 -
##on train data## loss: 0.006579776925223212,
##on train data## rmse loss: 36.15565099793974, mae loss: 22.25915553667028, mape loss: 18.266311811486815
##on valid data## rmse loss: 36.93254310642827, mae loss: 22.59620833887934, mape loss: 18.254836003383456
  0%|          | 0/3065 [00:00<?, ?it/s]=====Epoch 9=====
Training...
100%|██████████| 3065/3065 [10:08<00:00,  5.04it/s]
  0%|          | 0/3065 [00:00<?, ?it/s]Evaluating...
100%|██████████| 3065/3065 [03:56<00:00, 12.94it/s]
100%|██████████| 437/437 [00:33<00:00, 13.00it/s]
New best results!
2022-05-30 23:19:46.037 | INFO     | __main__:main:123 -
##on train data## loss: 0.006494452020109344,
##on train data## rmse loss: 35.24083847182804, mae loss: 22.529621128001377, mape loss: 27.27110385287061
##on valid data## rmse loss: 35.77665975382999, mae loss: 22.75147351192937, mape loss: 27.169629682528893
  0%|          | 0/3065 [00:00<?, ?it/s]=====Epoch 10=====
Training...
100%|██████████| 3065/3065 [10:08<00:00,  5.04it/s]
  0%|          | 0/3065 [00:00<?, ?it/s]Evaluating...
100%|██████████| 3065/3065 [03:56<00:00, 12.95it/s]
100%|██████████| 437/437 [00:33<00:00, 12.96it/s]
New best results!
2022-05-30 23:34:24.939 | INFO     | __main__:main:123 -
##on train data## loss: 0.006469074129256105,
##on train data## rmse loss: 35.29243687603252, mae loss: 21.982089924151122, mape loss: 19.935082872481757
##on valid data## rmse loss: 35.7699603641606, mae loss: 22.119297479328356, mape loss: 19.823929580520982
  0%|          | 0/3065 [00:00<?, ?it/s]=====Epoch 11=====
Training...
100%|██████████| 3065/3065 [10:08<00:00,  5.04it/s]
  0%|          | 0/3065 [00:00<?, ?it/s]Evaluating...
100%|██████████| 3065/3065 [03:56<00:00, 12.94it/s]
100%|██████████| 437/437 [00:33<00:00, 12.95it/s]
New best results!
2022-05-30 23:49:04.158 | INFO     | __main__:main:123 -
##on train data## loss: 0.006449523341475848,
##on train data## rmse loss: 34.81993436517762, mae loss: 21.89334358383353, mape loss: 24.81396856403273
##on valid data## rmse loss: 35.40642937806433, mae loss: 22.112830760004318, mape loss: 24.32552484509874
  0%|          | 0/3065 [00:00<?, ?it/s]=====Epoch 12=====
Training...
100%|██████████| 3065/3065 [10:08<00:00,  5.04it/s]
  0%|          | 0/3065 [00:00<?, ?it/s]Evaluating...
100%|██████████| 3065/3065 [03:57<00:00, 12.93it/s]
100%|██████████| 437/437 [00:33<00:00, 12.96it/s]
2022-05-31 00:03:43.564 | INFO     | __main__:main:123 -
##on train data## loss: 0.0063859920895188976,
##on train data## rmse loss: 36.27140373926956, mae loss: 22.562417396557855, mape loss: 18.15301349705623
##on valid data## rmse loss: 36.80853156257822, mae loss: 22.770421602087655, mape loss: 18.182565889042085
  0%|          | 0/3065 [00:00<?, ?it/s]=====Epoch 13=====
Training...
100%|██████████| 3065/3065 [10:08<00:00,  5.04it/s]
  0%|          | 0/3065 [00:00<?, ?it/s]Evaluating...
100%|██████████| 3065/3065 [03:56<00:00, 12.95it/s]
100%|██████████| 437/437 [00:33<00:00, 12.98it/s]
2022-05-31 00:18:22.495 | INFO     | __main__:main:123 -
##on train data## loss: 0.006373243433382319,
##on train data## rmse loss: 35.52799543222051, mae loss: 22.382350076858994, mape loss: 22.42171552475864
##on valid data## rmse loss: 36.00780182408523, mae loss: 22.574439507054517, mape loss: 22.35056199559631
  0%|          | 0/3065 [00:00<?, ?it/s]=====Epoch 14=====
Training...
100%|██████████| 3065/3065 [10:08<00:00,  5.04it/s]
  0%|          | 0/3065 [00:00<?, ?it/s]Evaluating...
100%|██████████| 3065/3065 [03:56<00:00, 12.95it/s]
100%|██████████| 437/437 [00:33<00:00, 12.97it/s]
New best results!
2022-05-31 00:33:01.486 | INFO     | __main__:main:123 -
##on train data## loss: 0.006337482839303173,
##on train data## rmse loss: 34.75740564977948, mae loss: 21.526360042254648, mape loss: 19.00730267944966
##on valid data## rmse loss: 35.37294416624021, mae loss: 21.768249633928733, mape loss: 18.637136559191777
  0%|          | 0/3065 [00:00<?, ?it/s]=====Epoch 15=====
Training...
100%|██████████| 3065/3065 [10:08<00:00,  5.04it/s]
  0%|          | 0/3065 [00:00<?, ?it/s]Evaluating...
100%|██████████| 3065/3065 [03:56<00:00, 12.94it/s]
100%|██████████| 437/437 [00:33<00:00, 12.97it/s]
2022-05-31 00:47:40.525 | INFO     | __main__:main:123 -
##on train data## loss: 0.006341862725321854,
##on train data## rmse loss: 36.84888908205764, mae loss: 22.650965509834727, mape loss: 19.8456799697137
##on valid data## rmse loss: 37.698256905073436, mae loss: 23.075360175946756, mape loss: 19.798410970299958
  0%|          | 0/3065 [00:00<?, ?it/s]=====Epoch 16=====
Training...
100%|██████████| 3065/3065 [10:08<00:00,  5.04it/s]
  0%|          | 0/3065 [00:00<?, ?it/s]Evaluating...
100%|██████████| 3065/3065 [03:57<00:00, 12.93it/s]
100%|██████████| 437/437 [00:33<00:00, 12.95it/s]
2022-05-31 01:02:19.897 | INFO     | __main__:main:123 -
##on train data## loss: 0.006276651203699204,
##on train data## rmse loss: 38.39985526055341, mae loss: 24.31049384292926, mape loss: 21.432876816144
##on valid data## rmse loss: 39.20231031334919, mae loss: 24.70238831823423, mape loss: 21.160854915800574
  0%|          | 0/3065 [00:00<?, ?it/s]=====Epoch 17=====
Training...
100%|██████████| 3065/3065 [10:08<00:00,  5.04it/s]
  0%|          | 0/3065 [00:00<?, ?it/s]Evaluating...
100%|██████████| 3065/3065 [03:56<00:00, 12.94it/s]
100%|██████████| 437/437 [00:33<00:00, 12.95it/s]
New best results!
2022-05-31 01:16:59.094 | INFO     | __main__:main:123 -
##on train data## loss: 0.0062846577757829725,
##on train data## rmse loss: 34.65171395312709, mae loss: 21.374464377610174, mape loss: 19.186319729972624
##on valid data## rmse loss: 35.30523978654525, mae loss: 21.655505712845233, mape loss: 18.985904199103196
  0%|          | 0/3065 [00:00<?, ?it/s]=====Epoch 18=====
Training...
100%|██████████| 3065/3065 [10:08<00:00,  5.04it/s]
  0%|          | 0/3065 [00:00<?, ?it/s]Evaluating...
100%|██████████| 3065/3065 [03:56<00:00, 12.95it/s]
100%|██████████| 437/437 [00:33<00:00, 12.96it/s]
2022-05-31 01:31:38.155 | INFO     | __main__:main:123 -
##on train data## loss: 0.00624903974645174,
##on train data## rmse loss: 35.24256814082334, mae loss: 22.271944444603477, mape loss: 25.09064001005392
##on valid data## rmse loss: 35.87544299808738, mae loss: 22.52769038551732, mape loss: 25.034487037759625
  0%|          | 0/3065 [00:00<?, ?it/s]=====Epoch 19=====
Training...
100%|██████████| 3065/3065 [10:08<00:00,  5.04it/s]
  0%|          | 0/3065 [00:00<?, ?it/s]Evaluating...
100%|██████████| 3065/3065 [03:56<00:00, 12.95it/s]
100%|██████████| 437/437 [00:33<00:00, 12.97it/s]
2022-05-31 01:46:16.963 | INFO     | __main__:main:123 -
##on train data## loss: 0.006272449820047187,
##on train data## rmse loss: 34.75450049395663, mae loss: 21.68260359616303, mape loss: 20.623847186857102
##on valid data## rmse loss: 35.34000337369382, mae loss: 21.906436998729575, mape loss: 20.183723049933086
  0%|          | 0/3065 [00:00<?, ?it/s]=====Epoch 20=====
Training...
100%|██████████| 3065/3065 [10:08<00:00,  5.04it/s]
  0%|          | 0/3065 [00:00<?, ?it/s]Evaluating...
100%|██████████| 3065/3065 [03:56<00:00, 12.96it/s]
100%|██████████| 437/437 [00:33<00:00, 12.94it/s]
New best results!
2022-05-31 02:00:55.947 | INFO     | __main__:main:123 -
##on train data## loss: 0.006237527310011109,
##on train data## rmse loss: 34.51871911837654, mae loss: 21.291292346437835, mape loss: 19.89788900459182
##on valid data## rmse loss: 35.19351400117852, mae loss: 21.561440561674278, mape loss: 19.862712293999692
  0%|          | 0/3065 [00:00<?, ?it/s]=====Epoch 21=====
Training...
100%|██████████| 3065/3065 [10:08<00:00,  5.04it/s]
  0%|          | 0/3065 [00:00<?, ?it/s]Evaluating...
100%|██████████| 3065/3065 [03:57<00:00, 12.93it/s]
100%|██████████| 437/437 [00:33<00:00, 12.96it/s]
2022-05-31 02:15:35.332 | INFO     | __main__:main:123 -
##on train data## loss: 0.006272748919799438,
##on train data## rmse loss: 35.17415125226119, mae loss: 21.819359292719533, mape loss: 20.283531090320615
##on valid data## rmse loss: 35.64789608796074, mae loss: 21.995159299750078, mape loss: 20.099000729944397
  0%|          | 0/3065 [00:00<?, ?it/s]=====Epoch 22=====
Training...
100%|██████████| 3065/3065 [10:08<00:00,  5.04it/s]
  0%|          | 0/3065 [00:00<?, ?it/s]Evaluating...
100%|██████████| 3065/3065 [03:56<00:00, 12.96it/s]
100%|██████████| 437/437 [00:33<00:00, 12.96it/s]
2022-05-31 02:30:14.287 | INFO     | __main__:main:123 -
##on train data## loss: 0.00624785132327863,
##on train data## rmse loss: 35.453564066054575, mae loss: 21.94615480444754, mape loss: 21.629180604588928
##on valid data## rmse loss: 36.1053380289667, mae loss: 22.231103888365443, mape loss: 21.346363773062244
  0%|          | 0/3065 [00:00<?, ?it/s]=====Epoch 23=====
Training...
100%|██████████| 3065/3065 [10:08<00:00,  5.04it/s]
  0%|          | 0/3065 [00:00<?, ?it/s]Evaluating...
100%|██████████| 3065/3065 [03:56<00:00, 12.95it/s]
100%|██████████| 437/437 [00:33<00:00, 12.98it/s]
2022-05-31 02:44:52.971 | INFO     | __main__:main:123 -
##on train data## loss: 0.006206011548174961,
##on train data## rmse loss: 34.91083147132961, mae loss: 21.694311098095643, mape loss: 21.164508343812496
##on valid data## rmse loss: 35.55014578865104, mae loss: 21.968200733787135, mape loss: 20.897446247137385
  0%|          | 0/3065 [00:00<?, ?it/s]=====Epoch 24=====
Training...
100%|██████████| 3065/3065 [10:07<00:00,  5.04it/s]
  0%|          | 0/3065 [00:00<?, ?it/s]Evaluating...
100%|██████████| 3065/3065 [03:56<00:00, 12.96it/s]
100%|██████████| 437/437 [00:33<00:00, 12.96it/s]
New best results!
2022-05-31 02:59:31.260 | INFO     | __main__:main:123 -
##on train data## loss: 0.006212658897387153,
##on train data## rmse loss: 34.25627786595903, mae loss: 21.151816883367193, mape loss: 20.164260254355472
##on valid data## rmse loss: 34.99537686625116, mae loss: 21.412820724382552, mape loss: 20.27959088609475
  0%|          | 0/3065 [00:00<?, ?it/s]=====Epoch 25=====
Training...
100%|██████████| 3065/3065 [10:08<00:00,  5.04it/s]
  0%|          | 0/3065 [00:00<?, ?it/s]Evaluating...
100%|██████████| 3065/3065 [03:56<00:00, 12.94it/s]
100%|██████████| 437/437 [00:33<00:00, 12.99it/s]
2022-05-31 03:14:10.341 | INFO     | __main__:main:123 -
##on train data## loss: 0.006219481937450526,
##on train data## rmse loss: 35.57185717111311, mae loss: 23.257263660275335, mape loss: 28.919368251599067
##on valid data## rmse loss: 36.34309903544201, mae loss: 23.586053534012365, mape loss: 28.548569627771116
  0%|          | 0/3065 [00:00<?, ?it/s]=====Epoch 26=====
Training...
100%|██████████| 3065/3065 [10:08<00:00,  5.03it/s]
  0%|          | 0/3065 [00:00<?, ?it/s]Evaluating...
100%|██████████| 3065/3065 [03:56<00:00, 12.96it/s]
100%|██████████| 437/437 [00:33<00:00, 12.97it/s]
2022-05-31 03:28:49.300 | INFO     | __main__:main:123 -
##on train data## loss: 0.006209509586915374,
##on train data## rmse loss: 34.918692551779316, mae loss: 22.249178743595788, mape loss: 27.342319391047972
##on valid data## rmse loss: 35.61932356897699, mae loss: 22.529797925010698, mape loss: 27.44634744436299
  0%|          | 0/3065 [00:00<?, ?it/s]=====Epoch 27=====
Training...
100%|██████████| 3065/3065 [10:08<00:00,  5.04it/s]
  0%|          | 0/3065 [00:00<?, ?it/s]Evaluating...
100%|██████████| 3065/3065 [03:56<00:00, 12.94it/s]
100%|██████████| 437/437 [00:33<00:00, 12.96it/s]
2022-05-31 03:43:28.506 | INFO     | __main__:main:123 -
##on train data## loss: 0.0062027938801834746,
##on train data## rmse loss: 34.47920232962628, mae loss: 21.228508659599267, mape loss: 19.081169252829294
##on valid data## rmse loss: 35.13576414601481, mae loss: 21.49290354355522, mape loss: 19.056340240504703
  0%|          | 0/3065 [00:00<?, ?it/s]=====Epoch 28=====
Training...
100%|██████████| 3065/3065 [10:08<00:00,  5.04it/s]
  0%|          | 0/3065 [00:00<?, ?it/s]Evaluating...
100%|██████████| 3065/3065 [03:56<00:00, 12.95it/s]
100%|██████████| 437/437 [00:33<00:00, 12.95it/s]
2022-05-31 03:58:07.597 | INFO     | __main__:main:123 -
##on train data## loss: 0.0062013659371765026,
##on train data## rmse loss: 34.76303380963075, mae loss: 21.542355581908982, mape loss: 20.47232324570466
##on valid data## rmse loss: 35.376466742369345, mae loss: 21.789875102534175, mape loss: 20.27419051773488
  0%|          | 0/3065 [00:00<?, ?it/s]=====Epoch 29=====
Training...
100%|██████████| 3065/3065 [10:08<00:00,  5.04it/s]
  0%|          | 0/3065 [00:00<?, ?it/s]Evaluating...
100%|██████████| 3065/3065 [03:57<00:00, 12.93it/s]
100%|██████████| 437/437 [00:33<00:00, 12.95it/s]
2022-05-31 04:12:47.024 | INFO     | __main__:main:123 -
##on train data## loss: 0.006203141823208923,
##on train data## rmse loss: 35.0242044557755, mae loss: 21.93461722798682, mape loss: 20.8904727931221
##on valid data## rmse loss: 35.78393873306379, mae loss: 22.22231313674892, mape loss: 20.40485305289655
  0%|          | 0/3065 [00:00<?, ?it/s]=====Epoch 30=====
Training...
100%|██████████| 3065/3065 [10:08<00:00,  5.04it/s]
  0%|          | 0/3065 [00:00<?, ?it/s]Evaluating...
100%|██████████| 3065/3065 [03:56<00:00, 12.94it/s]
100%|██████████| 437/437 [00:33<00:00, 12.94it/s]
2022-05-31 04:27:26.452 | INFO     | __main__:main:123 -
##on train data## loss: 0.006162817536079937,
##on train data## rmse loss: 35.19796525167991, mae loss: 22.91994296722661, mape loss: 33.912986715553636
##on valid data## rmse loss: 35.820160496971425, mae loss: 23.166530401810355, mape loss: 32.64954029763591
  0%|          | 0/3065 [00:00<?, ?it/s]=====Epoch 31=====
Training...
100%|██████████| 3065/3065 [10:08<00:00,  5.03it/s]
  0%|          | 0/3065 [00:00<?, ?it/s]Evaluating...
100%|██████████| 3065/3065 [03:57<00:00, 12.92it/s]
100%|██████████| 437/437 [00:33<00:00, 12.94it/s]
2022-05-31 04:42:06.154 | INFO     | __main__:main:123 -
##on train data## loss: 0.006203950574579018,
##on train data## rmse loss: 35.1240300307655, mae loss: 21.718845357474844, mape loss: 19.63975279429414
##on valid data## rmse loss: 35.69995925519232, mae loss: 21.92835575164865, mape loss: 19.499506988910024
  0%|          | 0/3065 [00:00<?, ?it/s]=====Epoch 32=====
Training...
100%|██████████| 3065/3065 [10:08<00:00,  5.03it/s]
  0%|          | 0/3065 [00:00<?, ?it/s]Evaluating...
100%|██████████| 3065/3065 [03:57<00:00, 12.92it/s]
100%|██████████| 437/437 [00:33<00:00, 12.93it/s]
2022-05-31 04:56:45.928 | INFO     | __main__:main:123 -
##on train data## loss: 0.006171413269509268,
##on train data## rmse loss: 35.62977615904069, mae loss: 23.308801362565056, mape loss: 33.821660036655665
##on valid data## rmse loss: 36.41463773365152, mae loss: 23.63733454645362, mape loss: 33.663515383441606
  0%|          | 0/3065 [00:00<?, ?it/s]=====Epoch 33=====
Training...
100%|██████████| 3065/3065 [10:08<00:00,  5.04it/s]
  0%|          | 0/3065 [00:00<?, ?it/s]Evaluating...
100%|██████████| 3065/3065 [03:56<00:00, 12.94it/s]
100%|██████████| 437/437 [00:33<00:00, 12.95it/s]
2022-05-31 05:11:25.238 | INFO     | __main__:main:123 -
##on train data## loss: 0.0061606259936038375,
##on train data## rmse loss: 35.63752140088727, mae loss: 22.393087028640323, mape loss: 22.535124757550474
##on valid data## rmse loss: 36.14126526245536, mae loss: 22.61222994300266, mape loss: 22.182462045611725
  0%|          | 0/3065 [00:00<?, ?it/s]=====Epoch 34=====
Training...
100%|██████████| 3065/3065 [10:08<00:00,  5.03it/s]
  0%|          | 0/3065 [00:00<?, ?it/s]Evaluating...
100%|██████████| 3065/3065 [03:56<00:00, 12.95it/s]
100%|██████████| 437/437 [00:33<00:00, 12.95it/s]
2022-05-31 05:26:04.455 | INFO     | __main__:main:123 -
##on train data## loss: 0.006178643519999262,
##on train data## rmse loss: 34.52088953425795, mae loss: 21.337506218018774, mape loss: 20.075254685581218
##on valid data## rmse loss: 35.23682926885051, mae loss: 21.651355162910793, mape loss: 19.469191524406867
  0%|          | 0/3065 [00:00<?, ?it/s]=====Epoch 35=====
Training...
100%|██████████| 3065/3065 [10:08<00:00,  5.03it/s]
  0%|          | 0/3065 [00:00<?, ?it/s]Evaluating...
100%|██████████| 3065/3065 [03:56<00:00, 12.94it/s]
100%|██████████| 437/437 [00:33<00:00, 12.95it/s]
2022-05-31 05:40:43.739 | INFO     | __main__:main:123 -
##on train data## loss: 0.006141971127885177,
##on train data## rmse loss: 34.4951631555355, mae loss: 21.32967531288234, mape loss: 20.913343546489713
##on valid data## rmse loss: 35.127342542739974, mae loss: 21.56232654257279, mape loss: 20.789529707120813
  0%|          | 0/3065 [00:00<?, ?it/s]=====Epoch 36=====
Training...
100%|██████████| 3065/3065 [10:08<00:00,  5.03it/s]
  0%|          | 0/3065 [00:00<?, ?it/s]Evaluating...
100%|██████████| 3065/3065 [03:56<00:00, 12.95it/s]
100%|██████████| 437/437 [00:33<00:00, 12.95it/s]
2022-05-31 05:55:22.887 | INFO     | __main__:main:123 -
##on train data## loss: 0.006175952780494986,
##on train data## rmse loss: 34.99624230663306, mae loss: 22.37804049823257, mape loss: 25.690231581642422
##on valid data## rmse loss: 35.683626746694884, mae loss: 22.63641971745262, mape loss: 25.180263270025122
  0%|          | 0/3065 [00:00<?, ?it/s]=====Epoch 37=====
Training...
100%|██████████| 3065/3065 [10:08<00:00,  5.04it/s]
  0%|          | 0/3065 [00:00<?, ?it/s]Evaluating...
100%|██████████| 3065/3065 [03:57<00:00, 12.93it/s]
100%|██████████| 437/437 [00:33<00:00, 12.94it/s]
2022-05-31 06:10:02.352 | INFO     | __main__:main:123 -
##on train data## loss: 0.006156214066708178,
##on train data## rmse loss: 34.95969627840873, mae loss: 21.744281442713778, mape loss: 20.48200025352335
##on valid data## rmse loss: 35.61525865986909, mae loss: 21.98735585201796, mape loss: 20.362185772073623
  0%|          | 0/3065 [00:00<?, ?it/s]=====Epoch 38=====
Training...
100%|██████████| 3065/3065 [10:08<00:00,  5.03it/s]
  0%|          | 0/3065 [00:00<?, ?it/s]Evaluating...
100%|██████████| 3065/3065 [03:56<00:00, 12.94it/s]
100%|██████████| 437/437 [00:33<00:00, 12.94it/s]
2022-05-31 06:24:41.702 | INFO     | __main__:main:123 -
##on train data## loss: 0.006152135735836494,
##on train data## rmse loss: 35.048039084429846, mae loss: 21.99438665492694, mape loss: 24.13930556586477
##on valid data## rmse loss: 35.60714042541364, mae loss: 22.17137783233852, mape loss: 23.971981689913594
  0%|          | 0/3065 [00:00<?, ?it/s]=====Epoch 39=====
Training...
100%|██████████| 3065/3065 [10:08<00:00,  5.04it/s]
  0%|          | 0/3065 [00:00<?, ?it/s]Evaluating...
100%|██████████| 3065/3065 [03:57<00:00, 12.93it/s]
100%|██████████| 437/437 [00:33<00:00, 12.92it/s]
2022-05-31 06:39:21.235 | INFO     | __main__:main:123 -
##on train data## loss: 0.006170902625417571,
##on train data## rmse loss: 35.52436351247168, mae loss: 22.916031782078704, mape loss: 27.969934322170875
##on valid data## rmse loss: 36.109836128811, mae loss: 23.115983310498688, mape loss: 27.322652332433574
  0%|          | 0/3065 [00:00<?, ?it/s]=====Epoch 40=====
Training...
100%|██████████| 3065/3065 [10:08<00:00,  5.03it/s]
  0%|          | 0/3065 [00:00<?, ?it/s]Evaluating...
100%|██████████| 3065/3065 [03:57<00:00, 12.91it/s]
100%|██████████| 437/437 [00:33<00:00, 12.93it/s]
2022-05-31 06:54:01.165 | INFO     | __main__:main:123 -
##on train data## loss: 0.006124730310463582,
##on train data## rmse loss: 37.21676930712253, mae loss: 24.307106028023203, mape loss: 29.381002488912223
##on valid data## rmse loss: 37.75321127675491, mae loss: 24.46890433811214, mape loss: 28.69454991217336
  0%|          | 0/3065 [00:00<?, ?it/s]=====Epoch 41=====
Training...
100%|██████████| 3065/3065 [10:08<00:00,  5.04it/s]
  0%|          | 0/3065 [00:00<?, ?it/s]Evaluating...
100%|██████████| 3065/3065 [03:57<00:00, 12.92it/s]
100%|██████████| 437/437 [00:33<00:00, 12.91it/s]
2022-05-31 07:08:40.908 | INFO     | __main__:main:123 -
##on train data## loss: 0.006163116258821264,
##on train data## rmse loss: 34.38917193825054, mae loss: 21.25143961229682, mape loss: 19.773439346625793
##on valid data## rmse loss: 35.0832915011478, mae loss: 21.51791859327792, mape loss: 19.560252742104453
  0%|          | 0/3065 [00:00<?, ?it/s]=====Epoch 42=====
Training...
100%|██████████| 3065/3065 [10:08<00:00,  5.03it/s]
  0%|          | 0/3065 [00:00<?, ?it/s]Evaluating...
100%|██████████| 3065/3065 [03:57<00:00, 12.92it/s]
100%|██████████| 437/437 [00:33<00:00, 12.93it/s]
2022-05-31 07:23:20.849 | INFO     | __main__:main:123 -
##on train data## loss: 0.006136939427389978,
##on train data## rmse loss: 37.22281149448812, mae loss: 25.38425731129981, mape loss: 36.16894040129119
##on valid data## rmse loss: 37.78700244999587, mae loss: 25.567836119872208, mape loss: 35.114430124686024
  0%|          | 0/3065 [00:00<?, ?it/s]=====Epoch 43=====
Training...
100%|██████████| 3065/3065 [10:08<00:00,  5.03it/s]
  0%|          | 0/3065 [00:00<?, ?it/s]Evaluating...
100%|██████████| 3065/3065 [03:57<00:00, 12.92it/s]
100%|██████████| 437/437 [00:33<00:00, 12.94it/s]
2022-05-31 07:38:00.647 | INFO     | __main__:main:123 -
##on train data## loss: 0.006117317486527037,
##on train data## rmse loss: 34.47720410220969, mae loss: 21.675506864675302, mape loss: 24.556100381383306
##on valid data## rmse loss: 35.158447370376415, mae loss: 21.931304414430528, mape loss: 24.287090975646297
  0%|          | 0/3065 [00:00<?, ?it/s]=====Epoch 44=====
Training...
100%|██████████| 3065/3065 [10:08<00:00,  5.03it/s]
  0%|          | 0/3065 [00:00<?, ?it/s]Evaluating...
100%|██████████| 3065/3065 [03:57<00:00, 12.90it/s]
100%|██████████| 437/437 [00:33<00:00, 12.91it/s]
2022-05-31 07:52:41.060 | INFO     | __main__:main:123 -
##on train data## loss: 0.006131116489896499,
##on train data## rmse loss: 34.764157993447334, mae loss: 21.70957859997648, mape loss: 20.17030060108976
##on valid data## rmse loss: 35.53241656846804, mae loss: 22.020537847785164, mape loss: 19.930104293287208
  0%|          | 0/3065 [00:00<?, ?it/s]=====Epoch 45=====
Training...
100%|██████████| 3065/3065 [10:08<00:00,  5.03it/s]
  0%|          | 0/3065 [00:00<?, ?it/s]Evaluating...
100%|██████████| 3065/3065 [03:56<00:00, 12.93it/s]
100%|██████████| 437/437 [00:33<00:00, 12.93it/s]
2022-05-31 08:07:20.624 | INFO     | __main__:main:123 -
##on train data## loss: 0.006106224686452787,
##on train data## rmse loss: 35.36969670269268, mae loss: 22.210430094235097, mape loss: 25.20479527130407
##on valid data## rmse loss: 36.00984333308938, mae loss: 22.474095621698236, mape loss: 25.436848142872687
  0%|          | 0/3065 [00:00<?, ?it/s]=====Epoch 46=====
Training...
100%|██████████| 3065/3065 [10:08<00:00,  5.03it/s]
  0%|          | 0/3065 [00:00<?, ?it/s]Evaluating...
100%|██████████| 3065/3065 [03:57<00:00, 12.91it/s]
100%|██████████| 437/437 [00:33<00:00, 12.95it/s]
2022-05-31 08:22:00.495 | INFO     | __main__:main:123 -
##on train data## loss: 0.0061289732889112745,
##on train data## rmse loss: 34.94569494798172, mae loss: 21.805384570894972, mape loss: 21.42341931895953
##on valid data## rmse loss: 35.56503748511832, mae loss: 22.060670643158307, mape loss: 21.053137456320517
  0%|          | 0/3065 [00:00<?, ?it/s]=====Epoch 47=====
Training...
100%|██████████| 3065/3065 [10:08<00:00,  5.03it/s]
  0%|          | 0/3065 [00:00<?, ?it/s]Evaluating...
100%|██████████| 3065/3065 [03:57<00:00, 12.93it/s]
100%|██████████| 437/437 [00:33<00:00, 12.95it/s]
2022-05-31 08:36:40.207 | INFO     | __main__:main:123 -
##on train data## loss: 0.006100305097274859,
##on train data## rmse loss: 34.87971346358879, mae loss: 21.642565707320294, mape loss: 22.645639931786118
##on valid data## rmse loss: 35.462788784804005, mae loss: 21.87540430335213, mape loss: 22.7743417894131
  0%|          | 0/3065 [00:00<?, ?it/s]=====Epoch 48=====
Training...
100%|██████████| 3065/3065 [10:08<00:00,  5.04it/s]
  0%|          | 0/3065 [00:00<?, ?it/s]Evaluating...
100%|██████████| 3065/3065 [03:56<00:00, 12.96it/s]
100%|██████████| 437/437 [00:33<00:00, 12.96it/s]
2022-05-31 08:51:19.075 | INFO     | __main__:main:123 -
##on train data## loss: 0.0061205476235300545,
##on train data## rmse loss: 34.81346679052754, mae loss: 21.5982080929431, mape loss: 20.375057453043503
##on valid data## rmse loss: 35.49674438066286, mae loss: 21.838565610366228, mape loss: 20.497032353820735
  0%|          | 0/3065 [00:00<?, ?it/s]=====Epoch 49=====
Training...
100%|██████████| 3065/3065 [10:08<00:00,  5.03it/s]
  0%|          | 0/3065 [00:00<?, ?it/s]Evaluating...
100%|██████████| 3065/3065 [03:57<00:00, 12.92it/s]
100%|██████████| 437/437 [00:33<00:00, 12.93it/s]
2022-05-31 09:05:58.879 | INFO     | __main__:main:123 -
##on train data## loss: 0.006118703698230449,
##on train data## rmse loss: 35.00668342490764, mae loss: 21.662308085567606, mape loss: 19.571329121877476
##on valid data## rmse loss: 35.866786328278636, mae loss: 22.048829248895363, mape loss: 19.719788351989173
  0%|          | 0/3065 [00:00<?, ?it/s]=====Epoch 50=====
Training...
100%|██████████| 3065/3065 [10:08<00:00,  5.03it/s]
  0%|          | 0/3065 [00:00<?, ?it/s]Evaluating...
100%|██████████| 3065/3065 [03:56<00:00, 12.94it/s]
100%|██████████| 437/437 [00:33<00:00, 12.96it/s]
2022-05-31 09:20:38.239 | INFO     | __main__:main:123 -
##on train data## loss: 0.006103472253057018,
##on train data## rmse loss: 34.929158911775026, mae loss: 21.67917150432095, mape loss: 21.248112748974105
##on valid data## rmse loss: 35.621782202469674, mae loss: 21.952426563411336, mape loss: 21.97283008721928
  0%|          | 0/3065 [00:00<?, ?it/s]=====Epoch 51=====
Training...
100%|██████████| 3065/3065 [10:08<00:00,  5.04it/s]
  0%|          | 0/3065 [00:00<?, ?it/s]Evaluating...
100%|██████████| 3065/3065 [03:56<00:00, 12.94it/s]
100%|██████████| 437/437 [00:33<00:00, 12.94it/s]
New best results!
2022-05-31 09:35:17.533 | INFO     | __main__:main:123 -
##on train data## loss: 0.005822803608660676,
##on train data## rmse loss: 33.84073768478817, mae loss: 20.70244778700015, mape loss: 17.47687022944648
##on valid data## rmse loss: 34.62312952386433, mae loss: 21.027581138523548, mape loss: 17.633485514457494
  0%|          | 0/3065 [00:00<?, ?it/s]=====Epoch 52=====
Training...
100%|██████████| 3065/3065 [10:08<00:00,  5.04it/s]
  0%|          | 0/3065 [00:00<?, ?it/s]Evaluating...
100%|██████████| 3065/3065 [04:00<00:00, 12.76it/s]
100%|██████████| 437/437 [00:33<00:00, 12.93it/s]
New best results!
2022-05-31 09:50:00.350 | INFO     | __main__:main:123 -
##on train data## loss: 0.005815316522972533,
##on train data## rmse loss: 33.58556036179062, mae loss: 20.711925444672975, mape loss: 19.419348490033997
##on valid data## rmse loss: 34.312511361163594, mae loss: 21.009968421551946, mape loss: 19.6778802819192
  0%|          | 0/3065 [00:00<?, ?it/s]=====Epoch 53=====
Training...
100%|██████████| 3065/3065 [10:08<00:00,  5.04it/s]
  0%|          | 0/3065 [00:00<?, ?it/s]Evaluating...
100%|██████████| 3065/3065 [04:00<00:00, 12.73it/s]
100%|██████████| 437/437 [00:33<00:00, 12.90it/s]
2022-05-31 10:04:43.686 | INFO     | __main__:main:123 -
##on train data## loss: 0.005803529894492949,
##on train data## rmse loss: 33.623276251564214, mae loss: 20.632584180100707, mape loss: 18.12758887937174
##on valid data## rmse loss: 34.35412076081509, mae loss: 20.92002611138455, mape loss: 18.26820942473084
  0%|          | 0/3065 [00:00<?, ?it/s]=====Epoch 54=====
Training...
100%|██████████| 3065/3065 [10:08<00:00,  5.03it/s]
  0%|          | 0/3065 [00:00<?, ?it/s]Evaluating...
100%|██████████| 3065/3065 [03:57<00:00, 12.90it/s]
100%|██████████| 437/437 [00:33<00:00, 12.99it/s]
2022-05-31 10:19:23.675 | INFO     | __main__:main:123 -
##on train data## loss: 0.005813520221035095,
##on train data## rmse loss: 33.951540030001816, mae loss: 21.512250769274463, mape loss: 26.500489356369997
##on valid data## rmse loss: 34.651503338148174, mae loss: 21.82281014029985, mape loss: 26.646176928513654
  0%|          | 0/3065 [00:00<?, ?it/s]=====Epoch 55=====
Training...
100%|██████████| 3065/3065 [10:08<00:00,  5.04it/s]
  0%|          | 0/3065 [00:00<?, ?it/s]Evaluating...
100%|██████████| 3065/3065 [03:57<00:00, 12.92it/s]
100%|██████████| 437/437 [00:33<00:00, 12.96it/s]
2022-05-31 10:34:03.419 | INFO     | __main__:main:123 -
##on train data## loss: 0.005799257572661314,
##on train data## rmse loss: 33.75019430312986, mae loss: 20.720585947830177, mape loss: 18.48577404537559
##on valid data## rmse loss: 34.493133990115375, mae loss: 21.01692651447497, mape loss: 18.482743047638124
  0%|          | 0/3065 [00:00<?, ?it/s]=====Epoch 56=====
Training...
100%|██████████| 3065/3065 [10:08<00:00,  5.04it/s]
  0%|          | 0/3065 [00:00<?, ?it/s]Evaluating...
100%|██████████| 3065/3065 [03:56<00:00, 12.93it/s]
100%|██████████| 437/437 [00:33<00:00, 12.95it/s]
2022-05-31 10:48:42.711 | INFO     | __main__:main:123 -
##on train data## loss: 0.005802860540120603,
##on train data## rmse loss: 33.96426417800381, mae loss: 20.983321916415292, mape loss: 19.003737383623886
##on valid data## rmse loss: 34.679926407419025, mae loss: 21.25033075913139, mape loss: 18.926648164777514
  0%|          | 0/3065 [00:00<?, ?it/s]=====Epoch 57=====
Training...
100%|██████████| 3065/3065 [10:08<00:00,  5.04it/s]
  0%|          | 0/3065 [00:00<?, ?it/s]Evaluating...
100%|██████████| 3065/3065 [03:57<00:00, 12.93it/s]
100%|██████████| 437/437 [00:33<00:00, 12.94it/s]
2022-05-31 11:03:21.973 | INFO     | __main__:main:123 -
##on train data## loss: 0.005792443619146153,
##on train data## rmse loss: 33.92349662034002, mae loss: 21.041136854274434, mape loss: 19.105642703141513
##on valid data## rmse loss: 34.60801579368469, mae loss: 21.32323626686288, mape loss: 19.219574593092812
  0%|          | 0/3065 [00:00<?, ?it/s]=====Epoch 58=====
Training...
100%|██████████| 3065/3065 [10:08<00:00,  5.04it/s]
  0%|          | 0/3065 [00:00<?, ?it/s]Evaluating...
100%|██████████| 3065/3065 [03:57<00:00, 12.92it/s]
100%|██████████| 437/437 [00:33<00:00, 12.93it/s]
2022-05-31 11:18:01.574 | INFO     | __main__:main:123 -
##on train data## loss: 0.005798247819925927,
##on train data## rmse loss: 33.86198590669119, mae loss: 20.784241540046928, mape loss: 18.83916536829211
##on valid data## rmse loss: 34.71074517640697, mae loss: 21.113323990758552, mape loss: 19.3192899789772
  0%|          | 0/3065 [00:00<?, ?it/s]=====Epoch 59=====
Training...
100%|██████████| 3065/3065 [10:08<00:00,  5.04it/s]
  0%|          | 0/3065 [00:00<?, ?it/s]Evaluating...
100%|██████████| 3065/3065 [03:56<00:00, 12.94it/s]
100%|██████████| 437/437 [00:33<00:00, 12.95it/s]
2022-05-31 11:32:40.649 | INFO     | __main__:main:123 -
##on train data## loss: 0.005788612138513372,
##on train data## rmse loss: 34.194286016616694, mae loss: 21.436021088542596, mape loss: 24.787650308640124
##on valid data## rmse loss: 34.889978744890925, mae loss: 21.73529719869932, mape loss: 25.240259401039893
  0%|          | 0/3065 [00:00<?, ?it/s]=====Epoch 60=====
Training...
100%|██████████| 3065/3065 [10:08<00:00,  5.04it/s]
  0%|          | 0/3065 [00:00<?, ?it/s]Evaluating...
100%|██████████| 3065/3065 [03:56<00:00, 12.94it/s]
100%|██████████| 437/437 [00:33<00:00, 12.96it/s]
2022-05-31 11:47:19.858 | INFO     | __main__:main:123 -
##on train data## loss: 0.005793211207121951,
##on train data## rmse loss: 34.03646726966099, mae loss: 21.184949573062568, mape loss: 22.642943052055397
##on valid data## rmse loss: 34.77358192600975, mae loss: 21.48675254280562, mape loss: 22.72562488777141
  0%|          | 0/3065 [00:00<?, ?it/s]=====Epoch 61=====
Training...
100%|██████████| 3065/3065 [10:08<00:00,  5.04it/s]
  0%|          | 0/3065 [00:00<?, ?it/s]Evaluating...
100%|██████████| 3065/3065 [03:56<00:00, 12.94it/s]
100%|██████████| 437/437 [00:33<00:00, 12.95it/s]
2022-05-31 12:01:58.831 | INFO     | __main__:main:123 -
##on train data## loss: 0.005779363792032599,
##on train data## rmse loss: 33.652452551015635, mae loss: 20.773158214376178, mape loss: 18.020167097230527
##on valid data## rmse loss: 34.446712978371764, mae loss: 21.070576907840966, mape loss: 18.13819327773164
  0%|          | 0/3065 [00:00<?, ?it/s]=====Epoch 62=====
Training...
100%|██████████| 3065/3065 [10:08<00:00,  5.04it/s]
  0%|          | 0/3065 [00:00<?, ?it/s]Evaluating...
100%|██████████| 3065/3065 [03:57<00:00, 12.93it/s]
100%|██████████| 437/437 [00:33<00:00, 12.94it/s]
2022-05-31 12:16:38.147 | INFO     | __main__:main:123 -
##on train data## loss: 0.005795066395081689,
##on train data## rmse loss: 33.98794762827638, mae loss: 20.94203358318833, mape loss: 19.194826689377113
##on valid data## rmse loss: 34.72980308969179, mae loss: 21.22488396336885, mape loss: 19.417833400468258
  0%|          | 0/3065 [00:00<?, ?it/s]=====Epoch 63=====
Training...
100%|██████████| 3065/3065 [10:08<00:00,  5.04it/s]
  0%|          | 0/3065 [00:00<?, ?it/s]Evaluating...
100%|██████████| 3065/3065 [03:57<00:00, 12.92it/s]
100%|██████████| 437/437 [00:33<00:00, 12.93it/s]
2022-05-31 12:31:17.696 | INFO     | __main__:main:123 -
##on train data## loss: 0.005792455125006059,
##on train data## rmse loss: 33.97167818402389, mae loss: 20.964583839989018, mape loss: 19.072976452199708
##on valid data## rmse loss: 34.69439148630103, mae loss: 21.221570896611333, mape loss: 19.360705678195647
  0%|          | 0/3065 [00:00<?, ?it/s]=====Epoch 64=====
Training...
100%|██████████| 3065/3065 [10:08<00:00,  5.04it/s]
  0%|          | 0/3065 [00:00<?, ?it/s]Evaluating...
100%|██████████| 3065/3065 [03:57<00:00, 12.93it/s]
100%|██████████| 437/437 [00:33<00:00, 12.94it/s]
2022-05-31 12:45:57.075 | INFO     | __main__:main:123 -
##on train data## loss: 0.005799001836723862,
##on train data## rmse loss: 33.773975498019, mae loss: 20.696667867228022, mape loss: 18.461076188437506
##on valid data## rmse loss: 34.51532031742332, mae loss: 20.995540463951688, mape loss: 18.67894299277179
  0%|          | 0/3065 [00:00<?, ?it/s]=====Epoch 65=====
Training...
100%|██████████| 3065/3065 [10:08<00:00,  5.04it/s]
  0%|          | 0/3065 [00:00<?, ?it/s]Evaluating...
100%|██████████| 3065/3065 [03:57<00:00, 12.93it/s]
100%|██████████| 437/437 [00:33<00:00, 12.93it/s]
2022-05-31 13:00:36.437 | INFO     | __main__:main:123 -
##on train data## loss: 0.005782689481554325,
##on train data## rmse loss: 33.64619677358506, mae loss: 20.700251007702377, mape loss: 18.2900129423931
##on valid data## rmse loss: 34.39377178916669, mae loss: 21.00352758892068, mape loss: 18.59242341883941
  0%|          | 0/3065 [00:00<?, ?it/s]=====Epoch 66=====
Training...
100%|██████████| 3065/3065 [10:08<00:00,  5.04it/s]
  0%|          | 0/3065 [00:00<?, ?it/s]Evaluating...
100%|██████████| 3065/3065 [03:57<00:00, 12.93it/s]
100%|██████████| 437/437 [00:33<00:00, 12.89it/s]
2022-05-31 13:15:15.814 | INFO     | __main__:main:123 -
##on train data## loss: 0.005788316205808617,
##on train data## rmse loss: 34.559979332990785, mae loss: 21.45473197171583, mape loss: 21.249147701710704
##on valid data## rmse loss: 35.2364698143791, mae loss: 21.713296060976774, mape loss: 21.20295646397964
  0%|          | 0/3065 [00:00<?, ?it/s]=====Epoch 67=====
Training...
100%|██████████| 3065/3065 [10:08<00:00,  5.04it/s]
  0%|          | 0/3065 [00:00<?, ?it/s]Evaluating...
100%|██████████| 3065/3065 [03:56<00:00, 12.93it/s]
100%|██████████| 437/437 [00:33<00:00, 12.95it/s]
2022-05-31 13:29:55.115 | INFO     | __main__:main:123 -
##on train data## loss: 0.005788297191236418,
##on train data## rmse loss: 33.746207805403294, mae loss: 20.8250147304566, mape loss: 19.655892117280167
##on valid data## rmse loss: 34.52548989442175, mae loss: 21.156359109507545, mape loss: 19.70572865800399
  0%|          | 0/3065 [00:00<?, ?it/s]=====Epoch 68=====
Training...
100%|██████████| 3065/3065 [10:08<00:00,  5.04it/s]
  0%|          | 0/3065 [00:00<?, ?it/s]Evaluating...
100%|██████████| 3065/3065 [03:56<00:00, 12.94it/s]
100%|██████████| 437/437 [00:33<00:00, 12.93it/s]
2022-05-31 13:44:34.447 | INFO     | __main__:main:123 -
##on train data## loss: 0.005792036863328011,
##on train data## rmse loss: 35.0700558200357, mae loss: 21.999534345878864, mape loss: 23.575638044036037
##on valid data## rmse loss: 36.00289889494942, mae loss: 22.39732907729509, mape loss: 23.738602692052485
  0%|          | 0/3065 [00:00<?, ?it/s]=====Epoch 69=====
Training...
100%|██████████| 3065/3065 [10:08<00:00,  5.04it/s]
  0%|          | 0/3065 [00:00<?, ?it/s]Evaluating...
100%|██████████| 3065/3065 [03:56<00:00, 12.94it/s]
100%|██████████| 437/437 [00:33<00:00, 12.96it/s]
2022-05-31 13:59:13.392 | INFO     | __main__:main:123 -
##on train data## loss: 0.0057847534755296505,
##on train data## rmse loss: 33.81781459640329, mae loss: 20.89993529327542, mape loss: 18.22194455838709
##on valid data## rmse loss: 34.5295120736827, mae loss: 21.166489059919623, mape loss: 18.090272861910083
  0%|          | 0/3065 [00:00<?, ?it/s]=====Epoch 70=====
Training...
100%|██████████| 3065/3065 [10:08<00:00,  5.04it/s]
  0%|          | 0/3065 [00:00<?, ?it/s]Evaluating...
100%|██████████| 3065/3065 [03:57<00:00, 12.93it/s]
100%|██████████| 437/437 [00:33<00:00, 12.94it/s]
2022-05-31 14:13:52.770 | INFO     | __main__:main:123 -
##on train data## loss: 0.005791707358438504,
##on train data## rmse loss: 33.971880308838884, mae loss: 20.86106856129881, mape loss: 19.90814628040032
##on valid data## rmse loss: 34.8305317728143, mae loss: 21.191667157397937, mape loss: 19.936994950817706
  0%|          | 0/3065 [00:00<?, ?it/s]=====Epoch 71=====
Training...
100%|██████████| 3065/3065 [10:08<00:00,  5.04it/s]
  0%|          | 0/3065 [00:00<?, ?it/s]Evaluating...
100%|██████████| 3065/3065 [03:56<00:00, 12.95it/s]
100%|██████████| 437/437 [00:33<00:00, 12.95it/s]
2022-05-31 14:28:31.704 | INFO     | __main__:main:123 -
##on train data## loss: 0.005785938059503963,
##on train data## rmse loss: 34.12606750413605, mae loss: 21.409126383795435, mape loss: 23.4972241652148
##on valid data## rmse loss: 34.86910447703346, mae loss: 21.730574138650088, mape loss: 23.804717995141136
  0%|          | 0/3065 [00:00<?, ?it/s]=====Epoch 72=====
Training...
100%|██████████| 3065/3065 [10:08<00:00,  5.04it/s]
  0%|          | 0/3065 [00:00<?, ?it/s]Evaluating...
100%|██████████| 3065/3065 [03:57<00:00, 12.92it/s]
100%|██████████| 437/437 [00:33<00:00, 12.93it/s]
2022-05-31 14:43:11.221 | INFO     | __main__:main:123 -
##on train data## loss: 0.005800648190219374,
##on train data## rmse loss: 34.44443719717651, mae loss: 21.934168956874828, mape loss: 25.733427514016725
##on valid data## rmse loss: 35.15242678731748, mae loss: 22.22358975748721, mape loss: 25.495190340471485
  0%|          | 0/3065 [00:00<?, ?it/s]=====Epoch 73=====
Training...
100%|██████████| 3065/3065 [10:08<00:00,  5.03it/s]
  0%|          | 0/3065 [00:00<?, ?it/s]Evaluating...
100%|██████████| 3065/3065 [03:57<00:00, 12.93it/s]
100%|██████████| 437/437 [00:33<00:00, 12.95it/s]
2022-05-31 14:57:50.754 | INFO     | __main__:main:123 -
##on train data## loss: 0.005779519635647669,
##on train data## rmse loss: 33.89719162298454, mae loss: 20.979608944617517, mape loss: 19.49927144712764
##on valid data## rmse loss: 34.68672356507325, mae loss: 21.24480440414743, mape loss: 18.9630466788257
  0%|          | 0/3065 [00:00<?, ?it/s]=====Epoch 74=====
Training...
100%|██████████| 3065/3065 [10:08<00:00,  5.04it/s]
  0%|          | 0/3065 [00:00<?, ?it/s]Evaluating...
100%|██████████| 3065/3065 [03:56<00:00, 12.94it/s]
100%|██████████| 437/437 [00:33<00:00, 12.95it/s]
2022-05-31 15:12:29.979 | INFO     | __main__:main:123 -
##on train data## loss: 0.005783763950345749,
##on train data## rmse loss: 34.93334984335969, mae loss: 21.328366533811487, mape loss: 18.476840140477286
##on valid data## rmse loss: 35.87893656680458, mae loss: 21.709897486514304, mape loss: 18.667571035211637
  0%|          | 0/3065 [00:00<?, ?it/s]=====Epoch 75=====
Training...
100%|██████████| 3065/3065 [10:08<00:00,  5.04it/s]
  0%|          | 0/3065 [00:00<?, ?it/s]Evaluating...
100%|██████████| 3065/3065 [03:56<00:00, 12.94it/s]
100%|██████████| 437/437 [00:33<00:00, 12.96it/s]
2022-05-31 15:27:09.177 | INFO     | __main__:main:123 -
##on train data## loss: 0.005787465567351129,
##on train data## rmse loss: 34.41549476822671, mae loss: 21.382753366280536, mape loss: 21.210365955388177
##on valid data## rmse loss: 35.20401515131412, mae loss: 21.721265083592325, mape loss: 21.737397260946867
  0%|          | 0/3065 [00:00<?, ?it/s]=====Epoch 76=====
Training...
100%|██████████| 3065/3065 [10:08<00:00,  5.04it/s]
  0%|          | 0/3065 [00:00<?, ?it/s]Evaluating...
100%|██████████| 3065/3065 [03:57<00:00, 12.93it/s]
100%|██████████| 437/437 [00:33<00:00, 12.93it/s]
2022-05-31 15:41:48.485 | INFO     | __main__:main:123 -
##on train data## loss: 0.005787526191057269,
##on train data## rmse loss: 33.99023159705406, mae loss: 21.00795804252438, mape loss: 19.644466515563636
##on valid data## rmse loss: 34.74356123184449, mae loss: 21.287211014422454, mape loss: 19.846828725163398
  0%|          | 0/3065 [00:00<?, ?it/s]=====Epoch 77=====
Training...
100%|██████████| 3065/3065 [10:08<00:00,  5.04it/s]
  0%|          | 0/3065 [00:00<?, ?it/s]Evaluating...
100%|██████████| 3065/3065 [03:56<00:00, 12.94it/s]
100%|██████████| 437/437 [00:33<00:00, 12.96it/s]
2022-05-31 15:56:27.508 | INFO     | __main__:main:123 -
##on train data## loss: 0.00579150841289563,
##on train data## rmse loss: 33.874930716261, mae loss: 20.83529996296321, mape loss: 18.57615259608184
##on valid data## rmse loss: 34.642482395303055, mae loss: 21.140702638255103, mape loss: 18.468057989937762
  0%|          | 0/3065 [00:00<?, ?it/s]=====Epoch 78=====
Training...
100%|██████████| 3065/3065 [10:08<00:00,  5.04it/s]
  0%|          | 0/3065 [00:00<?, ?it/s]Evaluating...
100%|██████████| 3065/3065 [03:57<00:00, 12.93it/s]
100%|██████████| 437/437 [00:33<00:00, 12.96it/s]
2022-05-31 16:11:06.820 | INFO     | __main__:main:123 -
##on train data## loss: 0.005797703668295116,
##on train data## rmse loss: 34.36537133414438, mae loss: 21.660259599047812, mape loss: 20.629074480171887
##on valid data## rmse loss: 35.098781520223724, mae loss: 21.957325767325045, mape loss: 20.378094780295065
  0%|          | 0/3065 [00:00<?, ?it/s]=====Epoch 79=====
Training...
100%|██████████| 3065/3065 [10:08<00:00,  5.04it/s]
  0%|          | 0/3065 [00:00<?, ?it/s]Evaluating...
100%|██████████| 3065/3065 [03:56<00:00, 12.93it/s]
100%|██████████| 437/437 [00:33<00:00, 12.95it/s]
2022-05-31 16:25:46.125 | INFO     | __main__:main:123 -
##on train data## loss: 0.005787647888558152,
##on train data## rmse loss: 33.9325230528441, mae loss: 20.88014243625311, mape loss: 19.498783487334336
##on valid data## rmse loss: 34.602275246068054, mae loss: 21.157507232997727, mape loss: 19.678964039621963
  0%|          | 0/3065 [00:00<?, ?it/s]=====Epoch 80=====
Training...
100%|██████████| 3065/3065 [10:08<00:00,  5.04it/s]
  0%|          | 0/3065 [00:00<?, ?it/s]Evaluating...
100%|██████████| 3065/3065 [03:56<00:00, 12.94it/s]
100%|██████████| 437/437 [00:33<00:00, 12.94it/s]
2022-05-31 16:40:25.354 | INFO     | __main__:main:123 -
##on train data## loss: 0.0057905521780878405,
##on train data## rmse loss: 33.88035226607206, mae loss: 20.91241786732759, mape loss: 19.7027802642368
##on valid data## rmse loss: 34.662089472231656, mae loss: 21.226475002018212, mape loss: 19.724846823946564
  0%|          | 0/3065 [00:00<?, ?it/s]=====Epoch 81=====
Training...
100%|██████████| 3065/3065 [10:08<00:00,  5.04it/s]
  0%|          | 0/3065 [00:00<?, ?it/s]Evaluating...
100%|██████████| 3065/3065 [03:57<00:00, 12.93it/s]
100%|██████████| 437/437 [00:33<00:00, 12.93it/s]
2022-05-31 16:55:04.571 | INFO     | __main__:main:123 -
##on train data## loss: 0.005790061063739376,
##on train data## rmse loss: 33.70895786005366, mae loss: 20.96230114288081, mape loss: 19.585130722497453
##on valid data## rmse loss: 34.40981752757895, mae loss: 21.221695312919007, mape loss: 19.6141869332684
  0%|          | 0/3065 [00:00<?, ?it/s]=====Epoch 82=====
Training...
100%|██████████| 3065/3065 [10:08<00:00,  5.04it/s]
  0%|          | 0/3065 [00:00<?, ?it/s]Evaluating...
100%|██████████| 3065/3065 [03:57<00:00, 12.93it/s]
100%|██████████| 437/437 [00:33<00:00, 12.97it/s]
2022-05-31 17:09:43.931 | INFO     | __main__:main:123 -
##on train data## loss: 0.00577998451659149,
##on train data## rmse loss: 33.894200195573866, mae loss: 20.817324686283776, mape loss: 18.14516916336282
##on valid data## rmse loss: 34.59855713396924, mae loss: 21.109757318649468, mape loss: 18.284116724604054
  0%|          | 0/3065 [00:00<?, ?it/s]=====Epoch 83=====
Training...
100%|██████████| 3065/3065 [10:08<00:00,  5.04it/s]
  0%|          | 0/3065 [00:00<?, ?it/s]Evaluating...
100%|██████████| 3065/3065 [03:56<00:00, 12.94it/s]
100%|██████████| 437/437 [00:33<00:00, 12.95it/s]
2022-05-31 17:24:23.223 | INFO     | __main__:main:123 -
##on train data## loss: 0.005790648741349821,
##on train data## rmse loss: 34.03846388687706, mae loss: 21.019935633424446, mape loss: 20.793466765378856
##on valid data## rmse loss: 34.877596176461715, mae loss: 21.351709627723256, mape loss: 21.062341001677567
  0%|          | 0/3065 [00:00<?, ?it/s]=====Epoch 84=====
Training...
100%|██████████| 3065/3065 [10:08<00:00,  5.04it/s]
  0%|          | 0/3065 [00:00<?, ?it/s]Evaluating...
100%|██████████| 3065/3065 [03:56<00:00, 12.94it/s]
100%|██████████| 437/437 [00:33<00:00, 12.95it/s]
2022-05-31 17:39:02.390 | INFO     | __main__:main:123 -
##on train data## loss: 0.005782941454770059,
##on train data## rmse loss: 34.02563043255207, mae loss: 21.548489204083143, mape loss: 25.428261920979907
##on valid data## rmse loss: 34.81522454931752, mae loss: 21.878463723293976, mape loss: 25.131894919160302
  0%|          | 0/3065 [00:00<?, ?it/s]=====Epoch 85=====
Training...
100%|██████████| 3065/3065 [10:08<00:00,  5.04it/s]
  0%|          | 0/3065 [00:00<?, ?it/s]Evaluating...
100%|██████████| 3065/3065 [03:57<00:00, 12.93it/s]
100%|██████████| 437/437 [00:33<00:00, 12.95it/s]
2022-05-31 17:53:41.675 | INFO     | __main__:main:123 -
##on train data## loss: 0.005787393024843034,
##on train data## rmse loss: 34.23394927418446, mae loss: 20.89756861868729, mape loss: 19.162112638767546
##on valid data## rmse loss: 35.03782930963372, mae loss: 21.17988371685386, mape loss: 19.28879664507556
  0%|          | 0/3065 [00:00<?, ?it/s]=====Epoch 86=====
Training...
100%|██████████| 3065/3065 [10:08<00:00,  5.04it/s]
  0%|          | 0/3065 [00:00<?, ?it/s]Evaluating...
100%|██████████| 3065/3065 [03:57<00:00, 12.93it/s]
100%|██████████| 437/437 [00:33<00:00, 12.94it/s]
2022-05-31 18:08:21.069 | INFO     | __main__:main:123 -
##on train data## loss: 0.005800439326622832,
##on train data## rmse loss: 34.31761641759079, mae loss: 21.052436790341847, mape loss: 19.3101312161756
##on valid data## rmse loss: 35.03831236204239, mae loss: 21.312410330608724, mape loss: 19.532211764248885
  0%|          | 0/3065 [00:00<?, ?it/s]=====Epoch 87=====
Training...
100%|██████████| 3065/3065 [10:08<00:00,  5.04it/s]
  0%|          | 0/3065 [00:00<?, ?it/s]Evaluating...
100%|██████████| 3065/3065 [03:56<00:00, 12.95it/s]
100%|██████████| 437/437 [00:33<00:00, 12.95it/s]
2022-05-31 18:23:00.013 | INFO     | __main__:main:123 -
##on train data## loss: 0.005783536432190916,
##on train data## rmse loss: 34.01106725540286, mae loss: 21.093453172680604, mape loss: 19.83029235804645
##on valid data## rmse loss: 34.76336071965896, mae loss: 21.396438039958614, mape loss: 19.813444845600042
  0%|          | 0/3065 [00:00<?, ?it/s]=====Epoch 88=====
Training...
100%|██████████| 3065/3065 [10:08<00:00,  5.04it/s]
  0%|          | 0/3065 [00:00<?, ?it/s]Evaluating...
100%|██████████| 3065/3065 [03:56<00:00, 12.95it/s]
100%|██████████| 437/437 [00:33<00:00, 12.94it/s]
2022-05-31 18:37:38.989 | INFO     | __main__:main:123 -
##on train data## loss: 0.005783865401152138,
##on train data## rmse loss: 34.758333511725915, mae loss: 21.10212960951091, mape loss: 19.715521390539205
##on valid data## rmse loss: 35.517927396761195, mae loss: 21.400890666778356, mape loss: 19.978874377923372
  0%|          | 0/3065 [00:00<?, ?it/s]=====Epoch 89=====
Training...
100%|██████████| 3065/3065 [10:09<00:00,  5.03it/s]
  0%|          | 0/3065 [00:00<?, ?it/s]Evaluating...
100%|██████████| 3065/3065 [03:57<00:00, 12.91it/s]
100%|██████████| 437/437 [00:33<00:00, 12.94it/s]
2022-05-31 18:52:19.922 | INFO     | __main__:main:123 -
##on train data## loss: 0.0057900697648446235,
##on train data## rmse loss: 33.72377770876612, mae loss: 20.836266263429724, mape loss: 19.726792110485704
##on valid data## rmse loss: 34.48469266738717, mae loss: 21.1474153357185, mape loss: 20.023243876016384
  0%|          | 0/3065 [00:00<?, ?it/s]=====Epoch 90=====
Training...
100%|██████████| 3065/3065 [10:08<00:00,  5.03it/s]
  0%|          | 0/3065 [00:00<?, ?it/s]Evaluating...
100%|██████████| 3065/3065 [03:56<00:00, 12.95it/s]
100%|██████████| 437/437 [00:33<00:00, 12.96it/s]
2022-05-31 19:06:59.091 | INFO     | __main__:main:123 -
##on train data## loss: 0.0057842484492653615,
##on train data## rmse loss: 34.370080216673806, mae loss: 21.27460209502676, mape loss: 21.032128889496526
##on valid data## rmse loss: 35.135223388671875, mae loss: 21.568288342630836, mape loss: 21.314886464679812
  0%|          | 0/3065 [00:00<?, ?it/s]=====Epoch 91=====
Training...
100%|██████████| 3065/3065 [10:08<00:00,  5.03it/s]
  0%|          | 0/3065 [00:00<?, ?it/s]Evaluating...
100%|██████████| 3065/3065 [03:57<00:00, 12.91it/s]
100%|██████████| 437/437 [00:33<00:00, 12.93it/s]
2022-05-31 19:21:39.193 | INFO     | __main__:main:123 -
##on train data## loss: 0.005789873802154758,
##on train data## rmse loss: 35.11356619419515, mae loss: 21.37510375011998, mape loss: 20.9444831564512
##on valid data## rmse loss: 35.814497312637435, mae loss: 21.652340960993648, mape loss: 21.02376687717656
  0%|          | 0/3065 [00:00<?, ?it/s]=====Epoch 92=====
Training...
100%|██████████| 3065/3065 [10:08<00:00,  5.03it/s]
  0%|          | 0/3065 [00:00<?, ?it/s]Evaluating...
100%|██████████| 3065/3065 [03:57<00:00, 12.92it/s]
100%|██████████| 437/437 [00:33<00:00, 12.93it/s]
2022-05-31 19:36:19.033 | INFO     | __main__:main:123 -
##on train data## loss: 0.005793442236119805,
##on train data## rmse loss: 33.728020355324176, mae loss: 20.876500526415775, mape loss: 20.465874101656684
##on valid data## rmse loss: 34.42941382820601, mae loss: 21.167890286827525, mape loss: 20.32687044968867
  0%|          | 0/3065 [00:00<?, ?it/s]=====Epoch 93=====
Training...
100%|██████████| 3065/3065 [10:08<00:00,  5.04it/s]
  0%|          | 0/3065 [00:00<?, ?it/s]Evaluating...
100%|██████████| 3065/3065 [03:57<00:00, 12.92it/s]
100%|██████████| 437/437 [00:33<00:00, 12.91it/s]
2022-05-31 19:50:58.824 | INFO     | __main__:main:123 -
##on train data## loss: 0.005783379717284075,
##on train data## rmse loss: 34.238524746233644, mae loss: 21.2336708408001, mape loss: 21.063216860371156
##on valid data## rmse loss: 35.01722532660792, mae loss: 21.57214901921951, mape loss: 21.373738341664286
  0%|          | 0/3065 [00:00<?, ?it/s]=====Epoch 94=====
Training...
100%|██████████| 3065/3065 [10:08<00:00,  5.03it/s]
  0%|          | 0/3065 [00:00<?, ?it/s]Evaluating...
100%|██████████| 3065/3065 [03:56<00:00, 12.94it/s]
100%|██████████| 437/437 [00:33<00:00, 12.94it/s]
2022-05-31 20:05:38.160 | INFO     | __main__:main:123 -
##on train data## loss: 0.005779521172443864,
##on train data## rmse loss: 34.380020238680316, mae loss: 21.038989552160267, mape loss: 18.95480942594869
##on valid data## rmse loss: 35.19781009228879, mae loss: 21.37736882443286, mape loss: 19.232183798840715
  0%|          | 0/3065 [00:00<?, ?it/s]=====Epoch 95=====
Training...
100%|██████████| 3065/3065 [10:08<00:00,  5.03it/s]
  0%|          | 0/3065 [00:00<?, ?it/s]Evaluating...
100%|██████████| 3065/3065 [03:57<00:00, 12.91it/s]
100%|██████████| 437/437 [00:33<00:00, 12.94it/s]
2022-05-31 20:20:18.108 | INFO     | __main__:main:123 -
##on train data## loss: 0.005777208948337745,
##on train data## rmse loss: 34.252842264657694, mae loss: 21.077875456568858, mape loss: 19.344813707748013
##on valid data## rmse loss: 34.965613515753496, mae loss: 21.34544877547694, mape loss: 19.351730067751774
  0%|          | 0/3065 [00:00<?, ?it/s]=====Epoch 96=====
Training...
100%|██████████| 3065/3065 [10:08<00:00,  5.04it/s]
  0%|          | 0/3065 [00:00<?, ?it/s]Evaluating...
100%|██████████| 3065/3065 [03:56<00:00, 12.95it/s]
100%|██████████| 437/437 [00:33<00:00, 12.96it/s]
2022-05-31 20:34:57.259 | INFO     | __main__:main:123 -
##on train data## loss: 0.00579222737189358,
##on train data## rmse loss: 33.946817743136485, mae loss: 20.86372448670728, mape loss: 19.796514211869745
##on valid data## rmse loss: 34.688049508450504, mae loss: 21.166029766440666, mape loss: 19.89740567021839
  0%|          | 0/3065 [00:00<?, ?it/s]=====Epoch 97=====
Training...
100%|██████████| 3065/3065 [10:08<00:00,  5.03it/s]
  0%|          | 0/3065 [00:00<?, ?it/s]Evaluating...
100%|██████████| 3065/3065 [03:56<00:00, 12.95it/s]
100%|██████████| 437/437 [00:33<00:00, 12.97it/s]
2022-05-31 20:49:36.437 | INFO     | __main__:main:123 -
##on train data## loss: 0.005780624236370669,
##on train data## rmse loss: 33.657007266568904, mae loss: 20.87905851273902, mape loss: 19.017589723791616
##on valid data## rmse loss: 34.377169161694, mae loss: 21.1591707989062, mape loss: 18.863878591791718
  0%|          | 0/3065 [00:00<?, ?it/s]=====Epoch 98=====
Training...
100%|██████████| 3065/3065 [10:18<00:00,  4.96it/s]
  0%|          | 0/3065 [00:00<?, ?it/s]Evaluating...
100%|██████████| 3065/3065 [04:05<00:00, 12.48it/s]
100%|██████████| 437/437 [00:33<00:00, 12.93it/s]
2022-05-31 21:04:34.145 | INFO     | __main__:main:123 -
##on train data## loss: 0.005793805735156876,
##on train data## rmse loss: 34.57902847650973, mae loss: 22.112110258043298, mape loss: 27.161697157541653
##on valid data## rmse loss: 35.38746492922715, mae loss: 22.420091177287855, mape loss: 27.021136254208585
  0%|          | 0/3065 [00:00<?, ?it/s]=====Epoch 99=====
Training...
100%|██████████| 3065/3065 [10:08<00:00,  5.04it/s]
  0%|          | 0/3065 [00:00<?, ?it/s]Evaluating...
100%|██████████| 3065/3065 [03:57<00:00, 12.92it/s]
100%|██████████| 437/437 [00:33<00:00, 12.95it/s]
2022-05-31 21:19:13.780 | INFO     | __main__:main:123 -
##on train data## loss: 0.0057904685096933734,
##on train data## rmse loss: 34.76043960484167, mae loss: 21.252405874491906, mape loss: 18.48647514889913
##on valid data## rmse loss: 35.43698641255464, mae loss: 21.523442517156187, mape loss: 18.624957969723358
  0%|          | 0/3065 [00:00<?, ?it/s]=====Epoch 100=====
Training...
100%|██████████| 3065/3065 [10:14<00:00,  4.98it/s]
  0%|          | 0/3065 [00:00<?, ?it/s]Evaluating...
100%|██████████| 3065/3065 [04:11<00:00, 12.20it/s]
100%|██████████| 437/437 [00:35<00:00, 12.21it/s]
2022-05-31 21:34:15.687 | INFO     | __main__:main:123 -
##on train data## loss: 0.005779170129010621,
##on train data## rmse loss: 33.81387813437432, mae loss: 20.75528194464828, mape loss: 17.939311886665095
##on valid data## rmse loss: 34.55317951612669, mae loss: 21.04705930574535, mape loss: 18.202671672918704
100%|██████████| 875/875 [01:11<00:00, 12.22it/s]
##on test data## rmse loss: 33.62777854156494, mae loss: 20.327584601266043, mape loss: 20.514243483969143
