2022-07-13 14:58:22.947 | INFO     | __main__:main:108 - {'remote': False, 'num_gpu': 0, 'epochs': 200, 'batch_size': 8, 'is_test': False, 'early_stop_patience': 15, 'filename': 'LondonHW_30', 'train_ratio': 0.7, 'valid_ratio': 0.1, 'his_length': 12, 'pred_length': 1, 'sigma1': 0.1, 'sigma2': 10, 'thres1': 0.6, 'thres2': 0.5, 'lr': 0.002, 'log': True}
average degree of spatial graph is 500.0
average degree of semantic graph is 21.733
=====Epoch 1=====
Training...
100%|██████████| 1532/1532 [05:18<00:00,  4.81it/s]
  0%|          | 0/1532 [00:00<?, ?it/s]Evaluating...
100%|██████████| 1532/1532 [02:02<00:00, 12.49it/s]
100%|██████████| 218/218 [00:17<00:00, 12.51it/s]
New best results!
2022-07-13 15:06:02.313 | INFO     | __main__:main:156 -
##on train data## loss: 0.11199339613435162,
##on train data## rmse loss: 97.5891713573167, mae loss: 63.70300994155924, mape loss: 36.497497073722414
##on valid data## rmse loss: 98.74467571503526, mae loss: 64.17564824305543, mape loss: 35.43012786417379
  0%|          | 0/1532 [00:00<?, ?it/s]=====Epoch 2=====
Training...
100%|██████████| 1532/1532 [05:11<00:00,  4.91it/s]
  0%|          | 0/1532 [00:00<?, ?it/s]Evaluating...
100%|██████████| 1532/1532 [02:02<00:00, 12.53it/s]
100%|██████████| 218/218 [00:17<00:00, 12.54it/s]
2022-07-13 15:13:33.736 | INFO     | __main__:main:156 -
##on train data## loss: 0.01211917052649122,
##on train data## rmse loss: 98.84151713219386, mae loss: 71.13235259242842, mape loss: 76.69601386787453
##on valid data## rmse loss: 99.97521146721796, mae loss: 71.33938308155865, mape loss: 74.13619222854255
  0%|          | 0/1532 [00:00<?, ?it/s]=====Epoch 3=====
Training...
100%|██████████| 1532/1532 [05:12<00:00,  4.91it/s]
  0%|          | 0/1532 [00:00<?, ?it/s]Evaluating...
100%|██████████| 1532/1532 [02:02<00:00, 12.46it/s]
100%|██████████| 218/218 [00:17<00:00, 12.33it/s]
New best results!
2022-07-13 15:21:06.469 | INFO     | __main__:main:156 -
##on train data## loss: 0.010873998381567064,
##on train data## rmse loss: 89.12362045158605, mae loss: 57.95345341505643, mape loss: 31.348065860258227
##on valid data## rmse loss: 91.05533433616708, mae loss: 59.259452802325605, mape loss: 31.04620421766688
  0%|          | 0/1532 [00:00<?, ?it/s]=====Epoch 4=====
Training...
100%|██████████| 1532/1532 [05:14<00:00,  4.88it/s]
  0%|          | 0/1532 [00:00<?, ?it/s]Evaluating...
100%|██████████| 1532/1532 [02:05<00:00, 12.25it/s]
100%|██████████| 218/218 [00:17<00:00, 12.29it/s]
2022-07-13 15:28:43.339 | INFO     | __main__:main:156 -
##on train data## loss: 0.009883012351617655,
##on train data## rmse loss: 104.24699611016415, mae loss: 82.83964545048248, mape loss: 73.93984748853015
##on valid data## rmse loss: 104.78844924366803, mae loss: 82.75580624921606, mape loss: 72.20762880570298
  0%|          | 0/1532 [00:00<?, ?it/s]=====Epoch 5=====
Training...
100%|██████████| 1532/1532 [05:14<00:00,  4.87it/s]
  0%|          | 0/1532 [00:00<?, ?it/s]Evaluating...
100%|██████████| 1532/1532 [02:04<00:00, 12.29it/s]
100%|██████████| 218/218 [00:17<00:00, 12.31it/s]
New best results!
2022-07-13 15:36:20.017 | INFO     | __main__:main:156 -
##on train data## loss: 0.009471459414988668,
##on train data## rmse loss: 83.40064859016758, mae loss: 55.38562079198056, mape loss: 33.06051086702484
##on valid data## rmse loss: 84.97574534984903, mae loss: 56.28490311508879, mape loss: 32.84638324803716
  0%|          | 0/1532 [00:00<?, ?it/s]=====Epoch 6=====
Training...
100%|██████████| 1532/1532 [05:14<00:00,  4.87it/s]
  0%|          | 0/1532 [00:00<?, ?it/s]Evaluating...
100%|██████████| 1532/1532 [02:04<00:00, 12.28it/s]
100%|██████████| 218/218 [00:17<00:00, 12.33it/s]
2022-07-13 15:43:56.679 | INFO     | __main__:main:156 -
##on train data## loss: 0.008529199601738292,
##on train data## rmse loss: 89.40859891478138, mae loss: 67.92009637747981, mape loss: 55.13513282661183
##on valid data## rmse loss: 89.80460175680459, mae loss: 67.67894757122075, mape loss: 53.24760053751119
  0%|          | 0/1532 [00:00<?, ?it/s]=====Epoch 7=====
Training...
100%|██████████| 1532/1532 [05:14<00:00,  4.88it/s]
  0%|          | 0/1532 [00:00<?, ?it/s]Evaluating...
100%|██████████| 1532/1532 [02:04<00:00, 12.28it/s]
100%|██████████| 218/218 [00:17<00:00, 12.33it/s]
New best results!
2022-07-13 15:51:33.431 | INFO     | __main__:main:156 -
##on train data## loss: 0.008138875967069765,
##on train data## rmse loss: 79.14312987414726, mae loss: 51.780452784296735, mape loss: 23.218138335034368
##on valid data## rmse loss: 80.31538350866475, mae loss: 52.48852635304862, mape loss: 22.76453279437275
  0%|          | 0/1532 [00:00<?, ?it/s]=====Epoch 8=====
Training...
100%|██████████| 1532/1532 [05:14<00:00,  4.87it/s]
  0%|          | 0/1532 [00:00<?, ?it/s]Evaluating...
100%|██████████| 1532/1532 [02:04<00:00, 12.28it/s]
100%|██████████| 218/218 [00:17<00:00, 12.31it/s]
2022-07-13 15:59:10.187 | INFO     | __main__:main:156 -
##on train data## loss: 0.008073098845682629,
##on train data## rmse loss: 84.69194503365858, mae loss: 57.57952451581432, mape loss: 30.592896374472595
##on valid data## rmse loss: 86.014052784771, mae loss: 58.35323925193297, mape loss: 30.518776243296237
  0%|          | 0/1532 [00:00<?, ?it/s]=====Epoch 9=====
Training...
100%|██████████| 1532/1532 [05:14<00:00,  4.88it/s]
  0%|          | 0/1532 [00:00<?, ?it/s]Evaluating...
100%|██████████| 1532/1532 [02:04<00:00, 12.29it/s]
100%|██████████| 218/218 [00:17<00:00, 12.32it/s]
New best results!
2022-07-13 16:06:46.827 | INFO     | __main__:main:156 -
##on train data## loss: 0.007743785531210225,
##on train data## rmse loss: 72.21630131544705, mae loss: 44.35045281029245, mape loss: 18.219140345138296
##on valid data## rmse loss: 73.64441173448475, mae loss: 44.99411183103509, mape loss: 17.91620059707843
  0%|          | 0/1532 [00:00<?, ?it/s]=====Epoch 10=====
Training...
100%|██████████| 1532/1532 [05:14<00:00,  4.88it/s]
  0%|          | 0/1532 [00:00<?, ?it/s]Evaluating...
100%|██████████| 1532/1532 [02:04<00:00, 12.28it/s]
100%|██████████| 218/218 [00:17<00:00, 12.30it/s]
2022-07-13 16:14:23.505 | INFO     | __main__:main:156 -
##on train data## loss: 0.007578145197863805,
##on train data## rmse loss: 74.65998435456198, mae loss: 47.765415919978686, mape loss: 23.22225301057178
##on valid data## rmse loss: 76.05395376572915, mae loss: 48.58711831504052, mape loss: 22.97821808777271
  0%|          | 0/1532 [00:00<?, ?it/s]=====Epoch 11=====
Training...
100%|██████████| 1532/1532 [05:14<00:00,  4.87it/s]
  0%|          | 0/1532 [00:00<?, ?it/s]Evaluating...
100%|██████████| 1532/1532 [02:04<00:00, 12.29it/s]
100%|██████████| 218/218 [00:17<00:00, 12.31it/s]
2022-07-13 16:22:00.213 | INFO     | __main__:main:156 -
##on train data## loss: 0.007270912586908311,
##on train data## rmse loss: 72.40679198830308, mae loss: 44.86420625930666, mape loss: 21.063426574181484
##on valid data## rmse loss: 73.88481476110056, mae loss: 45.45563855302443, mape loss: 20.89560815227141
  0%|          | 0/1532 [00:00<?, ?it/s]=====Epoch 12=====
Training...
100%|██████████| 1532/1532 [05:14<00:00,  4.87it/s]
  0%|          | 0/1532 [00:00<?, ?it/s]Evaluating...
100%|██████████| 1532/1532 [02:04<00:00, 12.28it/s]
100%|██████████| 218/218 [00:17<00:00, 12.33it/s]
2022-07-13 16:29:36.918 | INFO     | __main__:main:156 -
##on train data## loss: 0.007301542521016696,
##on train data## rmse loss: 73.99972590702943, mae loss: 46.05254464361126, mape loss: 21.07799702443124
##on valid data## rmse loss: 75.53182257206068, mae loss: 46.729072815781336, mape loss: 20.47263336359361
  0%|          | 0/1532 [00:00<?, ?it/s]=====Epoch 13=====
Training...
100%|██████████| 1532/1532 [05:14<00:00,  4.87it/s]
  0%|          | 0/1532 [00:00<?, ?it/s]Evaluating...
100%|██████████| 1532/1532 [02:04<00:00, 12.28it/s]
100%|██████████| 218/218 [00:17<00:00, 12.30it/s]
2022-07-13 16:37:13.816 | INFO     | __main__:main:156 -
##on train data## loss: 0.007175452657595311,
##on train data## rmse loss: 72.67706551813271, mae loss: 47.54164744045965, mape loss: 32.35625630444008
##on valid data## rmse loss: 74.00994824050764, mae loss: 47.89399214403345, mape loss: 31.48652323000475
  0%|          | 0/1532 [00:00<?, ?it/s]=====Epoch 14=====
Training...
100%|██████████| 1532/1532 [05:14<00:00,  4.88it/s]
  0%|          | 0/1532 [00:00<?, ?it/s]Evaluating...
100%|██████████| 1532/1532 [02:04<00:00, 12.28it/s]
100%|██████████| 218/218 [00:17<00:00, 12.28it/s]
2022-07-13 16:44:50.596 | INFO     | __main__:main:156 -
##on train data## loss: 0.00704139480157573,
##on train data## rmse loss: 74.08349235375307, mae loss: 48.35475382169918, mape loss: 25.943115201362897
##on valid data## rmse loss: 75.69476020882983, mae loss: 49.258615633763306, mape loss: 25.71046132286754
  0%|          | 0/1532 [00:00<?, ?it/s]=====Epoch 15=====
Training...
100%|██████████| 1532/1532 [05:14<00:00,  4.87it/s]
  0%|          | 0/1532 [00:00<?, ?it/s]Evaluating...
100%|██████████| 1532/1532 [02:04<00:00, 12.28it/s]
100%|██████████| 218/218 [00:17<00:00, 12.30it/s]
2022-07-13 16:52:27.311 | INFO     | __main__:main:156 -
##on train data## loss: 0.006958643947688464,
##on train data## rmse loss: 73.5769748662844, mae loss: 49.48606824003374, mape loss: 37.16181112847269
##on valid data## rmse loss: 74.89836552821168, mae loss: 49.78013360609702, mape loss: 36.49948092707253
  0%|          | 0/1532 [00:00<?, ?it/s]=====Epoch 16=====
Training...
100%|██████████| 1532/1532 [05:14<00:00,  4.87it/s]
  0%|          | 0/1532 [00:00<?, ?it/s]Evaluating...
100%|██████████| 1532/1532 [02:04<00:00, 12.28it/s]
100%|██████████| 218/218 [00:17<00:00, 12.28it/s]
New best results!
2022-07-13 17:00:04.099 | INFO     | __main__:main:156 -
##on train data## loss: 0.0068812149269998745,
##on train data## rmse loss: 71.45148652278412, mae loss: 46.92379674463297, mape loss: 30.630080484573586
##on valid data## rmse loss: 72.84997425604304, mae loss: 47.33683062912127, mape loss: 30.12221038614938
  0%|          | 0/1532 [00:00<?, ?it/s]=====Epoch 17=====
Training...
100%|██████████| 1532/1532 [05:14<00:00,  4.88it/s]
  0%|          | 0/1532 [00:00<?, ?it/s]Evaluating...
100%|██████████| 1532/1532 [02:04<00:00, 12.28it/s]
100%|██████████| 218/218 [00:17<00:00, 12.32it/s]
New best results!
2022-07-13 17:07:40.721 | INFO     | __main__:main:156 -
##on train data## loss: 0.006883290942816682,
##on train data## rmse loss: 70.21217734135162, mae loss: 43.426150756467415, mape loss: 18.83892608616822
##on valid data## rmse loss: 71.66419043234728, mae loss: 44.195730305592946, mape loss: 19.079861721587836
  0%|          | 0/1532 [00:00<?, ?it/s]=====Epoch 18=====
Training...
100%|██████████| 1532/1532 [05:14<00:00,  4.87it/s]
  0%|          | 0/1532 [00:00<?, ?it/s]Evaluating...
100%|██████████| 1532/1532 [02:04<00:00, 12.27it/s]
100%|██████████| 218/218 [00:17<00:00, 12.27it/s]
2022-07-13 17:15:17.602 | INFO     | __main__:main:156 -
##on train data## loss: 0.006660835101030884,
##on train data## rmse loss: 71.5667284499883, mae loss: 46.21537548070165, mape loss: 26.519156116068206
##on valid data## rmse loss: 73.09049436586713, mae loss: 47.0372541847579, mape loss: 26.25642725087087
  0%|          | 0/1532 [00:00<?, ?it/s]=====Epoch 19=====
Training...
100%|██████████| 1532/1532 [05:14<00:00,  4.88it/s]
  0%|          | 0/1532 [00:00<?, ?it/s]Evaluating...
100%|██████████| 1532/1532 [02:04<00:00, 12.27it/s]
100%|██████████| 218/218 [00:17<00:00, 12.31it/s]
New best results!
2022-07-13 17:22:54.322 | INFO     | __main__:main:156 -
##on train data## loss: 0.006603747997469422,
##on train data## rmse loss: 70.40939129612775, mae loss: 44.221563665424874, mape loss: 20.838269957538216
##on valid data## rmse loss: 71.38783302657102, mae loss: 44.54606196202269, mape loss: 21.0552258126506
  0%|          | 0/1532 [00:00<?, ?it/s]=====Epoch 20=====
Training...
100%|██████████| 1532/1532 [05:14<00:00,  4.88it/s]
  0%|          | 0/1532 [00:00<?, ?it/s]Evaluating...
100%|██████████| 1532/1532 [02:04<00:00, 12.28it/s]
100%|██████████| 218/218 [00:17<00:00, 12.30it/s]
2022-07-13 17:30:31.026 | INFO     | __main__:main:156 -
##on train data## loss: 0.006529911664556518,
##on train data## rmse loss: 71.1512000205934, mae loss: 46.91950058501321, mape loss: 31.773590593168382
##on valid data## rmse loss: 72.50069336497455, mae loss: 47.39504710031212, mape loss: 31.278776794398595
  0%|          | 0/1532 [00:00<?, ?it/s]=====Epoch 21=====
Training...
100%|██████████| 1532/1532 [05:14<00:00,  4.88it/s]
  0%|          | 0/1532 [00:00<?, ?it/s]Evaluating...
100%|██████████| 1532/1532 [02:04<00:00, 12.27it/s]
100%|██████████| 218/218 [00:17<00:00, 12.31it/s]
2022-07-13 17:38:07.759 | INFO     | __main__:main:156 -
##on train data## loss: 0.006541884415503348,
##on train data## rmse loss: 72.06670303444326, mae loss: 45.43099494142258, mape loss: 25.152626588901715
##on valid data## rmse loss: 73.73088642435336, mae loss: 46.19712783218524, mape loss: 25.243964695602383
  0%|          | 0/1532 [00:00<?, ?it/s]=====Epoch 22=====
Training...
100%|██████████| 1532/1532 [05:14<00:00,  4.87it/s]
  0%|          | 0/1532 [00:00<?, ?it/s]Evaluating...
100%|██████████| 1532/1532 [02:04<00:00, 12.26it/s]
100%|██████████| 218/218 [00:17<00:00, 12.31it/s]
2022-07-13 17:45:44.693 | INFO     | __main__:main:156 -
##on train data## loss: 0.006471160833763965,
##on train data## rmse loss: 70.61167237901812, mae loss: 43.88232604392826, mape loss: 19.60160171214306
##on valid data## rmse loss: 72.12480942262422, mae loss: 44.49900259665393, mape loss: 19.856506538227062
  0%|          | 0/1532 [00:00<?, ?it/s]=====Epoch 23=====
Training...
100%|██████████| 1532/1532 [05:14<00:00,  4.87it/s]
  0%|          | 0/1532 [00:00<?, ?it/s]Evaluating...
100%|██████████| 1532/1532 [02:04<00:00, 12.28it/s]
100%|██████████| 218/218 [00:17<00:00, 12.28it/s]
2022-07-13 17:53:21.510 | INFO     | __main__:main:156 -
##on train data## loss: 0.0064248632475206085,
##on train data## rmse loss: 70.18704595391495, mae loss: 43.3015706981131, mape loss: 17.791107944492495
##on valid data## rmse loss: 71.91024453049405, mae loss: 44.08328723907471, mape loss: 17.9885442992416
  0%|          | 0/1532 [00:00<?, ?it/s]=====Epoch 24=====
Training...
100%|██████████| 1532/1532 [05:14<00:00,  4.87it/s]
  0%|          | 0/1532 [00:00<?, ?it/s]Evaluating...
100%|██████████| 1532/1532 [02:04<00:00, 12.27it/s]
100%|██████████| 218/218 [00:17<00:00, 12.30it/s]
2022-07-13 18:00:58.322 | INFO     | __main__:main:156 -
##on train data## loss: 0.006380448528953315,
##on train data## rmse loss: 73.98608948978992, mae loss: 46.43003387675273, mape loss: 19.807113328214257
##on valid data## rmse loss: 75.20388496468921, mae loss: 46.979597056677584, mape loss: 20.06917003234592
  0%|          | 0/1532 [00:00<?, ?it/s]=====Epoch 25=====
Training...
100%|██████████| 1532/1532 [05:14<00:00,  4.87it/s]
  0%|          | 0/1532 [00:00<?, ?it/s]Evaluating...
100%|██████████| 1532/1532 [02:04<00:00, 12.27it/s]
100%|██████████| 218/218 [00:17<00:00, 12.30it/s]
New best results!
2022-07-13 18:08:35.227 | INFO     | __main__:main:156 -
##on train data## loss: 0.006286159905789824,
##on train data## rmse loss: 68.60394975099489, mae loss: 42.258933698539636, mape loss: 20.121075958986196
##on valid data## rmse loss: 70.15801914460069, mae loss: 42.78021793190492, mape loss: 20.05571775616856
  0%|          | 0/1532 [00:00<?, ?it/s]=====Epoch 26=====
Training...
100%|██████████| 1532/1532 [05:14<00:00,  4.88it/s]
  0%|          | 0/1532 [00:00<?, ?it/s]Evaluating...
100%|██████████| 1532/1532 [02:04<00:00, 12.28it/s]
100%|██████████| 218/218 [00:17<00:00, 12.30it/s]
2022-07-13 18:16:11.973 | INFO     | __main__:main:156 -
##on train data## loss: 0.0063353426573316595,
##on train data## rmse loss: 77.18700831490459, mae loss: 50.00456790201969, mape loss: 27.327989010193797
##on valid data## rmse loss: 78.07361863512511, mae loss: 50.316601726986946, mape loss: 26.881054655537692
  0%|          | 0/1532 [00:00<?, ?it/s]=====Epoch 27=====
Training...
100%|██████████| 1532/1532 [05:14<00:00,  4.87it/s]
  0%|          | 0/1532 [00:00<?, ?it/s]Evaluating...
100%|██████████| 1532/1532 [02:04<00:00, 12.29it/s]
100%|██████████| 218/218 [00:17<00:00, 12.31it/s]
2022-07-13 18:23:48.771 | INFO     | __main__:main:156 -
##on train data## loss: 0.006347003607316473,
##on train data## rmse loss: 70.51698031064424, mae loss: 43.38971772953362, mape loss: 17.849049153044703
##on valid data## rmse loss: 72.17887099729765, mae loss: 44.20153941583196, mape loss: 17.91434615098555
  0%|          | 0/1532 [00:00<?, ?it/s]=====Epoch 28=====
Training...
100%|██████████| 1532/1532 [05:08<00:00,  4.96it/s]
  0%|          | 0/1532 [00:00<?, ?it/s]Evaluating...
100%|██████████| 1532/1532 [02:00<00:00, 12.76it/s]
100%|██████████| 218/218 [00:17<00:00, 12.76it/s]
2022-07-13 18:31:14.625 | INFO     | __main__:main:156 -
##on train data## loss: 0.0063233518357177125,
##on train data## rmse loss: 70.7485003359324, mae loss: 44.83408765693246, mape loss: 23.2089819459551
##on valid data## rmse loss: 71.81281415256885, mae loss: 45.09834974621414, mape loss: 23.18158669892801
  0%|          | 0/1532 [00:00<?, ?it/s]=====Epoch 29=====
Training...
100%|██████████| 1532/1532 [05:06<00:00,  4.99it/s]
  0%|          | 0/1532 [00:00<?, ?it/s]Evaluating...
100%|██████████| 1532/1532 [02:00<00:00, 12.67it/s]
100%|██████████| 218/218 [00:17<00:00, 12.67it/s]
2022-07-13 18:38:39.757 | INFO     | __main__:main:156 -
##on train data## loss: 0.0062413003078939065,
##on train data## rmse loss: 69.89795749305745, mae loss: 45.83545602644081, mape loss: 29.0371240897216
##on valid data## rmse loss: 71.40245967829993, mae loss: 46.48332867053671, mape loss: 28.481316716845978
  0%|          | 0/1532 [00:00<?, ?it/s]=====Epoch 30=====
Training...
100%|██████████| 1532/1532 [05:06<00:00,  5.00it/s]
  0%|          | 0/1532 [00:00<?, ?it/s]Evaluating...
100%|██████████| 1532/1532 [01:59<00:00, 12.79it/s]
100%|██████████| 218/218 [00:17<00:00, 12.82it/s]
2022-07-13 18:46:02.838 | INFO     | __main__:main:156 -
##on train data## loss: 0.006243272563919799,
##on train data## rmse loss: 70.31420353623034, mae loss: 45.46558267578444, mape loss: 24.717923116629493
##on valid data## rmse loss: 72.22847329585925, mae loss: 46.47582754957567, mape loss: 24.61337856264836
  0%|          | 0/1532 [00:00<?, ?it/s]=====Epoch 31=====
Training...
100%|██████████| 1532/1532 [05:06<00:00,  4.99it/s]
  0%|          | 0/1532 [00:00<?, ?it/s]Evaluating...
100%|██████████| 1532/1532 [01:59<00:00, 12.77it/s]
100%|██████████| 218/218 [00:17<00:00, 12.78it/s]
New best results!
2022-07-13 18:53:26.621 | INFO     | __main__:main:156 -
##on train data## loss: 0.0062185131854896845,
##on train data## rmse loss: 68.15143860600324, mae loss: 41.592680492849325, mape loss: 18.62131358360186
##on valid data## rmse loss: 69.81054570259305, mae loss: 42.31359053970477, mape loss: 18.724614251917654
  0%|          | 0/1532 [00:00<?, ?it/s]=====Epoch 32=====
Training...
100%|██████████| 1532/1532 [05:06<00:00,  4.99it/s]
  0%|          | 0/1532 [00:00<?, ?it/s]Evaluating...
100%|██████████| 1532/1532 [01:59<00:00, 12.78it/s]
100%|██████████| 218/218 [00:17<00:00, 12.78it/s]
2022-07-13 19:00:50.349 | INFO     | __main__:main:156 -
##on train data## loss: 0.006180932007787151,
##on train data## rmse loss: 69.34696280925144, mae loss: 45.53499806207403, mape loss: 29.227254817422782
##on valid data## rmse loss: 71.08812874610271, mae loss: 46.246462445740306, mape loss: 28.951767271538394
  0%|          | 0/1532 [00:00<?, ?it/s]=====Epoch 33=====
Training...
100%|██████████| 1532/1532 [05:06<00:00,  4.99it/s]
  0%|          | 0/1532 [00:00<?, ?it/s]Evaluating...
100%|██████████| 1532/1532 [02:00<00:00, 12.75it/s]
100%|██████████| 218/218 [00:17<00:00, 12.76it/s]
New best results!
2022-07-13 19:08:14.421 | INFO     | __main__:main:156 -
##on train data## loss: 0.006166481094172847,
##on train data## rmse loss: 66.82885109724637, mae loss: 40.874099121392554, mape loss: 18.217876240825063
##on valid data## rmse loss: 68.73352278263197, mae loss: 41.71525424117342, mape loss: 18.27551892386117
  0%|          | 0/1532 [00:00<?, ?it/s]=====Epoch 34=====
Training...
100%|██████████| 1532/1532 [05:07<00:00,  4.98it/s]
  0%|          | 0/1532 [00:00<?, ?it/s]Evaluating...
100%|██████████| 1532/1532 [02:00<00:00, 12.74it/s]
100%|██████████| 218/218 [00:17<00:00, 12.72it/s]
2022-07-13 19:15:39.173 | INFO     | __main__:main:156 -
##on train data## loss: 0.006140692645787838,
##on train data## rmse loss: 69.20388989411197, mae loss: 45.31625609360538, mape loss: 30.5237902440228
##on valid data## rmse loss: 70.88857206292109, mae loss: 46.08899928451678, mape loss: 30.145888109136067
  0%|          | 0/1532 [00:00<?, ?it/s]=====Epoch 35=====
Training...
100%|██████████| 1532/1532 [05:07<00:00,  4.98it/s]
  0%|          | 0/1532 [00:00<?, ?it/s]Evaluating...
100%|██████████| 1532/1532 [02:00<00:00, 12.75it/s]
100%|██████████| 218/218 [00:17<00:00, 12.78it/s]
2022-07-13 19:23:04.319 | INFO     | __main__:main:156 -
##on train data## loss: 0.0062246675633183405,
##on train data## rmse loss: 71.10530539779066, mae loss: 47.207345237931136, mape loss: 34.98773820474549
##on valid data## rmse loss: 72.9623659991343, mae loss: 47.84888022536531, mape loss: 34.05963816432231
  0%|          | 0/1532 [00:00<?, ?it/s]=====Epoch 36=====
Training...
100%|██████████| 1532/1532 [05:07<00:00,  4.97it/s]
  0%|          | 0/1532 [00:00<?, ?it/s]Evaluating...
100%|██████████| 1532/1532 [02:00<00:00, 12.76it/s]
100%|██████████| 218/218 [00:17<00:00, 12.79it/s]
2022-07-13 19:30:29.386 | INFO     | __main__:main:156 -
##on train data## loss: 0.006143572436072365,
##on train data## rmse loss: 70.25304406118767, mae loss: 47.80117726139238, mape loss: 39.39640329902695
##on valid data## rmse loss: 71.82267397259353, mae loss: 48.20277429283212, mape loss: 38.62283684039881
  0%|          | 0/1532 [00:00<?, ?it/s]=====Epoch 37=====
Training...
100%|██████████| 1532/1532 [05:07<00:00,  4.98it/s]
  0%|          | 0/1532 [00:00<?, ?it/s]Evaluating...
100%|██████████| 1532/1532 [02:00<00:00, 12.73it/s]
100%|██████████| 218/218 [00:17<00:00, 12.77it/s]
2022-07-13 19:37:54.269 | INFO     | __main__:main:156 -
##on train data## loss: 0.006083328446024401,
##on train data## rmse loss: 71.05520131880559, mae loss: 45.22320494390343, mape loss: 21.937533866312577
##on valid data## rmse loss: 72.57147575518407, mae loss: 45.90365755448648, mape loss: 21.673501009514574
  0%|          | 0/1532 [00:00<?, ?it/s]=====Epoch 38=====
Training...
100%|██████████| 1532/1532 [05:07<00:00,  4.99it/s]
  0%|          | 0/1532 [00:00<?, ?it/s]Evaluating...
100%|██████████| 1532/1532 [02:00<00:00, 12.75it/s]
100%|██████████| 218/218 [00:17<00:00, 12.78it/s]
2022-07-13 19:45:18.778 | INFO     | __main__:main:156 -
##on train data## loss: 0.006175191617204854,
##on train data## rmse loss: 68.95170559397566, mae loss: 44.136362641038225, mape loss: 27.134389393323396
##on valid data## rmse loss: 70.43545568973646, mae loss: 44.7473125982722, mape loss: 26.792706162967814
  0%|          | 0/1532 [00:00<?, ?it/s]=====Epoch 39=====
Training...
100%|██████████| 1532/1532 [05:07<00:00,  4.99it/s]
  0%|          | 0/1532 [00:00<?, ?it/s]Evaluating...
100%|██████████| 1532/1532 [02:00<00:00, 12.74it/s]
100%|██████████| 218/218 [00:17<00:00, 12.78it/s]
2022-07-13 19:52:43.280 | INFO     | __main__:main:156 -
##on train data## loss: 0.006084508392516057,
##on train data## rmse loss: 68.29809597453622, mae loss: 42.64966812457491, mape loss: 19.66920837701612
##on valid data## rmse loss: 70.04814518919778, mae loss: 43.47963157268839, mape loss: 19.617913078961024
  0%|          | 0/1532 [00:00<?, ?it/s]=====Epoch 40=====
Training...
100%|██████████| 1532/1532 [05:06<00:00,  4.99it/s]
  0%|          | 0/1532 [00:00<?, ?it/s]Evaluating...
100%|██████████| 1532/1532 [01:59<00:00, 12.79it/s]
100%|██████████| 218/218 [00:17<00:00, 12.80it/s]
2022-07-13 20:00:07.068 | INFO     | __main__:main:156 -
##on train data## loss: 0.006105017644130107,
##on train data## rmse loss: 67.44012261433016, mae loss: 41.28698606092687, mape loss: 18.13691496756657
##on valid data## rmse loss: 69.00353841169165, mae loss: 41.942660226734404, mape loss: 18.103161095342504
  0%|          | 0/1532 [00:00<?, ?it/s]=====Epoch 41=====
Training...
100%|██████████| 1532/1532 [05:06<00:00,  4.99it/s]
  0%|          | 0/1532 [00:00<?, ?it/s]Evaluating...
100%|██████████| 1532/1532 [02:00<00:00, 12.76it/s]
100%|██████████| 218/218 [00:17<00:00, 12.79it/s]
2022-07-13 20:07:31.108 | INFO     | __main__:main:156 -
##on train data## loss: 0.00603236868807635,
##on train data## rmse loss: 69.3894621622469, mae loss: 44.024410124547174, mape loss: 21.91208655393972
##on valid data## rmse loss: 71.34800113013031, mae loss: 45.01246685938004, mape loss: 22.220955942885592
  0%|          | 0/1532 [00:00<?, ?it/s]=====Epoch 42=====
Training...
100%|██████████| 1532/1532 [05:06<00:00,  4.99it/s]
  0%|          | 0/1532 [00:00<?, ?it/s]Evaluating...
100%|██████████| 1532/1532 [02:00<00:00, 12.76it/s]
100%|██████████| 218/218 [00:17<00:00, 12.81it/s]
2022-07-13 20:14:54.941 | INFO     | __main__:main:156 -
##on train data## loss: 0.006068894020907882,
##on train data## rmse loss: 71.02458013131164, mae loss: 44.63092213946908, mape loss: 20.075020142988965
##on valid data## rmse loss: 72.67896552479596, mae loss: 45.43007855896556, mape loss: 20.1440332064388
  0%|          | 0/1532 [00:00<?, ?it/s]=====Epoch 43=====
Training...
100%|██████████| 1532/1532 [05:06<00:00,  4.99it/s]
  0%|          | 0/1532 [00:00<?, ?it/s]Evaluating...
100%|██████████| 1532/1532 [02:00<00:00, 12.74it/s]
100%|██████████| 218/218 [00:17<00:00, 12.77it/s]
2022-07-13 20:22:19.141 | INFO     | __main__:main:156 -
##on train data## loss: 0.006009515912977823,
##on train data## rmse loss: 67.21301772015525, mae loss: 42.054954800219825, mape loss: 23.44875191788216
##on valid data## rmse loss: 68.74875124660107, mae loss: 42.587371791174654, mape loss: 23.340440609859765
  0%|          | 0/1532 [00:00<?, ?it/s]=====Epoch 44=====
Training...
100%|██████████| 1532/1532 [05:06<00:00,  4.99it/s]
  0%|          | 0/1532 [00:00<?, ?it/s]Evaluating...
100%|██████████| 1532/1532 [02:00<00:00, 12.76it/s]
100%|██████████| 218/218 [00:17<00:00, 12.81it/s]
2022-07-13 20:29:43.168 | INFO     | __main__:main:156 -
##on train data## loss: 0.00598586814357369,
##on train data## rmse loss: 69.32486152648926, mae loss: 44.32689214312999, mape loss: 22.66565184728984
##on valid data## rmse loss: 71.10006523132324, mae loss: 45.130040300001795, mape loss: 22.44817123773995
  0%|          | 0/1532 [00:00<?, ?it/s]=====Epoch 45=====
Training...
100%|██████████| 1532/1532 [05:06<00:00,  4.99it/s]
  0%|          | 0/1532 [00:00<?, ?it/s]Evaluating...
100%|██████████| 1532/1532 [02:00<00:00, 12.76it/s]
100%|██████████| 218/218 [00:17<00:00, 12.77it/s]
2022-07-13 20:37:07.224 | INFO     | __main__:main:156 -
##on train data## loss: 0.00603436706596791,
##on train data## rmse loss: 67.52760952633292, mae loss: 41.768336669583235, mape loss: 20.24825854037278
##on valid data## rmse loss: 69.34017919837882, mae loss: 42.484534079875424, mape loss: 20.30474038094009
  0%|          | 0/1532 [00:00<?, ?it/s]=====Epoch 46=====
Training...
100%|██████████| 1532/1532 [05:06<00:00,  4.99it/s]
  0%|          | 0/1532 [00:00<?, ?it/s]Evaluating...
100%|██████████| 1532/1532 [02:00<00:00, 12.75it/s]
100%|██████████| 218/218 [00:17<00:00, 12.79it/s]
2022-07-13 20:44:31.343 | INFO     | __main__:main:156 -
##on train data## loss: 0.006024335413990669,
##on train data## rmse loss: 67.75744783784951, mae loss: 41.945931630097235, mape loss: 22.354640607909342
##on valid data## rmse loss: 69.53475054469678, mae loss: 42.69697714289394, mape loss: 22.00103809185531
  0%|          | 0/1532 [00:00<?, ?it/s]=====Epoch 47=====
Training...
100%|██████████| 1532/1532 [05:07<00:00,  4.99it/s]
  0%|          | 0/1532 [00:00<?, ?it/s]Evaluating...
100%|██████████| 1532/1532 [02:00<00:00, 12.76it/s]
100%|██████████| 218/218 [00:17<00:00, 12.78it/s]
2022-07-13 20:51:55.612 | INFO     | __main__:main:156 -
##on train data## loss: 0.005998888846934231,
##on train data## rmse loss: 67.70534457239096, mae loss: 41.92462217216392, mape loss: 18.952433850042347
##on valid data## rmse loss: 69.49000505569877, mae loss: 42.71096514780587, mape loss: 19.095492429621174
  0%|          | 0/1532 [00:00<?, ?it/s]=====Epoch 48=====
Training...
100%|██████████| 1532/1532 [05:07<00:00,  4.98it/s]
  0%|          | 0/1532 [00:00<?, ?it/s]Evaluating...
100%|██████████| 1532/1532 [02:00<00:00, 12.76it/s]
100%|██████████| 218/218 [00:17<00:00, 12.76it/s]
2022-07-13 20:59:20.183 | INFO     | __main__:main:156 -
##on train data## loss: 0.00603260983170105,
##on train data## rmse loss: 67.57780315857332, mae loss: 41.59733842745151, mape loss: 19.287351988664494
##on valid data## rmse loss: 69.46580165898034, mae loss: 42.39999357276007, mape loss: 19.1156943832789
  0%|          | 0/1532 [00:00<?, ?it/s]=====Epoch 49=====
Training...
100%|██████████| 1532/1532 [05:07<00:00,  4.98it/s]
  0%|          | 0/1532 [00:00<?, ?it/s]Evaluating...
100%|██████████| 1532/1532 [02:00<00:00, 12.74it/s]
100%|██████████| 218/218 [00:17<00:00, 12.74it/s]
2022-07-13 21:06:44.907 | INFO     | __main__:main:156 -
##on train data## loss: 0.0059636766261204725,
##on train data## rmse loss: 69.15718203113845, mae loss: 45.025582958450514, mape loss: 33.32572144847704
##on valid data## rmse loss: 71.13585960318188, mae loss: 45.74203365220936, mape loss: 32.734419217486995
100%|██████████| 437/437 [00:34<00:00, 12.75it/s]
pred shape: (3493, 1000, 1); true shape: (3493, 1000, 1)
##on test data## rmse loss: 68.50491174134837, mae loss: 41.441839292338564, mape loss: 19.630958077666143
