2022-04-23 00:44: Experiment log path in: ../runs\ManchesterHW_30\04-23-00h44m_ManchesterHW_30_GCDE_type1_embed{10}hid{128}hidhid{128}lyrs{3}lr{0.001}wd{0.001}
2022-04-23 00:44: Argument batch_size: 16
2022-04-23 00:44: Argument cheb_k: 2
2022-04-23 00:44: Argument column_wise: False
2022-04-23 00:44: Argument comment: ''
2022-04-23 00:44: Argument cuda: True
2022-04-23 00:44: Argument dataset: 'ManchesterHW_30'
2022-04-23 00:44: Argument debug: False
2022-04-23 00:44: Argument default_graph: True
2022-04-23 00:44: Argument device: 0
2022-04-23 00:44: Argument early_stop: True
2022-04-23 00:44: Argument early_stop_patience: 15
2022-04-23 00:44: Argument embed_dim: 10
2022-04-23 00:44: Argument epochs: 200
2022-04-23 00:44: Argument g_type: 'agc'
2022-04-23 00:44: Argument grad_norm: False
2022-04-23 00:44: Argument hid_dim: 128
2022-04-23 00:44: Argument hid_hid_dim: 128
2022-04-23 00:44: Argument horizon: 1
2022-04-23 00:44: Argument input_dim: 2
2022-04-23 00:44: Argument lag: 12
2022-04-23 00:44: Argument log_dir: '../runs\\ManchesterHW_30\\04-23-00h44m_ManchesterHW_30_GCDE_type1_embed{10}hid{128}hidhid{128}lyrs{3}lr{0.001}wd{0.001}'
2022-04-23 00:44: Argument log_step: 20
2022-04-23 00:44: Argument loss_func: 'mae'
2022-04-23 00:44: Argument lr_decay: False
2022-04-23 00:44: Argument lr_decay_rate: 0.3
2022-04-23 00:44: Argument lr_decay_step: '10,40,80,140'
2022-04-23 00:44: Argument lr_init: 0.001
2022-04-23 00:44: Argument mae_thresh: None
2022-04-23 00:44: Argument mape_thresh: 0.0
2022-04-23 00:44: Argument max_grad_norm: 5
2022-04-23 00:44: Argument missing_rate: 0.1
2022-04-23 00:44: Argument missing_test: False
2022-04-23 00:44: Argument mode: 'train'
2022-04-23 00:44: Argument model: 'GCDE'
2022-04-23 00:44: Argument model_path: ''
2022-04-23 00:44: Argument model_type: 'type1'
2022-04-23 00:44: Argument normalizer: 'std'
2022-04-23 00:44: Argument num_layers: 3
2022-04-23 00:44: Argument num_nodes: 1000
2022-04-23 00:44: Argument output_dim: 1
2022-04-23 00:44: Argument plot: False
2022-04-23 00:44: Argument real_value: True
2022-04-23 00:44: Argument seed: 10
2022-04-23 00:44: Argument solver: 'rk4'
2022-04-23 00:44: Argument teacher_forcing: False
2022-04-23 00:44: Argument tensorboard: False
2022-04-23 00:44: Argument test_ratio: 0.2
2022-04-23 00:44: Argument tod: False
2022-04-23 00:44: Argument val_ratio: 0.1
2022-04-23 00:44: Argument weight_decay: 0.001
2022-04-23 00:44: NeuralGCDE(
  (func_f): FinalTanh_f(
    input_channels: 2, hidden_channels: 128, hidden_hidden_channels: 128, num_hidden_layers: 3
    (linear_in): Linear(in_features=128, out_features=128, bias=True)
    (linears): ModuleList(
      (0): Linear(in_features=128, out_features=128, bias=True)
      (1): Linear(in_features=128, out_features=128, bias=True)
    )
    (linear_out): Linear(in_features=128, out_features=256, bias=True)
  )
  (func_g): VectorField_g(
    input_channels: 2, hidden_channels: 128, hidden_hidden_channels: 128, num_hidden_layers: 3
    (linear_in): Linear(in_features=128, out_features=128, bias=True)
    (linear_out): Linear(in_features=128, out_features=16384, bias=True)
  )
  (end_conv): Conv2d(1, 1, kernel_size=(1, 128), stride=(1, 1))
  (initial_h): Linear(in_features=2, out_features=128, bias=True)
  (initial_z): Linear(in_features=2, out_features=128, bias=True)
)
2022-04-23 00:44: Total params: 2562465
2022-04-23 00:44: Train Epoch 1: 0/765 Loss: 691.765259
2022-04-23 00:46: Train Epoch 1: 20/765 Loss: 335.668091
2022-04-23 00:47: Train Epoch 1: 40/765 Loss: 241.790909
2022-04-23 00:49: Train Epoch 1: 60/765 Loss: 140.469376
2022-04-23 00:50: Train Epoch 1: 80/765 Loss: 111.841797
2022-04-23 00:52: Train Epoch 1: 100/765 Loss: 103.772675
2022-04-23 00:53: Train Epoch 1: 120/765 Loss: 85.396492
2022-04-23 00:55: Train Epoch 1: 140/765 Loss: 94.567070
2022-04-23 00:56: Train Epoch 1: 160/765 Loss: 87.960663
2022-04-23 00:58: Train Epoch 1: 180/765 Loss: 67.787148
2022-04-23 00:59: Train Epoch 1: 200/765 Loss: 70.000389
2022-04-23 01:01: Train Epoch 1: 220/765 Loss: 91.164940
2022-04-23 01:02: Train Epoch 1: 240/765 Loss: 53.211514
2022-04-23 01:04: Train Epoch 1: 260/765 Loss: 67.036232
2022-04-23 01:05: Train Epoch 1: 280/765 Loss: 66.543083
2022-04-23 01:07: Train Epoch 1: 300/765 Loss: 59.068020
2022-04-23 01:08: Train Epoch 1: 320/765 Loss: 60.590923
2022-04-23 01:10: Train Epoch 1: 340/765 Loss: 76.406990
2022-04-23 01:11: Train Epoch 1: 360/765 Loss: 58.850311
2022-04-23 01:13: Train Epoch 1: 380/765 Loss: 88.058586
2022-04-23 01:14: Train Epoch 1: 400/765 Loss: 66.157082
2022-04-23 01:16: Train Epoch 1: 420/765 Loss: 51.032242
2022-04-23 01:17: Train Epoch 1: 440/765 Loss: 62.557323
2022-04-23 01:19: Train Epoch 1: 460/765 Loss: 78.930130
2022-04-23 01:20: Train Epoch 1: 480/765 Loss: 63.755283
2022-04-23 01:22: Train Epoch 1: 500/765 Loss: 61.217854
2022-04-23 01:23: Train Epoch 1: 520/765 Loss: 55.391460
2022-04-23 01:25: Train Epoch 1: 540/765 Loss: 73.434456
2022-04-23 01:26: Train Epoch 1: 560/765 Loss: 89.007812
2022-04-23 01:28: Train Epoch 1: 580/765 Loss: 55.085255
2022-04-23 01:29: Train Epoch 1: 600/765 Loss: 63.213840
2022-04-23 01:31: Train Epoch 1: 620/765 Loss: 56.113293
2022-04-23 01:32: Train Epoch 1: 640/765 Loss: 75.574112
2022-04-23 01:34: Train Epoch 1: 660/765 Loss: 54.077579
2022-04-23 01:35: Train Epoch 1: 680/765 Loss: 55.144096
2022-04-23 01:37: Train Epoch 1: 700/765 Loss: 70.811325
2022-04-23 01:39: Train Epoch 1: 720/765 Loss: 68.655907
2022-04-23 01:40: Train Epoch 1: 740/765 Loss: 71.673409
2022-04-23 01:42: Train Epoch 1: 760/765 Loss: 60.564011
2022-04-23 01:42: **********Train Epoch 1: averaged Loss: 90.465488
2022-04-23 01:44: **********Val Epoch 1: average Loss: 59.376978
2022-04-23 01:44: *********************************Current best model saved!
2022-04-23 01:44: Saving current best model to ../runs\ManchesterHW_30\04-23-00h44m_ManchesterHW_30_GCDE_type1_embed{10}hid{128}hidhid{128}lyrs{3}lr{0.001}wd{0.001}\best_model.pth
2022-04-23 01:44: Train Epoch 2: 0/765 Loss: 57.030533
2022-04-23 01:46: Train Epoch 2: 20/765 Loss: 58.707699
2022-04-23 01:47: Train Epoch 2: 40/765 Loss: 59.342800
2022-04-23 01:49: Train Epoch 2: 60/765 Loss: 58.869549
2022-04-23 01:50: Train Epoch 2: 80/765 Loss: 49.575554
2022-04-23 01:52: Train Epoch 2: 100/765 Loss: 56.420071
2022-04-23 01:53: Train Epoch 2: 120/765 Loss: 53.927376
2022-04-23 01:55: Train Epoch 2: 140/765 Loss: 57.926449
2022-04-23 01:56: Train Epoch 2: 160/765 Loss: 64.405685
2022-04-23 01:58: Train Epoch 2: 180/765 Loss: 69.517967
2022-04-23 01:59: Train Epoch 2: 200/765 Loss: 54.367088
2022-04-23 02:01: Train Epoch 2: 220/765 Loss: 73.118988
2022-04-23 02:02: Train Epoch 2: 240/765 Loss: 54.287575
2022-04-23 02:04: Train Epoch 2: 260/765 Loss: 69.490456
2022-04-23 02:05: Train Epoch 2: 280/765 Loss: 67.305519
2022-04-23 02:07: Train Epoch 2: 300/765 Loss: 50.698402
2022-04-23 02:08: Train Epoch 2: 320/765 Loss: 50.468643
2022-04-23 02:10: Train Epoch 2: 340/765 Loss: 42.567547
2022-04-23 02:11: Train Epoch 2: 360/765 Loss: 61.692268
2022-04-23 02:13: Train Epoch 2: 380/765 Loss: 62.563835
2022-04-23 02:14: Train Epoch 2: 400/765 Loss: 52.787933
2022-04-23 02:16: Train Epoch 2: 420/765 Loss: 54.269432
2022-04-23 02:17: Train Epoch 2: 440/765 Loss: 46.906109
2022-04-23 02:19: Train Epoch 2: 460/765 Loss: 61.972893
2022-04-23 02:20: Train Epoch 2: 480/765 Loss: 45.059635
2022-04-23 02:22: Train Epoch 2: 500/765 Loss: 64.605698
2022-04-23 02:23: Train Epoch 2: 520/765 Loss: 47.287140
2022-04-23 02:25: Train Epoch 2: 540/765 Loss: 53.511307
2022-04-23 02:26: Train Epoch 2: 560/765 Loss: 47.862434
2022-04-23 02:28: Train Epoch 2: 580/765 Loss: 53.558323
2022-04-23 02:29: Train Epoch 2: 600/765 Loss: 127.408806
2022-04-23 02:31: Train Epoch 2: 620/765 Loss: 78.001251
2022-04-23 02:32: Train Epoch 2: 640/765 Loss: 88.490517
2022-04-23 02:34: Train Epoch 2: 660/765 Loss: 53.590618
2022-04-23 02:35: Train Epoch 2: 680/765 Loss: 49.886433
2022-04-23 02:37: Train Epoch 2: 700/765 Loss: 55.225376
2022-04-23 02:38: Train Epoch 2: 720/765 Loss: 39.647324
2022-04-23 02:40: Train Epoch 2: 740/765 Loss: 44.780773
2022-04-23 02:41: Train Epoch 2: 760/765 Loss: 62.255733
2022-04-23 02:42: **********Train Epoch 2: averaged Loss: 58.045371
2022-04-23 02:44: **********Val Epoch 2: average Loss: 55.141907
2022-04-23 02:44: *********************************Current best model saved!
2022-04-23 02:44: Saving current best model to ../runs\ManchesterHW_30\04-23-00h44m_ManchesterHW_30_GCDE_type1_embed{10}hid{128}hidhid{128}lyrs{3}lr{0.001}wd{0.001}\best_model.pth
2022-04-23 02:44: Train Epoch 3: 0/765 Loss: 52.486961
2022-04-23 02:46: Train Epoch 3: 20/765 Loss: 46.478657
2022-04-23 02:47: Train Epoch 3: 40/765 Loss: 47.752617
2022-04-23 02:49: Train Epoch 3: 60/765 Loss: 65.656807
2022-04-23 02:50: Train Epoch 3: 80/765 Loss: 40.209644
2022-04-23 02:52: Train Epoch 3: 100/765 Loss: 51.216179
2022-04-23 02:53: Train Epoch 3: 120/765 Loss: 60.715481
2022-04-23 02:55: Train Epoch 3: 140/765 Loss: 60.098034
2022-04-23 02:56: Train Epoch 3: 160/765 Loss: 49.562664
2022-04-23 02:58: Train Epoch 3: 180/765 Loss: 239.518219
2022-04-23 02:59: Train Epoch 3: 200/765 Loss: 99.049850
2022-04-23 03:01: Train Epoch 3: 220/765 Loss: 130.569122
2022-04-23 03:02: Train Epoch 3: 240/765 Loss: 78.776253
2022-04-23 03:04: Train Epoch 3: 260/765 Loss: 64.583984
2022-04-23 03:05: Train Epoch 3: 280/765 Loss: 81.473267
2022-04-23 03:07: Train Epoch 3: 300/765 Loss: 69.731735
2022-04-23 03:08: Train Epoch 3: 320/765 Loss: 51.335449
2022-04-23 03:10: Train Epoch 3: 340/765 Loss: 66.682571
2022-04-23 03:11: Train Epoch 3: 360/765 Loss: 53.368473
2022-04-23 03:12: Train Epoch 3: 380/765 Loss: 64.646706
2022-04-23 03:14: Train Epoch 3: 400/765 Loss: 73.196892
2022-04-23 03:15: Train Epoch 3: 420/765 Loss: 78.609924
2022-04-23 03:17: Train Epoch 3: 440/765 Loss: 88.292595
2022-04-23 03:18: Train Epoch 3: 460/765 Loss: 75.992302
2022-04-23 03:20: Train Epoch 3: 480/765 Loss: 77.730469
2022-04-23 03:21: Train Epoch 3: 500/765 Loss: 86.781662
2022-04-23 03:23: Train Epoch 3: 520/765 Loss: 69.110489
2022-04-23 03:24: Train Epoch 3: 540/765 Loss: 66.299225
2022-04-23 03:26: Train Epoch 3: 560/765 Loss: 91.020226
2022-04-23 03:27: Train Epoch 3: 580/765 Loss: 57.083481
2022-04-23 03:29: Train Epoch 3: 600/765 Loss: 54.000401
2022-04-23 03:30: Train Epoch 3: 620/765 Loss: 63.904678
2022-04-23 03:32: Train Epoch 3: 640/765 Loss: 51.233753
2022-04-23 03:33: Train Epoch 3: 660/765 Loss: 65.693268
2022-04-23 03:35: Train Epoch 3: 680/765 Loss: 54.647762
2022-04-23 03:36: Train Epoch 3: 700/765 Loss: 85.125069
2022-04-23 03:38: Train Epoch 3: 720/765 Loss: 70.131180
2022-04-23 03:39: Train Epoch 3: 740/765 Loss: 58.130775
2022-04-23 03:41: Train Epoch 3: 760/765 Loss: 69.491722
2022-04-23 03:41: **********Train Epoch 3: averaged Loss: 69.472506
2022-04-23 03:43: **********Val Epoch 3: average Loss: 66.326211
2022-04-23 03:44: Train Epoch 4: 0/765 Loss: 81.639702
2022-04-23 03:45: Train Epoch 4: 20/765 Loss: 70.339149
2022-04-23 03:47: Train Epoch 4: 40/765 Loss: 68.354904
2022-04-23 03:48: Train Epoch 4: 60/765 Loss: 60.557446
2022-04-23 03:49: Train Epoch 4: 80/765 Loss: 82.361771
2022-04-23 03:51: Train Epoch 4: 100/765 Loss: 65.096405
2022-04-23 03:52: Train Epoch 4: 120/765 Loss: 58.657345
2022-04-23 03:54: Train Epoch 4: 140/765 Loss: 62.736794
2022-04-23 03:55: Train Epoch 4: 160/765 Loss: 48.821533
2022-04-23 03:57: Train Epoch 4: 180/765 Loss: 86.216064
2022-04-23 03:58: Train Epoch 4: 200/765 Loss: 57.533752
2022-04-23 04:00: Train Epoch 4: 220/765 Loss: 48.879894
2022-04-23 04:01: Train Epoch 4: 240/765 Loss: 51.339184
2022-04-23 04:03: Train Epoch 4: 260/765 Loss: 56.873184
2022-04-23 04:04: Train Epoch 4: 280/765 Loss: 53.373692
2022-04-23 04:06: Train Epoch 4: 300/765 Loss: 64.815948
2022-04-23 04:07: Train Epoch 4: 320/765 Loss: 40.131172
2022-04-23 04:09: Train Epoch 4: 340/765 Loss: 55.427673
2022-04-23 04:10: Train Epoch 4: 360/765 Loss: 51.223293
2022-04-23 04:12: Train Epoch 4: 380/765 Loss: 44.299877
2022-04-23 04:13: Train Epoch 4: 400/765 Loss: 54.670971
2022-04-23 04:15: Train Epoch 4: 420/765 Loss: 35.234089
2022-04-23 04:16: Train Epoch 4: 440/765 Loss: 48.760441
2022-04-23 04:18: Train Epoch 4: 460/765 Loss: 47.713917
2022-04-23 04:19: Train Epoch 4: 480/765 Loss: 47.400143
2022-04-23 04:21: Train Epoch 4: 500/765 Loss: 60.156635
2022-04-23 04:22: Train Epoch 4: 520/765 Loss: 49.503475
2022-04-23 04:24: Train Epoch 4: 540/765 Loss: 59.118126
2022-04-23 04:25: Train Epoch 4: 560/765 Loss: 53.609962
2022-04-23 04:27: Train Epoch 4: 580/765 Loss: 71.932663
2022-04-23 04:28: Train Epoch 4: 600/765 Loss: 77.961227
2022-04-23 04:30: Train Epoch 4: 620/765 Loss: 53.773380
2022-04-23 04:31: Train Epoch 4: 640/765 Loss: 44.950932
2022-04-23 04:33: Train Epoch 4: 660/765 Loss: 68.323486
2022-04-23 04:34: Train Epoch 4: 680/765 Loss: 70.883720
2022-04-23 04:36: Train Epoch 4: 700/765 Loss: 72.877884
2022-04-23 04:37: Train Epoch 4: 720/765 Loss: 56.239750
2022-04-23 04:39: Train Epoch 4: 740/765 Loss: 87.043762
2022-04-23 04:40: Train Epoch 4: 760/765 Loss: 73.146095
2022-04-23 04:41: **********Train Epoch 4: averaged Loss: 61.081384
2022-04-23 04:43: **********Val Epoch 4: average Loss: 71.409504
2022-04-23 04:43: Train Epoch 5: 0/765 Loss: 64.279839
2022-04-23 04:44: Train Epoch 5: 20/765 Loss: 52.592415
2022-04-23 04:46: Train Epoch 5: 40/765 Loss: 61.725018
2022-04-23 04:47: Train Epoch 5: 60/765 Loss: 77.601944
2022-04-23 04:49: Train Epoch 5: 80/765 Loss: 61.562958
2022-04-23 04:50: Train Epoch 5: 100/765 Loss: 57.676277
2022-04-23 04:52: Train Epoch 5: 120/765 Loss: 75.915611
2022-04-23 04:53: Train Epoch 5: 140/765 Loss: 74.295738
2022-04-23 04:55: Train Epoch 5: 160/765 Loss: 63.933956
2022-04-23 04:56: Train Epoch 5: 180/765 Loss: 55.211903
2022-04-23 04:58: Train Epoch 5: 200/765 Loss: 69.505798
2022-04-23 04:59: Train Epoch 5: 220/765 Loss: 53.797588
2022-04-23 05:01: Train Epoch 5: 240/765 Loss: 64.400238
2022-04-23 05:02: Train Epoch 5: 260/765 Loss: 55.818607
2022-04-23 05:04: Train Epoch 5: 280/765 Loss: 52.889221
2022-04-23 05:05: Train Epoch 5: 300/765 Loss: 67.400002
2022-04-23 05:07: Train Epoch 5: 320/765 Loss: 48.824112
2022-04-23 05:08: Train Epoch 5: 340/765 Loss: 54.067001
2022-04-23 05:10: Train Epoch 5: 360/765 Loss: 70.623131
2022-04-23 05:11: Train Epoch 5: 380/765 Loss: 44.405392
2022-04-23 05:13: Train Epoch 5: 400/765 Loss: 56.839592
2022-04-23 05:14: Train Epoch 5: 420/765 Loss: 65.913803
2022-04-23 05:16: Train Epoch 5: 440/765 Loss: 45.600838
2022-04-23 05:17: Train Epoch 5: 460/765 Loss: 43.451374
2022-04-23 05:19: Train Epoch 5: 480/765 Loss: 63.517174
2022-04-23 05:20: Train Epoch 5: 500/765 Loss: 54.093838
2022-04-23 05:22: Train Epoch 5: 520/765 Loss: 48.275875
2022-04-23 05:23: Train Epoch 5: 540/765 Loss: 57.084122
2022-04-23 05:25: Train Epoch 5: 560/765 Loss: 53.441090
2022-04-23 05:26: Train Epoch 5: 580/765 Loss: 50.577595
2022-04-23 05:28: Train Epoch 5: 600/765 Loss: 54.606853
2022-04-23 05:29: Train Epoch 5: 620/765 Loss: 65.688721
2022-04-23 05:31: Train Epoch 5: 640/765 Loss: 43.715469
2022-04-23 05:32: Train Epoch 5: 660/765 Loss: 42.103653
2022-04-23 05:34: Train Epoch 5: 680/765 Loss: 42.353901
2022-04-23 05:35: Train Epoch 5: 700/765 Loss: 48.129002
2022-04-23 05:37: Train Epoch 5: 720/765 Loss: 242.136383
2022-04-23 05:38: Train Epoch 5: 740/765 Loss: 101.941193
2022-04-23 05:40: Train Epoch 5: 760/765 Loss: 85.523972
2022-04-23 05:40: **********Train Epoch 5: averaged Loss: 66.460281
2022-04-23 05:42: **********Val Epoch 5: average Loss: 76.645051
2022-04-23 05:42: Train Epoch 6: 0/765 Loss: 66.280678
2022-04-23 05:44: Train Epoch 6: 20/765 Loss: 83.266121
2022-04-23 05:45: Train Epoch 6: 40/765 Loss: 59.130627
2022-04-23 05:47: Train Epoch 6: 60/765 Loss: 94.438568
2022-04-23 05:48: Train Epoch 6: 80/765 Loss: 65.687111
2022-04-23 05:50: Train Epoch 6: 100/765 Loss: 60.362083
2022-04-23 05:51: Train Epoch 6: 120/765 Loss: 74.734215
2022-04-23 05:53: Train Epoch 6: 140/765 Loss: 52.976841
2022-04-23 05:54: Train Epoch 6: 160/765 Loss: 56.833084
2022-04-23 05:56: Train Epoch 6: 180/765 Loss: 46.264164
2022-04-23 05:57: Train Epoch 6: 200/765 Loss: 67.786957
2022-04-23 05:59: Train Epoch 6: 220/765 Loss: 50.554207
2022-04-23 06:00: Train Epoch 6: 240/765 Loss: 58.065601
2022-04-23 06:02: Train Epoch 6: 260/765 Loss: 74.574623
2022-04-23 06:03: Train Epoch 6: 280/765 Loss: 53.978317
2022-04-23 06:05: Train Epoch 6: 300/765 Loss: 59.167641
2022-04-23 06:06: Train Epoch 6: 320/765 Loss: 53.089783
2022-04-23 06:08: Train Epoch 6: 340/765 Loss: 45.428638
2022-04-23 06:09: Train Epoch 6: 360/765 Loss: 42.339649
2022-04-23 06:11: Train Epoch 6: 380/765 Loss: 61.792194
2022-04-23 06:12: Train Epoch 6: 400/765 Loss: 62.748402
2022-04-23 06:14: Train Epoch 6: 420/765 Loss: 67.583855
2022-04-23 06:15: Train Epoch 6: 440/765 Loss: 56.160049
2022-04-23 06:17: Train Epoch 6: 460/765 Loss: 45.736706
2022-04-23 06:18: Train Epoch 6: 480/765 Loss: 77.430031
2022-04-23 06:20: Train Epoch 6: 500/765 Loss: 57.835777
2022-04-23 06:21: Train Epoch 6: 520/765 Loss: 67.368973
2022-04-23 06:23: Train Epoch 6: 540/765 Loss: 46.654953
2022-04-23 06:24: Train Epoch 6: 560/765 Loss: 52.671215
2022-04-23 06:26: Train Epoch 6: 580/765 Loss: 43.457699
2022-04-23 06:27: Train Epoch 6: 600/765 Loss: 50.160435
2022-04-23 06:29: Train Epoch 6: 620/765 Loss: 69.985985
2022-04-23 06:30: Train Epoch 6: 640/765 Loss: 53.673626
2022-04-23 06:32: Train Epoch 6: 660/765 Loss: 45.855221
2022-04-23 06:33: Train Epoch 6: 680/765 Loss: 45.044159
2022-04-23 06:35: Train Epoch 6: 700/765 Loss: 42.788754
2022-04-23 06:36: Train Epoch 6: 720/765 Loss: 63.182739
2022-04-23 06:38: Train Epoch 6: 740/765 Loss: 58.044235
2022-04-23 06:39: Train Epoch 6: 760/765 Loss: 43.488747
2022-04-23 06:39: **********Train Epoch 6: averaged Loss: 60.170103
2022-04-23 06:42: **********Val Epoch 6: average Loss: 55.669112
2022-04-23 06:42: Train Epoch 7: 0/765 Loss: 49.711052
2022-04-23 06:43: Train Epoch 7: 20/765 Loss: 46.879539
2022-04-23 06:45: Train Epoch 7: 40/765 Loss: 42.014454
2022-04-23 06:46: Train Epoch 7: 60/765 Loss: 58.784004
2022-04-23 06:48: Train Epoch 7: 80/765 Loss: 40.061180
2022-04-23 06:49: Train Epoch 7: 100/765 Loss: 47.636497
2022-04-23 06:51: Train Epoch 7: 120/765 Loss: 57.617050
2022-04-23 06:52: Train Epoch 7: 140/765 Loss: 58.597870
2022-04-23 06:54: Train Epoch 7: 160/765 Loss: 42.752689
2022-04-23 06:55: Train Epoch 7: 180/765 Loss: 71.631409
2022-04-23 06:57: Train Epoch 7: 200/765 Loss: 55.873058
2022-04-23 06:58: Train Epoch 7: 220/765 Loss: 58.120476
2022-04-23 07:00: Train Epoch 7: 240/765 Loss: 58.883751
2022-04-23 07:01: Train Epoch 7: 260/765 Loss: 42.395687
2022-04-23 07:03: Train Epoch 7: 280/765 Loss: 64.588158
2022-04-23 07:04: Train Epoch 7: 300/765 Loss: 42.947823
2022-04-23 07:05: Train Epoch 7: 320/765 Loss: 48.300426
2022-04-23 07:07: Train Epoch 7: 340/765 Loss: 44.849987
2022-04-23 07:08: Train Epoch 7: 360/765 Loss: 62.335510
2022-04-23 07:10: Train Epoch 7: 380/765 Loss: 49.652245
2022-04-23 07:11: Train Epoch 7: 400/765 Loss: 49.396736
2022-04-23 07:13: Train Epoch 7: 420/765 Loss: 43.829372
2022-04-23 07:14: Train Epoch 7: 440/765 Loss: 51.442020
2022-04-23 07:16: Train Epoch 7: 460/765 Loss: 51.186520
2022-04-23 07:17: Train Epoch 7: 480/765 Loss: 49.201870
2022-04-23 07:19: Train Epoch 7: 500/765 Loss: 64.067467
2022-04-23 07:20: Train Epoch 7: 520/765 Loss: 59.864826
2022-04-23 07:22: Train Epoch 7: 540/765 Loss: 58.343166
2022-04-23 07:23: Train Epoch 7: 560/765 Loss: 52.862350
2022-04-23 07:25: Train Epoch 7: 580/765 Loss: 59.895611
2022-04-23 07:26: Train Epoch 7: 600/765 Loss: 40.047878
2022-04-23 07:28: Train Epoch 7: 620/765 Loss: 56.254845
2022-04-23 07:29: Train Epoch 7: 640/765 Loss: 52.949829
2022-04-23 07:31: Train Epoch 7: 660/765 Loss: 44.223206
2022-04-23 07:32: Train Epoch 7: 680/765 Loss: 58.432919
2022-04-23 07:34: Train Epoch 7: 700/765 Loss: 58.620190
2022-04-23 07:35: Train Epoch 7: 720/765 Loss: 54.762375
2022-04-23 07:37: Train Epoch 7: 740/765 Loss: 49.728134
2022-04-23 07:38: Train Epoch 7: 760/765 Loss: 43.304577
2022-04-23 07:39: **********Train Epoch 7: averaged Loss: 52.073131
2022-04-23 07:41: **********Val Epoch 7: average Loss: 51.404789
2022-04-23 07:41: *********************************Current best model saved!
2022-04-23 07:41: Saving current best model to ../runs\ManchesterHW_30\04-23-00h44m_ManchesterHW_30_GCDE_type1_embed{10}hid{128}hidhid{128}lyrs{3}lr{0.001}wd{0.001}\best_model.pth
2022-04-23 07:41: Train Epoch 8: 0/765 Loss: 43.544930
2022-04-23 07:42: Train Epoch 8: 20/765 Loss: 37.015141
2022-04-23 07:44: Train Epoch 8: 40/765 Loss: 50.515579
2022-04-23 07:45: Train Epoch 8: 60/765 Loss: 51.619106
2022-04-23 07:47: Train Epoch 8: 80/765 Loss: 67.622818
2022-04-23 07:48: Train Epoch 8: 100/765 Loss: 40.554165
2022-04-23 07:50: Train Epoch 8: 120/765 Loss: 51.837475
2022-04-23 07:51: Train Epoch 8: 140/765 Loss: 45.006634
2022-04-23 07:53: Train Epoch 8: 160/765 Loss: 41.307205
2022-04-23 07:54: Train Epoch 8: 180/765 Loss: 64.307777
2022-04-23 07:56: Train Epoch 8: 200/765 Loss: 47.682541
2022-04-23 07:57: Train Epoch 8: 220/765 Loss: 44.382385
2022-04-23 07:59: Train Epoch 8: 240/765 Loss: 57.827541
2022-04-23 08:00: Train Epoch 8: 260/765 Loss: 57.143970
2022-04-23 08:02: Train Epoch 8: 280/765 Loss: 43.561825
2022-04-23 08:03: Train Epoch 8: 300/765 Loss: 48.630527
2022-04-23 08:05: Train Epoch 8: 320/765 Loss: 43.908260
2022-04-23 08:06: Train Epoch 8: 340/765 Loss: 47.730545
2022-04-23 08:08: Train Epoch 8: 360/765 Loss: 50.992748
2022-04-23 08:09: Train Epoch 8: 380/765 Loss: 56.189701
2022-04-23 08:11: Train Epoch 8: 400/765 Loss: 44.129841
2022-04-23 08:12: Train Epoch 8: 420/765 Loss: 51.228439
2022-04-23 08:14: Train Epoch 8: 440/765 Loss: 44.921539
2022-04-23 08:15: Train Epoch 8: 460/765 Loss: 57.318932
2022-04-23 08:17: Train Epoch 8: 480/765 Loss: 39.624798
2022-04-23 08:18: Train Epoch 8: 500/765 Loss: 50.674713
2022-04-23 08:20: Train Epoch 8: 520/765 Loss: 49.602463
2022-04-23 08:21: Train Epoch 8: 540/765 Loss: 42.294815
2022-04-23 08:23: Train Epoch 8: 560/765 Loss: 44.976681
2022-04-23 08:24: Train Epoch 8: 580/765 Loss: 45.029652
2022-04-23 08:26: Train Epoch 8: 600/765 Loss: 51.926533
2022-04-23 08:27: Train Epoch 8: 620/765 Loss: 48.175121
2022-04-23 08:29: Train Epoch 8: 640/765 Loss: 42.400501
2022-04-23 08:30: Train Epoch 8: 660/765 Loss: 47.908264
2022-04-23 08:32: Train Epoch 8: 680/765 Loss: 60.708870
2022-04-23 08:33: Train Epoch 8: 700/765 Loss: 61.855480
2022-04-23 08:35: Train Epoch 8: 720/765 Loss: 44.064796
2022-04-23 08:36: Train Epoch 8: 740/765 Loss: 54.471939
2022-04-23 08:38: Train Epoch 8: 760/765 Loss: 41.793728
2022-04-23 08:38: **********Train Epoch 8: averaged Loss: 49.396390
2022-04-23 08:40: **********Val Epoch 8: average Loss: 48.627598
2022-04-23 08:40: *********************************Current best model saved!
2022-04-23 08:40: Saving current best model to ../runs\ManchesterHW_30\04-23-00h44m_ManchesterHW_30_GCDE_type1_embed{10}hid{128}hidhid{128}lyrs{3}lr{0.001}wd{0.001}\best_model.pth
2022-04-23 08:40: Train Epoch 9: 0/765 Loss: 44.341125
2022-04-23 08:42: Train Epoch 9: 20/765 Loss: 47.121197
2022-04-23 08:43: Train Epoch 9: 40/765 Loss: 43.756908
2022-04-23 08:45: Train Epoch 9: 60/765 Loss: 46.367222
2022-04-23 08:46: Train Epoch 9: 80/765 Loss: 56.687141
2022-04-23 08:48: Train Epoch 9: 100/765 Loss: 48.896339
2022-04-23 08:49: Train Epoch 9: 120/765 Loss: 44.205002
2022-04-23 08:51: Train Epoch 9: 140/765 Loss: 44.503059
2022-04-23 08:52: Train Epoch 9: 160/765 Loss: 47.374378
2022-04-23 08:54: Train Epoch 9: 180/765 Loss: 42.927143
2022-04-23 08:55: Train Epoch 9: 200/765 Loss: 46.095932
2022-04-23 08:57: Train Epoch 9: 220/765 Loss: 40.359524
2022-04-23 08:58: Train Epoch 9: 240/765 Loss: 41.950981
2022-04-23 09:00: Train Epoch 9: 260/765 Loss: 51.861984
2022-04-23 09:01: Train Epoch 9: 280/765 Loss: 51.283520
2022-04-23 09:03: Train Epoch 9: 300/765 Loss: 47.944633
2022-04-23 09:04: Train Epoch 9: 320/765 Loss: 37.909508
2022-04-23 09:06: Train Epoch 9: 340/765 Loss: 35.151249
2022-04-23 09:07: Train Epoch 9: 360/765 Loss: 37.783764
2022-04-23 09:09: Train Epoch 9: 380/765 Loss: 47.706661
2022-04-23 09:10: Train Epoch 9: 400/765 Loss: 47.750668
2022-04-23 09:12: Train Epoch 9: 420/765 Loss: 53.031048
2022-04-23 09:13: Train Epoch 9: 440/765 Loss: 50.906197
2022-04-23 09:15: Train Epoch 9: 460/765 Loss: 40.797432
2022-04-23 09:16: Train Epoch 9: 480/765 Loss: 62.423458
2022-04-23 09:18: Train Epoch 9: 500/765 Loss: 56.237167
2022-04-23 09:19: Train Epoch 9: 520/765 Loss: 40.298244
2022-04-23 09:21: Train Epoch 9: 540/765 Loss: 57.709560
2022-04-23 09:22: Train Epoch 9: 560/765 Loss: 52.170628
2022-04-23 09:24: Train Epoch 9: 580/765 Loss: 44.783546
2022-04-23 09:25: Train Epoch 9: 600/765 Loss: 57.023823
2022-04-23 09:27: Train Epoch 9: 620/765 Loss: 40.518055
2022-04-23 09:28: Train Epoch 9: 640/765 Loss: 41.948254
2022-04-23 09:30: Train Epoch 9: 660/765 Loss: 49.746132
2022-04-23 09:31: Train Epoch 9: 680/765 Loss: 47.258186
2022-04-23 09:33: Train Epoch 9: 700/765 Loss: 40.166229
2022-04-23 09:34: Train Epoch 9: 720/765 Loss: 48.267670
2022-04-23 09:35: Train Epoch 9: 740/765 Loss: 50.828300
2022-04-23 09:37: Train Epoch 9: 760/765 Loss: 48.765907
2022-04-23 09:37: **********Train Epoch 9: averaged Loss: 47.642035
2022-04-23 09:40: **********Val Epoch 9: average Loss: 50.770931
2022-04-23 09:40: Train Epoch 10: 0/765 Loss: 43.107426
2022-04-23 09:41: Train Epoch 10: 20/765 Loss: 47.644821
2022-04-23 09:43: Train Epoch 10: 40/765 Loss: 35.534050
2022-04-23 09:44: Train Epoch 10: 60/765 Loss: 55.664177
2022-04-23 09:46: Train Epoch 10: 80/765 Loss: 46.874207
2022-04-23 09:47: Train Epoch 10: 100/765 Loss: 46.708340
2022-04-23 09:49: Train Epoch 10: 120/765 Loss: 45.339455
2022-04-23 09:50: Train Epoch 10: 140/765 Loss: 38.620827
2022-04-23 09:52: Train Epoch 10: 160/765 Loss: 38.582737
2022-04-23 09:53: Train Epoch 10: 180/765 Loss: 48.382412
2022-04-23 09:55: Train Epoch 10: 200/765 Loss: 39.421810
2022-04-23 09:56: Train Epoch 10: 220/765 Loss: 42.792950
2022-04-23 09:58: Train Epoch 10: 240/765 Loss: 45.950497
2022-04-23 09:59: Train Epoch 10: 260/765 Loss: 46.972042
2022-04-23 10:01: Train Epoch 10: 280/765 Loss: 48.527924
2022-04-23 10:02: Train Epoch 10: 300/765 Loss: 42.599716
2022-04-23 10:04: Train Epoch 10: 320/765 Loss: 57.038383
2022-04-23 10:05: Train Epoch 10: 340/765 Loss: 45.566692
2022-04-23 10:07: Train Epoch 10: 360/765 Loss: 47.619915
2022-04-23 10:08: Train Epoch 10: 380/765 Loss: 52.940487
2022-04-23 10:10: Train Epoch 10: 400/765 Loss: 45.796635
2022-04-23 10:11: Train Epoch 10: 420/765 Loss: 40.128922
2022-04-23 10:13: Train Epoch 10: 440/765 Loss: 47.081223
2022-04-23 10:14: Train Epoch 10: 460/765 Loss: 44.117664
2022-04-23 10:16: Train Epoch 10: 480/765 Loss: 41.744118
2022-04-23 10:17: Train Epoch 10: 500/765 Loss: 51.812752
2022-04-23 10:18: Train Epoch 10: 520/765 Loss: 35.355862
2022-04-23 10:20: Train Epoch 10: 540/765 Loss: 41.711353
2022-04-23 10:21: Train Epoch 10: 560/765 Loss: 49.861584
2022-04-23 10:23: Train Epoch 10: 580/765 Loss: 35.005283
2022-04-23 10:24: Train Epoch 10: 600/765 Loss: 46.633625
2022-04-23 10:26: Train Epoch 10: 620/765 Loss: 49.482548
2022-04-23 10:27: Train Epoch 10: 640/765 Loss: 53.389965
2022-04-23 10:29: Train Epoch 10: 660/765 Loss: 56.914463
2022-04-23 10:30: Train Epoch 10: 680/765 Loss: 43.750751
2022-04-23 10:32: Train Epoch 10: 700/765 Loss: 49.156948
2022-04-23 10:33: Train Epoch 10: 720/765 Loss: 40.854916
2022-04-23 10:35: Train Epoch 10: 740/765 Loss: 53.188988
2022-04-23 10:36: Train Epoch 10: 760/765 Loss: 48.114613
2022-04-23 10:37: **********Train Epoch 10: averaged Loss: 46.483239
2022-04-23 10:39: **********Val Epoch 10: average Loss: 45.556159
2022-04-23 10:39: *********************************Current best model saved!
2022-04-23 10:39: Saving current best model to ../runs\ManchesterHW_30\04-23-00h44m_ManchesterHW_30_GCDE_type1_embed{10}hid{128}hidhid{128}lyrs{3}lr{0.001}wd{0.001}\best_model.pth
2022-04-23 10:39: Train Epoch 11: 0/765 Loss: 46.624485
2022-04-23 10:41: Train Epoch 11: 20/765 Loss: 38.030205
2022-04-23 10:42: Train Epoch 11: 40/765 Loss: 47.096214
2022-04-23 10:44: Train Epoch 11: 60/765 Loss: 37.461304
2022-04-23 10:45: Train Epoch 11: 80/765 Loss: 41.089939
2022-04-23 10:47: Train Epoch 11: 100/765 Loss: 41.280201
2022-04-23 10:48: Train Epoch 11: 120/765 Loss: 39.807251
2022-04-23 10:50: Train Epoch 11: 140/765 Loss: 47.131397
2022-04-23 10:51: Train Epoch 11: 160/765 Loss: 43.119225
2022-04-23 10:53: Train Epoch 11: 180/765 Loss: 39.531628
2022-04-23 10:54: Train Epoch 11: 200/765 Loss: 41.026600
2022-04-23 10:56: Train Epoch 11: 220/765 Loss: 42.257885
2022-04-23 10:57: Train Epoch 11: 240/765 Loss: 45.348183
2022-04-23 10:59: Train Epoch 11: 260/765 Loss: 48.324936
2022-04-23 11:00: Train Epoch 11: 280/765 Loss: 51.614372
2022-04-23 11:02: Train Epoch 11: 300/765 Loss: 38.789783
2022-04-23 11:03: Train Epoch 11: 320/765 Loss: 44.316315
2022-04-23 11:05: Train Epoch 11: 340/765 Loss: 44.715908
2022-04-23 11:06: Train Epoch 11: 360/765 Loss: 37.347504
2022-04-23 11:08: Train Epoch 11: 380/765 Loss: 40.953011
2022-04-23 11:09: Train Epoch 11: 400/765 Loss: 35.312489
2022-04-23 11:11: Train Epoch 11: 420/765 Loss: 49.460129
2022-04-23 11:12: Train Epoch 11: 440/765 Loss: 40.563362
2022-04-23 11:14: Train Epoch 11: 460/765 Loss: 51.323387
2022-04-23 11:15: Train Epoch 11: 480/765 Loss: 45.176388
2022-04-23 11:17: Train Epoch 11: 500/765 Loss: 36.724159
2022-04-23 11:18: Train Epoch 11: 520/765 Loss: 39.779575
2022-04-23 11:20: Train Epoch 11: 540/765 Loss: 48.289494
2022-04-23 11:21: Train Epoch 11: 560/765 Loss: 41.055244
2022-04-23 11:23: Train Epoch 11: 580/765 Loss: 44.023441
2022-04-23 11:24: Train Epoch 11: 600/765 Loss: 48.481297
2022-04-23 11:26: Train Epoch 11: 620/765 Loss: 44.608757
2022-04-23 11:27: Train Epoch 11: 640/765 Loss: 58.470573
2022-04-23 11:29: Train Epoch 11: 660/765 Loss: 44.911831
2022-04-23 11:30: Train Epoch 11: 680/765 Loss: 44.026352
2022-04-23 11:32: Train Epoch 11: 700/765 Loss: 47.917290
2022-04-23 11:33: Train Epoch 11: 720/765 Loss: 47.880009
2022-04-23 11:35: Train Epoch 11: 740/765 Loss: 593.600220
2022-04-23 11:36: Train Epoch 11: 760/765 Loss: 349.125671
2022-04-23 11:36: **********Train Epoch 11: averaged Loss: 62.310610
2022-04-23 11:39: **********Val Epoch 11: average Loss: 342.704417
2022-04-23 11:39: Train Epoch 12: 0/765 Loss: 344.033203
2022-04-23 11:40: Train Epoch 12: 20/765 Loss: 185.474197
2022-04-23 11:42: Train Epoch 12: 40/765 Loss: 201.554306
2022-04-23 11:43: Train Epoch 12: 60/765 Loss: 205.033844
2022-04-23 11:45: Train Epoch 12: 80/765 Loss: 234.235413
2022-04-23 11:46: Train Epoch 12: 100/765 Loss: 191.071167
2022-04-23 11:48: Train Epoch 12: 120/765 Loss: 567.861877
2022-04-23 11:49: Train Epoch 12: 140/765 Loss: 373.450256
2022-04-23 11:51: Train Epoch 12: 160/765 Loss: 283.136566
2022-04-23 11:52: Train Epoch 12: 180/765 Loss: 352.951477
2022-04-23 11:54: Train Epoch 12: 200/765 Loss: 322.700104
2022-04-23 11:55: Train Epoch 12: 220/765 Loss: 268.825317
2022-04-23 11:57: Train Epoch 12: 240/765 Loss: 274.996643
2022-04-23 11:58: Train Epoch 12: 260/765 Loss: 269.667938
2022-04-23 12:00: Train Epoch 12: 280/765 Loss: 223.071426
2022-04-23 12:01: Train Epoch 12: 300/765 Loss: 252.236649
2022-04-23 12:03: Train Epoch 12: 320/765 Loss: 205.010941
2022-04-23 12:04: Train Epoch 12: 340/765 Loss: 206.466171
2022-04-23 12:06: Train Epoch 12: 360/765 Loss: 274.097351
2022-04-23 12:07: Train Epoch 12: 380/765 Loss: 189.175140
2022-04-23 12:09: Train Epoch 12: 400/765 Loss: 246.270203
2022-04-23 12:10: Train Epoch 12: 420/765 Loss: 259.483612
2022-04-23 12:12: Train Epoch 12: 440/765 Loss: 253.316849
2022-04-23 12:13: Train Epoch 12: 460/765 Loss: 253.956299
2022-04-23 12:15: Train Epoch 12: 480/765 Loss: 252.506454
2022-04-23 12:16: Train Epoch 12: 500/765 Loss: 199.272354
2022-04-23 12:18: Train Epoch 12: 520/765 Loss: 221.641037
2022-04-23 12:19: Train Epoch 12: 540/765 Loss: 182.193451
2022-04-23 12:21: Train Epoch 12: 560/765 Loss: 273.471649
2022-04-23 12:22: Train Epoch 12: 580/765 Loss: 294.089966
2022-04-23 12:24: Train Epoch 12: 600/765 Loss: 228.415375
2022-04-23 12:25: Train Epoch 12: 620/765 Loss: 243.104050
2022-04-23 12:27: Train Epoch 12: 640/765 Loss: 192.532379
2022-04-23 12:28: Train Epoch 12: 660/765 Loss: 224.788818
2022-04-23 12:30: Train Epoch 12: 680/765 Loss: 175.797638
2022-04-23 12:31: Train Epoch 12: 700/765 Loss: 208.060104
2022-04-23 12:33: Train Epoch 12: 720/765 Loss: 217.182632
2022-04-23 12:34: Train Epoch 12: 740/765 Loss: 189.632523
2022-04-23 12:36: Train Epoch 12: 760/765 Loss: 227.393036
2022-04-23 12:36: **********Train Epoch 12: averaged Loss: 260.934374
2022-04-23 12:38: **********Val Epoch 12: average Loss: 221.332145
2022-04-23 12:38: Train Epoch 13: 0/765 Loss: 224.311798
2022-04-23 12:40: Train Epoch 13: 20/765 Loss: 173.547348
2022-04-23 12:41: Train Epoch 13: 40/765 Loss: 222.264420
2022-04-23 12:43: Train Epoch 13: 60/765 Loss: 270.569641
2022-04-23 12:44: Train Epoch 13: 80/765 Loss: 163.089752
2022-04-23 12:46: Train Epoch 13: 100/765 Loss: 178.711945
2022-04-23 12:47: Train Epoch 13: 120/765 Loss: 182.656372
2022-04-23 12:49: Train Epoch 13: 140/765 Loss: 198.625916
2022-04-23 12:50: Train Epoch 13: 160/765 Loss: 235.514404
2022-04-23 12:52: Train Epoch 13: 180/765 Loss: 236.741486
2022-04-23 12:53: Train Epoch 13: 200/765 Loss: 194.903366
2022-04-23 12:55: Train Epoch 13: 220/765 Loss: 203.892517
2022-04-23 12:56: Train Epoch 13: 240/765 Loss: 224.232941
2022-04-23 12:58: Train Epoch 13: 260/765 Loss: 154.100891
2022-04-23 12:59: Train Epoch 13: 280/765 Loss: 181.130920
2022-04-23 13:01: Train Epoch 13: 300/765 Loss: 241.833862
2022-04-23 13:02: Train Epoch 13: 320/765 Loss: 156.019669
2022-04-23 13:04: Train Epoch 13: 340/765 Loss: 177.518631
2022-04-23 13:05: Train Epoch 13: 360/765 Loss: 308.227448
2022-04-23 13:07: Train Epoch 13: 380/765 Loss: 178.415405
2022-04-23 13:08: Train Epoch 13: 400/765 Loss: 144.376785
2022-04-23 13:10: Train Epoch 13: 420/765 Loss: 172.186539
2022-04-23 13:11: Train Epoch 13: 440/765 Loss: 281.216705
2022-04-23 13:13: Train Epoch 13: 460/765 Loss: 172.182419
2022-04-23 13:14: Train Epoch 13: 480/765 Loss: 164.526947
2022-04-23 13:16: Train Epoch 13: 500/765 Loss: 183.569168
2022-04-23 13:17: Train Epoch 13: 520/765 Loss: 152.034409
2022-04-23 13:19: Train Epoch 13: 540/765 Loss: 144.131653
2022-04-23 13:20: Train Epoch 13: 560/765 Loss: 127.824905
2022-04-23 13:22: Train Epoch 13: 580/765 Loss: 142.074799
2022-04-23 13:23: Train Epoch 13: 600/765 Loss: 151.227951
2022-04-23 13:25: Train Epoch 13: 620/765 Loss: 156.704315
2022-04-23 13:26: Train Epoch 13: 640/765 Loss: 142.823532
2022-04-23 13:27: Train Epoch 13: 660/765 Loss: 167.041962
2022-04-23 13:29: Train Epoch 13: 680/765 Loss: 133.728836
2022-04-23 13:30: Train Epoch 13: 700/765 Loss: 140.305435
2022-04-23 13:32: Train Epoch 13: 720/765 Loss: 114.882225
2022-04-23 13:33: Train Epoch 13: 740/765 Loss: 173.201096
2022-04-23 13:35: Train Epoch 13: 760/765 Loss: 193.120636
2022-04-23 13:35: **********Train Epoch 13: averaged Loss: 186.345633
2022-04-23 13:38: **********Val Epoch 13: average Loss: 132.252274
2022-04-23 13:38: Train Epoch 14: 0/765 Loss: 112.961266
2022-04-23 13:39: Train Epoch 14: 20/765 Loss: 145.601547
2022-04-23 13:41: Train Epoch 14: 40/765 Loss: 155.919647
2022-04-23 13:42: Train Epoch 14: 60/765 Loss: 158.301315
2022-04-23 13:44: Train Epoch 14: 80/765 Loss: 242.196701
2022-04-23 13:45: Train Epoch 14: 100/765 Loss: 594.288025
2022-04-23 13:47: Train Epoch 14: 120/765 Loss: 369.038757
2022-04-23 13:48: Train Epoch 14: 140/765 Loss: 365.133057
2022-04-23 13:50: Train Epoch 14: 160/765 Loss: 234.445068
2022-04-23 13:51: Train Epoch 14: 180/765 Loss: 321.100067
2022-04-23 13:53: Train Epoch 14: 200/765 Loss: 187.842224
2022-04-23 13:54: Train Epoch 14: 220/765 Loss: 188.193954
2022-04-23 13:56: Train Epoch 14: 240/765 Loss: 253.412109
2022-04-23 13:57: Train Epoch 14: 260/765 Loss: 214.985001
2022-04-23 13:59: Train Epoch 14: 280/765 Loss: 202.718002
2022-04-23 14:00: Train Epoch 14: 300/765 Loss: 259.366516
2022-04-23 14:02: Train Epoch 14: 320/765 Loss: 271.206421
2022-04-23 14:03: Train Epoch 14: 340/765 Loss: 211.793655
2022-04-23 14:05: Train Epoch 14: 360/765 Loss: 245.080536
2022-04-23 14:06: Train Epoch 14: 380/765 Loss: 184.317749
2022-04-23 14:08: Train Epoch 14: 400/765 Loss: 221.660324
2022-04-23 14:09: Train Epoch 14: 420/765 Loss: 290.802826
2022-04-23 14:10: Train Epoch 14: 440/765 Loss: 230.265259
2022-04-23 14:12: Train Epoch 14: 460/765 Loss: 164.537506
2022-04-23 14:13: Train Epoch 14: 480/765 Loss: 283.210205
2022-04-23 14:15: Train Epoch 14: 500/765 Loss: 235.813232
2022-04-23 14:16: Train Epoch 14: 520/765 Loss: 192.757736
2022-04-23 14:18: Train Epoch 14: 540/765 Loss: 263.955963
2022-04-23 14:19: Train Epoch 14: 560/765 Loss: 187.206161
2022-04-23 14:21: Train Epoch 14: 580/765 Loss: 189.526947
2022-04-23 14:22: Train Epoch 14: 600/765 Loss: 192.207184
2022-04-23 14:24: Train Epoch 14: 620/765 Loss: 182.256378
2022-04-23 14:25: Train Epoch 14: 640/765 Loss: 200.260605
2022-04-23 14:27: Train Epoch 14: 660/765 Loss: 227.874710
2022-04-23 14:28: Train Epoch 14: 680/765 Loss: 205.581146
2022-04-23 14:30: Train Epoch 14: 700/765 Loss: 235.298340
2022-04-23 14:31: Train Epoch 14: 720/765 Loss: 292.862122
2022-04-23 14:33: Train Epoch 14: 740/765 Loss: 224.788177
2022-04-23 14:34: Train Epoch 14: 760/765 Loss: 236.383728
2022-04-23 14:35: **********Train Epoch 14: averaged Loss: 228.545585
2022-04-23 14:37: **********Val Epoch 14: average Loss: 202.960279
2022-04-23 14:37: Train Epoch 15: 0/765 Loss: 216.689789
2022-04-23 14:39: Train Epoch 15: 20/765 Loss: 190.593567
2022-04-23 14:40: Train Epoch 15: 40/765 Loss: 211.302994
2022-04-23 14:42: Train Epoch 15: 60/765 Loss: 289.577576
2022-04-23 14:43: Train Epoch 15: 80/765 Loss: 196.430115
2022-04-23 14:45: Train Epoch 15: 100/765 Loss: 153.282669
2022-04-23 14:46: Train Epoch 15: 120/765 Loss: 203.833160
2022-04-23 14:48: Train Epoch 15: 140/765 Loss: 213.740570
2022-04-23 14:49: Train Epoch 15: 160/765 Loss: 265.726807
2022-04-23 14:50: Train Epoch 15: 180/765 Loss: 200.146881
2022-04-23 14:52: Train Epoch 15: 200/765 Loss: 180.945358
2022-04-23 14:53: Train Epoch 15: 220/765 Loss: 147.985947
2022-04-23 14:55: Train Epoch 15: 240/765 Loss: 123.381203
2022-04-23 14:56: Train Epoch 15: 260/765 Loss: 177.060898
2022-04-23 14:58: Train Epoch 15: 280/765 Loss: 146.221054
2022-04-23 14:59: Train Epoch 15: 300/765 Loss: 270.723450
2022-04-23 15:01: Train Epoch 15: 320/765 Loss: 170.024612
2022-04-23 15:02: Train Epoch 15: 340/765 Loss: 190.874771
2022-04-23 15:04: Train Epoch 15: 360/765 Loss: 197.108414
2022-04-23 15:05: Train Epoch 15: 380/765 Loss: 288.427460
2022-04-23 15:07: Train Epoch 15: 400/765 Loss: 233.687698
2022-04-23 15:08: Train Epoch 15: 420/765 Loss: 161.441315
2022-04-23 15:10: Train Epoch 15: 440/765 Loss: 120.643272
2022-04-23 15:11: Train Epoch 15: 460/765 Loss: 209.928955
2022-04-23 15:13: Train Epoch 15: 480/765 Loss: 148.000763
2022-04-23 15:14: Train Epoch 15: 500/765 Loss: 189.136887
2022-04-23 15:16: Train Epoch 15: 520/765 Loss: 175.395691
2022-04-23 15:17: Train Epoch 15: 540/765 Loss: 218.521881
2022-04-23 15:19: Train Epoch 15: 560/765 Loss: 160.939819
2022-04-23 15:20: Train Epoch 15: 580/765 Loss: 213.116516
2022-04-23 15:22: Train Epoch 15: 600/765 Loss: 277.449646
2022-04-23 15:23: Train Epoch 15: 620/765 Loss: 176.371796
2022-04-23 15:25: Train Epoch 15: 640/765 Loss: 131.424515
2022-04-23 15:26: Train Epoch 15: 660/765 Loss: 185.346359
2022-04-23 15:28: Train Epoch 15: 680/765 Loss: 177.561340
2022-04-23 15:29: Train Epoch 15: 700/765 Loss: 193.016998
2022-04-23 15:31: Train Epoch 15: 720/765 Loss: 128.504578
2022-04-23 15:32: Train Epoch 15: 740/765 Loss: 128.233704
2022-04-23 15:34: Train Epoch 15: 760/765 Loss: 182.847382
2022-04-23 15:34: **********Train Epoch 15: averaged Loss: 188.365244
2022-04-23 15:36: **********Val Epoch 15: average Loss: 164.513960
2022-04-23 15:36: Train Epoch 16: 0/765 Loss: 193.187500
2022-04-23 15:38: Train Epoch 16: 20/765 Loss: 205.114197
2022-04-23 15:39: Train Epoch 16: 40/765 Loss: 162.787476
2022-04-23 15:41: Train Epoch 16: 60/765 Loss: 218.978134
2022-04-23 15:42: Train Epoch 16: 80/765 Loss: 186.776505
2022-04-23 15:44: Train Epoch 16: 100/765 Loss: 138.161880
2022-04-23 15:45: Train Epoch 16: 120/765 Loss: 163.244858
2022-04-23 15:47: Train Epoch 16: 140/765 Loss: 132.438812
2022-04-23 15:48: Train Epoch 16: 160/765 Loss: 139.446854
2022-04-23 15:50: Train Epoch 16: 180/765 Loss: 112.231743
2022-04-23 15:51: Train Epoch 16: 200/765 Loss: 122.062050
2022-04-23 15:53: Train Epoch 16: 220/765 Loss: 170.675415
2022-04-23 15:54: Train Epoch 16: 240/765 Loss: 163.290161
2022-04-23 15:56: Train Epoch 16: 260/765 Loss: 215.437027
2022-04-23 15:57: Train Epoch 16: 280/765 Loss: 183.337067
2022-04-23 15:59: Train Epoch 16: 300/765 Loss: 183.504913
2022-04-23 16:00: Train Epoch 16: 320/765 Loss: 160.806839
2022-04-23 16:02: Train Epoch 16: 340/765 Loss: 116.885422
2022-04-23 16:03: Train Epoch 16: 360/765 Loss: 180.145706
2022-04-23 16:05: Train Epoch 16: 380/765 Loss: 177.832291
2022-04-23 16:06: Train Epoch 16: 400/765 Loss: 149.391449
2022-04-23 16:08: Train Epoch 16: 420/765 Loss: 198.608704
2022-04-23 16:09: Train Epoch 16: 440/765 Loss: 174.202133
2022-04-23 16:11: Train Epoch 16: 460/765 Loss: 102.913979
2022-04-23 16:12: Train Epoch 16: 480/765 Loss: 138.694839
2022-04-23 16:14: Train Epoch 16: 500/765 Loss: 144.774597
2022-04-23 16:15: Train Epoch 16: 520/765 Loss: 178.309174
2022-04-23 16:17: Train Epoch 16: 540/765 Loss: 126.902802
2022-04-23 16:18: Train Epoch 16: 560/765 Loss: 159.426163
2022-04-23 16:20: Train Epoch 16: 580/765 Loss: 141.081909
2022-04-23 16:21: Train Epoch 16: 600/765 Loss: 155.919815
2022-04-23 16:23: Train Epoch 16: 620/765 Loss: 147.283188
2022-04-23 16:24: Train Epoch 16: 640/765 Loss: 165.878647
2022-04-23 16:26: Train Epoch 16: 660/765 Loss: 109.969147
2022-04-23 16:27: Train Epoch 16: 680/765 Loss: 123.195824
2022-04-23 16:29: Train Epoch 16: 700/765 Loss: 113.091377
2022-04-23 16:30: Train Epoch 16: 720/765 Loss: 89.952187
2022-04-23 16:32: Train Epoch 16: 740/765 Loss: 94.057549
2022-04-23 16:33: Train Epoch 16: 760/765 Loss: 102.200844
2022-04-23 16:33: **********Train Epoch 16: averaged Loss: 150.276847
2022-04-23 16:36: **********Val Epoch 16: average Loss: 119.946175
2022-04-23 16:36: Train Epoch 17: 0/765 Loss: 104.533463
2022-04-23 16:37: Train Epoch 17: 20/765 Loss: 119.769127
2022-04-23 16:39: Train Epoch 17: 40/765 Loss: 98.844070
2022-04-23 16:40: Train Epoch 17: 60/765 Loss: 142.675613
2022-04-23 16:42: Train Epoch 17: 80/765 Loss: 95.048470
2022-04-23 16:43: Train Epoch 17: 100/765 Loss: 94.675194
2022-04-23 16:45: Train Epoch 17: 120/765 Loss: 120.268959
2022-04-23 16:46: Train Epoch 17: 140/765 Loss: 103.695190
2022-04-23 16:48: Train Epoch 17: 160/765 Loss: 88.318817
2022-04-23 16:49: Train Epoch 17: 180/765 Loss: 133.898834
2022-04-23 16:51: Train Epoch 17: 200/765 Loss: 85.828331
2022-04-23 16:52: Train Epoch 17: 220/765 Loss: 98.393585
2022-04-23 16:54: Train Epoch 17: 240/765 Loss: 87.083679
2022-04-23 16:55: Train Epoch 17: 260/765 Loss: 88.729752
2022-04-23 16:57: Train Epoch 17: 280/765 Loss: 90.961159
2022-04-23 16:58: Train Epoch 17: 300/765 Loss: 93.270615
2022-04-23 17:00: Train Epoch 17: 320/765 Loss: 75.229988
2022-04-23 17:01: Train Epoch 17: 340/765 Loss: 67.859634
2022-04-23 17:03: Train Epoch 17: 360/765 Loss: 85.561913
2022-04-23 17:04: Train Epoch 17: 380/765 Loss: 87.373398
2022-04-23 17:06: Train Epoch 17: 400/765 Loss: 121.343307
2022-04-23 17:07: Train Epoch 17: 420/765 Loss: 95.920784
2022-04-23 17:09: Train Epoch 17: 440/765 Loss: 145.246643
2022-04-23 17:10: Train Epoch 17: 460/765 Loss: 124.099457
2022-04-23 17:12: Train Epoch 17: 480/765 Loss: 133.785797
2022-04-23 17:13: Train Epoch 17: 500/765 Loss: 125.242424
2022-04-23 17:15: Train Epoch 17: 520/765 Loss: 125.856148
2022-04-23 17:16: Train Epoch 17: 540/765 Loss: 100.844131
2022-04-23 17:18: Train Epoch 17: 560/765 Loss: 133.383682
2022-04-23 17:19: Train Epoch 17: 580/765 Loss: 110.591362
2022-04-23 17:21: Train Epoch 17: 600/765 Loss: 89.179771
2022-04-23 17:22: Train Epoch 17: 620/765 Loss: 93.323364
2022-04-23 17:24: Train Epoch 17: 640/765 Loss: 99.621834
2022-04-23 17:25: Train Epoch 17: 660/765 Loss: 180.671692
2022-04-23 17:27: Train Epoch 17: 680/765 Loss: 237.494537
2022-04-23 17:28: Train Epoch 17: 700/765 Loss: 168.444427
2022-04-23 17:30: Train Epoch 17: 720/765 Loss: 162.746582
2022-04-23 17:31: Train Epoch 17: 740/765 Loss: 131.785156
2022-04-23 17:33: Train Epoch 17: 760/765 Loss: 115.177361
2022-04-23 17:33: **********Train Epoch 17: averaged Loss: 125.405774
2022-04-23 17:35: **********Val Epoch 17: average Loss: 121.926772
2022-04-23 17:35: Train Epoch 18: 0/765 Loss: 104.169945
2022-04-23 17:37: Train Epoch 18: 20/765 Loss: 109.143883
2022-04-23 17:38: Train Epoch 18: 40/765 Loss: 103.579773
2022-04-23 17:40: Train Epoch 18: 60/765 Loss: 147.015564
2022-04-23 17:41: Train Epoch 18: 80/765 Loss: 79.483994
2022-04-23 17:43: Train Epoch 18: 100/765 Loss: 81.638535
2022-04-23 17:44: Train Epoch 18: 120/765 Loss: 93.916840
2022-04-23 17:46: Train Epoch 18: 140/765 Loss: 98.125221
2022-04-23 17:47: Train Epoch 18: 160/765 Loss: 72.430367
2022-04-23 17:49: Train Epoch 18: 180/765 Loss: 61.166164
2022-04-23 17:50: Train Epoch 18: 200/765 Loss: 100.790253
2022-04-23 17:52: Train Epoch 18: 220/765 Loss: 105.112015
2022-04-23 17:53: Train Epoch 18: 240/765 Loss: 76.785927
2022-04-23 17:55: Train Epoch 18: 260/765 Loss: 102.852638
2022-04-23 17:56: Train Epoch 18: 280/765 Loss: 88.485657
2022-04-23 17:58: Train Epoch 18: 300/765 Loss: 69.289551
2022-04-23 18:00: Train Epoch 18: 320/765 Loss: 82.208237
2022-04-23 18:01: Train Epoch 18: 340/765 Loss: 73.340881
2022-04-23 18:03: Train Epoch 18: 360/765 Loss: 65.262955
2022-04-23 18:04: Train Epoch 18: 380/765 Loss: 78.031502
2022-04-23 18:06: Train Epoch 18: 400/765 Loss: 87.576630
2022-04-23 18:08: Train Epoch 18: 420/765 Loss: 70.823128
2022-04-23 18:09: Train Epoch 18: 440/765 Loss: 76.915771
2022-04-23 18:11: Train Epoch 18: 460/765 Loss: 93.377930
2022-04-23 18:12: Train Epoch 18: 480/765 Loss: 236.842361
2022-04-23 18:14: Train Epoch 18: 500/765 Loss: 118.890602
2022-04-23 18:15: Train Epoch 18: 520/765 Loss: 91.926178
2022-04-23 18:17: Train Epoch 18: 540/765 Loss: 84.401031
2022-04-23 18:18: Train Epoch 18: 560/765 Loss: 82.460091
2022-04-23 18:20: Train Epoch 18: 580/765 Loss: 66.952660
2022-04-23 18:21: Train Epoch 18: 600/765 Loss: 70.527382
2022-04-23 18:23: Train Epoch 18: 620/765 Loss: 70.990013
2022-04-23 18:24: Train Epoch 18: 640/765 Loss: 73.653168
2022-04-23 18:26: Train Epoch 18: 660/765 Loss: 85.925285
2022-04-23 18:27: Train Epoch 18: 680/765 Loss: 80.174599
2022-04-23 18:29: Train Epoch 18: 700/765 Loss: 67.288879
2022-04-23 18:30: Train Epoch 18: 720/765 Loss: 66.445038
2022-04-23 18:32: Train Epoch 18: 740/765 Loss: 57.278793
2022-04-23 18:34: Train Epoch 18: 760/765 Loss: 61.556416
2022-04-23 18:34: **********Train Epoch 18: averaged Loss: 87.772173
2022-04-23 18:36: **********Val Epoch 18: average Loss: 79.301709
2022-04-23 18:36: Train Epoch 19: 0/765 Loss: 83.314697
2022-04-23 18:38: Train Epoch 19: 20/765 Loss: 79.212372
2022-04-23 18:39: Train Epoch 19: 40/765 Loss: 105.242058
2022-04-23 18:41: Train Epoch 19: 60/765 Loss: 896.443176
2022-04-23 18:42: Train Epoch 19: 80/765 Loss: 370.969421
2022-04-23 18:44: Train Epoch 19: 100/765 Loss: 332.788330
2022-04-23 18:45: Train Epoch 19: 120/765 Loss: 261.334595
2022-04-23 18:47: Train Epoch 19: 140/765 Loss: 324.833832
2022-04-23 18:49: Train Epoch 19: 160/765 Loss: 237.301758
2022-04-23 18:50: Train Epoch 19: 180/765 Loss: 232.634903
2022-04-23 18:52: Train Epoch 19: 200/765 Loss: 228.638260
2022-04-23 18:53: Train Epoch 19: 220/765 Loss: 310.753265
2022-04-23 18:55: Train Epoch 19: 240/765 Loss: 260.841644
2022-04-23 18:56: Train Epoch 19: 260/765 Loss: 204.151993
2022-04-23 18:58: Train Epoch 19: 280/765 Loss: 230.421204
2022-04-23 18:59: Train Epoch 19: 300/765 Loss: 190.776566
2022-04-23 19:01: Train Epoch 19: 320/765 Loss: 219.890152
2022-04-23 19:02: Train Epoch 19: 340/765 Loss: 240.045166
2022-04-23 19:04: Train Epoch 19: 360/765 Loss: 212.066727
2022-04-23 19:05: Train Epoch 19: 380/765 Loss: 207.714966
2022-04-23 19:07: Train Epoch 19: 400/765 Loss: 278.599548
2022-04-23 19:08: Train Epoch 19: 420/765 Loss: 240.364914
2022-04-23 19:10: Train Epoch 19: 440/765 Loss: 292.053650
2022-04-23 19:11: Train Epoch 19: 460/765 Loss: 160.301514
2022-04-23 19:13: Train Epoch 19: 480/765 Loss: 246.834061
2022-04-23 19:14: Train Epoch 19: 500/765 Loss: 201.023819
2022-04-23 19:16: Train Epoch 19: 520/765 Loss: 182.265045
2022-04-23 19:17: Train Epoch 19: 540/765 Loss: 147.864273
2022-04-23 19:19: Train Epoch 19: 560/765 Loss: 125.261604
2022-04-23 19:20: Train Epoch 19: 580/765 Loss: 151.889557
2022-04-23 19:22: Train Epoch 19: 600/765 Loss: 157.062637
2022-04-23 19:23: Train Epoch 19: 620/765 Loss: 169.792252
2022-04-23 19:25: Train Epoch 19: 640/765 Loss: 167.900726
2022-04-23 19:26: Train Epoch 19: 660/765 Loss: 160.147598
2022-04-23 19:28: Train Epoch 19: 680/765 Loss: 180.304062
2022-04-23 19:29: Train Epoch 19: 700/765 Loss: 141.434906
2022-04-23 19:31: Train Epoch 19: 720/765 Loss: 184.642487
2022-04-23 19:32: Train Epoch 19: 740/765 Loss: 141.006226
2022-04-23 19:34: Train Epoch 19: 760/765 Loss: 209.427597
2022-04-23 19:34: **********Train Epoch 19: averaged Loss: 219.909390
2022-04-23 19:36: **********Val Epoch 19: average Loss: 183.920582
2022-04-23 19:36: Train Epoch 20: 0/765 Loss: 184.869415
2022-04-23 19:38: Train Epoch 20: 20/765 Loss: 181.001541
2022-04-23 19:39: Train Epoch 20: 40/765 Loss: 164.373978
2022-04-23 19:41: Train Epoch 20: 60/765 Loss: 136.000732
2022-04-23 19:42: Train Epoch 20: 80/765 Loss: 128.557617
2022-04-23 19:44: Train Epoch 20: 100/765 Loss: 189.042557
2022-04-23 19:45: Train Epoch 20: 120/765 Loss: 185.069519
2022-04-23 19:47: Train Epoch 20: 140/765 Loss: 170.361282
2022-04-23 19:48: Train Epoch 20: 160/765 Loss: 217.693954
2022-04-23 19:50: Train Epoch 20: 180/765 Loss: 167.286804
2022-04-23 19:51: Train Epoch 20: 200/765 Loss: 185.168991
2022-04-23 19:53: Train Epoch 20: 220/765 Loss: 155.890076
2022-04-23 19:55: Train Epoch 20: 240/765 Loss: 118.837242
2022-04-23 19:56: Train Epoch 20: 260/765 Loss: 195.450119
2022-04-23 19:58: Train Epoch 20: 280/765 Loss: 145.556290
2022-04-23 19:59: Train Epoch 20: 300/765 Loss: 152.433945
2022-04-23 20:01: Train Epoch 20: 320/765 Loss: 177.670822
2022-04-23 20:02: Train Epoch 20: 340/765 Loss: 169.358215
2022-04-23 20:04: Train Epoch 20: 360/765 Loss: 163.278122
2022-04-23 20:05: Train Epoch 20: 380/765 Loss: 133.698318
2022-04-23 20:06: Train Epoch 20: 400/765 Loss: 163.703201
2022-04-23 20:08: Train Epoch 20: 420/765 Loss: 89.383461
2022-04-23 20:09: Train Epoch 20: 440/765 Loss: 149.900665
2022-04-23 20:11: Train Epoch 20: 460/765 Loss: 134.059784
2022-04-23 20:12: Train Epoch 20: 480/765 Loss: 127.071037
2022-04-23 20:14: Train Epoch 20: 500/765 Loss: 131.204910
2022-04-23 20:15: Train Epoch 20: 520/765 Loss: 152.751022
2022-04-23 20:17: Train Epoch 20: 540/765 Loss: 137.906693
2022-04-23 20:18: Train Epoch 20: 560/765 Loss: 110.018089
2022-04-23 20:20: Train Epoch 20: 580/765 Loss: 176.068283
2022-04-23 20:21: Train Epoch 20: 600/765 Loss: 151.248260
2022-04-23 20:23: Train Epoch 20: 620/765 Loss: 135.825928
2022-04-23 20:24: Train Epoch 20: 640/765 Loss: 131.340439
2022-04-23 20:26: Train Epoch 20: 660/765 Loss: 107.677185
2022-04-23 20:27: Train Epoch 20: 680/765 Loss: 128.123856
2022-04-23 20:29: Train Epoch 20: 700/765 Loss: 163.820038
2022-04-23 20:30: Train Epoch 20: 720/765 Loss: 127.505676
2022-04-23 20:32: Train Epoch 20: 740/765 Loss: 153.489594
2022-04-23 20:33: Train Epoch 20: 760/765 Loss: 165.540833
2022-04-23 20:34: **********Train Epoch 20: averaged Loss: 156.894223
2022-04-23 20:36: **********Val Epoch 20: average Loss: 137.604728
2022-04-23 20:36: Train Epoch 21: 0/765 Loss: 140.386124
2022-04-23 20:38: Train Epoch 21: 20/765 Loss: 123.915878
2022-04-23 20:39: Train Epoch 21: 40/765 Loss: 114.439575
2022-04-23 20:41: Train Epoch 21: 60/765 Loss: 110.068039
2022-04-23 20:42: Train Epoch 21: 80/765 Loss: 142.628204
2022-04-23 20:43: Train Epoch 21: 100/765 Loss: 109.724953
2022-04-23 20:45: Train Epoch 21: 120/765 Loss: 131.099701
2022-04-23 20:46: Train Epoch 21: 140/765 Loss: 141.842987
2022-04-23 20:48: Train Epoch 21: 160/765 Loss: 104.965179
2022-04-23 20:49: Train Epoch 21: 180/765 Loss: 114.047768
2022-04-23 20:51: Train Epoch 21: 200/765 Loss: 116.561722
2022-04-23 20:52: Train Epoch 21: 220/765 Loss: 84.007324
2022-04-23 20:54: Train Epoch 21: 240/765 Loss: 97.498207
2022-04-23 20:55: Train Epoch 21: 260/765 Loss: 118.810425
2022-04-23 20:57: Train Epoch 21: 280/765 Loss: 132.831451
2022-04-23 20:58: Train Epoch 21: 300/765 Loss: 144.277008
2022-04-23 21:00: Train Epoch 21: 320/765 Loss: 104.565094
2022-04-23 21:01: Train Epoch 21: 340/765 Loss: 120.282608
2022-04-23 21:03: Train Epoch 21: 360/765 Loss: 116.136475
2022-04-23 21:04: Train Epoch 21: 380/765 Loss: 129.278671
2022-04-23 21:06: Train Epoch 21: 400/765 Loss: 122.183693
2022-04-23 21:07: Train Epoch 21: 420/765 Loss: 123.899071
2022-04-23 21:09: Train Epoch 21: 440/765 Loss: 121.022400
2022-04-23 21:10: Train Epoch 21: 460/765 Loss: 105.791756
2022-04-23 21:12: Train Epoch 21: 480/765 Loss: 119.148590
2022-04-23 21:13: Train Epoch 21: 500/765 Loss: 143.919937
2022-04-23 21:15: Train Epoch 21: 520/765 Loss: 111.766701
2022-04-23 21:16: Train Epoch 21: 540/765 Loss: 108.960365
2022-04-23 21:18: Train Epoch 21: 560/765 Loss: 114.219368
2022-04-23 21:19: Train Epoch 21: 580/765 Loss: 111.156868
2022-04-23 21:21: Train Epoch 21: 600/765 Loss: 91.285522
2022-04-23 21:22: Train Epoch 21: 620/765 Loss: 155.850800
2022-04-23 21:24: Train Epoch 21: 640/765 Loss: 132.746262
2022-04-23 21:25: Train Epoch 21: 660/765 Loss: 122.213631
2022-04-23 21:27: Train Epoch 21: 680/765 Loss: 110.868660
2022-04-23 21:28: Train Epoch 21: 700/765 Loss: 129.367004
2022-04-23 21:30: Train Epoch 21: 720/765 Loss: 101.223236
2022-04-23 21:31: Train Epoch 21: 740/765 Loss: 82.943398
2022-04-23 21:33: Train Epoch 21: 760/765 Loss: 99.710159
2022-04-23 21:33: **********Train Epoch 21: averaged Loss: 117.388154
2022-04-23 21:35: **********Val Epoch 21: average Loss: 116.017206
2022-04-23 21:35: Train Epoch 22: 0/765 Loss: 128.819168
2022-04-23 21:37: Train Epoch 22: 20/765 Loss: 79.624977
2022-04-23 21:38: Train Epoch 22: 40/765 Loss: 93.262062
2022-04-23 21:40: Train Epoch 22: 60/765 Loss: 91.602364
2022-04-23 21:41: Train Epoch 22: 80/765 Loss: 96.739571
2022-04-23 21:43: Train Epoch 22: 100/765 Loss: 81.573441
2022-04-23 21:44: Train Epoch 22: 120/765 Loss: 89.340065
2022-04-23 21:46: Train Epoch 22: 140/765 Loss: 120.047348
2022-04-23 21:47: Train Epoch 22: 160/765 Loss: 87.843773
2022-04-23 21:49: Train Epoch 22: 180/765 Loss: 85.810707
2022-04-23 21:50: Train Epoch 22: 200/765 Loss: 73.400192
2022-04-23 21:52: Train Epoch 22: 220/765 Loss: 83.845955
2022-04-23 21:53: Train Epoch 22: 240/765 Loss: 87.536003
2022-04-23 21:55: Train Epoch 22: 260/765 Loss: 91.187759
2022-04-23 21:56: Train Epoch 22: 280/765 Loss: 93.174706
2022-04-23 21:58: Train Epoch 22: 300/765 Loss: 100.609100
2022-04-23 21:59: Train Epoch 22: 320/765 Loss: 64.446907
2022-04-23 22:01: Train Epoch 22: 340/765 Loss: 82.298676
2022-04-23 22:02: Train Epoch 22: 360/765 Loss: 72.447861
2022-04-23 22:04: Train Epoch 22: 380/765 Loss: 99.753098
2022-04-23 22:05: Train Epoch 22: 400/765 Loss: 107.817627
2022-04-23 22:07: Train Epoch 22: 420/765 Loss: 94.129829
2022-04-23 22:08: Train Epoch 22: 440/765 Loss: 79.972519
2022-04-23 22:10: Train Epoch 22: 460/765 Loss: 72.656677
2022-04-23 22:11: Train Epoch 22: 480/765 Loss: 80.296494
2022-04-23 22:13: Train Epoch 22: 500/765 Loss: 90.019066
2022-04-23 22:14: Train Epoch 22: 520/765 Loss: 124.952194
2022-04-23 22:16: Train Epoch 22: 540/765 Loss: 80.764946
2022-04-23 22:17: Train Epoch 22: 560/765 Loss: 96.518929
2022-04-23 22:19: Train Epoch 22: 580/765 Loss: 92.261269
2022-04-23 22:20: Train Epoch 22: 600/765 Loss: 53.973106
2022-04-23 22:22: Train Epoch 22: 620/765 Loss: 73.111267
2022-04-23 22:23: Train Epoch 22: 640/765 Loss: 84.723709
2022-04-23 22:25: Train Epoch 22: 660/765 Loss: 106.311958
2022-04-23 22:26: Train Epoch 22: 680/765 Loss: 86.113800
2022-04-23 22:28: Train Epoch 22: 700/765 Loss: 76.608803
2022-04-23 22:29: Train Epoch 22: 720/765 Loss: 82.245628
2022-04-23 22:31: Train Epoch 22: 740/765 Loss: 66.540771
2022-04-23 22:32: Train Epoch 22: 760/765 Loss: 81.238503
2022-04-23 22:32: **********Train Epoch 22: averaged Loss: 88.842338
2022-04-23 22:35: **********Val Epoch 22: average Loss: 93.279590
2022-04-23 22:35: Train Epoch 23: 0/765 Loss: 85.660591
2022-04-23 22:36: Train Epoch 23: 20/765 Loss: 97.940254
2022-04-23 22:38: Train Epoch 23: 40/765 Loss: 84.209541
2022-04-23 22:39: Train Epoch 23: 60/765 Loss: 68.629684
2022-04-23 22:41: Train Epoch 23: 80/765 Loss: 72.923904
2022-04-23 22:42: Train Epoch 23: 100/765 Loss: 84.142487
2022-04-23 22:44: Train Epoch 23: 120/765 Loss: 74.292725
2022-04-23 22:45: Train Epoch 23: 140/765 Loss: 83.716377
2022-04-23 22:47: Train Epoch 23: 160/765 Loss: 63.859348
2022-04-23 22:48: Train Epoch 23: 180/765 Loss: 75.992332
2022-04-23 22:50: Train Epoch 23: 200/765 Loss: 57.618706
2022-04-23 22:51: Train Epoch 23: 220/765 Loss: 83.169067
2022-04-23 22:53: Train Epoch 23: 240/765 Loss: 76.539413
2022-04-23 22:54: Train Epoch 23: 260/765 Loss: 1605.112061
2022-04-23 22:56: Train Epoch 23: 280/765 Loss: 580.874634
2022-04-23 22:57: Train Epoch 23: 300/765 Loss: 349.824951
2022-04-23 22:59: Train Epoch 23: 320/765 Loss: 334.116455
2022-04-23 23:00: Train Epoch 23: 340/765 Loss: 273.753143
2022-04-23 23:02: Train Epoch 23: 360/765 Loss: 291.355988
2022-04-23 23:03: Train Epoch 23: 380/765 Loss: 254.963104
2022-04-23 23:05: Train Epoch 23: 400/765 Loss: 254.276169
2022-04-23 23:06: Train Epoch 23: 420/765 Loss: 290.053864
2022-04-23 23:08: Train Epoch 23: 440/765 Loss: 245.999664
2022-04-23 23:09: Train Epoch 23: 460/765 Loss: 224.796631
2022-04-23 23:11: Train Epoch 23: 480/765 Loss: 235.021576
2022-04-23 23:12: Train Epoch 23: 500/765 Loss: 244.036865
2022-04-23 23:14: Train Epoch 23: 520/765 Loss: 243.921768
2022-04-23 23:15: Train Epoch 23: 540/765 Loss: 223.892944
2022-04-23 23:17: Train Epoch 23: 560/765 Loss: 235.458664
2022-04-23 23:18: Train Epoch 23: 580/765 Loss: 212.256226
2022-04-23 23:20: Train Epoch 23: 600/765 Loss: 234.974258
2022-04-23 23:21: Train Epoch 23: 620/765 Loss: 236.104477
2022-04-23 23:22: Train Epoch 23: 640/765 Loss: 285.550018
2022-04-23 23:24: Train Epoch 23: 660/765 Loss: 222.562912
2022-04-23 23:25: Train Epoch 23: 680/765 Loss: 211.316391
2022-04-23 23:27: Train Epoch 23: 700/765 Loss: 153.980362
2022-04-23 23:28: Train Epoch 23: 720/765 Loss: 174.003311
2022-04-23 23:30: Train Epoch 23: 740/765 Loss: 214.415634
2022-04-23 23:31: Train Epoch 23: 760/765 Loss: 190.179077
2022-04-23 23:32: **********Train Epoch 23: averaged Loss: 221.957306
2022-04-23 23:34: **********Val Epoch 23: average Loss: 193.020681
2022-04-23 23:34: Train Epoch 24: 0/765 Loss: 172.467377
2022-04-23 23:36: Train Epoch 24: 20/765 Loss: 185.484283
2022-04-23 23:37: Train Epoch 24: 40/765 Loss: 173.576721
2022-04-23 23:39: Train Epoch 24: 60/765 Loss: 199.257919
2022-04-23 23:40: Train Epoch 24: 80/765 Loss: 175.040878
2022-04-23 23:42: Train Epoch 24: 100/765 Loss: 166.568924
2022-04-23 23:43: Train Epoch 24: 120/765 Loss: 156.026749
2022-04-23 23:45: Train Epoch 24: 140/765 Loss: 146.701157
2022-04-23 23:46: Train Epoch 24: 160/765 Loss: 175.505127
2022-04-23 23:48: Train Epoch 24: 180/765 Loss: 131.554199
2022-04-23 23:49: Train Epoch 24: 200/765 Loss: 161.679031
2022-04-23 23:50: Train Epoch 24: 220/765 Loss: 167.518478
2022-04-23 23:52: Train Epoch 24: 240/765 Loss: 184.477234
2022-04-23 23:53: Train Epoch 24: 260/765 Loss: 135.338486
2022-04-23 23:55: Train Epoch 24: 280/765 Loss: 133.442841
2022-04-23 23:56: Train Epoch 24: 300/765 Loss: 142.990845
2022-04-23 23:58: Train Epoch 24: 320/765 Loss: 131.237350
2022-04-23 23:59: Train Epoch 24: 340/765 Loss: 118.044006
2022-04-24 00:01: Train Epoch 24: 360/765 Loss: 120.625519
2022-04-24 00:02: Train Epoch 24: 380/765 Loss: 123.068314
2022-04-24 00:04: Train Epoch 24: 400/765 Loss: 149.758163
2022-04-24 00:05: Train Epoch 24: 420/765 Loss: 146.093658
2022-04-24 00:07: Train Epoch 24: 440/765 Loss: 93.329582
2022-04-24 00:08: Train Epoch 24: 460/765 Loss: 123.654846
2022-04-24 00:10: Train Epoch 24: 480/765 Loss: 99.356918
2022-04-24 00:11: Train Epoch 24: 500/765 Loss: 141.499100
2022-04-24 00:13: Train Epoch 24: 520/765 Loss: 122.999123
2022-04-24 00:14: Train Epoch 24: 540/765 Loss: 103.612724
2022-04-24 00:16: Train Epoch 24: 560/765 Loss: 110.420784
2022-04-24 00:17: Train Epoch 24: 580/765 Loss: 101.687584
2022-04-24 00:19: Train Epoch 24: 600/765 Loss: 96.508575
2022-04-24 00:20: Train Epoch 24: 620/765 Loss: 96.248123
2022-04-24 00:22: Train Epoch 24: 640/765 Loss: 100.439392
2022-04-24 00:23: Train Epoch 24: 660/765 Loss: 93.599251
2022-04-24 00:25: Train Epoch 24: 680/765 Loss: 111.646500
2022-04-24 00:26: Train Epoch 24: 700/765 Loss: 106.038528
2022-04-24 00:28: Train Epoch 24: 720/765 Loss: 89.936722
2022-04-24 00:29: Train Epoch 24: 740/765 Loss: 90.378281
2022-04-24 00:31: Train Epoch 24: 760/765 Loss: 93.573181
2022-04-24 00:31: **********Train Epoch 24: averaged Loss: 132.441810
2022-04-24 00:33: **********Val Epoch 24: average Loss: 96.368283
2022-04-24 00:33: Train Epoch 25: 0/765 Loss: 90.262558
2022-04-24 00:35: Train Epoch 25: 20/765 Loss: 107.159714
2022-04-24 00:36: Train Epoch 25: 40/765 Loss: 76.246552
2022-04-24 00:38: Train Epoch 25: 60/765 Loss: 102.417290
2022-04-24 00:39: Train Epoch 25: 80/765 Loss: 101.411705
2022-04-24 00:41: Train Epoch 25: 100/765 Loss: 69.700500
2022-04-24 00:43: Train Epoch 25: 120/765 Loss: 58.051037
2022-04-24 00:44: Train Epoch 25: 140/765 Loss: 76.244598
2022-04-24 00:46: Train Epoch 25: 160/765 Loss: 110.785797
2022-04-24 00:47: Train Epoch 25: 180/765 Loss: 93.309975
2022-04-24 00:49: Train Epoch 25: 200/765 Loss: 56.530777
2022-04-24 00:50: Train Epoch 25: 220/765 Loss: 66.749306
2022-04-24 00:52: Train Epoch 25: 240/765 Loss: 69.184547
2022-04-24 00:53: Train Epoch 25: 260/765 Loss: 62.508926
2022-04-24 00:55: Train Epoch 25: 280/765 Loss: 61.240082
2022-04-24 00:56: Train Epoch 25: 300/765 Loss: 97.438477
2022-04-24 00:58: Train Epoch 25: 320/765 Loss: 57.521809
2022-04-24 00:59: Train Epoch 25: 340/765 Loss: 84.826302
2022-04-24 01:01: Train Epoch 25: 360/765 Loss: 62.895527
2022-04-24 01:02: Train Epoch 25: 380/765 Loss: 93.153320
2022-04-24 01:04: Train Epoch 25: 400/765 Loss: 83.092377
2022-04-24 01:05: Train Epoch 25: 420/765 Loss: 68.806190
2022-04-24 01:07: Train Epoch 25: 440/765 Loss: 76.084824
2022-04-24 01:08: Train Epoch 25: 460/765 Loss: 62.098488
2022-04-24 01:10: Train Epoch 25: 480/765 Loss: 78.603294
2022-04-24 01:11: Train Epoch 25: 500/765 Loss: 57.148479
2022-04-24 01:13: Train Epoch 25: 520/765 Loss: 68.318497
2022-04-24 01:14: Train Epoch 25: 540/765 Loss: 63.531208
2022-04-24 01:15: Train Epoch 25: 560/765 Loss: 107.981941
2022-04-24 01:17: Train Epoch 25: 580/765 Loss: 79.858932
2022-04-24 01:18: Train Epoch 25: 600/765 Loss: 71.164871
2022-04-24 01:20: Train Epoch 25: 620/765 Loss: 97.736031
2022-04-24 01:21: Train Epoch 25: 640/765 Loss: 67.192207
2022-04-24 01:23: Train Epoch 25: 660/765 Loss: 92.620583
2022-04-24 01:24: Train Epoch 25: 680/765 Loss: 85.723152
2022-04-24 01:26: Train Epoch 25: 700/765 Loss: 80.760788
2022-04-24 01:27: Train Epoch 25: 720/765 Loss: 67.986801
2022-04-24 01:29: Train Epoch 25: 740/765 Loss: 130.375427
2022-04-24 01:30: Train Epoch 25: 760/765 Loss: 102.340874
2022-04-24 01:31: **********Train Epoch 25: averaged Loss: 83.091816
2022-04-24 01:33: **********Val Epoch 25: average Loss: 113.691463
2022-04-24 01:33: Validation performance didn't improve for 15 epochs. Training stops.
2022-04-24 01:33: Total training time: 1488.8777min, best loss: 45.556159
2022-04-24 01:38: Horizon 01, MAE: 44.63, RMSE: 76.51, MAPE: 27.2013%
2022-04-24 01:38: Average Horizon, MAE: 44.63, RMSE: 76.51, MAPE: 27.2013%
