2022-04-25 09:17: Experiment log path in: ../runs\ManchesterHW_60\04-25-09h17m_ManchesterHW_60_GCDE_type1_embed{10}hid{128}hidhid{128}lyrs{3}lr{0.001}wd{0.001}
2022-04-25 09:17: Argument batch_size: 16
2022-04-25 09:17: Argument cheb_k: 2
2022-04-25 09:17: Argument column_wise: False
2022-04-25 09:17: Argument comment: ''
2022-04-25 09:17: Argument cuda: True
2022-04-25 09:17: Argument dataset: 'ManchesterHW_60'
2022-04-25 09:17: Argument debug: False
2022-04-25 09:17: Argument default_graph: True
2022-04-25 09:17: Argument device: 0
2022-04-25 09:17: Argument early_stop: True
2022-04-25 09:17: Argument early_stop_patience: 15
2022-04-25 09:17: Argument embed_dim: 10
2022-04-25 09:17: Argument epochs: 400
2022-04-25 09:17: Argument g_type: 'agc'
2022-04-25 09:17: Argument grad_norm: False
2022-04-25 09:17: Argument hid_dim: 128
2022-04-25 09:17: Argument hid_hid_dim: 128
2022-04-25 09:17: Argument horizon: 1
2022-04-25 09:17: Argument input_dim: 2
2022-04-25 09:17: Argument lag: 12
2022-04-25 09:17: Argument log_dir: '../runs\\ManchesterHW_60\\04-25-09h17m_ManchesterHW_60_GCDE_type1_embed{10}hid{128}hidhid{128}lyrs{3}lr{0.001}wd{0.001}'
2022-04-25 09:17: Argument log_step: 20
2022-04-25 09:17: Argument loss_func: 'mae'
2022-04-25 09:17: Argument lr_decay: False
2022-04-25 09:17: Argument lr_decay_rate: 0.3
2022-04-25 09:17: Argument lr_decay_step: '20,80,160,280'
2022-04-25 09:17: Argument lr_init: 0.001
2022-04-25 09:17: Argument mae_thresh: None
2022-04-25 09:17: Argument mape_thresh: 0.0
2022-04-25 09:17: Argument max_grad_norm: 5
2022-04-25 09:17: Argument missing_rate: 0.1
2022-04-25 09:17: Argument missing_test: False
2022-04-25 09:17: Argument mode: 'train'
2022-04-25 09:17: Argument model: 'GCDE'
2022-04-25 09:17: Argument model_path: ''
2022-04-25 09:17: Argument model_type: 'type1'
2022-04-25 09:17: Argument normalizer: 'std'
2022-04-25 09:17: Argument num_layers: 3
2022-04-25 09:17: Argument num_nodes: 1000
2022-04-25 09:17: Argument output_dim: 1
2022-04-25 09:17: Argument plot: False
2022-04-25 09:17: Argument real_value: True
2022-04-25 09:17: Argument seed: 10
2022-04-25 09:17: Argument solver: 'rk4'
2022-04-25 09:17: Argument teacher_forcing: False
2022-04-25 09:17: Argument tensorboard: False
2022-04-25 09:17: Argument test_ratio: 0.2
2022-04-25 09:17: Argument tod: False
2022-04-25 09:17: Argument val_ratio: 0.1
2022-04-25 09:17: Argument weight_decay: 0.001
2022-04-25 09:17: NeuralGCDE(
  (func_f): FinalTanh_f(
    input_channels: 2, hidden_channels: 128, hidden_hidden_channels: 128, num_hidden_layers: 3
    (linear_in): Linear(in_features=128, out_features=128, bias=True)
    (linears): ModuleList(
      (0): Linear(in_features=128, out_features=128, bias=True)
      (1): Linear(in_features=128, out_features=128, bias=True)
    )
    (linear_out): Linear(in_features=128, out_features=256, bias=True)
  )
  (func_g): VectorField_g(
    input_channels: 2, hidden_channels: 128, hidden_hidden_channels: 128, num_hidden_layers: 3
    (linear_in): Linear(in_features=128, out_features=128, bias=True)
    (linear_out): Linear(in_features=128, out_features=16384, bias=True)
  )
  (end_conv): Conv2d(1, 1, kernel_size=(1, 128), stride=(1, 1))
  (initial_h): Linear(in_features=2, out_features=128, bias=True)
  (initial_z): Linear(in_features=2, out_features=128, bias=True)
)
2022-04-25 09:17: Total params: 2562465
2022-04-25 09:18: Train Epoch 1: 0/382 Loss: 1070.859497
2022-04-25 09:19: Train Epoch 1: 20/382 Loss: 336.250092
2022-04-25 09:21: Train Epoch 1: 40/382 Loss: 220.326538
2022-04-25 09:22: Train Epoch 1: 60/382 Loss: 314.470337
2022-04-25 09:24: Train Epoch 1: 80/382 Loss: 210.639359
2022-04-25 09:25: Train Epoch 1: 100/382 Loss: 177.507385
2022-04-25 09:27: Train Epoch 1: 120/382 Loss: 216.798676
2022-04-25 09:28: Train Epoch 1: 140/382 Loss: 230.630936
2022-04-25 09:30: Train Epoch 1: 160/382 Loss: 213.456635
2022-04-25 09:31: Train Epoch 1: 180/382 Loss: 150.422882
2022-04-25 09:33: Train Epoch 1: 200/382 Loss: 195.571045
2022-04-25 09:35: Train Epoch 1: 220/382 Loss: 196.124985
2022-04-25 09:36: Train Epoch 1: 240/382 Loss: 189.158661
2022-04-25 09:38: Train Epoch 1: 260/382 Loss: 203.319733
2022-04-25 09:39: Train Epoch 1: 280/382 Loss: 188.708511
2022-04-25 09:41: Train Epoch 1: 300/382 Loss: 124.302338
2022-04-25 09:42: Train Epoch 1: 320/382 Loss: 193.580704
2022-04-25 09:44: Train Epoch 1: 340/382 Loss: 135.190781
2022-04-25 09:45: Train Epoch 1: 360/382 Loss: 156.032959
2022-04-25 09:47: Train Epoch 1: 380/382 Loss: 119.512489
2022-04-25 09:47: **********Train Epoch 1: averaged Loss: 217.041680
2022-04-25 09:48: **********Val Epoch 1: average Loss: 146.864225
2022-04-25 09:48: *********************************Current best model saved!
2022-04-25 09:48: Saving current best model to ../runs\ManchesterHW_60\04-25-09h17m_ManchesterHW_60_GCDE_type1_embed{10}hid{128}hidhid{128}lyrs{3}lr{0.001}wd{0.001}\best_model.pth
2022-04-25 09:48: Train Epoch 2: 0/382 Loss: 147.146072
2022-04-25 09:49: Train Epoch 2: 20/382 Loss: 146.809341
2022-04-25 09:51: Train Epoch 2: 40/382 Loss: 170.576920
2022-04-25 09:52: Train Epoch 2: 60/382 Loss: 130.222443
2022-04-25 09:54: Train Epoch 2: 80/382 Loss: 130.803970
2022-04-25 09:55: Train Epoch 2: 100/382 Loss: 108.755959
2022-04-25 09:57: Train Epoch 2: 120/382 Loss: 142.818695
2022-04-25 09:58: Train Epoch 2: 140/382 Loss: 165.474899
2022-04-25 10:00: Train Epoch 2: 160/382 Loss: 140.834015
2022-04-25 10:01: Train Epoch 2: 180/382 Loss: 192.328690
2022-04-25 10:03: Train Epoch 2: 200/382 Loss: 170.115341
2022-04-25 10:04: Train Epoch 2: 220/382 Loss: 157.856750
2022-04-25 10:06: Train Epoch 2: 240/382 Loss: 187.693390
2022-04-25 10:07: Train Epoch 2: 260/382 Loss: 220.074860
2022-04-25 10:09: Train Epoch 2: 280/382 Loss: 191.666199
2022-04-25 10:10: Train Epoch 2: 300/382 Loss: 158.837479
2022-04-25 10:12: Train Epoch 2: 320/382 Loss: 163.312836
2022-04-25 10:13: Train Epoch 2: 340/382 Loss: 195.067047
2022-04-25 10:15: Train Epoch 2: 360/382 Loss: 161.463699
2022-04-25 10:16: Train Epoch 2: 380/382 Loss: 169.579956
2022-04-25 10:17: **********Train Epoch 2: averaged Loss: 158.436123
2022-04-25 10:18: **********Val Epoch 2: average Loss: 152.813005
2022-04-25 10:18: Train Epoch 3: 0/382 Loss: 217.603455
2022-04-25 10:19: Train Epoch 3: 20/382 Loss: 150.828003
2022-04-25 10:21: Train Epoch 3: 40/382 Loss: 212.434097
2022-04-25 10:22: Train Epoch 3: 60/382 Loss: 190.263611
2022-04-25 10:24: Train Epoch 3: 80/382 Loss: 382.500153
2022-04-25 10:25: Train Epoch 3: 100/382 Loss: 222.709366
2022-04-25 10:27: Train Epoch 3: 120/382 Loss: 128.105560
2022-04-25 10:28: Train Epoch 3: 140/382 Loss: 154.843719
2022-04-25 10:30: Train Epoch 3: 160/382 Loss: 157.682098
2022-04-25 10:31: Train Epoch 3: 180/382 Loss: 170.821884
2022-04-25 10:33: Train Epoch 3: 200/382 Loss: 292.242523
2022-04-25 10:34: Train Epoch 3: 220/382 Loss: 232.391510
2022-04-25 10:36: Train Epoch 3: 240/382 Loss: 206.952042
2022-04-25 10:37: Train Epoch 3: 260/382 Loss: 181.727417
2022-04-25 10:39: Train Epoch 3: 280/382 Loss: 182.383255
2022-04-25 10:40: Train Epoch 3: 300/382 Loss: 157.582001
2022-04-25 10:42: Train Epoch 3: 320/382 Loss: 232.807571
2022-04-25 10:43: Train Epoch 3: 340/382 Loss: 123.533195
2022-04-25 10:45: Train Epoch 3: 360/382 Loss: 163.471680
2022-04-25 10:46: Train Epoch 3: 380/382 Loss: 175.490097
2022-04-25 10:46: **********Train Epoch 3: averaged Loss: 193.174470
2022-04-25 10:47: **********Val Epoch 3: average Loss: 158.029826
2022-04-25 10:47: Train Epoch 4: 0/382 Loss: 112.698105
2022-04-25 10:49: Train Epoch 4: 20/382 Loss: 233.115112
2022-04-25 10:50: Train Epoch 4: 40/382 Loss: 137.359100
2022-04-25 10:52: Train Epoch 4: 60/382 Loss: 127.725914
2022-04-25 10:53: Train Epoch 4: 80/382 Loss: 187.378784
2022-04-25 10:55: Train Epoch 4: 100/382 Loss: 303.289062
2022-04-25 10:56: Train Epoch 4: 120/382 Loss: 242.945648
2022-04-25 10:58: Train Epoch 4: 140/382 Loss: 217.507401
2022-04-25 10:59: Train Epoch 4: 160/382 Loss: 282.563599
2022-04-25 11:01: Train Epoch 4: 180/382 Loss: 164.615601
2022-04-25 11:02: Train Epoch 4: 200/382 Loss: 174.887314
2022-04-25 11:04: Train Epoch 4: 220/382 Loss: 204.537018
2022-04-25 11:05: Train Epoch 4: 240/382 Loss: 171.881897
2022-04-25 11:07: Train Epoch 4: 260/382 Loss: 188.494614
2022-04-25 11:08: Train Epoch 4: 280/382 Loss: 130.447495
2022-04-25 11:10: Train Epoch 4: 300/382 Loss: 147.244125
2022-04-25 11:11: Train Epoch 4: 320/382 Loss: 168.231049
2022-04-25 11:13: Train Epoch 4: 340/382 Loss: 120.870300
2022-04-25 11:14: Train Epoch 4: 360/382 Loss: 181.707657
2022-04-25 11:16: Train Epoch 4: 380/382 Loss: 177.332977
2022-04-25 11:16: **********Train Epoch 4: averaged Loss: 197.311844
2022-04-25 11:17: **********Val Epoch 4: average Loss: 166.775867
2022-04-25 11:17: Train Epoch 5: 0/382 Loss: 125.535927
2022-04-25 11:19: Train Epoch 5: 20/382 Loss: 120.709915
2022-04-25 11:20: Train Epoch 5: 40/382 Loss: 160.236328
2022-04-25 11:22: Train Epoch 5: 60/382 Loss: 149.793381
2022-04-25 11:23: Train Epoch 5: 80/382 Loss: 128.741074
2022-04-25 11:25: Train Epoch 5: 100/382 Loss: 135.655624
2022-04-25 11:26: Train Epoch 5: 120/382 Loss: 163.187134
2022-04-25 11:28: Train Epoch 5: 140/382 Loss: 190.472595
2022-04-25 11:29: Train Epoch 5: 160/382 Loss: 196.462387
2022-04-25 11:30: Train Epoch 5: 180/382 Loss: 139.250259
2022-04-25 11:32: Train Epoch 5: 200/382 Loss: 142.328278
2022-04-25 11:33: Train Epoch 5: 220/382 Loss: 129.691833
2022-04-25 11:35: Train Epoch 5: 240/382 Loss: 178.256821
2022-04-25 11:36: Train Epoch 5: 260/382 Loss: 147.480225
2022-04-25 11:38: Train Epoch 5: 280/382 Loss: 195.136673
2022-04-25 11:39: Train Epoch 5: 300/382 Loss: 171.037521
2022-04-25 11:41: Train Epoch 5: 320/382 Loss: 110.869392
2022-04-25 11:42: Train Epoch 5: 340/382 Loss: 168.759293
2022-04-25 11:44: Train Epoch 5: 360/382 Loss: 151.240692
2022-04-25 11:45: Train Epoch 5: 380/382 Loss: 161.346115
2022-04-25 11:45: **********Train Epoch 5: averaged Loss: 152.926181
2022-04-25 11:47: **********Val Epoch 5: average Loss: 161.257386
2022-04-25 11:47: Train Epoch 6: 0/382 Loss: 194.112274
2022-04-25 11:48: Train Epoch 6: 20/382 Loss: 222.461929
2022-04-25 11:50: Train Epoch 6: 40/382 Loss: 135.196884
2022-04-25 11:51: Train Epoch 6: 60/382 Loss: 87.127365
2022-04-25 11:53: Train Epoch 6: 80/382 Loss: 148.625793
2022-04-25 11:54: Train Epoch 6: 100/382 Loss: 171.395218
2022-04-25 11:56: Train Epoch 6: 120/382 Loss: 139.315628
2022-04-25 11:57: Train Epoch 6: 140/382 Loss: 163.593857
2022-04-25 11:59: Train Epoch 6: 160/382 Loss: 152.536087
2022-04-25 12:00: Train Epoch 6: 180/382 Loss: 110.793159
2022-04-25 12:02: Train Epoch 6: 200/382 Loss: 154.218140
2022-04-25 12:03: Train Epoch 6: 220/382 Loss: 113.581177
2022-04-25 12:05: Train Epoch 6: 240/382 Loss: 123.824013
2022-04-25 12:06: Train Epoch 6: 260/382 Loss: 176.872955
2022-04-25 12:08: Train Epoch 6: 280/382 Loss: 197.803009
2022-04-25 12:09: Train Epoch 6: 300/382 Loss: 103.477661
2022-04-25 12:11: Train Epoch 6: 320/382 Loss: 177.989197
2022-04-25 12:12: Train Epoch 6: 340/382 Loss: 134.676788
2022-04-25 12:14: Train Epoch 6: 360/382 Loss: 154.988556
2022-04-25 12:15: Train Epoch 6: 380/382 Loss: 172.372223
2022-04-25 12:15: **********Train Epoch 6: averaged Loss: 145.633591
2022-04-25 12:16: **********Val Epoch 6: average Loss: 143.623813
2022-04-25 12:16: *********************************Current best model saved!
2022-04-25 12:16: Saving current best model to ../runs\ManchesterHW_60\04-25-09h17m_ManchesterHW_60_GCDE_type1_embed{10}hid{128}hidhid{128}lyrs{3}lr{0.001}wd{0.001}\best_model.pth
2022-04-25 12:16: Train Epoch 7: 0/382 Loss: 129.788544
2022-04-25 12:18: Train Epoch 7: 20/382 Loss: 122.339050
2022-04-25 12:19: Train Epoch 7: 40/382 Loss: 99.857674
2022-04-25 12:21: Train Epoch 7: 60/382 Loss: 148.885941
2022-04-25 12:22: Train Epoch 7: 80/382 Loss: 188.200638
2022-04-25 12:24: Train Epoch 7: 100/382 Loss: 176.436981
2022-04-25 12:25: Train Epoch 7: 120/382 Loss: 124.819969
2022-04-25 12:27: Train Epoch 7: 140/382 Loss: 159.842987
2022-04-25 12:28: Train Epoch 7: 160/382 Loss: 126.158394
2022-04-25 12:30: Train Epoch 7: 180/382 Loss: 104.671143
2022-04-25 12:31: Train Epoch 7: 200/382 Loss: 181.330658
2022-04-25 12:33: Train Epoch 7: 220/382 Loss: 170.888199
2022-04-25 12:34: Train Epoch 7: 240/382 Loss: 108.274940
2022-04-25 12:36: Train Epoch 7: 260/382 Loss: 100.269928
2022-04-25 12:37: Train Epoch 7: 280/382 Loss: 171.020721
2022-04-25 12:39: Train Epoch 7: 300/382 Loss: 155.151474
2022-04-25 12:40: Train Epoch 7: 320/382 Loss: 140.034943
2022-04-25 12:42: Train Epoch 7: 340/382 Loss: 135.045792
2022-04-25 12:43: Train Epoch 7: 360/382 Loss: 112.406425
2022-04-25 12:45: Train Epoch 7: 380/382 Loss: 133.915939
2022-04-25 12:45: **********Train Epoch 7: averaged Loss: 138.215985
2022-04-25 12:46: **********Val Epoch 7: average Loss: 146.998188
2022-04-25 12:46: Train Epoch 8: 0/382 Loss: 120.333519
2022-04-25 12:47: Train Epoch 8: 20/382 Loss: 144.540634
2022-04-25 12:49: Train Epoch 8: 40/382 Loss: 149.084442
2022-04-25 12:50: Train Epoch 8: 60/382 Loss: 135.167114
2022-04-25 12:52: Train Epoch 8: 80/382 Loss: 125.578987
2022-04-25 12:53: Train Epoch 8: 100/382 Loss: 115.267166
2022-04-25 12:55: Train Epoch 8: 120/382 Loss: 113.695183
2022-04-25 12:56: Train Epoch 8: 140/382 Loss: 130.425934
2022-04-25 12:58: Train Epoch 8: 160/382 Loss: 179.433609
2022-04-25 12:59: Train Epoch 8: 180/382 Loss: 167.720062
2022-04-25 13:01: Train Epoch 8: 200/382 Loss: 129.235657
2022-04-25 13:02: Train Epoch 8: 220/382 Loss: 151.906387
2022-04-25 13:04: Train Epoch 8: 240/382 Loss: 117.921349
2022-04-25 13:05: Train Epoch 8: 260/382 Loss: 108.108681
2022-04-25 13:07: Train Epoch 8: 280/382 Loss: 172.005356
2022-04-25 13:08: Train Epoch 8: 300/382 Loss: 117.940659
2022-04-25 13:10: Train Epoch 8: 320/382 Loss: 100.563927
2022-04-25 13:11: Train Epoch 8: 340/382 Loss: 125.914383
2022-04-25 13:13: Train Epoch 8: 360/382 Loss: 146.708160
2022-04-25 13:14: Train Epoch 8: 380/382 Loss: 134.256653
2022-04-25 13:14: **********Train Epoch 8: averaged Loss: 131.539578
2022-04-25 13:15: **********Val Epoch 8: average Loss: 132.146935
2022-04-25 13:15: *********************************Current best model saved!
2022-04-25 13:15: Saving current best model to ../runs\ManchesterHW_60\04-25-09h17m_ManchesterHW_60_GCDE_type1_embed{10}hid{128}hidhid{128}lyrs{3}lr{0.001}wd{0.001}\best_model.pth
2022-04-25 13:16: Train Epoch 9: 0/382 Loss: 109.207336
2022-04-25 13:17: Train Epoch 9: 20/382 Loss: 103.176727
2022-04-25 13:19: Train Epoch 9: 40/382 Loss: 103.277824
2022-04-25 13:20: Train Epoch 9: 60/382 Loss: 133.770782
2022-04-25 13:22: Train Epoch 9: 80/382 Loss: 102.333939
2022-04-25 13:23: Train Epoch 9: 100/382 Loss: 92.936508
2022-04-25 13:25: Train Epoch 9: 120/382 Loss: 149.453110
2022-04-25 13:26: Train Epoch 9: 140/382 Loss: 297.613007
2022-04-25 13:28: Train Epoch 9: 160/382 Loss: 232.502243
2022-04-25 13:29: Train Epoch 9: 180/382 Loss: 172.334396
2022-04-25 13:30: Train Epoch 9: 200/382 Loss: 155.099319
2022-04-25 13:32: Train Epoch 9: 220/382 Loss: 136.724045
2022-04-25 13:33: Train Epoch 9: 240/382 Loss: 126.386208
2022-04-25 13:35: Train Epoch 9: 260/382 Loss: 77.687378
2022-04-25 13:36: Train Epoch 9: 280/382 Loss: 110.297836
2022-04-25 13:38: Train Epoch 9: 300/382 Loss: 192.968552
2022-04-25 13:39: Train Epoch 9: 320/382 Loss: 148.340851
2022-04-25 13:41: Train Epoch 9: 340/382 Loss: 133.607056
2022-04-25 13:42: Train Epoch 9: 360/382 Loss: 153.247849
2022-04-25 13:44: Train Epoch 9: 380/382 Loss: 126.618126
2022-04-25 13:44: **********Train Epoch 9: averaged Loss: 145.157042
2022-04-25 13:45: **********Val Epoch 9: average Loss: 122.495811
2022-04-25 13:45: *********************************Current best model saved!
2022-04-25 13:45: Saving current best model to ../runs\ManchesterHW_60\04-25-09h17m_ManchesterHW_60_GCDE_type1_embed{10}hid{128}hidhid{128}lyrs{3}lr{0.001}wd{0.001}\best_model.pth
2022-04-25 13:45: Train Epoch 10: 0/382 Loss: 111.336815
2022-04-25 13:47: Train Epoch 10: 20/382 Loss: 119.919060
2022-04-25 13:48: Train Epoch 10: 40/382 Loss: 98.823425
2022-04-25 13:50: Train Epoch 10: 60/382 Loss: 79.190971
2022-04-25 13:51: Train Epoch 10: 80/382 Loss: 118.535660
2022-04-25 13:53: Train Epoch 10: 100/382 Loss: 117.294769
2022-04-25 13:54: Train Epoch 10: 120/382 Loss: 123.654549
2022-04-25 13:56: Train Epoch 10: 140/382 Loss: 145.499985
2022-04-25 13:57: Train Epoch 10: 160/382 Loss: 84.643845
2022-04-25 13:59: Train Epoch 10: 180/382 Loss: 122.446808
2022-04-25 14:00: Train Epoch 10: 200/382 Loss: 105.462761
2022-04-25 14:02: Train Epoch 10: 220/382 Loss: 128.969086
2022-04-25 14:03: Train Epoch 10: 240/382 Loss: 120.943329
2022-04-25 14:05: Train Epoch 10: 260/382 Loss: 155.587341
2022-04-25 14:06: Train Epoch 10: 280/382 Loss: 90.295692
2022-04-25 14:08: Train Epoch 10: 300/382 Loss: 133.482941
2022-04-25 14:09: Train Epoch 10: 320/382 Loss: 205.416214
2022-04-25 14:11: Train Epoch 10: 340/382 Loss: 119.430687
2022-04-25 14:12: Train Epoch 10: 360/382 Loss: 132.456161
2022-04-25 14:14: Train Epoch 10: 380/382 Loss: 118.643425
2022-04-25 14:14: **********Train Epoch 10: averaged Loss: 125.700083
2022-04-25 14:15: **********Val Epoch 10: average Loss: 121.641035
2022-04-25 14:15: *********************************Current best model saved!
2022-04-25 14:15: Saving current best model to ../runs\ManchesterHW_60\04-25-09h17m_ManchesterHW_60_GCDE_type1_embed{10}hid{128}hidhid{128}lyrs{3}lr{0.001}wd{0.001}\best_model.pth
2022-04-25 14:15: Train Epoch 11: 0/382 Loss: 113.701775
2022-04-25 14:16: Train Epoch 11: 20/382 Loss: 139.117096
2022-04-25 14:18: Train Epoch 11: 40/382 Loss: 116.903275
2022-04-25 14:19: Train Epoch 11: 60/382 Loss: 123.993446
2022-04-25 14:21: Train Epoch 11: 80/382 Loss: 121.031693
2022-04-25 14:22: Train Epoch 11: 100/382 Loss: 125.189308
2022-04-25 14:24: Train Epoch 11: 120/382 Loss: 138.139008
2022-04-25 14:25: Train Epoch 11: 140/382 Loss: 71.460625
2022-04-25 14:27: Train Epoch 11: 160/382 Loss: 109.453659
2022-04-25 14:28: Train Epoch 11: 180/382 Loss: 98.415077
2022-04-25 14:30: Train Epoch 11: 200/382 Loss: 117.527405
2022-04-25 14:31: Train Epoch 11: 220/382 Loss: 130.167267
2022-04-25 14:33: Train Epoch 11: 240/382 Loss: 142.702621
2022-04-25 14:34: Train Epoch 11: 260/382 Loss: 137.856384
2022-04-25 14:36: Train Epoch 11: 280/382 Loss: 170.118546
2022-04-25 14:37: Train Epoch 11: 300/382 Loss: 117.187096
2022-04-25 14:39: Train Epoch 11: 320/382 Loss: 153.599152
2022-04-25 14:40: Train Epoch 11: 340/382 Loss: 168.886169
2022-04-25 14:42: Train Epoch 11: 360/382 Loss: 134.106430
2022-04-25 14:43: Train Epoch 11: 380/382 Loss: 110.049782
2022-04-25 14:43: **********Train Epoch 11: averaged Loss: 129.056090
2022-04-25 14:44: **********Val Epoch 11: average Loss: 126.993260
2022-04-25 14:44: Train Epoch 12: 0/382 Loss: 133.791870
2022-04-25 14:46: Train Epoch 12: 20/382 Loss: 124.697868
2022-04-25 14:47: Train Epoch 12: 40/382 Loss: 126.618332
2022-04-25 14:49: Train Epoch 12: 60/382 Loss: 127.512192
2022-04-25 14:50: Train Epoch 12: 80/382 Loss: 185.842285
2022-04-25 14:52: Train Epoch 12: 100/382 Loss: 124.323227
2022-04-25 14:53: Train Epoch 12: 120/382 Loss: 114.569168
2022-04-25 14:55: Train Epoch 12: 140/382 Loss: 168.642624
2022-04-25 14:56: Train Epoch 12: 160/382 Loss: 146.738922
2022-04-25 14:58: Train Epoch 12: 180/382 Loss: 143.606247
2022-04-25 14:59: Train Epoch 12: 200/382 Loss: 91.345901
2022-04-25 15:01: Train Epoch 12: 220/382 Loss: 126.430450
2022-04-25 15:02: Train Epoch 12: 240/382 Loss: 85.703773
2022-04-25 15:04: Train Epoch 12: 260/382 Loss: 148.495163
2022-04-25 15:05: Train Epoch 12: 280/382 Loss: 157.558197
2022-04-25 15:07: Train Epoch 12: 300/382 Loss: 165.924683
2022-04-25 15:08: Train Epoch 12: 320/382 Loss: 136.377075
2022-04-25 15:10: Train Epoch 12: 340/382 Loss: 139.790680
2022-04-25 15:11: Train Epoch 12: 360/382 Loss: 139.170166
2022-04-25 15:13: Train Epoch 12: 380/382 Loss: 126.411415
2022-04-25 15:13: **********Train Epoch 12: averaged Loss: 130.806970
2022-04-25 15:14: **********Val Epoch 12: average Loss: 129.104034
2022-04-25 15:14: Train Epoch 13: 0/382 Loss: 115.462082
2022-04-25 15:16: Train Epoch 13: 20/382 Loss: 105.672142
2022-04-25 15:17: Train Epoch 13: 40/382 Loss: 99.653839
2022-04-25 15:19: Train Epoch 13: 60/382 Loss: 81.556236
2022-04-25 15:20: Train Epoch 13: 80/382 Loss: 115.176285
2022-04-25 15:22: Train Epoch 13: 100/382 Loss: 96.907394
2022-04-25 15:23: Train Epoch 13: 120/382 Loss: 101.794044
2022-04-25 15:25: Train Epoch 13: 140/382 Loss: 130.130798
2022-04-25 15:26: Train Epoch 13: 160/382 Loss: 124.021645
2022-04-25 15:28: Train Epoch 13: 180/382 Loss: 118.012093
2022-04-25 15:29: Train Epoch 13: 200/382 Loss: 115.007309
2022-04-25 15:31: Train Epoch 13: 220/382 Loss: 136.696686
2022-04-25 15:32: Train Epoch 13: 240/382 Loss: 108.053062
2022-04-25 15:34: Train Epoch 13: 260/382 Loss: 100.184067
2022-04-25 15:35: Train Epoch 13: 280/382 Loss: 102.808647
2022-04-25 15:37: Train Epoch 13: 300/382 Loss: 112.857491
2022-04-25 15:38: Train Epoch 13: 320/382 Loss: 119.020851
2022-04-25 15:39: Train Epoch 13: 340/382 Loss: 110.660316
2022-04-25 15:41: Train Epoch 13: 360/382 Loss: 87.342972
2022-04-25 15:42: Train Epoch 13: 380/382 Loss: 99.034866
2022-04-25 15:43: **********Train Epoch 13: averaged Loss: 118.301616
2022-04-25 15:44: **********Val Epoch 13: average Loss: 109.178710
2022-04-25 15:44: *********************************Current best model saved!
2022-04-25 15:44: Saving current best model to ../runs\ManchesterHW_60\04-25-09h17m_ManchesterHW_60_GCDE_type1_embed{10}hid{128}hidhid{128}lyrs{3}lr{0.001}wd{0.001}\best_model.pth
2022-04-25 15:44: Train Epoch 14: 0/382 Loss: 90.861519
2022-04-25 15:45: Train Epoch 14: 20/382 Loss: 124.073723
2022-04-25 15:47: Train Epoch 14: 40/382 Loss: 116.825058
2022-04-25 15:48: Train Epoch 14: 60/382 Loss: 98.657707
2022-04-25 15:50: Train Epoch 14: 80/382 Loss: 147.669464
2022-04-25 15:51: Train Epoch 14: 100/382 Loss: 97.014503
2022-04-25 15:53: Train Epoch 14: 120/382 Loss: 112.704422
2022-04-25 15:54: Train Epoch 14: 140/382 Loss: 67.745384
2022-04-25 15:56: Train Epoch 14: 160/382 Loss: 135.158783
2022-04-25 15:57: Train Epoch 14: 180/382 Loss: 105.850128
2022-04-25 15:59: Train Epoch 14: 200/382 Loss: 100.521416
2022-04-25 16:00: Train Epoch 14: 220/382 Loss: 103.099968
2022-04-25 16:02: Train Epoch 14: 240/382 Loss: 111.864632
2022-04-25 16:03: Train Epoch 14: 260/382 Loss: 116.426476
2022-04-25 16:05: Train Epoch 14: 280/382 Loss: 104.477890
2022-04-25 16:06: Train Epoch 14: 300/382 Loss: 101.532028
2022-04-25 16:08: Train Epoch 14: 320/382 Loss: 89.610817
2022-04-25 16:09: Train Epoch 14: 340/382 Loss: 75.229561
2022-04-25 16:11: Train Epoch 14: 360/382 Loss: 111.349052
2022-04-25 16:12: Train Epoch 14: 380/382 Loss: 89.338005
2022-04-25 16:12: **********Train Epoch 14: averaged Loss: 113.434343
2022-04-25 16:13: **********Val Epoch 14: average Loss: 114.290131
2022-04-25 16:14: Train Epoch 15: 0/382 Loss: 136.517349
2022-04-25 16:15: Train Epoch 15: 20/382 Loss: 99.203362
2022-04-25 16:16: Train Epoch 15: 40/382 Loss: 149.653549
2022-04-25 16:18: Train Epoch 15: 60/382 Loss: 136.415482
2022-04-25 16:20: Train Epoch 15: 80/382 Loss: 178.361572
2022-04-25 16:21: Train Epoch 15: 100/382 Loss: 134.840622
2022-04-25 16:23: Train Epoch 15: 120/382 Loss: 176.863297
2022-04-25 16:24: Train Epoch 15: 140/382 Loss: 140.251816
2022-04-25 16:26: Train Epoch 15: 160/382 Loss: 99.337807
2022-04-25 16:27: Train Epoch 15: 180/382 Loss: 141.140045
2022-04-25 16:29: Train Epoch 15: 200/382 Loss: 112.661430
2022-04-25 16:30: Train Epoch 15: 220/382 Loss: 127.757446
2022-04-25 16:32: Train Epoch 15: 240/382 Loss: 132.305206
2022-04-25 16:33: Train Epoch 15: 260/382 Loss: 79.586601
2022-04-25 16:34: Train Epoch 15: 280/382 Loss: 123.043678
2022-04-25 16:36: Train Epoch 15: 300/382 Loss: 112.545982
2022-04-25 16:37: Train Epoch 15: 320/382 Loss: 96.528160
2022-04-25 16:39: Train Epoch 15: 340/382 Loss: 118.178024
2022-04-25 16:40: Train Epoch 15: 360/382 Loss: 122.025429
2022-04-25 16:42: Train Epoch 15: 380/382 Loss: 131.537888
2022-04-25 16:42: **********Train Epoch 15: averaged Loss: 122.436556
2022-04-25 16:43: **********Val Epoch 15: average Loss: 109.933873
2022-04-25 16:43: Train Epoch 16: 0/382 Loss: 116.709953
2022-04-25 16:45: Train Epoch 16: 20/382 Loss: 145.364243
2022-04-25 16:46: Train Epoch 16: 40/382 Loss: 112.433502
2022-04-25 16:48: Train Epoch 16: 60/382 Loss: 112.865105
2022-04-25 16:49: Train Epoch 16: 80/382 Loss: 125.055779
2022-04-25 16:51: Train Epoch 16: 100/382 Loss: 106.506233
2022-04-25 16:52: Train Epoch 16: 120/382 Loss: 103.361565
2022-04-25 16:54: Train Epoch 16: 140/382 Loss: 98.160751
2022-04-25 16:55: Train Epoch 16: 160/382 Loss: 84.062363
2022-04-25 16:57: Train Epoch 16: 180/382 Loss: 123.257751
2022-04-25 16:58: Train Epoch 16: 200/382 Loss: 97.119881
2022-04-25 17:00: Train Epoch 16: 220/382 Loss: 79.892891
2022-04-25 17:01: Train Epoch 16: 240/382 Loss: 98.999786
2022-04-25 17:03: Train Epoch 16: 260/382 Loss: 94.791656
2022-04-25 17:04: Train Epoch 16: 280/382 Loss: 108.117470
2022-04-25 17:06: Train Epoch 16: 300/382 Loss: 132.086258
2022-04-25 17:07: Train Epoch 16: 320/382 Loss: 104.908112
2022-04-25 17:09: Train Epoch 16: 340/382 Loss: 118.503578
2022-04-25 17:10: Train Epoch 16: 360/382 Loss: 95.336349
2022-04-25 17:12: Train Epoch 16: 380/382 Loss: 126.220856
2022-04-25 17:12: **********Train Epoch 16: averaged Loss: 106.922513
2022-04-25 17:13: **********Val Epoch 16: average Loss: 109.667925
2022-04-25 17:13: Train Epoch 17: 0/382 Loss: 115.570473
2022-04-25 17:14: Train Epoch 17: 20/382 Loss: 112.481071
2022-04-25 17:16: Train Epoch 17: 40/382 Loss: 79.226532
2022-04-25 17:17: Train Epoch 17: 60/382 Loss: 88.429359
2022-04-25 17:19: Train Epoch 17: 80/382 Loss: 93.851456
2022-04-25 17:20: Train Epoch 17: 100/382 Loss: 126.148994
2022-04-25 17:22: Train Epoch 17: 120/382 Loss: 88.963722
2022-04-25 17:23: Train Epoch 17: 140/382 Loss: 91.706131
2022-04-25 17:25: Train Epoch 17: 160/382 Loss: 98.483505
2022-04-25 17:26: Train Epoch 17: 180/382 Loss: 87.036247
2022-04-25 17:28: Train Epoch 17: 200/382 Loss: 90.557480
2022-04-25 17:29: Train Epoch 17: 220/382 Loss: 119.207092
2022-04-25 17:31: Train Epoch 17: 240/382 Loss: 122.640648
2022-04-25 17:32: Train Epoch 17: 260/382 Loss: 131.485275
2022-04-25 17:34: Train Epoch 17: 280/382 Loss: 102.599007
2022-04-25 17:35: Train Epoch 17: 300/382 Loss: 92.217690
2022-04-25 17:37: Train Epoch 17: 320/382 Loss: 109.914062
2022-04-25 17:38: Train Epoch 17: 340/382 Loss: 86.634941
2022-04-25 17:40: Train Epoch 17: 360/382 Loss: 93.012955
2022-04-25 17:41: Train Epoch 17: 380/382 Loss: 121.054985
2022-04-25 17:41: **********Train Epoch 17: averaged Loss: 102.908348
2022-04-25 17:42: **********Val Epoch 17: average Loss: 101.483360
2022-04-25 17:42: *********************************Current best model saved!
2022-04-25 17:42: Saving current best model to ../runs\ManchesterHW_60\04-25-09h17m_ManchesterHW_60_GCDE_type1_embed{10}hid{128}hidhid{128}lyrs{3}lr{0.001}wd{0.001}\best_model.pth
2022-04-25 17:42: Train Epoch 18: 0/382 Loss: 88.947884
2022-04-25 17:44: Train Epoch 18: 20/382 Loss: 75.273666
2022-04-25 17:45: Train Epoch 18: 40/382 Loss: 88.271912
2022-04-25 17:47: Train Epoch 18: 60/382 Loss: 93.694328
2022-04-25 17:48: Train Epoch 18: 80/382 Loss: 129.997803
2022-04-25 17:50: Train Epoch 18: 100/382 Loss: 79.217628
2022-04-25 17:51: Train Epoch 18: 120/382 Loss: 59.186352
2022-04-25 17:53: Train Epoch 18: 140/382 Loss: 109.963348
2022-04-25 17:54: Train Epoch 18: 160/382 Loss: 97.937637
2022-04-25 17:56: Train Epoch 18: 180/382 Loss: 95.914429
2022-04-25 17:57: Train Epoch 18: 200/382 Loss: 105.169907
2022-04-25 17:59: Train Epoch 18: 220/382 Loss: 101.212814
2022-04-25 18:00: Train Epoch 18: 240/382 Loss: 113.886894
2022-04-25 18:02: Train Epoch 18: 260/382 Loss: 76.060150
2022-04-25 18:03: Train Epoch 18: 280/382 Loss: 95.147789
2022-04-25 18:05: Train Epoch 18: 300/382 Loss: 88.498116
2022-04-25 18:06: Train Epoch 18: 320/382 Loss: 105.560486
2022-04-25 18:08: Train Epoch 18: 340/382 Loss: 88.846458
2022-04-25 18:09: Train Epoch 18: 360/382 Loss: 102.508804
2022-04-25 18:11: Train Epoch 18: 380/382 Loss: 107.047333
2022-04-25 18:11: **********Train Epoch 18: averaged Loss: 103.664147
2022-04-25 18:12: **********Val Epoch 18: average Loss: 116.789510
2022-04-25 18:12: Train Epoch 19: 0/382 Loss: 140.850098
2022-04-25 18:14: Train Epoch 19: 20/382 Loss: 119.931458
2022-04-25 18:15: Train Epoch 19: 40/382 Loss: 104.821129
2022-04-25 18:17: Train Epoch 19: 60/382 Loss: 98.541801
2022-04-25 18:18: Train Epoch 19: 80/382 Loss: 127.358223
2022-04-25 18:20: Train Epoch 19: 100/382 Loss: 102.112694
2022-04-25 18:21: Train Epoch 19: 120/382 Loss: 111.652367
2022-04-25 18:22: Train Epoch 19: 140/382 Loss: 104.037270
2022-04-25 18:24: Train Epoch 19: 160/382 Loss: 88.842087
2022-04-25 18:25: Train Epoch 19: 180/382 Loss: 111.427536
2022-04-25 18:27: Train Epoch 19: 200/382 Loss: 91.766708
2022-04-25 18:28: Train Epoch 19: 220/382 Loss: 84.943893
2022-04-25 18:30: Train Epoch 19: 240/382 Loss: 94.935013
2022-04-25 18:31: Train Epoch 19: 260/382 Loss: 84.871284
2022-04-25 18:33: Train Epoch 19: 280/382 Loss: 117.499565
2022-04-25 18:34: Train Epoch 19: 300/382 Loss: 112.586708
2022-04-25 18:36: Train Epoch 19: 320/382 Loss: 106.373741
2022-04-25 18:37: Train Epoch 19: 340/382 Loss: 107.988441
2022-04-25 18:39: Train Epoch 19: 360/382 Loss: 104.627945
2022-04-25 18:40: Train Epoch 19: 380/382 Loss: 137.397690
2022-04-25 18:40: **********Train Epoch 19: averaged Loss: 100.693306
2022-04-25 18:42: **********Val Epoch 19: average Loss: 106.889768
2022-04-25 18:42: Train Epoch 20: 0/382 Loss: 109.292679
2022-04-25 18:43: Train Epoch 20: 20/382 Loss: 92.328270
2022-04-25 18:45: Train Epoch 20: 40/382 Loss: 71.015900
2022-04-25 18:46: Train Epoch 20: 60/382 Loss: 127.110489
2022-04-25 18:48: Train Epoch 20: 80/382 Loss: 106.299690
2022-04-25 18:49: Train Epoch 20: 100/382 Loss: 91.451050
2022-04-25 18:51: Train Epoch 20: 120/382 Loss: 89.551788
2022-04-25 18:52: Train Epoch 20: 140/382 Loss: 118.567757
2022-04-25 18:54: Train Epoch 20: 160/382 Loss: 111.050064
2022-04-25 18:55: Train Epoch 20: 180/382 Loss: 143.287476
2022-04-25 18:57: Train Epoch 20: 200/382 Loss: 118.689430
2022-04-25 18:58: Train Epoch 20: 220/382 Loss: 139.170731
2022-04-25 19:00: Train Epoch 20: 240/382 Loss: 91.240013
2022-04-25 19:01: Train Epoch 20: 260/382 Loss: 126.885384
2022-04-25 19:03: Train Epoch 20: 280/382 Loss: 101.283348
2022-04-25 19:04: Train Epoch 20: 300/382 Loss: 80.452248
2022-04-25 19:06: Train Epoch 20: 320/382 Loss: 115.016304
2022-04-25 19:07: Train Epoch 20: 340/382 Loss: 140.441132
2022-04-25 19:08: Train Epoch 20: 360/382 Loss: 84.622658
2022-04-25 19:10: Train Epoch 20: 380/382 Loss: 118.217743
2022-04-25 19:10: **********Train Epoch 20: averaged Loss: 103.659293
2022-04-25 19:11: **********Val Epoch 20: average Loss: 94.169601
2022-04-25 19:11: *********************************Current best model saved!
2022-04-25 19:11: Saving current best model to ../runs\ManchesterHW_60\04-25-09h17m_ManchesterHW_60_GCDE_type1_embed{10}hid{128}hidhid{128}lyrs{3}lr{0.001}wd{0.001}\best_model.pth
2022-04-25 19:11: Train Epoch 21: 0/382 Loss: 89.868553
2022-04-25 19:13: Train Epoch 21: 20/382 Loss: 100.564522
2022-04-25 19:14: Train Epoch 21: 40/382 Loss: 121.386398
2022-04-25 19:16: Train Epoch 21: 60/382 Loss: 81.623199
2022-04-25 19:17: Train Epoch 21: 80/382 Loss: 96.998688
2022-04-25 19:19: Train Epoch 21: 100/382 Loss: 81.168350
2022-04-25 19:20: Train Epoch 21: 120/382 Loss: 94.268158
2022-04-25 19:22: Train Epoch 21: 140/382 Loss: 119.172165
2022-04-25 19:23: Train Epoch 21: 160/382 Loss: 102.213440
2022-04-25 19:25: Train Epoch 21: 180/382 Loss: 85.133507
2022-04-25 19:26: Train Epoch 21: 200/382 Loss: 121.792503
2022-04-25 19:28: Train Epoch 21: 220/382 Loss: 100.278496
2022-04-25 19:29: Train Epoch 21: 240/382 Loss: 108.668022
2022-04-25 19:31: Train Epoch 21: 260/382 Loss: 122.230118
2022-04-25 19:32: Train Epoch 21: 280/382 Loss: 109.628883
2022-04-25 19:34: Train Epoch 21: 300/382 Loss: 95.035194
2022-04-25 19:35: Train Epoch 21: 320/382 Loss: 100.062050
2022-04-25 19:37: Train Epoch 21: 340/382 Loss: 114.914490
2022-04-25 19:38: Train Epoch 21: 360/382 Loss: 104.177101
2022-04-25 19:40: Train Epoch 21: 380/382 Loss: 93.369125
2022-04-25 19:40: **********Train Epoch 21: averaged Loss: 101.731729
2022-04-25 19:41: **********Val Epoch 21: average Loss: 107.208579
2022-04-25 19:41: Train Epoch 22: 0/382 Loss: 111.270004
2022-04-25 19:42: Train Epoch 22: 20/382 Loss: 114.953590
2022-04-25 19:44: Train Epoch 22: 40/382 Loss: 103.598976
2022-04-25 19:45: Train Epoch 22: 60/382 Loss: 83.675972
2022-04-25 19:47: Train Epoch 22: 80/382 Loss: 91.673409
2022-04-25 19:48: Train Epoch 22: 100/382 Loss: 101.499832
2022-04-25 19:50: Train Epoch 22: 120/382 Loss: 139.764999
2022-04-25 19:51: Train Epoch 22: 140/382 Loss: 88.353088
2022-04-25 19:53: Train Epoch 22: 160/382 Loss: 85.137001
2022-04-25 19:54: Train Epoch 22: 180/382 Loss: 108.159264
2022-04-25 19:56: Train Epoch 22: 200/382 Loss: 77.676292
2022-04-25 19:57: Train Epoch 22: 220/382 Loss: 95.279953
2022-04-25 19:59: Train Epoch 22: 240/382 Loss: 112.953346
2022-04-25 20:00: Train Epoch 22: 260/382 Loss: 95.502960
2022-04-25 20:02: Train Epoch 22: 280/382 Loss: 97.944939
2022-04-25 20:03: Train Epoch 22: 300/382 Loss: 86.270874
2022-04-25 20:05: Train Epoch 22: 320/382 Loss: 110.101624
2022-04-25 20:06: Train Epoch 22: 340/382 Loss: 81.544052
2022-04-25 20:08: Train Epoch 22: 360/382 Loss: 114.050148
2022-04-25 20:09: Train Epoch 22: 380/382 Loss: 88.911690
2022-04-25 20:09: **********Train Epoch 22: averaged Loss: 101.119315
2022-04-25 20:11: **********Val Epoch 22: average Loss: 94.990225
2022-04-25 20:11: Train Epoch 23: 0/382 Loss: 106.683189
2022-04-25 20:12: Train Epoch 23: 20/382 Loss: 92.389526
2022-04-25 20:14: Train Epoch 23: 40/382 Loss: 82.367111
2022-04-25 20:15: Train Epoch 23: 60/382 Loss: 87.257835
2022-04-25 20:17: Train Epoch 23: 80/382 Loss: 76.310455
2022-04-25 20:18: Train Epoch 23: 100/382 Loss: 102.486595
2022-04-25 20:20: Train Epoch 23: 120/382 Loss: 138.902954
2022-04-25 20:21: Train Epoch 23: 140/382 Loss: 227.205811
2022-04-25 20:23: Train Epoch 23: 160/382 Loss: 164.021011
2022-04-25 20:24: Train Epoch 23: 180/382 Loss: 106.600296
2022-04-25 20:26: Train Epoch 23: 200/382 Loss: 120.330688
2022-04-25 20:27: Train Epoch 23: 220/382 Loss: 174.246002
2022-04-25 20:28: Train Epoch 23: 240/382 Loss: 96.886513
2022-04-25 20:30: Train Epoch 23: 260/382 Loss: 81.367905
2022-04-25 20:31: Train Epoch 23: 280/382 Loss: 127.571663
2022-04-25 20:33: Train Epoch 23: 300/382 Loss: 133.249359
2022-04-25 20:34: Train Epoch 23: 320/382 Loss: 145.129532
2022-04-25 20:36: Train Epoch 23: 340/382 Loss: 90.302193
2022-04-25 20:37: Train Epoch 23: 360/382 Loss: 102.515007
2022-04-25 20:39: Train Epoch 23: 380/382 Loss: 91.902252
2022-04-25 20:39: **********Train Epoch 23: averaged Loss: 117.577579
2022-04-25 20:40: **********Val Epoch 23: average Loss: 103.171038
2022-04-25 20:40: Train Epoch 24: 0/382 Loss: 100.122284
2022-04-25 20:42: Train Epoch 24: 20/382 Loss: 105.724754
2022-04-25 20:43: Train Epoch 24: 40/382 Loss: 136.836166
2022-04-25 20:45: Train Epoch 24: 60/382 Loss: 98.014122
2022-04-25 20:46: Train Epoch 24: 80/382 Loss: 75.388535
2022-04-25 20:48: Train Epoch 24: 100/382 Loss: 121.635452
2022-04-25 20:49: Train Epoch 24: 120/382 Loss: 117.899681
2022-04-25 20:51: Train Epoch 24: 140/382 Loss: 90.789062
2022-04-25 20:52: Train Epoch 24: 160/382 Loss: 130.762665
2022-04-25 20:54: Train Epoch 24: 180/382 Loss: 113.694145
2022-04-25 20:55: Train Epoch 24: 200/382 Loss: 73.821564
2022-04-25 20:57: Train Epoch 24: 220/382 Loss: 107.361031
2022-04-25 20:58: Train Epoch 24: 240/382 Loss: 95.034988
2022-04-25 21:00: Train Epoch 24: 260/382 Loss: 86.918877
2022-04-25 21:01: Train Epoch 24: 280/382 Loss: 96.518845
2022-04-25 21:03: Train Epoch 24: 300/382 Loss: 128.116867
2022-04-25 21:04: Train Epoch 24: 320/382 Loss: 92.396362
2022-04-25 21:06: Train Epoch 24: 340/382 Loss: 92.471848
2022-04-25 21:07: Train Epoch 24: 360/382 Loss: 125.858597
2022-04-25 21:08: Train Epoch 24: 380/382 Loss: 80.048553
2022-04-25 21:09: **********Train Epoch 24: averaged Loss: 100.074567
2022-04-25 21:10: **********Val Epoch 24: average Loss: 100.628737
2022-04-25 21:10: Train Epoch 25: 0/382 Loss: 73.899460
2022-04-25 21:11: Train Epoch 25: 20/382 Loss: 193.961639
2022-04-25 21:13: Train Epoch 25: 40/382 Loss: 148.485382
2022-04-25 21:14: Train Epoch 25: 60/382 Loss: 121.497375
2022-04-25 21:16: Train Epoch 25: 80/382 Loss: 99.673935
2022-04-25 21:17: Train Epoch 25: 100/382 Loss: 104.383408
2022-04-25 21:19: Train Epoch 25: 120/382 Loss: 110.121803
2022-04-25 21:20: Train Epoch 25: 140/382 Loss: 103.484161
2022-04-25 21:22: Train Epoch 25: 160/382 Loss: 95.950363
2022-04-25 21:23: Train Epoch 25: 180/382 Loss: 100.798546
2022-04-25 21:25: Train Epoch 25: 200/382 Loss: 145.832581
2022-04-25 21:26: Train Epoch 25: 220/382 Loss: 98.546463
2022-04-25 21:28: Train Epoch 25: 240/382 Loss: 101.277908
2022-04-25 21:29: Train Epoch 25: 260/382 Loss: 105.280853
2022-04-25 21:31: Train Epoch 25: 280/382 Loss: 111.090271
2022-04-25 21:32: Train Epoch 25: 300/382 Loss: 96.685768
2022-04-25 21:34: Train Epoch 25: 320/382 Loss: 88.650604
2022-04-25 21:35: Train Epoch 25: 340/382 Loss: 109.225929
2022-04-25 21:37: Train Epoch 25: 360/382 Loss: 93.800133
2022-04-25 21:38: Train Epoch 25: 380/382 Loss: 81.462265
2022-04-25 21:38: **********Train Epoch 25: averaged Loss: 114.151987
2022-04-25 21:39: **********Val Epoch 25: average Loss: 93.331441
2022-04-25 21:39: *********************************Current best model saved!
2022-04-25 21:39: Saving current best model to ../runs\ManchesterHW_60\04-25-09h17m_ManchesterHW_60_GCDE_type1_embed{10}hid{128}hidhid{128}lyrs{3}lr{0.001}wd{0.001}\best_model.pth
2022-04-25 21:39: Train Epoch 26: 0/382 Loss: 104.240211
2022-04-25 21:41: Train Epoch 26: 20/382 Loss: 103.286942
2022-04-25 21:42: Train Epoch 26: 40/382 Loss: 87.439819
2022-04-25 21:44: Train Epoch 26: 60/382 Loss: 70.925247
2022-04-25 21:45: Train Epoch 26: 80/382 Loss: 95.384941
2022-04-25 21:47: Train Epoch 26: 100/382 Loss: 83.605736
2022-04-25 21:48: Train Epoch 26: 120/382 Loss: 114.256577
2022-04-25 21:50: Train Epoch 26: 140/382 Loss: 150.559357
2022-04-25 21:51: Train Epoch 26: 160/382 Loss: 98.716896
2022-04-25 21:53: Train Epoch 26: 180/382 Loss: 118.650711
2022-04-25 21:54: Train Epoch 26: 200/382 Loss: 90.889999
2022-04-25 21:56: Train Epoch 26: 220/382 Loss: 96.437180
2022-04-25 21:57: Train Epoch 26: 240/382 Loss: 126.879829
2022-04-25 21:59: Train Epoch 26: 260/382 Loss: 226.058182
2022-04-25 22:00: Train Epoch 26: 280/382 Loss: 124.915863
2022-04-25 22:02: Train Epoch 26: 300/382 Loss: 105.101669
2022-04-25 22:03: Train Epoch 26: 320/382 Loss: 87.575897
2022-04-25 22:05: Train Epoch 26: 340/382 Loss: 113.561249
2022-04-25 22:06: Train Epoch 26: 360/382 Loss: 88.338249
2022-04-25 22:08: Train Epoch 26: 380/382 Loss: 94.426933
2022-04-25 22:08: **********Train Epoch 26: averaged Loss: 103.881048
2022-04-25 22:09: **********Val Epoch 26: average Loss: 96.807370
2022-04-25 22:09: Train Epoch 27: 0/382 Loss: 76.683891
2022-04-25 22:11: Train Epoch 27: 20/382 Loss: 98.325516
2022-04-25 22:12: Train Epoch 27: 40/382 Loss: 96.530563
2022-04-25 22:14: Train Epoch 27: 60/382 Loss: 93.483917
2022-04-25 22:15: Train Epoch 27: 80/382 Loss: 86.981964
2022-04-25 22:16: Train Epoch 27: 100/382 Loss: 94.507080
2022-04-25 22:18: Train Epoch 27: 120/382 Loss: 103.724113
2022-04-25 22:19: Train Epoch 27: 140/382 Loss: 93.938019
2022-04-25 22:21: Train Epoch 27: 160/382 Loss: 90.891350
2022-04-25 22:22: Train Epoch 27: 180/382 Loss: 106.110367
2022-04-25 22:24: Train Epoch 27: 200/382 Loss: 127.134102
2022-04-25 22:25: Train Epoch 27: 220/382 Loss: 132.108200
2022-04-25 22:27: Train Epoch 27: 240/382 Loss: 84.074173
2022-04-25 22:28: Train Epoch 27: 260/382 Loss: 106.152687
2022-04-25 22:30: Train Epoch 27: 280/382 Loss: 317.719330
2022-04-25 22:31: Train Epoch 27: 300/382 Loss: 184.019165
2022-04-25 22:33: Train Epoch 27: 320/382 Loss: 141.988434
2022-04-25 22:34: Train Epoch 27: 340/382 Loss: 161.572464
2022-04-25 22:36: Train Epoch 27: 360/382 Loss: 109.432289
2022-04-25 22:37: Train Epoch 27: 380/382 Loss: 120.727516
2022-04-25 22:37: **********Train Epoch 27: averaged Loss: 118.377973
2022-04-25 22:39: **********Val Epoch 27: average Loss: 139.794821
2022-04-25 22:39: Train Epoch 28: 0/382 Loss: 151.241379
2022-04-25 22:40: Train Epoch 28: 20/382 Loss: 131.891541
2022-04-25 22:42: Train Epoch 28: 40/382 Loss: 172.438538
2022-04-25 22:43: Train Epoch 28: 60/382 Loss: 95.518898
2022-04-25 22:45: Train Epoch 28: 80/382 Loss: 100.803413
2022-04-25 22:46: Train Epoch 28: 100/382 Loss: 140.122711
2022-04-25 22:48: Train Epoch 28: 120/382 Loss: 203.140259
2022-04-25 22:49: Train Epoch 28: 140/382 Loss: 181.814102
2022-04-25 22:51: Train Epoch 28: 160/382 Loss: 150.299881
2022-04-25 22:52: Train Epoch 28: 180/382 Loss: 151.260971
2022-04-25 22:53: Train Epoch 28: 200/382 Loss: 138.885910
2022-04-25 22:55: Train Epoch 28: 220/382 Loss: 138.674805
2022-04-25 22:56: Train Epoch 28: 240/382 Loss: 132.270737
2022-04-25 22:58: Train Epoch 28: 260/382 Loss: 235.791077
2022-04-25 22:59: Train Epoch 28: 280/382 Loss: 200.750839
2022-04-25 23:01: Train Epoch 28: 300/382 Loss: 220.149902
2022-04-25 23:02: Train Epoch 28: 320/382 Loss: 171.346649
2022-04-25 23:04: Train Epoch 28: 340/382 Loss: 247.368317
2022-04-25 23:05: Train Epoch 28: 360/382 Loss: 219.637680
2022-04-25 23:07: Train Epoch 28: 380/382 Loss: 179.514908
2022-04-25 23:07: **********Train Epoch 28: averaged Loss: 172.805293
2022-04-25 23:08: **********Val Epoch 28: average Loss: 181.598959
2022-04-25 23:08: Train Epoch 29: 0/382 Loss: 163.014389
2022-04-25 23:10: Train Epoch 29: 20/382 Loss: 216.477890
2022-04-25 23:11: Train Epoch 29: 40/382 Loss: 200.785294
2022-04-25 23:13: Train Epoch 29: 60/382 Loss: 144.537170
2022-04-25 23:14: Train Epoch 29: 80/382 Loss: 181.391846
2022-04-25 23:16: Train Epoch 29: 100/382 Loss: 156.309082
2022-04-25 23:17: Train Epoch 29: 120/382 Loss: 182.723694
2022-04-25 23:19: Train Epoch 29: 140/382 Loss: 147.276688
2022-04-25 23:20: Train Epoch 29: 160/382 Loss: 203.128403
2022-04-25 23:22: Train Epoch 29: 180/382 Loss: 263.801147
2022-04-25 23:23: Train Epoch 29: 200/382 Loss: 141.361816
2022-04-25 23:25: Train Epoch 29: 220/382 Loss: 108.030930
2022-04-25 23:26: Train Epoch 29: 240/382 Loss: 135.962891
2022-04-25 23:28: Train Epoch 29: 260/382 Loss: 126.886490
2022-04-25 23:29: Train Epoch 29: 280/382 Loss: 107.116974
2022-04-25 23:30: Train Epoch 29: 300/382 Loss: 140.024460
2022-04-25 23:32: Train Epoch 29: 320/382 Loss: 152.253571
2022-04-25 23:33: Train Epoch 29: 340/382 Loss: 138.584106
2022-04-25 23:35: Train Epoch 29: 360/382 Loss: 118.589882
2022-04-25 23:36: Train Epoch 29: 380/382 Loss: 148.448929
2022-04-25 23:36: **********Train Epoch 29: averaged Loss: 163.103041
2022-04-25 23:38: **********Val Epoch 29: average Loss: 142.188328
2022-04-25 23:38: Train Epoch 30: 0/382 Loss: 160.584290
2022-04-25 23:39: Train Epoch 30: 20/382 Loss: 129.169861
2022-04-25 23:41: Train Epoch 30: 40/382 Loss: 146.086075
2022-04-25 23:42: Train Epoch 30: 60/382 Loss: 106.691940
2022-04-25 23:44: Train Epoch 30: 80/382 Loss: 132.021103
2022-04-25 23:45: Train Epoch 30: 100/382 Loss: 142.679596
2022-04-25 23:47: Train Epoch 30: 120/382 Loss: 124.765099
2022-04-25 23:48: Train Epoch 30: 140/382 Loss: 157.428955
2022-04-25 23:50: Train Epoch 30: 160/382 Loss: 113.393112
2022-04-25 23:51: Train Epoch 30: 180/382 Loss: 151.365524
2022-04-25 23:53: Train Epoch 30: 200/382 Loss: 215.817261
2022-04-25 23:54: Train Epoch 30: 220/382 Loss: 117.077759
2022-04-25 23:56: Train Epoch 30: 240/382 Loss: 167.829544
2022-04-25 23:57: Train Epoch 30: 260/382 Loss: 117.105652
2022-04-25 23:59: Train Epoch 30: 280/382 Loss: 178.150192
2022-04-26 00:00: Train Epoch 30: 300/382 Loss: 135.620148
2022-04-26 00:02: Train Epoch 30: 320/382 Loss: 119.248199
2022-04-26 00:03: Train Epoch 30: 340/382 Loss: 174.805908
2022-04-26 00:04: Train Epoch 30: 360/382 Loss: 133.608307
2022-04-26 00:06: Train Epoch 30: 380/382 Loss: 127.283241
2022-04-26 00:06: **********Train Epoch 30: averaged Loss: 136.783399
2022-04-26 00:07: **********Val Epoch 30: average Loss: 141.526389
2022-04-26 00:07: Train Epoch 31: 0/382 Loss: 118.578506
2022-04-26 00:09: Train Epoch 31: 20/382 Loss: 128.167801
2022-04-26 00:10: Train Epoch 31: 40/382 Loss: 224.402084
2022-04-26 00:12: Train Epoch 31: 60/382 Loss: 274.006287
2022-04-26 00:13: Train Epoch 31: 80/382 Loss: 201.363144
2022-04-26 00:15: Train Epoch 31: 100/382 Loss: 213.023209
2022-04-26 00:16: Train Epoch 31: 120/382 Loss: 146.329559
2022-04-26 00:18: Train Epoch 31: 140/382 Loss: 205.319260
2022-04-26 00:19: Train Epoch 31: 160/382 Loss: 233.711014
2022-04-26 00:21: Train Epoch 31: 180/382 Loss: 218.519028
2022-04-26 00:22: Train Epoch 31: 200/382 Loss: 190.350266
2022-04-26 00:24: Train Epoch 31: 220/382 Loss: 386.556641
2022-04-26 00:25: Train Epoch 31: 240/382 Loss: 432.448578
2022-04-26 00:27: Train Epoch 31: 260/382 Loss: 338.435303
2022-04-26 00:28: Train Epoch 31: 280/382 Loss: 326.362762
2022-04-26 00:30: Train Epoch 31: 300/382 Loss: 234.411026
2022-04-26 00:31: Train Epoch 31: 320/382 Loss: 161.688858
2022-04-26 00:33: Train Epoch 31: 340/382 Loss: 334.712494
2022-04-26 00:34: Train Epoch 31: 360/382 Loss: 1992.002930
2022-04-26 00:36: Train Epoch 31: 380/382 Loss: 1375.361816
2022-04-26 00:36: **********Train Epoch 31: averaged Loss: 363.391350
2022-04-26 00:37: **********Val Epoch 31: average Loss: 1410.550397
2022-04-26 00:37: Train Epoch 32: 0/382 Loss: 1362.327881
2022-04-26 00:38: Train Epoch 32: 20/382 Loss: 874.080017
2022-04-26 00:40: Train Epoch 32: 40/382 Loss: 712.305420
2022-04-26 00:41: Train Epoch 32: 60/382 Loss: 706.791321
2022-04-26 00:43: Train Epoch 32: 80/382 Loss: 584.352661
2022-04-26 00:44: Train Epoch 32: 100/382 Loss: 562.134949
2022-04-26 00:46: Train Epoch 32: 120/382 Loss: 577.583984
2022-04-26 00:47: Train Epoch 32: 140/382 Loss: 423.030579
2022-04-26 00:49: Train Epoch 32: 160/382 Loss: 525.802185
2022-04-26 00:50: Train Epoch 32: 180/382 Loss: 486.980896
2022-04-26 00:52: Train Epoch 32: 200/382 Loss: 515.599609
2022-04-26 00:53: Train Epoch 32: 220/382 Loss: 431.345673
2022-04-26 00:55: Train Epoch 32: 240/382 Loss: 343.698456
2022-04-26 00:56: Train Epoch 32: 260/382 Loss: 390.337219
2022-04-26 00:58: Train Epoch 32: 280/382 Loss: 327.185486
2022-04-26 00:59: Train Epoch 32: 300/382 Loss: 366.620941
2022-04-26 01:01: Train Epoch 32: 320/382 Loss: 498.871033
2022-04-26 01:02: Train Epoch 32: 340/382 Loss: 425.139771
2022-04-26 01:04: Train Epoch 32: 360/382 Loss: 338.289459
2022-04-26 01:05: Train Epoch 32: 380/382 Loss: 363.499451
2022-04-26 01:05: **********Train Epoch 32: averaged Loss: 512.829395
2022-04-26 01:06: **********Val Epoch 32: average Loss: 366.303008
2022-04-26 01:06: Train Epoch 33: 0/382 Loss: 427.884735
2022-04-26 01:08: Train Epoch 33: 20/382 Loss: 308.095825
2022-04-26 01:09: Train Epoch 33: 40/382 Loss: 348.802582
2022-04-26 01:11: Train Epoch 33: 60/382 Loss: 441.362640
2022-04-26 01:12: Train Epoch 33: 80/382 Loss: 294.657562
2022-04-26 01:14: Train Epoch 33: 100/382 Loss: 360.497833
2022-04-26 01:15: Train Epoch 33: 120/382 Loss: 330.164703
2022-04-26 01:17: Train Epoch 33: 140/382 Loss: 273.382111
2022-04-26 01:18: Train Epoch 33: 160/382 Loss: 300.918243
2022-04-26 01:20: Train Epoch 33: 180/382 Loss: 286.763885
2022-04-26 01:21: Train Epoch 33: 200/382 Loss: 268.431519
2022-04-26 01:23: Train Epoch 33: 220/382 Loss: 352.324463
2022-04-26 01:24: Train Epoch 33: 240/382 Loss: 299.858765
2022-04-26 01:26: Train Epoch 33: 260/382 Loss: 330.738617
2022-04-26 01:27: Train Epoch 33: 280/382 Loss: 277.228058
2022-04-26 01:29: Train Epoch 33: 300/382 Loss: 276.985535
2022-04-26 01:30: Train Epoch 33: 320/382 Loss: 328.318115
2022-04-26 01:32: Train Epoch 33: 340/382 Loss: 278.175537
2022-04-26 01:33: Train Epoch 33: 360/382 Loss: 286.526886
2022-04-26 01:35: Train Epoch 33: 380/382 Loss: 275.360229
2022-04-26 01:35: **********Train Epoch 33: averaged Loss: 322.097371
2022-04-26 01:36: **********Val Epoch 33: average Loss: 295.228360
2022-04-26 01:36: Train Epoch 34: 0/382 Loss: 346.118164
2022-04-26 01:37: Train Epoch 34: 20/382 Loss: 323.108948
2022-04-26 01:39: Train Epoch 34: 40/382 Loss: 325.141418
2022-04-26 01:40: Train Epoch 34: 60/382 Loss: 297.828003
2022-04-26 01:42: Train Epoch 34: 80/382 Loss: 329.034241
2022-04-26 01:43: Train Epoch 34: 100/382 Loss: 303.876648
2022-04-26 01:45: Train Epoch 34: 120/382 Loss: 393.038116
2022-04-26 01:46: Train Epoch 34: 140/382 Loss: 705.850769
2022-04-26 01:48: Train Epoch 34: 160/382 Loss: 1315.887939
2022-04-26 01:49: Train Epoch 34: 180/382 Loss: 1327.540039
2022-04-26 01:51: Train Epoch 34: 200/382 Loss: 1004.220581
2022-04-26 01:52: Train Epoch 34: 220/382 Loss: 889.444397
2022-04-26 01:54: Train Epoch 34: 240/382 Loss: 784.639832
2022-04-26 01:55: Train Epoch 34: 260/382 Loss: 678.355347
2022-04-26 01:57: Train Epoch 34: 280/382 Loss: 799.364136
2022-04-26 01:58: Train Epoch 34: 300/382 Loss: 701.006287
2022-04-26 02:00: Train Epoch 34: 320/382 Loss: 667.970947
2022-04-26 02:01: Train Epoch 34: 340/382 Loss: 735.173767
2022-04-26 02:03: Train Epoch 34: 360/382 Loss: 673.339539
2022-04-26 02:04: Train Epoch 34: 380/382 Loss: 633.105286
2022-04-26 02:04: **********Train Epoch 34: averaged Loss: 653.463548
2022-04-26 02:05: **********Val Epoch 34: average Loss: 680.028133
2022-04-26 02:05: Train Epoch 35: 0/382 Loss: 643.901367
2022-04-26 02:07: Train Epoch 35: 20/382 Loss: 634.276184
2022-04-26 02:08: Train Epoch 35: 40/382 Loss: 680.984253
2022-04-26 02:10: Train Epoch 35: 60/382 Loss: 585.826416
2022-04-26 02:11: Train Epoch 35: 80/382 Loss: 677.026917
2022-04-26 02:13: Train Epoch 35: 100/382 Loss: 706.502625
2022-04-26 02:14: Train Epoch 35: 120/382 Loss: 517.802124
2022-04-26 02:16: Train Epoch 35: 140/382 Loss: 563.067505
2022-04-26 02:17: Train Epoch 35: 160/382 Loss: 520.917664
2022-04-26 02:19: Train Epoch 35: 180/382 Loss: 482.959625
2022-04-26 02:20: Train Epoch 35: 200/382 Loss: 652.703552
2022-04-26 02:22: Train Epoch 35: 220/382 Loss: 642.471008
2022-04-26 02:23: Train Epoch 35: 240/382 Loss: 613.455505
2022-04-26 02:25: Train Epoch 35: 260/382 Loss: 468.809845
2022-04-26 02:26: Train Epoch 35: 280/382 Loss: 525.647400
2022-04-26 02:28: Train Epoch 35: 300/382 Loss: 468.361206
2022-04-26 02:29: Train Epoch 35: 320/382 Loss: 576.090698
2022-04-26 02:31: Train Epoch 35: 340/382 Loss: 471.350098
2022-04-26 02:32: Train Epoch 35: 360/382 Loss: 494.196259
2022-04-26 02:34: Train Epoch 35: 380/382 Loss: 513.848755
2022-04-26 02:34: **********Train Epoch 35: averaged Loss: 574.087179
2022-04-26 02:35: **********Val Epoch 35: average Loss: 509.073317
2022-04-26 02:35: Train Epoch 36: 0/382 Loss: 532.972717
2022-04-26 02:36: Train Epoch 36: 20/382 Loss: 398.648224
2022-04-26 02:38: Train Epoch 36: 40/382 Loss: 474.380585
2022-04-26 02:39: Train Epoch 36: 60/382 Loss: 530.523499
2022-04-26 02:41: Train Epoch 36: 80/382 Loss: 480.085571
2022-04-26 02:42: Train Epoch 36: 100/382 Loss: 497.832886
2022-04-26 02:44: Train Epoch 36: 120/382 Loss: 551.937988
2022-04-26 02:45: Train Epoch 36: 140/382 Loss: 541.602844
2022-04-26 02:47: Train Epoch 36: 160/382 Loss: 414.304596
2022-04-26 02:48: Train Epoch 36: 180/382 Loss: 505.752014
2022-04-26 02:50: Train Epoch 36: 200/382 Loss: 416.703583
2022-04-26 02:51: Train Epoch 36: 220/382 Loss: 443.291016
2022-04-26 02:53: Train Epoch 36: 240/382 Loss: 415.462891
2022-04-26 02:54: Train Epoch 36: 260/382 Loss: 464.148956
2022-04-26 02:56: Train Epoch 36: 280/382 Loss: 543.312195
2022-04-26 02:57: Train Epoch 36: 300/382 Loss: 449.652771
2022-04-26 02:59: Train Epoch 36: 320/382 Loss: 394.367523
2022-04-26 03:00: Train Epoch 36: 340/382 Loss: 392.863007
2022-04-26 03:02: Train Epoch 36: 360/382 Loss: 412.994019
2022-04-26 03:03: Train Epoch 36: 380/382 Loss: 480.767609
2022-04-26 03:03: **********Train Epoch 36: averaged Loss: 461.388658
2022-04-26 03:04: **********Val Epoch 36: average Loss: 428.853340
2022-04-26 03:04: Train Epoch 37: 0/382 Loss: 414.902710
2022-04-26 03:06: Train Epoch 37: 20/382 Loss: 413.789673
2022-04-26 03:07: Train Epoch 37: 40/382 Loss: 435.637085
2022-04-26 03:09: Train Epoch 37: 60/382 Loss: 364.344025
2022-04-26 03:10: Train Epoch 37: 80/382 Loss: 351.676880
2022-04-26 03:12: Train Epoch 37: 100/382 Loss: 414.366272
2022-04-26 03:13: Train Epoch 37: 120/382 Loss: 344.026672
2022-04-26 03:15: Train Epoch 37: 140/382 Loss: 456.746063
2022-04-26 03:16: Train Epoch 37: 160/382 Loss: 363.772675
2022-04-26 03:18: Train Epoch 37: 180/382 Loss: 307.868713
2022-04-26 03:19: Train Epoch 37: 200/382 Loss: 343.648376
2022-04-26 03:21: Train Epoch 37: 220/382 Loss: 350.954285
2022-04-26 03:22: Train Epoch 37: 240/382 Loss: 454.709991
2022-04-26 03:24: Train Epoch 37: 260/382 Loss: 409.027893
2022-04-26 03:25: Train Epoch 37: 280/382 Loss: 372.483459
2022-04-26 03:27: Train Epoch 37: 300/382 Loss: 371.717133
2022-04-26 03:28: Train Epoch 37: 320/382 Loss: 380.763092
2022-04-26 03:30: Train Epoch 37: 340/382 Loss: 474.476837
2022-04-26 03:31: Train Epoch 37: 360/382 Loss: 375.334076
2022-04-26 03:33: Train Epoch 37: 380/382 Loss: 390.751770
2022-04-26 03:33: **********Train Epoch 37: averaged Loss: 389.610940
2022-04-26 03:34: **********Val Epoch 37: average Loss: 364.647432
2022-04-26 03:34: Train Epoch 38: 0/382 Loss: 348.621643
2022-04-26 03:35: Train Epoch 38: 20/382 Loss: 358.215576
2022-04-26 03:37: Train Epoch 38: 40/382 Loss: 308.099426
2022-04-26 03:38: Train Epoch 38: 60/382 Loss: 353.281006
2022-04-26 03:40: Train Epoch 38: 80/382 Loss: 333.783539
2022-04-26 03:41: Train Epoch 38: 100/382 Loss: 362.439148
2022-04-26 03:43: Train Epoch 38: 120/382 Loss: 311.278870
2022-04-26 03:44: Train Epoch 38: 140/382 Loss: 472.493469
2022-04-26 03:46: Train Epoch 38: 160/382 Loss: 341.864777
2022-04-26 03:47: Train Epoch 38: 180/382 Loss: 364.781647
2022-04-26 03:49: Train Epoch 38: 200/382 Loss: 310.772614
2022-04-26 03:50: Train Epoch 38: 220/382 Loss: 424.277679
2022-04-26 03:52: Train Epoch 38: 240/382 Loss: 336.130707
2022-04-26 03:53: Train Epoch 38: 260/382 Loss: 405.770325
2022-04-26 03:55: Train Epoch 38: 280/382 Loss: 337.260315
2022-04-26 03:56: Train Epoch 38: 300/382 Loss: 336.394958
2022-04-26 03:58: Train Epoch 38: 320/382 Loss: 401.588715
2022-04-26 03:59: Train Epoch 38: 340/382 Loss: 358.800903
2022-04-26 04:01: Train Epoch 38: 360/382 Loss: 333.133270
2022-04-26 04:02: Train Epoch 38: 380/382 Loss: 440.227112
2022-04-26 04:02: **********Train Epoch 38: averaged Loss: 342.474397
2022-04-26 04:03: **********Val Epoch 38: average Loss: 333.134641
2022-04-26 04:03: Train Epoch 39: 0/382 Loss: 403.088654
2022-04-26 04:05: Train Epoch 39: 20/382 Loss: 314.510193
2022-04-26 04:06: Train Epoch 39: 40/382 Loss: 379.885712
2022-04-26 04:08: Train Epoch 39: 60/382 Loss: 291.505249
2022-04-26 04:09: Train Epoch 39: 80/382 Loss: 356.558777
2022-04-26 04:11: Train Epoch 39: 100/382 Loss: 394.666168
2022-04-26 04:12: Train Epoch 39: 120/382 Loss: 374.483154
2022-04-26 04:14: Train Epoch 39: 140/382 Loss: 285.015686
2022-04-26 04:15: Train Epoch 39: 160/382 Loss: 280.936615
2022-04-26 04:17: Train Epoch 39: 180/382 Loss: 323.760681
2022-04-26 04:18: Train Epoch 39: 200/382 Loss: 317.154816
2022-04-26 04:20: Train Epoch 39: 220/382 Loss: 321.862579
2022-04-26 04:21: Train Epoch 39: 240/382 Loss: 318.470215
2022-04-26 04:23: Train Epoch 39: 260/382 Loss: 315.719269
2022-04-26 04:24: Train Epoch 39: 280/382 Loss: 390.568512
2022-04-26 04:26: Train Epoch 39: 300/382 Loss: 314.853241
2022-04-26 04:27: Train Epoch 39: 320/382 Loss: 357.971252
2022-04-26 04:29: Train Epoch 39: 340/382 Loss: 375.810455
2022-04-26 04:30: Train Epoch 39: 360/382 Loss: 304.957703
2022-04-26 04:32: Train Epoch 39: 380/382 Loss: 403.166779
2022-04-26 04:32: **********Train Epoch 39: averaged Loss: 318.328763
2022-04-26 04:33: **********Val Epoch 39: average Loss: 304.200298
2022-04-26 04:33: Train Epoch 40: 0/382 Loss: 285.938690
2022-04-26 04:34: Train Epoch 40: 20/382 Loss: 296.712982
2022-04-26 04:36: Train Epoch 40: 40/382 Loss: 349.717224
2022-04-26 04:37: Train Epoch 40: 60/382 Loss: 333.823212
2022-04-26 04:39: Train Epoch 40: 80/382 Loss: 281.601379
2022-04-26 04:40: Train Epoch 40: 100/382 Loss: 261.136505
2022-04-26 04:42: Train Epoch 40: 120/382 Loss: 284.973328
2022-04-26 04:43: Train Epoch 40: 140/382 Loss: 354.040894
2022-04-26 04:45: Train Epoch 40: 160/382 Loss: 289.007782
2022-04-26 04:46: Train Epoch 40: 180/382 Loss: 266.729523
2022-04-26 04:48: Train Epoch 40: 200/382 Loss: 324.564117
2022-04-26 04:49: Train Epoch 40: 220/382 Loss: 235.615982
2022-04-26 04:51: Train Epoch 40: 240/382 Loss: 261.009766
2022-04-26 04:52: Train Epoch 40: 260/382 Loss: 227.778427
2022-04-26 04:54: Train Epoch 40: 280/382 Loss: 298.515015
2022-04-26 04:55: Train Epoch 40: 300/382 Loss: 278.029724
2022-04-26 04:57: Train Epoch 40: 320/382 Loss: 264.224396
2022-04-26 04:58: Train Epoch 40: 340/382 Loss: 243.813797
2022-04-26 05:00: Train Epoch 40: 360/382 Loss: 316.750793
2022-04-26 05:01: Train Epoch 40: 380/382 Loss: 285.487091
2022-04-26 05:01: **********Train Epoch 40: averaged Loss: 291.490908
2022-04-26 05:02: **********Val Epoch 40: average Loss: 285.691370
2022-04-26 05:02: Validation performance didn't improve for 15 epochs. Training stops.
2022-04-26 05:02: Total training time: 1184.9676min, best loss: 93.331441
2022-04-26 05:05: Horizon 01, MAE: 93.52, RMSE: 163.92, MAPE: 29.8164%
2022-04-26 05:05: Average Horizon, MAE: 93.52, RMSE: 163.92, MAPE: 29.8164%
