2022-04-19 18:12: Experiment log path in: ../runs\LondonHW_60\04-19-18h12m_LondonHW_60_GCDE_type1_embed{10}hid{128}hidhid{128}lyrs{3}lr{0.001}wd{0.001}
2022-04-19 18:12: Argument batch_size: 16
2022-04-19 18:12: Argument cheb_k: 2
2022-04-19 18:12: Argument column_wise: False
2022-04-19 18:12: Argument comment: ''
2022-04-19 18:12: Argument cuda: True
2022-04-19 18:12: Argument dataset: 'LondonHW_60'
2022-04-19 18:12: Argument debug: False
2022-04-19 18:12: Argument default_graph: True
2022-04-19 18:12: Argument device: 0
2022-04-19 18:12: Argument early_stop: True
2022-04-19 18:12: Argument early_stop_patience: 15
2022-04-19 18:12: Argument embed_dim: 10
2022-04-19 18:12: Argument epochs: 400
2022-04-19 18:12: Argument g_type: 'agc'
2022-04-19 18:12: Argument grad_norm: False
2022-04-19 18:12: Argument hid_dim: 128
2022-04-19 18:12: Argument hid_hid_dim: 128
2022-04-19 18:12: Argument horizon: 1
2022-04-19 18:12: Argument input_dim: 2
2022-04-19 18:12: Argument lag: 12
2022-04-19 18:12: Argument log_dir: '../runs\\LondonHW_60\\04-19-18h12m_LondonHW_60_GCDE_type1_embed{10}hid{128}hidhid{128}lyrs{3}lr{0.001}wd{0.001}'
2022-04-19 18:12: Argument log_step: 20
2022-04-19 18:12: Argument loss_func: 'mae'
2022-04-19 18:12: Argument lr_decay: False
2022-04-19 18:12: Argument lr_decay_rate: 0.3
2022-04-19 18:12: Argument lr_decay_step: '20,80,160,280'
2022-04-19 18:12: Argument lr_init: 0.001
2022-04-19 18:12: Argument mae_thresh: None
2022-04-19 18:12: Argument mape_thresh: 0.0
2022-04-19 18:12: Argument max_grad_norm: 5
2022-04-19 18:12: Argument missing_rate: 0.1
2022-04-19 18:12: Argument missing_test: False
2022-04-19 18:12: Argument mode: 'train'
2022-04-19 18:12: Argument model: 'GCDE'
2022-04-19 18:12: Argument model_path: ''
2022-04-19 18:12: Argument model_type: 'type1'
2022-04-19 18:12: Argument normalizer: 'std'
2022-04-19 18:12: Argument num_layers: 3
2022-04-19 18:12: Argument num_nodes: 1000
2022-04-19 18:12: Argument output_dim: 1
2022-04-19 18:12: Argument plot: False
2022-04-19 18:12: Argument real_value: True
2022-04-19 18:12: Argument seed: 10
2022-04-19 18:12: Argument solver: 'rk4'
2022-04-19 18:12: Argument teacher_forcing: False
2022-04-19 18:12: Argument tensorboard: False
2022-04-19 18:12: Argument test_ratio: 0.2
2022-04-19 18:12: Argument tod: False
2022-04-19 18:12: Argument val_ratio: 0.1
2022-04-19 18:12: Argument weight_decay: 0.001
2022-04-19 18:12: NeuralGCDE(
  (func_f): FinalTanh_f(
    input_channels: 2, hidden_channels: 128, hidden_hidden_channels: 128, num_hidden_layers: 3
    (linear_in): Linear(in_features=128, out_features=128, bias=True)
    (linears): ModuleList(
      (0): Linear(in_features=128, out_features=128, bias=True)
      (1): Linear(in_features=128, out_features=128, bias=True)
    )
    (linear_out): Linear(in_features=128, out_features=256, bias=True)
  )
  (func_g): VectorField_g(
    input_channels: 2, hidden_channels: 128, hidden_hidden_channels: 128, num_hidden_layers: 3
    (linear_in): Linear(in_features=128, out_features=128, bias=True)
    (linear_out): Linear(in_features=128, out_features=16384, bias=True)
  )
  (end_conv): Conv2d(1, 1, kernel_size=(1, 128), stride=(1, 1))
  (initial_h): Linear(in_features=2, out_features=128, bias=True)
  (initial_z): Linear(in_features=2, out_features=128, bias=True)
)
2022-04-19 18:12: Total params: 2562465
2022-04-19 18:12: Train Epoch 1: 0/382 Loss: 1247.354370
2022-04-19 18:14: Train Epoch 1: 20/382 Loss: 499.342010
2022-04-19 18:15: Train Epoch 1: 40/382 Loss: 251.798172
2022-04-19 18:17: Train Epoch 1: 60/382 Loss: 327.500427
2022-04-19 18:18: Train Epoch 1: 80/382 Loss: 251.911728
2022-04-19 18:20: Train Epoch 1: 100/382 Loss: 230.129822
2022-04-19 18:21: Train Epoch 1: 120/382 Loss: 279.726685
2022-04-19 18:23: Train Epoch 1: 140/382 Loss: 233.216599
2022-04-19 18:24: Train Epoch 1: 160/382 Loss: 235.414154
2022-04-19 18:26: Train Epoch 1: 180/382 Loss: 187.267410
2022-04-19 18:27: Train Epoch 1: 200/382 Loss: 212.028595
2022-04-19 18:29: Train Epoch 1: 220/382 Loss: 241.597412
2022-04-19 18:30: Train Epoch 1: 240/382 Loss: 206.343414
2022-04-19 18:32: Train Epoch 1: 260/382 Loss: 228.031662
2022-04-19 18:33: Train Epoch 1: 280/382 Loss: 201.677887
2022-04-19 18:35: Train Epoch 1: 300/382 Loss: 145.519516
2022-04-19 18:36: Train Epoch 1: 320/382 Loss: 223.049820
2022-04-19 18:38: Train Epoch 1: 340/382 Loss: 154.915909
2022-04-19 18:39: Train Epoch 1: 360/382 Loss: 192.270508
2022-04-19 18:41: Train Epoch 1: 380/382 Loss: 149.756516
2022-04-19 18:41: **********Train Epoch 1: averaged Loss: 257.403279
2022-04-19 18:42: **********Val Epoch 1: average Loss: 172.828890
2022-04-19 18:42: *********************************Current best model saved!
2022-04-19 18:42: Saving current best model to ../runs\LondonHW_60\04-19-18h12m_LondonHW_60_GCDE_type1_embed{10}hid{128}hidhid{128}lyrs{3}lr{0.001}wd{0.001}\best_model.pth
2022-04-19 18:42: Train Epoch 2: 0/382 Loss: 190.683426
2022-04-19 18:44: Train Epoch 2: 20/382 Loss: 169.199493
2022-04-19 18:45: Train Epoch 2: 40/382 Loss: 192.101669
2022-04-19 18:47: Train Epoch 2: 60/382 Loss: 165.363083
2022-04-19 18:48: Train Epoch 2: 80/382 Loss: 186.889572
2022-04-19 18:50: Train Epoch 2: 100/382 Loss: 160.349075
2022-04-19 18:51: Train Epoch 2: 120/382 Loss: 214.779572
2022-04-19 18:53: Train Epoch 2: 140/382 Loss: 227.065826
2022-04-19 18:54: Train Epoch 2: 160/382 Loss: 167.692947
2022-04-19 18:56: Train Epoch 2: 180/382 Loss: 238.083206
2022-04-19 18:57: Train Epoch 2: 200/382 Loss: 246.166977
2022-04-19 18:59: Train Epoch 2: 220/382 Loss: 257.937347
2022-04-19 19:00: Train Epoch 2: 240/382 Loss: 381.424072
2022-04-19 19:02: Train Epoch 2: 260/382 Loss: 345.374512
2022-04-19 19:03: Train Epoch 2: 280/382 Loss: 222.596359
2022-04-19 19:05: Train Epoch 2: 300/382 Loss: 149.284637
2022-04-19 19:06: Train Epoch 2: 320/382 Loss: 213.497330
2022-04-19 19:08: Train Epoch 2: 340/382 Loss: 192.143661
2022-04-19 19:09: Train Epoch 2: 360/382 Loss: 208.010513
2022-04-19 19:11: Train Epoch 2: 380/382 Loss: 205.332443
2022-04-19 19:11: **********Train Epoch 2: averaged Loss: 211.834756
2022-04-19 19:12: **********Val Epoch 2: average Loss: 184.017874
2022-04-19 19:12: Train Epoch 3: 0/382 Loss: 240.593262
2022-04-19 19:13: Train Epoch 3: 20/382 Loss: 178.338242
2022-04-19 19:15: Train Epoch 3: 40/382 Loss: 176.673416
2022-04-19 19:16: Train Epoch 3: 60/382 Loss: 138.989105
2022-04-19 19:18: Train Epoch 3: 80/382 Loss: 138.392960
2022-04-19 19:19: Train Epoch 3: 100/382 Loss: 160.923752
2022-04-19 19:21: Train Epoch 3: 120/382 Loss: 113.529663
2022-04-19 19:22: Train Epoch 3: 140/382 Loss: 139.988220
2022-04-19 19:24: Train Epoch 3: 160/382 Loss: 194.028290
2022-04-19 19:25: Train Epoch 3: 180/382 Loss: 179.557053
2022-04-19 19:27: Train Epoch 3: 200/382 Loss: 158.772217
2022-04-19 19:28: Train Epoch 3: 220/382 Loss: 183.827652
2022-04-19 19:30: Train Epoch 3: 240/382 Loss: 202.075470
2022-04-19 19:31: Train Epoch 3: 260/382 Loss: 180.636765
2022-04-19 19:33: Train Epoch 3: 280/382 Loss: 221.409546
2022-04-19 19:34: Train Epoch 3: 300/382 Loss: 136.527267
2022-04-19 19:36: Train Epoch 3: 320/382 Loss: 193.764038
2022-04-19 19:37: Train Epoch 3: 340/382 Loss: 134.332321
2022-04-19 19:39: Train Epoch 3: 360/382 Loss: 155.252319
2022-04-19 19:40: Train Epoch 3: 380/382 Loss: 170.126022
2022-04-19 19:40: **********Train Epoch 3: averaged Loss: 172.787599
2022-04-19 19:42: **********Val Epoch 3: average Loss: 165.597436
2022-04-19 19:42: *********************************Current best model saved!
2022-04-19 19:42: Saving current best model to ../runs\LondonHW_60\04-19-18h12m_LondonHW_60_GCDE_type1_embed{10}hid{128}hidhid{128}lyrs{3}lr{0.001}wd{0.001}\best_model.pth
2022-04-19 19:42: Train Epoch 4: 0/382 Loss: 122.846321
2022-04-19 19:43: Train Epoch 4: 20/382 Loss: 214.609161
2022-04-19 19:45: Train Epoch 4: 40/382 Loss: 146.235046
2022-04-19 19:46: Train Epoch 4: 60/382 Loss: 136.077759
2022-04-19 19:48: Train Epoch 4: 80/382 Loss: 183.502121
2022-04-19 19:49: Train Epoch 4: 100/382 Loss: 124.569038
2022-04-19 19:51: Train Epoch 4: 120/382 Loss: 160.983261
2022-04-19 19:52: Train Epoch 4: 140/382 Loss: 152.201859
2022-04-19 19:54: Train Epoch 4: 160/382 Loss: 161.805573
2022-04-19 19:55: Train Epoch 4: 180/382 Loss: 140.804474
2022-04-19 19:57: Train Epoch 4: 200/382 Loss: 125.854416
2022-04-19 19:58: Train Epoch 4: 220/382 Loss: 158.989471
2022-04-19 20:00: Train Epoch 4: 240/382 Loss: 171.033249
2022-04-19 20:01: Train Epoch 4: 260/382 Loss: 208.234802
2022-04-19 20:03: Train Epoch 4: 280/382 Loss: 113.671661
2022-04-19 20:04: Train Epoch 4: 300/382 Loss: 128.085388
2022-04-19 20:06: Train Epoch 4: 320/382 Loss: 147.598160
2022-04-19 20:07: Train Epoch 4: 340/382 Loss: 106.580177
2022-04-19 20:09: Train Epoch 4: 360/382 Loss: 134.336700
2022-04-19 20:10: Train Epoch 4: 380/382 Loss: 130.743973
2022-04-19 20:10: **********Train Epoch 4: averaged Loss: 153.276376
2022-04-19 20:11: **********Val Epoch 4: average Loss: 159.034869
2022-04-19 20:11: *********************************Current best model saved!
2022-04-19 20:11: Saving current best model to ../runs\LondonHW_60\04-19-18h12m_LondonHW_60_GCDE_type1_embed{10}hid{128}hidhid{128}lyrs{3}lr{0.001}wd{0.001}\best_model.pth
2022-04-19 20:11: Train Epoch 5: 0/382 Loss: 132.710358
2022-04-19 20:13: Train Epoch 5: 20/382 Loss: 127.895645
2022-04-19 20:14: Train Epoch 5: 40/382 Loss: 137.895691
2022-04-19 20:16: Train Epoch 5: 60/382 Loss: 125.155396
2022-04-19 20:17: Train Epoch 5: 80/382 Loss: 136.915344
2022-04-19 20:19: Train Epoch 5: 100/382 Loss: 140.309174
2022-04-19 20:20: Train Epoch 5: 120/382 Loss: 187.708191
2022-04-19 20:22: Train Epoch 5: 140/382 Loss: 174.497131
2022-04-19 20:23: Train Epoch 5: 160/382 Loss: 159.431442
2022-04-19 20:25: Train Epoch 5: 180/382 Loss: 149.797821
2022-04-19 20:26: Train Epoch 5: 200/382 Loss: 233.137329
2022-04-19 20:28: Train Epoch 5: 220/382 Loss: 168.933258
2022-04-19 20:29: Train Epoch 5: 240/382 Loss: 183.915451
2022-04-19 20:31: Train Epoch 5: 260/382 Loss: 136.388504
2022-04-19 20:32: Train Epoch 5: 280/382 Loss: 177.468475
2022-04-19 20:34: Train Epoch 5: 300/382 Loss: 167.295380
2022-04-19 20:35: Train Epoch 5: 320/382 Loss: 122.142883
2022-04-19 20:37: Train Epoch 5: 340/382 Loss: 147.007965
2022-04-19 20:38: Train Epoch 5: 360/382 Loss: 138.131058
2022-04-19 20:40: Train Epoch 5: 380/382 Loss: 133.398071
2022-04-19 20:40: **********Train Epoch 5: averaged Loss: 156.257289
2022-04-19 20:41: **********Val Epoch 5: average Loss: 147.870577
2022-04-19 20:41: *********************************Current best model saved!
2022-04-19 20:41: Saving current best model to ../runs\LondonHW_60\04-19-18h12m_LondonHW_60_GCDE_type1_embed{10}hid{128}hidhid{128}lyrs{3}lr{0.001}wd{0.001}\best_model.pth
2022-04-19 20:41: Train Epoch 6: 0/382 Loss: 190.832382
2022-04-19 20:42: Train Epoch 6: 20/382 Loss: 185.484879
2022-04-19 20:44: Train Epoch 6: 40/382 Loss: 146.472488
2022-04-19 20:45: Train Epoch 6: 60/382 Loss: 96.197113
2022-04-19 20:47: Train Epoch 6: 80/382 Loss: 120.107651
2022-04-19 20:48: Train Epoch 6: 100/382 Loss: 139.693481
2022-04-19 20:50: Train Epoch 6: 120/382 Loss: 87.053940
2022-04-19 20:51: Train Epoch 6: 140/382 Loss: 152.728638
2022-04-19 20:53: Train Epoch 6: 160/382 Loss: 154.281326
2022-04-19 20:54: Train Epoch 6: 180/382 Loss: 120.580063
2022-04-19 20:56: Train Epoch 6: 200/382 Loss: 355.883118
2022-04-19 20:57: Train Epoch 6: 220/382 Loss: 225.733688
2022-04-19 20:59: Train Epoch 6: 240/382 Loss: 190.962814
2022-04-19 21:00: Train Epoch 6: 260/382 Loss: 204.371140
2022-04-19 21:02: Train Epoch 6: 280/382 Loss: 200.745987
2022-04-19 21:03: Train Epoch 6: 300/382 Loss: 164.099472
2022-04-19 21:05: Train Epoch 6: 320/382 Loss: 182.951019
2022-04-19 21:06: Train Epoch 6: 340/382 Loss: 166.994110
2022-04-19 21:08: Train Epoch 6: 360/382 Loss: 174.109314
2022-04-19 21:09: Train Epoch 6: 380/382 Loss: 209.936142
2022-04-19 21:09: **********Train Epoch 6: averaged Loss: 164.255706
2022-04-19 21:11: **********Val Epoch 6: average Loss: 179.913597
2022-04-19 21:11: Train Epoch 7: 0/382 Loss: 172.059952
2022-04-19 21:12: Train Epoch 7: 20/382 Loss: 169.749908
2022-04-19 21:14: Train Epoch 7: 40/382 Loss: 121.921288
2022-04-19 21:15: Train Epoch 7: 60/382 Loss: 192.615234
2022-04-19 21:17: Train Epoch 7: 80/382 Loss: 188.084579
2022-04-19 21:18: Train Epoch 7: 100/382 Loss: 203.303528
2022-04-19 21:20: Train Epoch 7: 120/382 Loss: 170.055481
2022-04-19 21:21: Train Epoch 7: 140/382 Loss: 164.198959
2022-04-19 21:23: Train Epoch 7: 160/382 Loss: 144.427246
2022-04-19 21:24: Train Epoch 7: 180/382 Loss: 110.769958
2022-04-19 21:26: Train Epoch 7: 200/382 Loss: 233.180679
2022-04-19 21:27: Train Epoch 7: 220/382 Loss: 226.048599
2022-04-19 21:29: Train Epoch 7: 240/382 Loss: 174.357590
2022-04-19 21:30: Train Epoch 7: 260/382 Loss: 146.376389
2022-04-19 21:31: Train Epoch 7: 280/382 Loss: 190.154449
2022-04-19 21:33: Train Epoch 7: 300/382 Loss: 159.936462
2022-04-19 21:34: Train Epoch 7: 320/382 Loss: 151.641998
2022-04-19 21:36: Train Epoch 7: 340/382 Loss: 170.534683
2022-04-19 21:37: Train Epoch 7: 360/382 Loss: 135.234665
2022-04-19 21:39: Train Epoch 7: 380/382 Loss: 128.645477
2022-04-19 21:39: **********Train Epoch 7: averaged Loss: 167.271929
2022-04-19 21:40: **********Val Epoch 7: average Loss: 150.424203
2022-04-19 21:40: Train Epoch 8: 0/382 Loss: 149.013306
2022-04-19 21:42: Train Epoch 8: 20/382 Loss: 144.896790
2022-04-19 21:43: Train Epoch 8: 40/382 Loss: 190.632660
2022-04-19 21:45: Train Epoch 8: 60/382 Loss: 227.306351
2022-04-19 21:46: Train Epoch 8: 80/382 Loss: 336.756012
2022-04-19 21:48: Train Epoch 8: 100/382 Loss: 275.027313
2022-04-19 21:49: Train Epoch 8: 120/382 Loss: 206.329269
2022-04-19 21:51: Train Epoch 8: 140/382 Loss: 183.724289
2022-04-19 21:52: Train Epoch 8: 160/382 Loss: 240.814819
2022-04-19 21:54: Train Epoch 8: 180/382 Loss: 221.973404
2022-04-19 21:55: Train Epoch 8: 200/382 Loss: 226.074142
2022-04-19 21:57: Train Epoch 8: 220/382 Loss: 173.733383
2022-04-19 21:58: Train Epoch 8: 240/382 Loss: 173.491821
2022-04-19 22:00: Train Epoch 8: 260/382 Loss: 177.512161
2022-04-19 22:01: Train Epoch 8: 280/382 Loss: 208.885666
2022-04-19 22:02: Train Epoch 8: 300/382 Loss: 144.588730
2022-04-19 22:04: Train Epoch 8: 320/382 Loss: 142.253326
2022-04-19 22:05: Train Epoch 8: 340/382 Loss: 167.143402
2022-04-19 22:07: Train Epoch 8: 360/382 Loss: 157.778671
2022-04-19 22:08: Train Epoch 8: 380/382 Loss: 198.192078
2022-04-19 22:08: **********Train Epoch 8: averaged Loss: 190.223067
2022-04-19 22:10: **********Val Epoch 8: average Loss: 190.239513
2022-04-19 22:10: Train Epoch 9: 0/382 Loss: 167.508286
2022-04-19 22:11: Train Epoch 9: 20/382 Loss: 203.722656
2022-04-19 22:13: Train Epoch 9: 40/382 Loss: 130.231705
2022-04-19 22:14: Train Epoch 9: 60/382 Loss: 171.108582
2022-04-19 22:16: Train Epoch 9: 80/382 Loss: 119.683022
2022-04-19 22:17: Train Epoch 9: 100/382 Loss: 122.859116
2022-04-19 22:19: Train Epoch 9: 120/382 Loss: 168.041565
2022-04-19 22:20: Train Epoch 9: 140/382 Loss: 154.253540
2022-04-19 22:22: Train Epoch 9: 160/382 Loss: 135.604309
2022-04-19 22:23: Train Epoch 9: 180/382 Loss: 158.323517
2022-04-19 22:25: Train Epoch 9: 200/382 Loss: 158.681152
2022-04-19 22:26: Train Epoch 9: 220/382 Loss: 164.231506
2022-04-19 22:27: Train Epoch 9: 240/382 Loss: 150.838165
2022-04-19 22:29: Train Epoch 9: 260/382 Loss: 104.405540
2022-04-19 22:30: Train Epoch 9: 280/382 Loss: 129.341629
2022-04-19 22:32: Train Epoch 9: 300/382 Loss: 185.789551
2022-04-19 22:33: Train Epoch 9: 320/382 Loss: 221.601440
2022-04-19 22:35: Train Epoch 9: 340/382 Loss: 416.111420
2022-04-19 22:36: Train Epoch 9: 360/382 Loss: 260.445068
2022-04-19 22:38: Train Epoch 9: 380/382 Loss: 192.238693
2022-04-19 22:38: **********Train Epoch 9: averaged Loss: 190.018629
2022-04-19 22:39: **********Val Epoch 9: average Loss: 205.308862
2022-04-19 22:39: Train Epoch 10: 0/382 Loss: 210.558304
2022-04-19 22:41: Train Epoch 10: 20/382 Loss: 177.813675
2022-04-19 22:42: Train Epoch 10: 40/382 Loss: 179.116119
2022-04-19 22:44: Train Epoch 10: 60/382 Loss: 150.499329
2022-04-19 22:45: Train Epoch 10: 80/382 Loss: 168.928604
2022-04-19 22:47: Train Epoch 10: 100/382 Loss: 156.148743
2022-04-19 22:48: Train Epoch 10: 120/382 Loss: 196.718857
2022-04-19 22:50: Train Epoch 10: 140/382 Loss: 311.790833
2022-04-19 22:51: Train Epoch 10: 160/382 Loss: 171.154205
2022-04-19 22:52: Train Epoch 10: 180/382 Loss: 204.988953
2022-04-19 22:54: Train Epoch 10: 200/382 Loss: 168.086945
2022-04-19 22:55: Train Epoch 10: 220/382 Loss: 192.294327
2022-04-19 22:57: Train Epoch 10: 240/382 Loss: 212.002441
2022-04-19 22:58: Train Epoch 10: 260/382 Loss: 194.481277
2022-04-19 23:00: Train Epoch 10: 280/382 Loss: 130.959122
2022-04-19 23:01: Train Epoch 10: 300/382 Loss: 201.878723
2022-04-19 23:03: Train Epoch 10: 320/382 Loss: 239.505142
2022-04-19 23:04: Train Epoch 10: 340/382 Loss: 153.300323
2022-04-19 23:06: Train Epoch 10: 360/382 Loss: 183.225693
2022-04-19 23:07: Train Epoch 10: 380/382 Loss: 159.231293
2022-04-19 23:07: **********Train Epoch 10: averaged Loss: 190.998454
2022-04-19 23:09: **********Val Epoch 10: average Loss: 165.172907
2022-04-19 23:09: Train Epoch 11: 0/382 Loss: 192.604568
2022-04-19 23:10: Train Epoch 11: 20/382 Loss: 201.410507
2022-04-19 23:12: Train Epoch 11: 40/382 Loss: 167.811218
2022-04-19 23:13: Train Epoch 11: 60/382 Loss: 148.156448
2022-04-19 23:15: Train Epoch 11: 80/382 Loss: 158.178452
2022-04-19 23:16: Train Epoch 11: 100/382 Loss: 150.877640
2022-04-19 23:17: Train Epoch 11: 120/382 Loss: 140.952164
2022-04-19 23:19: Train Epoch 11: 140/382 Loss: 93.656708
2022-04-19 23:20: Train Epoch 11: 160/382 Loss: 167.932510
2022-04-19 23:22: Train Epoch 11: 180/382 Loss: 174.705505
2022-04-19 23:23: Train Epoch 11: 200/382 Loss: 175.115509
2022-04-19 23:25: Train Epoch 11: 220/382 Loss: 191.528946
2022-04-19 23:26: Train Epoch 11: 240/382 Loss: 214.474365
2022-04-19 23:28: Train Epoch 11: 260/382 Loss: 168.967255
2022-04-19 23:29: Train Epoch 11: 280/382 Loss: 137.889099
2022-04-19 23:31: Train Epoch 11: 300/382 Loss: 127.328857
2022-04-19 23:32: Train Epoch 11: 320/382 Loss: 180.960953
2022-04-19 23:34: Train Epoch 11: 340/382 Loss: 186.968781
2022-04-19 23:35: Train Epoch 11: 360/382 Loss: 151.818939
2022-04-19 23:37: Train Epoch 11: 380/382 Loss: 150.180786
2022-04-19 23:37: **********Train Epoch 11: averaged Loss: 166.146123
2022-04-19 23:38: **********Val Epoch 11: average Loss: 156.037818
2022-04-19 23:38: Train Epoch 12: 0/382 Loss: 215.479324
2022-04-19 23:40: Train Epoch 12: 20/382 Loss: 151.934341
2022-04-19 23:41: Train Epoch 12: 40/382 Loss: 148.284027
2022-04-19 23:43: Train Epoch 12: 60/382 Loss: 139.418976
2022-04-19 23:44: Train Epoch 12: 80/382 Loss: 201.394043
2022-04-19 23:46: Train Epoch 12: 100/382 Loss: 168.928970
2022-04-19 23:47: Train Epoch 12: 120/382 Loss: 146.863663
2022-04-19 23:48: Train Epoch 12: 140/382 Loss: 182.391708
2022-04-19 23:50: Train Epoch 12: 160/382 Loss: 147.105438
2022-04-19 23:51: Train Epoch 12: 180/382 Loss: 156.621231
2022-04-19 23:53: Train Epoch 12: 200/382 Loss: 101.479767
2022-04-19 23:54: Train Epoch 12: 220/382 Loss: 157.074097
2022-04-19 23:56: Train Epoch 12: 240/382 Loss: 100.376579
2022-04-19 23:57: Train Epoch 12: 260/382 Loss: 184.882492
2022-04-19 23:59: Train Epoch 12: 280/382 Loss: 157.105148
2022-04-20 00:00: Train Epoch 12: 300/382 Loss: 178.016190
2022-04-20 00:02: Train Epoch 12: 320/382 Loss: 138.168701
2022-04-20 00:03: Train Epoch 12: 340/382 Loss: 144.532745
2022-04-20 00:05: Train Epoch 12: 360/382 Loss: 162.792053
2022-04-20 00:06: Train Epoch 12: 380/382 Loss: 133.831238
2022-04-20 00:06: **********Train Epoch 12: averaged Loss: 150.201655
2022-04-20 00:07: **********Val Epoch 12: average Loss: 133.054267
2022-04-20 00:07: *********************************Current best model saved!
2022-04-20 00:07: Saving current best model to ../runs\LondonHW_60\04-19-18h12m_LondonHW_60_GCDE_type1_embed{10}hid{128}hidhid{128}lyrs{3}lr{0.001}wd{0.001}\best_model.pth
2022-04-20 00:08: Train Epoch 13: 0/382 Loss: 124.608536
2022-04-20 00:09: Train Epoch 13: 20/382 Loss: 128.501511
2022-04-20 00:11: Train Epoch 13: 40/382 Loss: 118.825943
2022-04-20 00:12: Train Epoch 13: 60/382 Loss: 104.794830
2022-04-20 00:13: Train Epoch 13: 80/382 Loss: 133.040146
2022-04-20 00:15: Train Epoch 13: 100/382 Loss: 127.385292
2022-04-20 00:16: Train Epoch 13: 120/382 Loss: 142.252762
2022-04-20 00:18: Train Epoch 13: 140/382 Loss: 164.222275
2022-04-20 00:19: Train Epoch 13: 160/382 Loss: 172.233795
2022-04-20 00:21: Train Epoch 13: 180/382 Loss: 130.464020
2022-04-20 00:22: Train Epoch 13: 200/382 Loss: 140.397415
2022-04-20 00:24: Train Epoch 13: 220/382 Loss: 160.610977
2022-04-20 00:25: Train Epoch 13: 240/382 Loss: 152.510254
2022-04-20 00:27: Train Epoch 13: 260/382 Loss: 114.996315
2022-04-20 00:28: Train Epoch 13: 280/382 Loss: 112.695435
2022-04-20 00:30: Train Epoch 13: 300/382 Loss: 151.635071
2022-04-20 00:31: Train Epoch 13: 320/382 Loss: 162.372192
2022-04-20 00:33: Train Epoch 13: 340/382 Loss: 123.237114
2022-04-20 00:34: Train Epoch 13: 360/382 Loss: 119.675926
2022-04-20 00:36: Train Epoch 13: 380/382 Loss: 121.762070
2022-04-20 00:36: **********Train Epoch 13: averaged Loss: 140.481339
2022-04-20 00:37: **********Val Epoch 13: average Loss: 134.536170
2022-04-20 00:37: Train Epoch 14: 0/382 Loss: 128.048721
2022-04-20 00:39: Train Epoch 14: 20/382 Loss: 142.702026
2022-04-20 00:40: Train Epoch 14: 40/382 Loss: 125.741516
2022-04-20 00:41: Train Epoch 14: 60/382 Loss: 124.108879
2022-04-20 00:43: Train Epoch 14: 80/382 Loss: 158.987244
2022-04-20 00:44: Train Epoch 14: 100/382 Loss: 129.236176
2022-04-20 00:46: Train Epoch 14: 120/382 Loss: 150.384949
2022-04-20 00:47: Train Epoch 14: 140/382 Loss: 93.211655
2022-04-20 00:49: Train Epoch 14: 160/382 Loss: 198.408478
2022-04-20 00:50: Train Epoch 14: 180/382 Loss: 154.821472
2022-04-20 00:52: Train Epoch 14: 200/382 Loss: 125.019501
2022-04-20 00:53: Train Epoch 14: 220/382 Loss: 122.958107
2022-04-20 00:55: Train Epoch 14: 240/382 Loss: 133.484039
2022-04-20 00:56: Train Epoch 14: 260/382 Loss: 132.254852
2022-04-20 00:58: Train Epoch 14: 280/382 Loss: 150.151413
2022-04-20 00:59: Train Epoch 14: 300/382 Loss: 114.355370
2022-04-20 01:01: Train Epoch 14: 320/382 Loss: 133.780792
2022-04-20 01:02: Train Epoch 14: 340/382 Loss: 96.499237
2022-04-20 01:04: Train Epoch 14: 360/382 Loss: 112.164581
2022-04-20 01:05: Train Epoch 14: 380/382 Loss: 114.048271
2022-04-20 01:05: **********Train Epoch 14: averaged Loss: 140.639261
2022-04-20 01:06: **********Val Epoch 14: average Loss: 137.718614
2022-04-20 01:07: Train Epoch 15: 0/382 Loss: 186.403946
2022-04-20 01:08: Train Epoch 15: 20/382 Loss: 130.230804
2022-04-20 01:10: Train Epoch 15: 40/382 Loss: 195.337387
2022-04-20 01:11: Train Epoch 15: 60/382 Loss: 131.243973
2022-04-20 01:12: Train Epoch 15: 80/382 Loss: 159.758194
2022-04-20 01:14: Train Epoch 15: 100/382 Loss: 124.030006
2022-04-20 01:15: Train Epoch 15: 120/382 Loss: 154.177139
2022-04-20 01:17: Train Epoch 15: 140/382 Loss: 133.272491
2022-04-20 01:18: Train Epoch 15: 160/382 Loss: 105.483810
2022-04-20 01:20: Train Epoch 15: 180/382 Loss: 404.144714
2022-04-20 01:21: Train Epoch 15: 200/382 Loss: 463.400909
2022-04-20 01:23: Train Epoch 15: 220/382 Loss: 346.716797
2022-04-20 01:24: Train Epoch 15: 240/382 Loss: 244.509598
2022-04-20 01:26: Train Epoch 15: 260/382 Loss: 170.242035
2022-04-20 01:27: Train Epoch 15: 280/382 Loss: 205.758301
2022-04-20 01:29: Train Epoch 15: 300/382 Loss: 195.876022
2022-04-20 01:30: Train Epoch 15: 320/382 Loss: 166.382294
2022-04-20 01:32: Train Epoch 15: 340/382 Loss: 213.686035
2022-04-20 01:33: Train Epoch 15: 360/382 Loss: 229.177795
2022-04-20 01:35: Train Epoch 15: 380/382 Loss: 205.150177
2022-04-20 01:35: **********Train Epoch 15: averaged Loss: 196.448599
2022-04-20 01:36: **********Val Epoch 15: average Loss: 171.653590
2022-04-20 01:36: Train Epoch 16: 0/382 Loss: 183.619797
2022-04-20 01:37: Train Epoch 16: 20/382 Loss: 225.084702
2022-04-20 01:39: Train Epoch 16: 40/382 Loss: 232.023987
2022-04-20 01:40: Train Epoch 16: 60/382 Loss: 175.634857
2022-04-20 01:42: Train Epoch 16: 80/382 Loss: 177.248047
2022-04-20 01:43: Train Epoch 16: 100/382 Loss: 194.011047
2022-04-20 01:45: Train Epoch 16: 120/382 Loss: 181.944443
2022-04-20 01:46: Train Epoch 16: 140/382 Loss: 154.979080
2022-04-20 01:48: Train Epoch 16: 160/382 Loss: 119.880623
2022-04-20 01:49: Train Epoch 16: 180/382 Loss: 148.567352
2022-04-20 01:51: Train Epoch 16: 200/382 Loss: 150.024796
2022-04-20 01:52: Train Epoch 16: 220/382 Loss: 119.820343
2022-04-20 01:54: Train Epoch 16: 240/382 Loss: 151.777145
2022-04-20 01:55: Train Epoch 16: 260/382 Loss: 180.271759
2022-04-20 01:57: Train Epoch 16: 280/382 Loss: 188.551208
2022-04-20 01:58: Train Epoch 16: 300/382 Loss: 211.844696
2022-04-20 02:00: Train Epoch 16: 320/382 Loss: 160.580414
2022-04-20 02:01: Train Epoch 16: 340/382 Loss: 183.439819
2022-04-20 02:03: Train Epoch 16: 360/382 Loss: 160.933228
2022-04-20 02:04: Train Epoch 16: 380/382 Loss: 145.995819
2022-04-20 02:04: **********Train Epoch 16: averaged Loss: 165.432864
2022-04-20 02:05: **********Val Epoch 16: average Loss: 146.040058
2022-04-20 02:05: Train Epoch 17: 0/382 Loss: 163.800934
2022-04-20 02:07: Train Epoch 17: 20/382 Loss: 182.655197
2022-04-20 02:08: Train Epoch 17: 40/382 Loss: 111.805962
2022-04-20 02:10: Train Epoch 17: 60/382 Loss: 110.669502
2022-04-20 02:11: Train Epoch 17: 80/382 Loss: 153.400482
2022-04-20 02:13: Train Epoch 17: 100/382 Loss: 206.928360
2022-04-20 02:14: Train Epoch 17: 120/382 Loss: 130.917343
2022-04-20 02:16: Train Epoch 17: 140/382 Loss: 143.089325
2022-04-20 02:17: Train Epoch 17: 160/382 Loss: 158.344940
2022-04-20 02:19: Train Epoch 17: 180/382 Loss: 122.996353
2022-04-20 02:20: Train Epoch 17: 200/382 Loss: 120.473877
2022-04-20 02:22: Train Epoch 17: 220/382 Loss: 122.821587
2022-04-20 02:23: Train Epoch 17: 240/382 Loss: 154.144852
2022-04-20 02:25: Train Epoch 17: 260/382 Loss: 185.346634
2022-04-20 02:26: Train Epoch 17: 280/382 Loss: 133.307404
2022-04-20 02:28: Train Epoch 17: 300/382 Loss: 135.950134
2022-04-20 02:29: Train Epoch 17: 320/382 Loss: 161.132980
2022-04-20 02:31: Train Epoch 17: 340/382 Loss: 142.160690
2022-04-20 02:32: Train Epoch 17: 360/382 Loss: 185.451828
2022-04-20 02:34: Train Epoch 17: 380/382 Loss: 171.932648
2022-04-20 02:34: **********Train Epoch 17: averaged Loss: 153.071626
2022-04-20 02:35: **********Val Epoch 17: average Loss: 144.193756
2022-04-20 02:35: Train Epoch 18: 0/382 Loss: 144.100998
2022-04-20 02:36: Train Epoch 18: 20/382 Loss: 130.753265
2022-04-20 02:38: Train Epoch 18: 40/382 Loss: 133.468307
2022-04-20 02:39: Train Epoch 18: 60/382 Loss: 146.658127
2022-04-20 02:41: Train Epoch 18: 80/382 Loss: 183.863480
2022-04-20 02:42: Train Epoch 18: 100/382 Loss: 112.938034
2022-04-20 02:44: Train Epoch 18: 120/382 Loss: 83.488297
2022-04-20 02:45: Train Epoch 18: 140/382 Loss: 161.988663
2022-04-20 02:47: Train Epoch 18: 160/382 Loss: 142.994110
2022-04-20 02:48: Train Epoch 18: 180/382 Loss: 131.405624
2022-04-20 02:50: Train Epoch 18: 200/382 Loss: 178.127197
2022-04-20 02:51: Train Epoch 18: 220/382 Loss: 136.332626
2022-04-20 02:53: Train Epoch 18: 240/382 Loss: 163.721481
2022-04-20 02:54: Train Epoch 18: 260/382 Loss: 115.875046
2022-04-20 02:56: Train Epoch 18: 280/382 Loss: 127.627258
2022-04-20 02:57: Train Epoch 18: 300/382 Loss: 155.384125
2022-04-20 02:59: Train Epoch 18: 320/382 Loss: 132.131409
2022-04-20 03:00: Train Epoch 18: 340/382 Loss: 135.965622
2022-04-20 03:02: Train Epoch 18: 360/382 Loss: 142.660294
2022-04-20 03:03: Train Epoch 18: 380/382 Loss: 135.938995
2022-04-20 03:03: **********Train Epoch 18: averaged Loss: 150.353661
2022-04-20 03:04: **********Val Epoch 18: average Loss: 162.494245
2022-04-20 03:04: Train Epoch 19: 0/382 Loss: 151.881546
2022-04-20 03:06: Train Epoch 19: 20/382 Loss: 189.874817
2022-04-20 03:07: Train Epoch 19: 40/382 Loss: 154.511139
2022-04-20 03:09: Train Epoch 19: 60/382 Loss: 132.190887
2022-04-20 03:10: Train Epoch 19: 80/382 Loss: 179.063583
2022-04-20 03:12: Train Epoch 19: 100/382 Loss: 141.244568
2022-04-20 03:13: Train Epoch 19: 120/382 Loss: 187.133911
2022-04-20 03:15: Train Epoch 19: 140/382 Loss: 181.329208
2022-04-20 03:16: Train Epoch 19: 160/382 Loss: 139.063477
2022-04-20 03:18: Train Epoch 19: 180/382 Loss: 161.523911
2022-04-20 03:19: Train Epoch 19: 200/382 Loss: 127.459076
2022-04-20 03:21: Train Epoch 19: 220/382 Loss: 125.541344
2022-04-20 03:22: Train Epoch 19: 240/382 Loss: 149.281067
2022-04-20 03:24: Train Epoch 19: 260/382 Loss: 118.236237
2022-04-20 03:25: Train Epoch 19: 280/382 Loss: 203.195740
2022-04-20 03:26: Train Epoch 19: 300/382 Loss: 172.499908
2022-04-20 03:28: Train Epoch 19: 320/382 Loss: 229.925079
2022-04-20 03:29: Train Epoch 19: 340/382 Loss: 162.115601
2022-04-20 03:31: Train Epoch 19: 360/382 Loss: 138.590302
2022-04-20 03:32: Train Epoch 19: 380/382 Loss: 166.987061
2022-04-20 03:32: **********Train Epoch 19: averaged Loss: 153.767535
2022-04-20 03:34: **********Val Epoch 19: average Loss: 167.360930
2022-04-20 03:34: Train Epoch 20: 0/382 Loss: 180.626862
2022-04-20 03:35: Train Epoch 20: 20/382 Loss: 155.710281
2022-04-20 03:37: Train Epoch 20: 40/382 Loss: 130.222427
2022-04-20 03:38: Train Epoch 20: 60/382 Loss: 188.502289
2022-04-20 03:40: Train Epoch 20: 80/382 Loss: 142.500000
2022-04-20 03:41: Train Epoch 20: 100/382 Loss: 124.896149
2022-04-20 03:43: Train Epoch 20: 120/382 Loss: 113.787933
2022-04-20 03:44: Train Epoch 20: 140/382 Loss: 176.981064
2022-04-20 03:46: Train Epoch 20: 160/382 Loss: 174.081100
2022-04-20 03:47: Train Epoch 20: 180/382 Loss: 161.742157
2022-04-20 03:49: Train Epoch 20: 200/382 Loss: 139.079132
2022-04-20 03:50: Train Epoch 20: 220/382 Loss: 178.560867
2022-04-20 03:51: Train Epoch 20: 240/382 Loss: 119.453697
2022-04-20 03:53: Train Epoch 20: 260/382 Loss: 167.783127
2022-04-20 03:54: Train Epoch 20: 280/382 Loss: 136.038971
2022-04-20 03:56: Train Epoch 20: 300/382 Loss: 113.671913
2022-04-20 03:57: Train Epoch 20: 320/382 Loss: 185.341034
2022-04-20 03:59: Train Epoch 20: 340/382 Loss: 217.268066
2022-04-20 04:00: Train Epoch 20: 360/382 Loss: 148.797943
2022-04-20 04:02: Train Epoch 20: 380/382 Loss: 140.974442
2022-04-20 04:02: **********Train Epoch 20: averaged Loss: 146.982059
2022-04-20 04:03: **********Val Epoch 20: average Loss: 135.675871
2022-04-20 04:03: Train Epoch 21: 0/382 Loss: 111.292686
2022-04-20 04:05: Train Epoch 21: 20/382 Loss: 141.456329
2022-04-20 04:06: Train Epoch 21: 40/382 Loss: 163.747757
2022-04-20 04:08: Train Epoch 21: 60/382 Loss: 116.813095
2022-04-20 04:09: Train Epoch 21: 80/382 Loss: 125.720993
2022-04-20 04:11: Train Epoch 21: 100/382 Loss: 111.587708
2022-04-20 04:12: Train Epoch 21: 120/382 Loss: 146.161972
2022-04-20 04:14: Train Epoch 21: 140/382 Loss: 125.404282
2022-04-20 04:15: Train Epoch 21: 160/382 Loss: 150.595856
2022-04-20 04:16: Train Epoch 21: 180/382 Loss: 112.691895
2022-04-20 04:18: Train Epoch 21: 200/382 Loss: 144.508438
2022-04-20 04:19: Train Epoch 21: 220/382 Loss: 148.121918
2022-04-20 04:21: Train Epoch 21: 240/382 Loss: 151.329941
2022-04-20 04:22: Train Epoch 21: 260/382 Loss: 178.261917
2022-04-20 04:24: Train Epoch 21: 280/382 Loss: 145.892258
2022-04-20 04:25: Train Epoch 21: 300/382 Loss: 106.793854
2022-04-20 04:27: Train Epoch 21: 320/382 Loss: 105.286034
2022-04-20 04:28: Train Epoch 21: 340/382 Loss: 132.486511
2022-04-20 04:30: Train Epoch 21: 360/382 Loss: 122.048637
2022-04-20 04:31: Train Epoch 21: 380/382 Loss: 118.219337
2022-04-20 04:31: **********Train Epoch 21: averaged Loss: 134.602809
2022-04-20 04:33: **********Val Epoch 21: average Loss: 132.136755
2022-04-20 04:33: *********************************Current best model saved!
2022-04-20 04:33: Saving current best model to ../runs\LondonHW_60\04-19-18h12m_LondonHW_60_GCDE_type1_embed{10}hid{128}hidhid{128}lyrs{3}lr{0.001}wd{0.001}\best_model.pth
2022-04-20 04:33: Train Epoch 22: 0/382 Loss: 138.032562
2022-04-20 04:34: Train Epoch 22: 20/382 Loss: 104.501541
2022-04-20 04:36: Train Epoch 22: 40/382 Loss: 148.472595
2022-04-20 04:37: Train Epoch 22: 60/382 Loss: 97.846031
2022-04-20 04:39: Train Epoch 22: 80/382 Loss: 119.557457
2022-04-20 04:40: Train Epoch 22: 100/382 Loss: 129.517624
2022-04-20 04:41: Train Epoch 22: 120/382 Loss: 129.064743
2022-04-20 04:43: Train Epoch 22: 140/382 Loss: 126.007706
2022-04-20 04:44: Train Epoch 22: 160/382 Loss: 122.370941
2022-04-20 04:46: Train Epoch 22: 180/382 Loss: 142.554855
2022-04-20 04:47: Train Epoch 22: 200/382 Loss: 101.585281
2022-04-20 04:49: Train Epoch 22: 220/382 Loss: 142.662537
2022-04-20 04:50: Train Epoch 22: 240/382 Loss: 145.455093
2022-04-20 04:52: Train Epoch 22: 260/382 Loss: 125.625145
2022-04-20 04:53: Train Epoch 22: 280/382 Loss: 135.245392
2022-04-20 04:55: Train Epoch 22: 300/382 Loss: 117.568398
2022-04-20 04:56: Train Epoch 22: 320/382 Loss: 151.772095
2022-04-20 04:58: Train Epoch 22: 340/382 Loss: 194.735947
2022-04-20 04:59: Train Epoch 22: 360/382 Loss: 189.019821
2022-04-20 05:01: Train Epoch 22: 380/382 Loss: 170.605972
2022-04-20 05:01: **********Train Epoch 22: averaged Loss: 142.161692
2022-04-20 05:02: **********Val Epoch 22: average Loss: 172.013362
2022-04-20 05:02: Train Epoch 23: 0/382 Loss: 168.747772
2022-04-20 05:03: Train Epoch 23: 20/382 Loss: 171.741165
2022-04-20 05:05: Train Epoch 23: 40/382 Loss: 136.799576
2022-04-20 05:06: Train Epoch 23: 60/382 Loss: 151.439392
2022-04-20 05:08: Train Epoch 23: 80/382 Loss: 212.971542
2022-04-20 05:09: Train Epoch 23: 100/382 Loss: 250.295731
2022-04-20 05:11: Train Epoch 23: 120/382 Loss: 214.957275
2022-04-20 05:12: Train Epoch 23: 140/382 Loss: 179.592209
2022-04-20 05:14: Train Epoch 23: 160/382 Loss: 262.050232
2022-04-20 05:15: Train Epoch 23: 180/382 Loss: 195.169983
2022-04-20 05:17: Train Epoch 23: 200/382 Loss: 184.139481
2022-04-20 05:18: Train Epoch 23: 220/382 Loss: 289.111664
2022-04-20 05:20: Train Epoch 23: 240/382 Loss: 199.438004
2022-04-20 05:21: Train Epoch 23: 260/382 Loss: 171.525833
2022-04-20 05:23: Train Epoch 23: 280/382 Loss: 220.883270
2022-04-20 05:24: Train Epoch 23: 300/382 Loss: 176.866943
2022-04-20 05:26: Train Epoch 23: 320/382 Loss: 185.807022
2022-04-20 05:27: Train Epoch 23: 340/382 Loss: 144.379898
2022-04-20 05:29: Train Epoch 23: 360/382 Loss: 157.002716
2022-04-20 05:30: Train Epoch 23: 380/382 Loss: 184.754349
2022-04-20 05:30: **********Train Epoch 23: averaged Loss: 200.679948
2022-04-20 05:31: **********Val Epoch 23: average Loss: 158.111122
2022-04-20 05:31: Train Epoch 24: 0/382 Loss: 168.376678
2022-04-20 05:33: Train Epoch 24: 20/382 Loss: 167.894821
2022-04-20 05:34: Train Epoch 24: 40/382 Loss: 204.431854
2022-04-20 05:36: Train Epoch 24: 60/382 Loss: 141.167725
2022-04-20 05:37: Train Epoch 24: 80/382 Loss: 132.458649
2022-04-20 05:39: Train Epoch 24: 100/382 Loss: 200.503983
2022-04-20 05:40: Train Epoch 24: 120/382 Loss: 199.123001
2022-04-20 05:42: Train Epoch 24: 140/382 Loss: 159.209152
2022-04-20 05:43: Train Epoch 24: 160/382 Loss: 180.370071
2022-04-20 05:45: Train Epoch 24: 180/382 Loss: 191.404419
2022-04-20 05:46: Train Epoch 24: 200/382 Loss: 148.816742
2022-04-20 05:48: Train Epoch 24: 220/382 Loss: 157.028229
2022-04-20 05:49: Train Epoch 24: 240/382 Loss: 198.272324
2022-04-20 05:51: Train Epoch 24: 260/382 Loss: 155.588608
2022-04-20 05:52: Train Epoch 24: 280/382 Loss: 124.985962
2022-04-20 05:54: Train Epoch 24: 300/382 Loss: 218.961884
2022-04-20 05:55: Train Epoch 24: 320/382 Loss: 138.457718
2022-04-20 05:57: Train Epoch 24: 340/382 Loss: 143.085770
2022-04-20 05:58: Train Epoch 24: 360/382 Loss: 192.613342
2022-04-20 06:00: Train Epoch 24: 380/382 Loss: 199.563156
2022-04-20 06:00: **********Train Epoch 24: averaged Loss: 165.336253
2022-04-20 06:01: **********Val Epoch 24: average Loss: 209.500920
2022-04-20 06:01: Train Epoch 25: 0/382 Loss: 163.475754
2022-04-20 06:02: Train Epoch 25: 20/382 Loss: 907.028076
2022-04-20 06:04: Train Epoch 25: 40/382 Loss: 752.448303
2022-04-20 06:05: Train Epoch 25: 60/382 Loss: 807.288452
2022-04-20 06:07: Train Epoch 25: 80/382 Loss: 506.720612
2022-04-20 06:08: Train Epoch 25: 100/382 Loss: 468.738251
2022-04-20 06:10: Train Epoch 25: 120/382 Loss: 396.908081
2022-04-20 06:11: Train Epoch 25: 140/382 Loss: 342.996155
2022-04-20 06:13: Train Epoch 25: 160/382 Loss: 330.496063
2022-04-20 06:14: Train Epoch 25: 180/382 Loss: 321.166718
2022-04-20 06:16: Train Epoch 25: 200/382 Loss: 337.224152
2022-04-20 06:17: Train Epoch 25: 220/382 Loss: 243.969635
2022-04-20 06:19: Train Epoch 25: 240/382 Loss: 322.593903
2022-04-20 06:20: Train Epoch 25: 260/382 Loss: 314.438171
2022-04-20 06:22: Train Epoch 25: 280/382 Loss: 320.224518
2022-04-20 06:23: Train Epoch 25: 300/382 Loss: 267.493469
2022-04-20 06:25: Train Epoch 25: 320/382 Loss: 250.780197
2022-04-20 06:26: Train Epoch 25: 340/382 Loss: 271.577576
2022-04-20 06:27: Train Epoch 25: 360/382 Loss: 226.866638
2022-04-20 06:29: Train Epoch 25: 380/382 Loss: 216.635849
2022-04-20 06:29: **********Train Epoch 25: averaged Loss: 401.223531
2022-04-20 06:30: **********Val Epoch 25: average Loss: 231.158762
2022-04-20 06:30: Train Epoch 26: 0/382 Loss: 277.098145
2022-04-20 06:32: Train Epoch 26: 20/382 Loss: 195.080582
2022-04-20 06:33: Train Epoch 26: 40/382 Loss: 212.198105
2022-04-20 06:35: Train Epoch 26: 60/382 Loss: 183.361420
2022-04-20 06:36: Train Epoch 26: 80/382 Loss: 261.568024
2022-04-20 06:38: Train Epoch 26: 100/382 Loss: 250.111649
2022-04-20 06:39: Train Epoch 26: 120/382 Loss: 195.966324
2022-04-20 06:41: Train Epoch 26: 140/382 Loss: 324.356201
2022-04-20 06:42: Train Epoch 26: 160/382 Loss: 256.480499
2022-04-20 06:44: Train Epoch 26: 180/382 Loss: 248.560196
2022-04-20 06:45: Train Epoch 26: 200/382 Loss: 202.424286
2022-04-20 06:47: Train Epoch 26: 220/382 Loss: 209.230499
2022-04-20 06:48: Train Epoch 26: 240/382 Loss: 246.557098
2022-04-20 06:49: Train Epoch 26: 260/382 Loss: 203.169281
2022-04-20 06:51: Train Epoch 26: 280/382 Loss: 212.770096
2022-04-20 06:52: Train Epoch 26: 300/382 Loss: 188.894196
2022-04-20 06:54: Train Epoch 26: 320/382 Loss: 168.917786
2022-04-20 06:55: Train Epoch 26: 340/382 Loss: 215.250763
2022-04-20 06:57: Train Epoch 26: 360/382 Loss: 194.616699
2022-04-20 06:58: Train Epoch 26: 380/382 Loss: 186.518387
2022-04-20 06:58: **********Train Epoch 26: averaged Loss: 209.341008
2022-04-20 07:00: **********Val Epoch 26: average Loss: 183.059951
2022-04-20 07:00: Train Epoch 27: 0/382 Loss: 165.586761
2022-04-20 07:01: Train Epoch 27: 20/382 Loss: 190.182129
2022-04-20 07:03: Train Epoch 27: 40/382 Loss: 198.038071
2022-04-20 07:04: Train Epoch 27: 60/382 Loss: 155.773270
2022-04-20 07:06: Train Epoch 27: 80/382 Loss: 193.322632
2022-04-20 07:07: Train Epoch 27: 100/382 Loss: 168.662140
2022-04-20 07:09: Train Epoch 27: 120/382 Loss: 166.167267
2022-04-20 07:10: Train Epoch 27: 140/382 Loss: 187.323700
2022-04-20 07:11: Train Epoch 27: 160/382 Loss: 174.664215
2022-04-20 07:13: Train Epoch 27: 180/382 Loss: 170.674988
2022-04-20 07:14: Train Epoch 27: 200/382 Loss: 208.656006
2022-04-20 07:16: Train Epoch 27: 220/382 Loss: 186.052612
2022-04-20 07:17: Train Epoch 27: 240/382 Loss: 142.063812
2022-04-20 07:19: Train Epoch 27: 260/382 Loss: 166.969910
2022-04-20 07:20: Train Epoch 27: 280/382 Loss: 190.228348
2022-04-20 07:22: Train Epoch 27: 300/382 Loss: 186.638504
2022-04-20 07:23: Train Epoch 27: 320/382 Loss: 186.159744
2022-04-20 07:25: Train Epoch 27: 340/382 Loss: 169.733307
2022-04-20 07:26: Train Epoch 27: 360/382 Loss: 132.647110
2022-04-20 07:28: Train Epoch 27: 380/382 Loss: 147.107071
2022-04-20 07:28: **********Train Epoch 27: averaged Loss: 178.751331
2022-04-20 07:29: **********Val Epoch 27: average Loss: 163.652000
2022-04-20 07:29: Train Epoch 28: 0/382 Loss: 179.171112
2022-04-20 07:31: Train Epoch 28: 20/382 Loss: 178.180542
2022-04-20 07:32: Train Epoch 28: 40/382 Loss: 188.540009
2022-04-20 07:33: Train Epoch 28: 60/382 Loss: 125.773460
2022-04-20 07:35: Train Epoch 28: 80/382 Loss: 125.218147
2022-04-20 07:36: Train Epoch 28: 100/382 Loss: 139.458069
2022-04-20 07:38: Train Epoch 28: 120/382 Loss: 184.978775
2022-04-20 07:39: Train Epoch 28: 140/382 Loss: 142.760391
2022-04-20 07:41: Train Epoch 28: 160/382 Loss: 148.994781
2022-04-20 07:42: Train Epoch 28: 180/382 Loss: 163.588531
2022-04-20 07:44: Train Epoch 28: 200/382 Loss: 157.358459
2022-04-20 07:45: Train Epoch 28: 220/382 Loss: 157.459915
2022-04-20 07:47: Train Epoch 28: 240/382 Loss: 130.105331
2022-04-20 07:48: Train Epoch 28: 260/382 Loss: 106.798958
2022-04-20 07:50: Train Epoch 28: 280/382 Loss: 160.934784
2022-04-20 07:51: Train Epoch 28: 300/382 Loss: 167.821472
2022-04-20 07:53: Train Epoch 28: 320/382 Loss: 128.427963
2022-04-20 07:54: Train Epoch 28: 340/382 Loss: 182.742920
2022-04-20 07:56: Train Epoch 28: 360/382 Loss: 168.602005
2022-04-20 07:57: Train Epoch 28: 380/382 Loss: 140.770142
2022-04-20 07:57: **********Train Epoch 28: averaged Loss: 158.427165
2022-04-20 07:58: **********Val Epoch 28: average Loss: 145.958286
2022-04-20 07:58: Train Epoch 29: 0/382 Loss: 140.385574
2022-04-20 08:00: Train Epoch 29: 20/382 Loss: 168.573654
2022-04-20 08:01: Train Epoch 29: 40/382 Loss: 166.363785
2022-04-20 08:03: Train Epoch 29: 60/382 Loss: 124.009537
2022-04-20 08:04: Train Epoch 29: 80/382 Loss: 142.999191
2022-04-20 08:06: Train Epoch 29: 100/382 Loss: 123.818291
2022-04-20 08:07: Train Epoch 29: 120/382 Loss: 169.082138
2022-04-20 08:09: Train Epoch 29: 140/382 Loss: 130.010071
2022-04-20 08:10: Train Epoch 29: 160/382 Loss: 202.168137
2022-04-20 08:12: Train Epoch 29: 180/382 Loss: 242.817612
2022-04-20 08:13: Train Epoch 29: 200/382 Loss: 132.161469
2022-04-20 08:15: Train Epoch 29: 220/382 Loss: 123.630852
2022-04-20 08:16: Train Epoch 29: 240/382 Loss: 153.365494
2022-04-20 08:18: Train Epoch 29: 260/382 Loss: 139.926743
2022-04-20 08:19: Train Epoch 29: 280/382 Loss: 119.883461
2022-04-20 08:21: Train Epoch 29: 300/382 Loss: 140.447479
2022-04-20 08:22: Train Epoch 29: 320/382 Loss: 149.770477
2022-04-20 08:24: Train Epoch 29: 340/382 Loss: 145.336319
2022-04-20 08:25: Train Epoch 29: 360/382 Loss: 109.998650
2022-04-20 08:27: Train Epoch 29: 380/382 Loss: 172.277420
2022-04-20 08:27: **********Train Epoch 29: averaged Loss: 150.237057
2022-04-20 08:28: **********Val Epoch 29: average Loss: 143.337269
2022-04-20 08:28: Train Epoch 30: 0/382 Loss: 169.024490
2022-04-20 08:29: Train Epoch 30: 20/382 Loss: 130.161667
2022-04-20 08:31: Train Epoch 30: 40/382 Loss: 149.290512
2022-04-20 08:32: Train Epoch 30: 60/382 Loss: 123.210526
2022-04-20 08:34: Train Epoch 30: 80/382 Loss: 142.845322
2022-04-20 08:35: Train Epoch 30: 100/382 Loss: 149.224457
2022-04-20 08:37: Train Epoch 30: 120/382 Loss: 121.572929
2022-04-20 08:38: Train Epoch 30: 140/382 Loss: 145.449280
2022-04-20 08:40: Train Epoch 30: 160/382 Loss: 123.439240
2022-04-20 08:41: Train Epoch 30: 180/382 Loss: 145.578262
2022-04-20 08:43: Train Epoch 30: 200/382 Loss: 198.247482
2022-04-20 08:44: Train Epoch 30: 220/382 Loss: 118.684067
2022-04-20 08:46: Train Epoch 30: 240/382 Loss: 165.091171
2022-04-20 08:47: Train Epoch 30: 260/382 Loss: 119.844803
2022-04-20 08:49: Train Epoch 30: 280/382 Loss: 201.208923
2022-04-20 08:50: Train Epoch 30: 300/382 Loss: 177.027451
2022-04-20 08:52: Train Epoch 30: 320/382 Loss: 125.009842
2022-04-20 08:53: Train Epoch 30: 340/382 Loss: 179.959595
2022-04-20 08:55: Train Epoch 30: 360/382 Loss: 140.909973
2022-04-20 08:56: Train Epoch 30: 380/382 Loss: 132.596069
2022-04-20 08:56: **********Train Epoch 30: averaged Loss: 143.767470
2022-04-20 08:57: **********Val Epoch 30: average Loss: 147.881985
2022-04-20 08:57: Train Epoch 31: 0/382 Loss: 136.998001
2022-04-20 08:59: Train Epoch 31: 20/382 Loss: 146.117950
2022-04-20 09:00: Train Epoch 31: 40/382 Loss: 150.497498
2022-04-20 09:02: Train Epoch 31: 60/382 Loss: 162.708237
2022-04-20 09:03: Train Epoch 31: 80/382 Loss: 118.230377
2022-04-20 09:05: Train Epoch 31: 100/382 Loss: 134.413513
2022-04-20 09:06: Train Epoch 31: 120/382 Loss: 117.291618
2022-04-20 09:08: Train Epoch 31: 140/382 Loss: 172.091812
2022-04-20 09:09: Train Epoch 31: 160/382 Loss: 136.441910
2022-04-20 09:11: Train Epoch 31: 180/382 Loss: 155.055634
2022-04-20 09:12: Train Epoch 31: 200/382 Loss: 148.976898
2022-04-20 09:14: Train Epoch 31: 220/382 Loss: 152.144623
2022-04-20 09:15: Train Epoch 31: 240/382 Loss: 183.444168
2022-04-20 09:17: Train Epoch 31: 260/382 Loss: 172.185349
2022-04-20 09:18: Train Epoch 31: 280/382 Loss: 148.211609
2022-04-20 09:20: Train Epoch 31: 300/382 Loss: 121.428185
2022-04-20 09:21: Train Epoch 31: 320/382 Loss: 89.273811
2022-04-20 09:23: Train Epoch 31: 340/382 Loss: 131.275284
2022-04-20 09:24: Train Epoch 31: 360/382 Loss: 154.832657
2022-04-20 09:26: Train Epoch 31: 380/382 Loss: 113.616631
2022-04-20 09:26: **********Train Epoch 31: averaged Loss: 145.127613
2022-04-20 09:27: **********Val Epoch 31: average Loss: 132.158560
2022-04-20 09:27: Train Epoch 32: 0/382 Loss: 117.885849
2022-04-20 09:28: Train Epoch 32: 20/382 Loss: 155.643631
2022-04-20 09:30: Train Epoch 32: 40/382 Loss: 128.710175
2022-04-20 09:31: Train Epoch 32: 60/382 Loss: 164.059067
2022-04-20 09:33: Train Epoch 32: 80/382 Loss: 122.845665
2022-04-20 09:34: Train Epoch 32: 100/382 Loss: 128.292908
2022-04-20 09:36: Train Epoch 32: 120/382 Loss: 349.798401
2022-04-20 09:37: Train Epoch 32: 140/382 Loss: 141.286545
2022-04-20 09:39: Train Epoch 32: 160/382 Loss: 197.802628
2022-04-20 09:40: Train Epoch 32: 180/382 Loss: 174.184784
2022-04-20 09:42: Train Epoch 32: 200/382 Loss: 159.237320
2022-04-20 09:43: Train Epoch 32: 220/382 Loss: 140.206451
2022-04-20 09:45: Train Epoch 32: 240/382 Loss: 110.715645
2022-04-20 09:46: Train Epoch 32: 260/382 Loss: 134.820343
2022-04-20 09:48: Train Epoch 32: 280/382 Loss: 153.008957
2022-04-20 09:49: Train Epoch 32: 300/382 Loss: 149.346039
2022-04-20 09:51: Train Epoch 32: 320/382 Loss: 188.557816
2022-04-20 09:52: Train Epoch 32: 340/382 Loss: 154.328568
2022-04-20 09:54: Train Epoch 32: 360/382 Loss: 288.961334
2022-04-20 09:55: Train Epoch 32: 380/382 Loss: 310.772827
2022-04-20 09:55: **********Train Epoch 32: averaged Loss: 165.041492
2022-04-20 09:56: **********Val Epoch 32: average Loss: 305.102319
2022-04-20 09:56: Train Epoch 33: 0/382 Loss: 286.109253
2022-04-20 09:58: Train Epoch 33: 20/382 Loss: 372.537781
2022-04-20 09:59: Train Epoch 33: 40/382 Loss: 280.589294
2022-04-20 10:01: Train Epoch 33: 60/382 Loss: 350.876648
2022-04-20 10:02: Train Epoch 33: 80/382 Loss: 217.321320
2022-04-20 10:04: Train Epoch 33: 100/382 Loss: 253.983704
2022-04-20 10:05: Train Epoch 33: 120/382 Loss: 225.005325
2022-04-20 10:07: Train Epoch 33: 140/382 Loss: 203.521194
2022-04-20 10:08: Train Epoch 33: 160/382 Loss: 212.683411
2022-04-20 10:10: Train Epoch 33: 180/382 Loss: 212.689224
2022-04-20 10:11: Train Epoch 33: 200/382 Loss: 187.593826
2022-04-20 10:13: Train Epoch 33: 220/382 Loss: 252.787415
2022-04-20 10:14: Train Epoch 33: 240/382 Loss: 207.782730
2022-04-20 10:16: Train Epoch 33: 260/382 Loss: 204.838318
2022-04-20 10:17: Train Epoch 33: 280/382 Loss: 192.514374
2022-04-20 10:19: Train Epoch 33: 300/382 Loss: 193.848602
2022-04-20 10:20: Train Epoch 33: 320/382 Loss: 219.916779
2022-04-20 10:22: Train Epoch 33: 340/382 Loss: 191.143036
2022-04-20 10:23: Train Epoch 33: 360/382 Loss: 211.039261
2022-04-20 10:24: Train Epoch 33: 380/382 Loss: 175.230255
2022-04-20 10:25: **********Train Epoch 33: averaged Loss: 238.253105
2022-04-20 10:26: **********Val Epoch 33: average Loss: 198.248843
2022-04-20 10:26: Train Epoch 34: 0/382 Loss: 267.432159
2022-04-20 10:27: Train Epoch 34: 20/382 Loss: 219.270325
2022-04-20 10:29: Train Epoch 34: 40/382 Loss: 225.903412
2022-04-20 10:30: Train Epoch 34: 60/382 Loss: 192.822174
2022-04-20 10:32: Train Epoch 34: 80/382 Loss: 239.895050
2022-04-20 10:33: Train Epoch 34: 100/382 Loss: 220.855911
2022-04-20 10:35: Train Epoch 34: 120/382 Loss: 318.163696
2022-04-20 10:36: Train Epoch 34: 140/382 Loss: 169.484467
2022-04-20 10:38: Train Epoch 34: 160/382 Loss: 177.888809
2022-04-20 10:39: Train Epoch 34: 180/382 Loss: 189.881760
2022-04-20 10:41: Train Epoch 34: 200/382 Loss: 143.759186
2022-04-20 10:42: Train Epoch 34: 220/382 Loss: 221.052231
2022-04-20 10:44: Train Epoch 34: 240/382 Loss: 163.719513
2022-04-20 10:45: Train Epoch 34: 260/382 Loss: 168.291321
2022-04-20 10:46: Train Epoch 34: 280/382 Loss: 213.151962
2022-04-20 10:48: Train Epoch 34: 300/382 Loss: 212.859222
2022-04-20 10:49: Train Epoch 34: 320/382 Loss: 144.426727
2022-04-20 10:51: Train Epoch 34: 340/382 Loss: 229.665970
2022-04-20 10:52: Train Epoch 34: 360/382 Loss: 200.028702
2022-04-20 10:54: Train Epoch 34: 380/382 Loss: 196.151886
2022-04-20 10:54: **********Train Epoch 34: averaged Loss: 192.236353
2022-04-20 10:55: **********Val Epoch 34: average Loss: 186.683516
2022-04-20 10:55: Train Epoch 35: 0/382 Loss: 150.298569
2022-04-20 10:57: Train Epoch 35: 20/382 Loss: 162.477524
2022-04-20 10:58: Train Epoch 35: 40/382 Loss: 183.982559
2022-04-20 11:00: Train Epoch 35: 60/382 Loss: 127.880928
2022-04-20 11:01: Train Epoch 35: 80/382 Loss: 199.811340
2022-04-20 11:03: Train Epoch 35: 100/382 Loss: 213.971985
2022-04-20 11:04: Train Epoch 35: 120/382 Loss: 162.904465
2022-04-20 11:06: Train Epoch 35: 140/382 Loss: 164.682907
2022-04-20 11:07: Train Epoch 35: 160/382 Loss: 172.233887
2022-04-20 11:09: Train Epoch 35: 180/382 Loss: 131.344635
2022-04-20 11:10: Train Epoch 35: 200/382 Loss: 220.170288
2022-04-20 11:11: Train Epoch 35: 220/382 Loss: 167.040863
2022-04-20 11:13: Train Epoch 35: 240/382 Loss: 206.293289
2022-04-20 11:14: Train Epoch 35: 260/382 Loss: 189.676849
2022-04-20 11:16: Train Epoch 35: 280/382 Loss: 165.893753
2022-04-20 11:17: Train Epoch 35: 300/382 Loss: 142.216507
2022-04-20 11:19: Train Epoch 35: 320/382 Loss: 199.849274
2022-04-20 11:20: Train Epoch 35: 340/382 Loss: 127.017677
2022-04-20 11:22: Train Epoch 35: 360/382 Loss: 213.340576
2022-04-20 11:23: Train Epoch 35: 380/382 Loss: 183.940170
2022-04-20 11:23: **********Train Epoch 35: averaged Loss: 182.648639
2022-04-20 11:25: **********Val Epoch 35: average Loss: 192.159233
2022-04-20 11:25: Train Epoch 36: 0/382 Loss: 251.280975
2022-04-20 11:26: Train Epoch 36: 20/382 Loss: 125.980247
2022-04-20 11:28: Train Epoch 36: 40/382 Loss: 159.282822
2022-04-20 11:29: Train Epoch 36: 60/382 Loss: 158.695282
2022-04-20 11:31: Train Epoch 36: 80/382 Loss: 177.166794
2022-04-20 11:32: Train Epoch 36: 100/382 Loss: 260.386475
2022-04-20 11:33: Train Epoch 36: 120/382 Loss: 167.795792
2022-04-20 11:35: Train Epoch 36: 140/382 Loss: 277.887726
2022-04-20 11:36: Train Epoch 36: 160/382 Loss: 151.476532
2022-04-20 11:38: Train Epoch 36: 180/382 Loss: 147.881973
2022-04-20 11:39: Train Epoch 36: 200/382 Loss: 136.455551
2022-04-20 11:41: Train Epoch 36: 220/382 Loss: 147.504089
2022-04-20 11:42: Train Epoch 36: 240/382 Loss: 105.614304
2022-04-20 11:44: Train Epoch 36: 260/382 Loss: 218.376099
2022-04-20 11:45: Train Epoch 36: 280/382 Loss: 228.933182
2022-04-20 11:47: Train Epoch 36: 300/382 Loss: 128.017487
2022-04-20 11:48: Train Epoch 36: 320/382 Loss: 145.947021
2022-04-20 11:50: Train Epoch 36: 340/382 Loss: 156.837128
2022-04-20 11:51: Train Epoch 36: 360/382 Loss: 154.809525
2022-04-20 11:53: Train Epoch 36: 380/382 Loss: 191.456100
2022-04-20 11:53: **********Train Epoch 36: averaged Loss: 171.817611
2022-04-20 11:54: **********Val Epoch 36: average Loss: 170.678740
2022-04-20 11:54: Validation performance didn't improve for 15 epochs. Training stops.
2022-04-20 11:54: Total training time: 1061.7572min, best loss: 132.136755
2022-04-20 11:56: Horizon 01, MAE: 132.11, RMSE: 219.40, MAPE: 29.7284%
2022-04-20 11:56: Average Horizon, MAE: 132.11, RMSE: 219.40, MAPE: 29.7284%
