2022-05-14 16:05: Experiment log path in: ../runs\LondonHW_30\05-14-16h04m_LondonHW_30_GCDE_type1_embed{10}hid{128}hidhid{128}lyrs{3}lr{0.001}wd{0.001}
2022-05-14 16:05: Argument batch_size: 16
2022-05-14 16:05: Argument cheb_k: 2
2022-05-14 16:05: Argument column_wise: False
2022-05-14 16:05: Argument comment: ''
2022-05-14 16:05: Argument cuda: True
2022-05-14 16:05: Argument dataset: 'LondonHW_30'
2022-05-14 16:05: Argument debug: False
2022-05-14 16:05: Argument default_graph: True
2022-05-14 16:05: Argument device: 0
2022-05-14 16:05: Argument early_stop: True
2022-05-14 16:05: Argument early_stop_patience: 15
2022-05-14 16:05: Argument embed_dim: 10
2022-05-14 16:05: Argument epochs: 200
2022-05-14 16:05: Argument g_type: 'agc'
2022-05-14 16:05: Argument grad_norm: False
2022-05-14 16:05: Argument hid_dim: 128
2022-05-14 16:05: Argument hid_hid_dim: 128
2022-05-14 16:05: Argument horizon: 1
2022-05-14 16:05: Argument input_dim: 2
2022-05-14 16:05: Argument lag: 12
2022-05-14 16:05: Argument log_dir: '../runs\\LondonHW_30\\05-14-16h04m_LondonHW_30_GCDE_type1_embed{10}hid{128}hidhid{128}lyrs{3}lr{0.001}wd{0.001}'
2022-05-14 16:05: Argument log_step: 20
2022-05-14 16:05: Argument loss_func: 'mae'
2022-05-14 16:05: Argument lr_decay: False
2022-05-14 16:05: Argument lr_decay_rate: 0.3
2022-05-14 16:05: Argument lr_decay_step: '10,40,80,140'
2022-05-14 16:05: Argument lr_init: 0.001
2022-05-14 16:05: Argument mae_thresh: None
2022-05-14 16:05: Argument mape_thresh: 0.0
2022-05-14 16:05: Argument max_grad_norm: 5
2022-05-14 16:05: Argument missing_rate: 0.1
2022-05-14 16:05: Argument missing_test: False
2022-05-14 16:05: Argument mode: 'train'
2022-05-14 16:05: Argument model: 'GCDE'
2022-05-14 16:05: Argument model_path: ''
2022-05-14 16:05: Argument model_type: 'type1'
2022-05-14 16:05: Argument normalizer: 'std'
2022-05-14 16:05: Argument num_layers: 3
2022-05-14 16:05: Argument num_nodes: 1000
2022-05-14 16:05: Argument output_dim: 1
2022-05-14 16:05: Argument plot: False
2022-05-14 16:05: Argument real_value: True
2022-05-14 16:05: Argument seed: 10
2022-05-14 16:05: Argument solver: 'rk4'
2022-05-14 16:05: Argument teacher_forcing: False
2022-05-14 16:05: Argument tensorboard: False
2022-05-14 16:05: Argument test_ratio: 0.2
2022-05-14 16:05: Argument tod: False
2022-05-14 16:05: Argument val_ratio: 0.1
2022-05-14 16:05: Argument weight_decay: 0.001
2022-05-14 16:05: NeuralGCDE(
  (func_f): FinalTanh_f(
    input_channels: 2, hidden_channels: 128, hidden_hidden_channels: 128, num_hidden_layers: 3
    (linear_in): Linear(in_features=128, out_features=128, bias=True)
    (linears): ModuleList(
      (0): Linear(in_features=128, out_features=128, bias=True)
      (1): Linear(in_features=128, out_features=128, bias=True)
    )
    (linear_out): Linear(in_features=128, out_features=256, bias=True)
  )
  (func_g): VectorField_g(
    input_channels: 2, hidden_channels: 128, hidden_hidden_channels: 128, num_hidden_layers: 3
    (linear_in): Linear(in_features=128, out_features=128, bias=True)
    (linear_out): Linear(in_features=128, out_features=16384, bias=True)
  )
  (end_conv): Conv2d(1, 1, kernel_size=(1, 128), stride=(1, 1))
  (initial_h): Linear(in_features=2, out_features=128, bias=True)
  (initial_z): Linear(in_features=2, out_features=128, bias=True)
)
2022-05-14 16:05: Total params: 2562465
2022-05-14 16:05: Train Epoch 1: 0/765 Loss: 795.736084
2022-05-14 16:06: Train Epoch 1: 20/765 Loss: 441.913910
2022-05-14 16:08: Train Epoch 1: 40/765 Loss: 305.695435
2022-05-14 16:09: Train Epoch 1: 60/765 Loss: 129.625229
2022-05-14 16:11: Train Epoch 1: 80/765 Loss: 180.488174
2022-05-14 16:12: Train Epoch 1: 100/765 Loss: 127.452072
2022-05-14 16:14: Train Epoch 1: 120/765 Loss: 98.886475
2022-05-14 16:15: Train Epoch 1: 140/765 Loss: 112.670319
2022-05-14 16:17: Train Epoch 1: 160/765 Loss: 147.151794
2022-05-14 16:18: Train Epoch 1: 180/765 Loss: 82.102814
2022-05-14 16:20: Train Epoch 1: 200/765 Loss: 71.481453
2022-05-14 16:21: Train Epoch 1: 220/765 Loss: 92.168472
2022-05-14 16:23: Train Epoch 1: 240/765 Loss: 50.552261
2022-05-14 16:24: Train Epoch 1: 260/765 Loss: 94.379242
2022-05-14 16:26: Train Epoch 1: 280/765 Loss: 78.099678
2022-05-14 16:27: Train Epoch 1: 300/765 Loss: 55.919762
2022-05-14 16:29: Train Epoch 1: 320/765 Loss: 76.311661
2022-05-14 16:30: Train Epoch 1: 340/765 Loss: 103.429565
2022-05-14 16:32: Train Epoch 1: 360/765 Loss: 55.738102
2022-05-14 16:33: Train Epoch 1: 380/765 Loss: 102.976959
2022-05-14 16:35: Train Epoch 1: 400/765 Loss: 64.562721
2022-05-14 16:36: Train Epoch 1: 420/765 Loss: 58.867168
2022-05-14 16:38: Train Epoch 1: 440/765 Loss: 67.206505
2022-05-14 16:39: Train Epoch 1: 460/765 Loss: 64.156754
2022-05-14 16:41: Train Epoch 1: 480/765 Loss: 120.523659
2022-05-14 16:42: Train Epoch 1: 500/765 Loss: 62.460251
2022-05-14 16:44: Train Epoch 1: 520/765 Loss: 58.796173
2022-05-14 16:45: Train Epoch 1: 540/765 Loss: 100.337891
2022-05-14 16:47: Train Epoch 1: 560/765 Loss: 82.325302
2022-05-14 16:48: Train Epoch 1: 580/765 Loss: 67.772057
2022-05-14 16:50: Train Epoch 1: 600/765 Loss: 64.371201
2022-05-14 16:51: Train Epoch 1: 620/765 Loss: 69.879082
2022-05-14 16:53: Train Epoch 1: 640/765 Loss: 71.126534
2022-05-14 16:54: Train Epoch 1: 660/765 Loss: 89.267334
2022-05-14 16:56: Train Epoch 1: 680/765 Loss: 65.568878
2022-05-14 16:57: Train Epoch 1: 700/765 Loss: 78.179298
2022-05-14 16:59: Train Epoch 1: 720/765 Loss: 81.800392
2022-05-14 17:00: Train Epoch 1: 740/765 Loss: 75.577347
2022-05-14 17:02: Train Epoch 1: 760/765 Loss: 68.479622
2022-05-14 17:02: **********Train Epoch 1: averaged Loss: 105.235831
2022-05-14 17:04: **********Val Epoch 1: average Loss: 62.627741
2022-05-14 17:04: *********************************Current best model saved!
2022-05-14 17:04: Saving current best model to ../runs\LondonHW_30\05-14-16h04m_LondonHW_30_GCDE_type1_embed{10}hid{128}hidhid{128}lyrs{3}lr{0.001}wd{0.001}\best_model.pth
2022-05-14 17:04: Train Epoch 2: 0/765 Loss: 59.300556
2022-05-14 17:06: Train Epoch 2: 20/765 Loss: 66.295006
2022-05-14 17:07: Train Epoch 2: 40/765 Loss: 49.635159
2022-05-14 17:09: Train Epoch 2: 60/765 Loss: 63.259632
2022-05-14 17:10: Train Epoch 2: 80/765 Loss: 57.578747
2022-05-14 17:12: Train Epoch 2: 100/765 Loss: 73.402283
2022-05-14 17:13: Train Epoch 2: 120/765 Loss: 76.209663
2022-05-14 17:15: Train Epoch 2: 140/765 Loss: 73.688622
2022-05-14 17:16: Train Epoch 2: 160/765 Loss: 63.718960
2022-05-14 17:18: Train Epoch 2: 180/765 Loss: 64.889786
2022-05-14 17:19: Train Epoch 2: 200/765 Loss: 53.737122
2022-05-14 17:21: Train Epoch 2: 220/765 Loss: 86.405708
2022-05-14 17:22: Train Epoch 2: 240/765 Loss: 47.666767
2022-05-14 17:24: Train Epoch 2: 260/765 Loss: 67.876183
2022-05-14 17:25: Train Epoch 2: 280/765 Loss: 84.238670
2022-05-14 17:27: Train Epoch 2: 300/765 Loss: 55.437355
2022-05-14 17:28: Train Epoch 2: 320/765 Loss: 503.033875
2022-05-14 17:30: Train Epoch 2: 340/765 Loss: 306.026703
2022-05-14 17:31: Train Epoch 2: 360/765 Loss: 258.086975
2022-05-14 17:33: Train Epoch 2: 380/765 Loss: 472.442078
2022-05-14 17:34: Train Epoch 2: 400/765 Loss: 349.440704
2022-05-14 17:36: Train Epoch 2: 420/765 Loss: 331.568024
2022-05-14 17:37: Train Epoch 2: 440/765 Loss: 243.683975
2022-05-14 17:39: Train Epoch 2: 460/765 Loss: 274.403503
2022-05-14 17:40: Train Epoch 2: 480/765 Loss: 208.011566
2022-05-14 17:42: Train Epoch 2: 500/765 Loss: 228.666931
2022-05-14 17:43: Train Epoch 2: 520/765 Loss: 174.387482
2022-05-14 17:45: Train Epoch 2: 540/765 Loss: 159.049759
2022-05-14 17:46: Train Epoch 2: 560/765 Loss: 151.286758
2022-05-14 17:48: Train Epoch 2: 580/765 Loss: 128.781754
2022-05-14 17:49: Train Epoch 2: 600/765 Loss: 136.098083
2022-05-14 17:51: Train Epoch 2: 620/765 Loss: 156.264587
2022-05-14 17:52: Train Epoch 2: 640/765 Loss: 166.984894
2022-05-14 17:54: Train Epoch 2: 660/765 Loss: 104.325386
2022-05-14 17:55: Train Epoch 2: 680/765 Loss: 112.210182
2022-05-14 17:57: Train Epoch 2: 700/765 Loss: 97.524849
2022-05-14 17:58: Train Epoch 2: 720/765 Loss: 88.539215
2022-05-14 17:59: Train Epoch 2: 740/765 Loss: 88.571053
2022-05-14 18:01: Train Epoch 2: 760/765 Loss: 95.690269
2022-05-14 18:01: **********Train Epoch 2: averaged Loss: 175.363099
2022-05-14 18:04: **********Val Epoch 2: average Loss: 93.192087
2022-05-14 18:04: Train Epoch 3: 0/765 Loss: 91.694458
2022-05-14 18:05: Train Epoch 3: 20/765 Loss: 85.110115
2022-05-14 18:07: Train Epoch 3: 40/765 Loss: 84.458412
2022-05-14 18:08: Train Epoch 3: 60/765 Loss: 97.286705
2022-05-14 18:10: Train Epoch 3: 80/765 Loss: 71.042969
2022-05-14 18:11: Train Epoch 3: 100/765 Loss: 71.169426
2022-05-14 18:13: Train Epoch 3: 120/765 Loss: 102.051041
2022-05-14 18:14: Train Epoch 3: 140/765 Loss: 102.186211
2022-05-14 18:16: Train Epoch 3: 160/765 Loss: 75.016724
2022-05-14 18:17: Train Epoch 3: 180/765 Loss: 89.021111
2022-05-14 18:19: Train Epoch 3: 200/765 Loss: 85.876549
2022-05-14 18:20: Train Epoch 3: 220/765 Loss: 101.212608
2022-05-14 18:21: Train Epoch 3: 240/765 Loss: 90.085442
2022-05-14 18:23: Train Epoch 3: 260/765 Loss: 68.644173
2022-05-14 18:24: Train Epoch 3: 280/765 Loss: 80.916145
2022-05-14 18:26: Train Epoch 3: 300/765 Loss: 79.010292
2022-05-14 18:27: Train Epoch 3: 320/765 Loss: 62.942776
2022-05-14 18:29: Train Epoch 3: 340/765 Loss: 70.103928
2022-05-14 18:30: Train Epoch 3: 360/765 Loss: 68.984238
2022-05-14 18:32: Train Epoch 3: 380/765 Loss: 73.830383
2022-05-14 18:33: Train Epoch 3: 400/765 Loss: 63.621876
2022-05-14 18:35: Train Epoch 3: 420/765 Loss: 72.680084
2022-05-14 18:36: Train Epoch 3: 440/765 Loss: 89.559685
2022-05-14 18:38: Train Epoch 3: 460/765 Loss: 78.475220
2022-05-14 18:39: Train Epoch 3: 480/765 Loss: 82.821892
2022-05-14 18:41: Train Epoch 3: 500/765 Loss: 87.121834
2022-05-14 18:42: Train Epoch 3: 520/765 Loss: 65.594696
2022-05-14 18:44: Train Epoch 3: 540/765 Loss: 74.790550
2022-05-14 18:45: Train Epoch 3: 560/765 Loss: 76.987503
2022-05-14 18:47: Train Epoch 3: 580/765 Loss: 65.897682
2022-05-14 18:48: Train Epoch 3: 600/765 Loss: 60.512718
2022-05-14 18:50: Train Epoch 3: 620/765 Loss: 71.587532
2022-05-14 18:51: Train Epoch 3: 640/765 Loss: 58.108910
2022-05-14 18:53: Train Epoch 3: 660/765 Loss: 65.479813
2022-05-14 18:54: Train Epoch 3: 680/765 Loss: 57.762047
2022-05-14 18:56: Train Epoch 3: 700/765 Loss: 83.862053
2022-05-14 18:57: Train Epoch 3: 720/765 Loss: 79.365349
2022-05-14 18:59: Train Epoch 3: 740/765 Loss: 59.858620
2022-05-14 19:00: Train Epoch 3: 760/765 Loss: 69.954712
2022-05-14 19:00: **********Train Epoch 3: averaged Loss: 73.983778
2022-05-14 19:03: **********Val Epoch 3: average Loss: 62.232109
2022-05-14 19:03: *********************************Current best model saved!
2022-05-14 19:03: Saving current best model to ../runs\LondonHW_30\05-14-16h04m_LondonHW_30_GCDE_type1_embed{10}hid{128}hidhid{128}lyrs{3}lr{0.001}wd{0.001}\best_model.pth
2022-05-14 19:03: Train Epoch 4: 0/765 Loss: 73.062752
2022-05-14 19:04: Train Epoch 4: 20/765 Loss: 60.810783
2022-05-14 19:06: Train Epoch 4: 40/765 Loss: 69.676506
2022-05-14 19:07: Train Epoch 4: 60/765 Loss: 59.612579
2022-05-14 19:09: Train Epoch 4: 80/765 Loss: 75.532585
2022-05-14 19:10: Train Epoch 4: 100/765 Loss: 66.290199
2022-05-14 19:12: Train Epoch 4: 120/765 Loss: 60.289528
2022-05-14 19:13: Train Epoch 4: 140/765 Loss: 49.412785
2022-05-14 19:15: Train Epoch 4: 160/765 Loss: 42.957035
2022-05-14 19:16: Train Epoch 4: 180/765 Loss: 95.059128
2022-05-14 19:18: Train Epoch 4: 200/765 Loss: 64.459221
2022-05-14 19:19: Train Epoch 4: 220/765 Loss: 54.835712
2022-05-14 19:21: Train Epoch 4: 240/765 Loss: 60.723137
2022-05-14 19:22: Train Epoch 4: 260/765 Loss: 67.333443
2022-05-14 19:24: Train Epoch 4: 280/765 Loss: 64.461746
2022-05-14 19:25: Train Epoch 4: 300/765 Loss: 77.244377
2022-05-14 19:27: Train Epoch 4: 320/765 Loss: 52.551456
2022-05-14 19:28: Train Epoch 4: 340/765 Loss: 56.250862
2022-05-14 19:30: Train Epoch 4: 360/765 Loss: 60.338100
2022-05-14 19:31: Train Epoch 4: 380/765 Loss: 48.331776
2022-05-14 19:33: Train Epoch 4: 400/765 Loss: 59.777214
2022-05-14 19:34: Train Epoch 4: 420/765 Loss: 46.795597
2022-05-14 19:36: Train Epoch 4: 440/765 Loss: 51.559330
2022-05-14 19:37: Train Epoch 4: 460/765 Loss: 51.862137
2022-05-14 19:39: Train Epoch 4: 480/765 Loss: 40.143219
2022-05-14 19:40: Train Epoch 4: 500/765 Loss: 60.442196
2022-05-14 19:42: Train Epoch 4: 520/765 Loss: 51.970383
2022-05-14 19:43: Train Epoch 4: 540/765 Loss: 59.647373
2022-05-14 19:45: Train Epoch 4: 560/765 Loss: 59.863167
2022-05-14 19:46: Train Epoch 4: 580/765 Loss: 64.329582
2022-05-14 19:48: Train Epoch 4: 600/765 Loss: 62.445660
2022-05-14 19:49: Train Epoch 4: 620/765 Loss: 50.456596
2022-05-14 19:51: Train Epoch 4: 640/765 Loss: 48.376736
2022-05-14 19:52: Train Epoch 4: 660/765 Loss: 84.505753
2022-05-14 19:53: Train Epoch 4: 680/765 Loss: 59.350792
2022-05-14 19:55: Train Epoch 4: 700/765 Loss: 55.309696
2022-05-14 19:56: Train Epoch 4: 720/765 Loss: 54.507851
2022-05-14 19:58: Train Epoch 4: 740/765 Loss: 53.601997
2022-05-14 19:59: Train Epoch 4: 760/765 Loss: 61.294949
2022-05-14 20:00: **********Train Epoch 4: averaged Loss: 61.408848
2022-05-14 20:02: **********Val Epoch 4: average Loss: 55.627028
2022-05-14 20:02: *********************************Current best model saved!
2022-05-14 20:02: Saving current best model to ../runs\LondonHW_30\05-14-16h04m_LondonHW_30_GCDE_type1_embed{10}hid{128}hidhid{128}lyrs{3}lr{0.001}wd{0.001}\best_model.pth
2022-05-14 20:02: Train Epoch 5: 0/765 Loss: 55.217300
2022-05-14 20:04: Train Epoch 5: 20/765 Loss: 43.082596
2022-05-14 20:05: Train Epoch 5: 40/765 Loss: 48.145882
2022-05-14 20:07: Train Epoch 5: 60/765 Loss: 62.508022
2022-05-14 20:08: Train Epoch 5: 80/765 Loss: 52.698353
2022-05-14 20:10: Train Epoch 5: 100/765 Loss: 54.868973
2022-05-14 20:11: Train Epoch 5: 120/765 Loss: 62.859798
2022-05-14 20:13: Train Epoch 5: 140/765 Loss: 57.199478
2022-05-14 20:14: Train Epoch 5: 160/765 Loss: 54.110657
2022-05-14 20:16: Train Epoch 5: 180/765 Loss: 49.280056
2022-05-14 20:17: Train Epoch 5: 200/765 Loss: 263.627197
2022-05-14 20:18: Train Epoch 5: 220/765 Loss: 254.769257
2022-05-14 20:20: Train Epoch 5: 240/765 Loss: 215.715195
2022-05-14 20:21: Train Epoch 5: 260/765 Loss: 180.525436
2022-05-14 20:23: Train Epoch 5: 280/765 Loss: 158.064011
2022-05-14 20:24: Train Epoch 5: 300/765 Loss: 160.656738
2022-05-14 20:26: Train Epoch 5: 320/765 Loss: 127.832764
2022-05-14 20:27: Train Epoch 5: 340/765 Loss: 176.319016
2022-05-14 20:29: Train Epoch 5: 360/765 Loss: 174.439743
2022-05-14 20:30: Train Epoch 5: 380/765 Loss: 133.571136
2022-05-14 20:32: Train Epoch 5: 400/765 Loss: 131.537979
2022-05-14 20:33: Train Epoch 5: 420/765 Loss: 127.919365
2022-05-14 20:35: Train Epoch 5: 440/765 Loss: 98.219330
2022-05-14 20:36: Train Epoch 5: 460/765 Loss: 127.005257
2022-05-14 20:38: Train Epoch 5: 480/765 Loss: 112.540924
2022-05-14 20:39: Train Epoch 5: 500/765 Loss: 104.697784
2022-05-14 20:41: Train Epoch 5: 520/765 Loss: 92.179298
2022-05-14 20:42: Train Epoch 5: 540/765 Loss: 133.781189
2022-05-14 20:44: Train Epoch 5: 560/765 Loss: 120.409637
2022-05-14 20:45: Train Epoch 5: 580/765 Loss: 98.662956
2022-05-14 20:47: Train Epoch 5: 600/765 Loss: 92.044876
2022-05-14 20:48: Train Epoch 5: 620/765 Loss: 102.539772
2022-05-14 20:50: Train Epoch 5: 640/765 Loss: 95.822960
2022-05-14 20:51: Train Epoch 5: 660/765 Loss: 86.590569
2022-05-14 20:53: Train Epoch 5: 680/765 Loss: 86.639801
2022-05-14 20:54: Train Epoch 5: 700/765 Loss: 92.945717
2022-05-14 20:56: Train Epoch 5: 720/765 Loss: 85.645729
2022-05-14 20:57: Train Epoch 5: 740/765 Loss: 92.812492
2022-05-14 20:59: Train Epoch 5: 760/765 Loss: 133.550949
2022-05-14 20:59: **********Train Epoch 5: averaged Loss: 122.899172
2022-05-14 21:01: **********Val Epoch 5: average Loss: 100.731360
2022-05-14 21:01: Train Epoch 6: 0/765 Loss: 89.126900
2022-05-14 21:03: Train Epoch 6: 20/765 Loss: 95.711975
2022-05-14 21:04: Train Epoch 6: 40/765 Loss: 85.810188
2022-05-14 21:06: Train Epoch 6: 60/765 Loss: 131.389786
2022-05-14 21:07: Train Epoch 6: 80/765 Loss: 94.262756
2022-05-14 21:09: Train Epoch 6: 100/765 Loss: 100.250099
2022-05-14 21:10: Train Epoch 6: 120/765 Loss: 113.995956
2022-05-14 21:12: Train Epoch 6: 140/765 Loss: 89.678673
2022-05-14 21:13: Train Epoch 6: 160/765 Loss: 94.707970
2022-05-14 21:15: Train Epoch 6: 180/765 Loss: 76.893158
2022-05-14 21:16: Train Epoch 6: 200/765 Loss: 98.352554
2022-05-14 21:18: Train Epoch 6: 220/765 Loss: 91.748283
2022-05-14 21:19: Train Epoch 6: 240/765 Loss: 101.849388
2022-05-14 21:21: Train Epoch 6: 260/765 Loss: 126.117004
2022-05-14 21:22: Train Epoch 6: 280/765 Loss: 76.737991
2022-05-14 21:24: Train Epoch 6: 300/765 Loss: 96.057869
2022-05-14 21:25: Train Epoch 6: 320/765 Loss: 89.972519
2022-05-14 21:27: Train Epoch 6: 340/765 Loss: 76.302521
2022-05-14 21:28: Train Epoch 6: 360/765 Loss: 72.114380
2022-05-14 21:29: Train Epoch 6: 380/765 Loss: 128.015427
2022-05-14 21:31: Train Epoch 6: 400/765 Loss: 90.587708
2022-05-14 21:32: Train Epoch 6: 420/765 Loss: 104.917580
2022-05-14 21:34: Train Epoch 6: 440/765 Loss: 89.185066
2022-05-14 21:35: Train Epoch 6: 460/765 Loss: 68.620766
2022-05-14 21:37: Train Epoch 6: 480/765 Loss: 110.932625
2022-05-14 21:38: Train Epoch 6: 500/765 Loss: 90.307411
2022-05-14 21:40: Train Epoch 6: 520/765 Loss: 98.021957
2022-05-14 21:41: Train Epoch 6: 540/765 Loss: 91.288544
2022-05-14 21:43: Train Epoch 6: 560/765 Loss: 88.541283
2022-05-14 21:44: Train Epoch 6: 580/765 Loss: 78.817253
2022-05-14 21:46: Train Epoch 6: 600/765 Loss: 87.055084
2022-05-14 21:47: Train Epoch 6: 620/765 Loss: 93.114937
2022-05-14 21:49: Train Epoch 6: 640/765 Loss: 96.313507
2022-05-14 21:50: Train Epoch 6: 660/765 Loss: 89.914383
2022-05-14 21:52: Train Epoch 6: 680/765 Loss: 70.375771
2022-05-14 21:53: Train Epoch 6: 700/765 Loss: 62.101074
2022-05-14 21:55: Train Epoch 6: 720/765 Loss: 122.585747
2022-05-14 21:56: Train Epoch 6: 740/765 Loss: 117.360847
2022-05-14 21:58: Train Epoch 6: 760/765 Loss: 71.359657
2022-05-14 21:58: **********Train Epoch 6: averaged Loss: 94.667497
2022-05-14 22:00: **********Val Epoch 6: average Loss: 84.132426
2022-05-14 22:00: Train Epoch 7: 0/765 Loss: 71.465675
2022-05-14 22:02: Train Epoch 7: 20/765 Loss: 81.975510
2022-05-14 22:03: Train Epoch 7: 40/765 Loss: 65.617699
2022-05-14 22:05: Train Epoch 7: 60/765 Loss: 83.419754
2022-05-14 22:06: Train Epoch 7: 80/765 Loss: 60.420998
2022-05-14 22:08: Train Epoch 7: 100/765 Loss: 70.576782
2022-05-14 22:09: Train Epoch 7: 120/765 Loss: 92.493217
2022-05-14 22:11: Train Epoch 7: 140/765 Loss: 94.291550
2022-05-14 22:12: Train Epoch 7: 160/765 Loss: 71.135689
2022-05-14 22:14: Train Epoch 7: 180/765 Loss: 118.817589
2022-05-14 22:15: Train Epoch 7: 200/765 Loss: 78.511787
2022-05-14 22:17: Train Epoch 7: 220/765 Loss: 93.191315
2022-05-14 22:18: Train Epoch 7: 240/765 Loss: 105.394913
2022-05-14 22:20: Train Epoch 7: 260/765 Loss: 64.995789
2022-05-14 22:21: Train Epoch 7: 280/765 Loss: 95.592880
2022-05-14 22:23: Train Epoch 7: 300/765 Loss: 60.834316
2022-05-14 22:24: Train Epoch 7: 320/765 Loss: 64.336891
2022-05-14 22:26: Train Epoch 7: 340/765 Loss: 60.312347
2022-05-14 22:27: Train Epoch 7: 360/765 Loss: 75.675880
2022-05-14 22:29: Train Epoch 7: 380/765 Loss: 82.848877
2022-05-14 22:30: Train Epoch 7: 400/765 Loss: 76.934563
2022-05-14 22:32: Train Epoch 7: 420/765 Loss: 87.841438
2022-05-14 22:33: Train Epoch 7: 440/765 Loss: 89.910614
2022-05-14 22:35: Train Epoch 7: 460/765 Loss: 82.161766
2022-05-14 22:36: Train Epoch 7: 480/765 Loss: 77.887894
2022-05-14 22:38: Train Epoch 7: 500/765 Loss: 95.645226
2022-05-14 22:39: Train Epoch 7: 520/765 Loss: 82.651306
2022-05-14 22:40: Train Epoch 7: 540/765 Loss: 92.858459
2022-05-14 22:42: Train Epoch 7: 560/765 Loss: 81.118126
2022-05-14 22:43: Train Epoch 7: 580/765 Loss: 99.178970
2022-05-14 22:45: Train Epoch 7: 600/765 Loss: 60.597633
2022-05-14 22:46: Train Epoch 7: 620/765 Loss: 101.479851
2022-05-14 22:48: Train Epoch 7: 640/765 Loss: 76.075638
2022-05-14 22:49: Train Epoch 7: 660/765 Loss: 73.778313
2022-05-14 22:51: Train Epoch 7: 680/765 Loss: 92.338005
2022-05-14 22:52: Train Epoch 7: 700/765 Loss: 87.606659
2022-05-14 22:54: Train Epoch 7: 720/765 Loss: 77.707726
2022-05-14 22:55: Train Epoch 7: 740/765 Loss: 65.927795
2022-05-14 22:57: Train Epoch 7: 760/765 Loss: 58.454239
2022-05-14 22:57: **********Train Epoch 7: averaged Loss: 81.118714
2022-05-14 22:59: **********Val Epoch 7: average Loss: 75.143645
2022-05-14 22:59: Train Epoch 8: 0/765 Loss: 60.570957
2022-05-14 23:01: Train Epoch 8: 20/765 Loss: 58.237152
2022-05-14 23:02: Train Epoch 8: 40/765 Loss: 77.159203
2022-05-14 23:04: Train Epoch 8: 60/765 Loss: 82.069847
2022-05-14 23:05: Train Epoch 8: 80/765 Loss: 79.927673
2022-05-14 23:07: Train Epoch 8: 100/765 Loss: 57.733669
2022-05-14 23:08: Train Epoch 8: 120/765 Loss: 71.436424
2022-05-14 23:10: Train Epoch 8: 140/765 Loss: 72.932449
2022-05-14 23:11: Train Epoch 8: 160/765 Loss: 58.031246
2022-05-14 23:13: Train Epoch 8: 180/765 Loss: 101.777298
2022-05-14 23:14: Train Epoch 8: 200/765 Loss: 69.162384
2022-05-14 23:16: Train Epoch 8: 220/765 Loss: 65.721542
2022-05-14 23:17: Train Epoch 8: 240/765 Loss: 98.209908
2022-05-14 23:19: Train Epoch 8: 260/765 Loss: 103.847908
2022-05-14 23:20: Train Epoch 8: 280/765 Loss: 63.120472
2022-05-14 23:22: Train Epoch 8: 300/765 Loss: 79.959038
2022-05-14 23:23: Train Epoch 8: 320/765 Loss: 68.432991
2022-05-14 23:25: Train Epoch 8: 340/765 Loss: 66.680649
2022-05-14 23:26: Train Epoch 8: 360/765 Loss: 69.787560
2022-05-14 23:28: Train Epoch 8: 380/765 Loss: 86.454391
2022-05-14 23:29: Train Epoch 8: 400/765 Loss: 81.947235
2022-05-14 23:31: Train Epoch 8: 420/765 Loss: 81.798958
2022-05-14 23:32: Train Epoch 8: 440/765 Loss: 67.464157
2022-05-14 23:34: Train Epoch 8: 460/765 Loss: 82.872345
2022-05-14 23:35: Train Epoch 8: 480/765 Loss: 56.285557
2022-05-14 23:37: Train Epoch 8: 500/765 Loss: 65.938210
2022-05-14 23:38: Train Epoch 8: 520/765 Loss: 74.944382
2022-05-14 23:40: Train Epoch 8: 540/765 Loss: 67.883102
2022-05-14 23:41: Train Epoch 8: 560/765 Loss: 69.703522
2022-05-14 23:43: Train Epoch 8: 580/765 Loss: 72.227333
2022-05-14 23:44: Train Epoch 8: 600/765 Loss: 75.049095
2022-05-14 23:46: Train Epoch 8: 620/765 Loss: 70.945442
2022-05-14 23:47: Train Epoch 8: 640/765 Loss: 73.241905
2022-05-14 23:49: Train Epoch 8: 660/765 Loss: 73.961349
2022-05-14 23:50: Train Epoch 8: 680/765 Loss: 89.856300
2022-05-14 23:51: Train Epoch 8: 700/765 Loss: 91.084923
2022-05-14 23:53: Train Epoch 8: 720/765 Loss: 61.963879
2022-05-14 23:54: Train Epoch 8: 740/765 Loss: 72.943359
2022-05-14 23:56: Train Epoch 8: 760/765 Loss: 61.716827
2022-05-14 23:56: **********Train Epoch 8: averaged Loss: 75.073796
2022-05-14 23:59: **********Val Epoch 8: average Loss: 73.128490
2022-05-14 23:59: Train Epoch 9: 0/765 Loss: 65.054497
2022-05-15 00:00: Train Epoch 9: 20/765 Loss: 65.239349
2022-05-15 00:02: Train Epoch 9: 40/765 Loss: 63.674347
2022-05-15 00:03: Train Epoch 9: 60/765 Loss: 75.723953
2022-05-15 00:05: Train Epoch 9: 80/765 Loss: 74.001312
2022-05-15 00:06: Train Epoch 9: 100/765 Loss: 68.313377
2022-05-15 00:08: Train Epoch 9: 120/765 Loss: 66.354599
2022-05-15 00:09: Train Epoch 9: 140/765 Loss: 65.371651
2022-05-15 00:11: Train Epoch 9: 160/765 Loss: 69.354881
2022-05-15 00:12: Train Epoch 9: 180/765 Loss: 65.041756
2022-05-15 00:13: Train Epoch 9: 200/765 Loss: 71.656174
2022-05-15 00:15: Train Epoch 9: 220/765 Loss: 62.669117
2022-05-15 00:16: Train Epoch 9: 240/765 Loss: 63.307838
2022-05-15 00:18: Train Epoch 9: 260/765 Loss: 58.279854
2022-05-15 00:19: Train Epoch 9: 280/765 Loss: 68.158241
2022-05-15 00:21: Train Epoch 9: 300/765 Loss: 81.567612
2022-05-15 00:22: Train Epoch 9: 320/765 Loss: 57.027493
2022-05-15 00:24: Train Epoch 9: 340/765 Loss: 45.824413
2022-05-15 00:25: Train Epoch 9: 360/765 Loss: 56.927235
2022-05-15 00:27: Train Epoch 9: 380/765 Loss: 80.016968
2022-05-15 00:28: Train Epoch 9: 400/765 Loss: 68.395798
2022-05-15 00:30: Train Epoch 9: 420/765 Loss: 86.605438
2022-05-15 00:31: Train Epoch 9: 440/765 Loss: 86.945206
2022-05-15 00:33: Train Epoch 9: 460/765 Loss: 57.260551
2022-05-15 00:34: Train Epoch 9: 480/765 Loss: 86.523987
2022-05-15 00:36: Train Epoch 9: 500/765 Loss: 100.507698
2022-05-15 00:37: Train Epoch 9: 520/765 Loss: 62.318260
2022-05-15 00:39: Train Epoch 9: 540/765 Loss: 81.451385
2022-05-15 00:40: Train Epoch 9: 560/765 Loss: 78.367256
2022-05-15 00:42: Train Epoch 9: 580/765 Loss: 81.149330
2022-05-15 00:43: Train Epoch 9: 600/765 Loss: 85.223015
2022-05-15 00:45: Train Epoch 9: 620/765 Loss: 56.519272
2022-05-15 00:46: Train Epoch 9: 640/765 Loss: 56.276966
2022-05-15 00:48: Train Epoch 9: 660/765 Loss: 69.464455
2022-05-15 00:49: Train Epoch 9: 680/765 Loss: 78.228218
2022-05-15 00:51: Train Epoch 9: 700/765 Loss: 62.548893
2022-05-15 00:52: Train Epoch 9: 720/765 Loss: 60.670193
2022-05-15 00:54: Train Epoch 9: 740/765 Loss: 60.947144
2022-05-15 00:55: Train Epoch 9: 760/765 Loss: 74.213959
2022-05-15 00:55: **********Train Epoch 9: averaged Loss: 70.774124
2022-05-15 00:58: **********Val Epoch 9: average Loss: 70.553102
2022-05-15 00:58: Train Epoch 10: 0/765 Loss: 58.384678
2022-05-15 00:59: Train Epoch 10: 20/765 Loss: 77.950050
2022-05-15 01:01: Train Epoch 10: 40/765 Loss: 55.562260
2022-05-15 01:02: Train Epoch 10: 60/765 Loss: 82.531914
2022-05-15 01:04: Train Epoch 10: 80/765 Loss: 73.242424
2022-05-15 01:05: Train Epoch 10: 100/765 Loss: 67.657013
2022-05-15 01:07: Train Epoch 10: 120/765 Loss: 63.603359
2022-05-15 01:08: Train Epoch 10: 140/765 Loss: 56.604229
2022-05-15 01:10: Train Epoch 10: 160/765 Loss: 52.410175
2022-05-15 01:11: Train Epoch 10: 180/765 Loss: 74.005096
2022-05-15 01:13: Train Epoch 10: 200/765 Loss: 59.514675
2022-05-15 01:14: Train Epoch 10: 220/765 Loss: 69.357986
2022-05-15 01:16: Train Epoch 10: 240/765 Loss: 63.259155
2022-05-15 01:17: Train Epoch 10: 260/765 Loss: 69.342720
2022-05-15 01:19: Train Epoch 10: 280/765 Loss: 68.203468
2022-05-15 01:20: Train Epoch 10: 300/765 Loss: 65.131889
2022-05-15 01:22: Train Epoch 10: 320/765 Loss: 66.348824
2022-05-15 01:23: Train Epoch 10: 340/765 Loss: 69.363770
2022-05-15 01:25: Train Epoch 10: 360/765 Loss: 75.665581
2022-05-15 01:26: Train Epoch 10: 380/765 Loss: 53.809429
2022-05-15 01:27: Train Epoch 10: 400/765 Loss: 61.315338
2022-05-15 01:29: Train Epoch 10: 420/765 Loss: 56.867748
2022-05-15 01:30: Train Epoch 10: 440/765 Loss: 71.420624
2022-05-15 01:32: Train Epoch 10: 460/765 Loss: 69.741447
2022-05-15 01:33: Train Epoch 10: 480/765 Loss: 61.017143
2022-05-15 01:35: Train Epoch 10: 500/765 Loss: 75.114365
2022-05-15 01:36: Train Epoch 10: 520/765 Loss: 56.712532
2022-05-15 01:38: Train Epoch 10: 540/765 Loss: 61.592285
2022-05-15 01:39: Train Epoch 10: 560/765 Loss: 74.629845
2022-05-15 01:41: Train Epoch 10: 580/765 Loss: 44.989262
2022-05-15 01:42: Train Epoch 10: 600/765 Loss: 66.574265
2022-05-15 01:44: Train Epoch 10: 620/765 Loss: 74.863289
2022-05-15 01:45: Train Epoch 10: 640/765 Loss: 61.651581
2022-05-15 01:47: Train Epoch 10: 660/765 Loss: 69.541191
2022-05-15 01:48: Train Epoch 10: 680/765 Loss: 66.898148
2022-05-15 01:50: Train Epoch 10: 700/765 Loss: 71.989693
2022-05-15 01:51: Train Epoch 10: 720/765 Loss: 61.911377
2022-05-15 01:53: Train Epoch 10: 740/765 Loss: 69.788300
2022-05-15 01:54: Train Epoch 10: 760/765 Loss: 65.772545
2022-05-15 01:55: **********Train Epoch 10: averaged Loss: 66.143071
2022-05-15 01:57: **********Val Epoch 10: average Loss: 64.401911
2022-05-15 01:57: Train Epoch 11: 0/765 Loss: 63.590919
2022-05-15 01:58: Train Epoch 11: 20/765 Loss: 56.443222
2022-05-15 02:00: Train Epoch 11: 40/765 Loss: 86.463776
2022-05-15 02:01: Train Epoch 11: 60/765 Loss: 60.005997
2022-05-15 02:03: Train Epoch 11: 80/765 Loss: 60.514545
2022-05-15 02:04: Train Epoch 11: 100/765 Loss: 57.077713
2022-05-15 02:06: Train Epoch 11: 120/765 Loss: 56.314293
2022-05-15 02:07: Train Epoch 11: 140/765 Loss: 58.265518
2022-05-15 02:09: Train Epoch 11: 160/765 Loss: 56.123985
2022-05-15 02:10: Train Epoch 11: 180/765 Loss: 43.688774
2022-05-15 02:12: Train Epoch 11: 200/765 Loss: 75.881203
2022-05-15 02:13: Train Epoch 11: 220/765 Loss: 53.405205
2022-05-15 02:15: Train Epoch 11: 240/765 Loss: 62.817966
2022-05-15 02:16: Train Epoch 11: 260/765 Loss: 64.893753
2022-05-15 02:18: Train Epoch 11: 280/765 Loss: 67.680946
2022-05-15 02:19: Train Epoch 11: 300/765 Loss: 61.124432
2022-05-15 02:21: Train Epoch 11: 320/765 Loss: 59.405018
2022-05-15 02:22: Train Epoch 11: 340/765 Loss: 72.119377
2022-05-15 02:24: Train Epoch 11: 360/765 Loss: 58.572933
2022-05-15 02:25: Train Epoch 11: 380/765 Loss: 69.542274
2022-05-15 02:27: Train Epoch 11: 400/765 Loss: 62.023212
2022-05-15 02:28: Train Epoch 11: 420/765 Loss: 62.930393
2022-05-15 02:30: Train Epoch 11: 440/765 Loss: 49.010288
2022-05-15 02:31: Train Epoch 11: 460/765 Loss: 71.985542
2022-05-15 02:33: Train Epoch 11: 480/765 Loss: 72.316170
2022-05-15 02:34: Train Epoch 11: 500/765 Loss: 55.128910
2022-05-15 02:36: Train Epoch 11: 520/765 Loss: 62.663029
2022-05-15 02:37: Train Epoch 11: 540/765 Loss: 73.399071
2022-05-15 02:39: Train Epoch 11: 560/765 Loss: 53.114262
2022-05-15 02:40: Train Epoch 11: 580/765 Loss: 57.659588
2022-05-15 02:42: Train Epoch 11: 600/765 Loss: 64.054291
2022-05-15 02:43: Train Epoch 11: 620/765 Loss: 51.879143
2022-05-15 02:44: Train Epoch 11: 640/765 Loss: 83.049034
2022-05-15 02:46: Train Epoch 11: 660/765 Loss: 56.890846
2022-05-15 02:47: Train Epoch 11: 680/765 Loss: 63.408566
2022-05-15 02:49: Train Epoch 11: 700/765 Loss: 66.162170
2022-05-15 02:50: Train Epoch 11: 720/765 Loss: 58.069916
2022-05-15 02:52: Train Epoch 11: 740/765 Loss: 62.864819
2022-05-15 02:53: Train Epoch 11: 760/765 Loss: 47.034973
2022-05-15 02:54: **********Train Epoch 11: averaged Loss: 63.170556
2022-05-15 02:56: **********Val Epoch 11: average Loss: 60.210194
2022-05-15 02:56: Train Epoch 12: 0/765 Loss: 68.965477
2022-05-15 02:58: Train Epoch 12: 20/765 Loss: 42.179867
2022-05-15 02:59: Train Epoch 12: 40/765 Loss: 69.289833
2022-05-15 03:01: Train Epoch 12: 60/765 Loss: 47.572189
2022-05-15 03:02: Train Epoch 12: 80/765 Loss: 73.926376
2022-05-15 03:03: Train Epoch 12: 100/765 Loss: 68.936485
2022-05-15 03:05: Train Epoch 12: 120/765 Loss: 56.991543
2022-05-15 03:06: Train Epoch 12: 140/765 Loss: 49.123039
2022-05-15 03:08: Train Epoch 12: 160/765 Loss: 58.276218
2022-05-15 03:09: Train Epoch 12: 180/765 Loss: 53.329491
2022-05-15 03:11: Train Epoch 12: 200/765 Loss: 82.299568
2022-05-15 03:12: Train Epoch 12: 220/765 Loss: 50.699520
2022-05-15 03:14: Train Epoch 12: 240/765 Loss: 61.226746
2022-05-15 03:15: Train Epoch 12: 260/765 Loss: 73.490639
2022-05-15 03:17: Train Epoch 12: 280/765 Loss: 59.665260
2022-05-15 03:18: Train Epoch 12: 300/765 Loss: 57.141228
2022-05-15 03:20: Train Epoch 12: 320/765 Loss: 57.965000
2022-05-15 03:21: Train Epoch 12: 340/765 Loss: 50.543781
2022-05-15 03:23: Train Epoch 12: 360/765 Loss: 69.794846
2022-05-15 03:24: Train Epoch 12: 380/765 Loss: 45.857681
2022-05-15 03:26: Train Epoch 12: 400/765 Loss: 46.229877
2022-05-15 03:27: Train Epoch 12: 420/765 Loss: 65.151436
2022-05-15 03:29: Train Epoch 12: 440/765 Loss: 72.465157
2022-05-15 03:30: Train Epoch 12: 460/765 Loss: 71.390335
2022-05-15 03:32: Train Epoch 12: 480/765 Loss: 64.178238
2022-05-15 03:33: Train Epoch 12: 500/765 Loss: 75.466011
2022-05-15 03:35: Train Epoch 12: 520/765 Loss: 69.506500
2022-05-15 03:36: Train Epoch 12: 540/765 Loss: 66.324890
2022-05-15 03:38: Train Epoch 12: 560/765 Loss: 65.915123
2022-05-15 03:39: Train Epoch 12: 580/765 Loss: 66.108490
2022-05-15 03:41: Train Epoch 12: 600/765 Loss: 63.763584
2022-05-15 03:42: Train Epoch 12: 620/765 Loss: 57.269775
2022-05-15 03:44: Train Epoch 12: 640/765 Loss: 57.967449
2022-05-15 03:45: Train Epoch 12: 660/765 Loss: 52.221661
2022-05-15 03:47: Train Epoch 12: 680/765 Loss: 55.771156
2022-05-15 03:48: Train Epoch 12: 700/765 Loss: 67.928032
2022-05-15 03:50: Train Epoch 12: 720/765 Loss: 51.135666
2022-05-15 03:51: Train Epoch 12: 740/765 Loss: 67.506691
2022-05-15 03:53: Train Epoch 12: 760/765 Loss: 64.308861
2022-05-15 03:53: **********Train Epoch 12: averaged Loss: 60.285019
2022-05-15 03:55: **********Val Epoch 12: average Loss: 56.249919
2022-05-15 03:55: Train Epoch 13: 0/765 Loss: 49.164177
2022-05-15 03:57: Train Epoch 13: 20/765 Loss: 51.016174
2022-05-15 03:58: Train Epoch 13: 40/765 Loss: 75.417587
2022-05-15 04:00: Train Epoch 13: 60/765 Loss: 64.384605
2022-05-15 04:01: Train Epoch 13: 80/765 Loss: 51.610668
2022-05-15 04:03: Train Epoch 13: 100/765 Loss: 54.869450
2022-05-15 04:04: Train Epoch 13: 120/765 Loss: 45.011166
2022-05-15 04:06: Train Epoch 13: 140/765 Loss: 45.251617
2022-05-15 04:07: Train Epoch 13: 160/765 Loss: 56.983326
2022-05-15 04:09: Train Epoch 13: 180/765 Loss: 66.235626
2022-05-15 04:10: Train Epoch 13: 200/765 Loss: 64.734818
2022-05-15 04:12: Train Epoch 13: 220/765 Loss: 58.717346
2022-05-15 04:13: Train Epoch 13: 240/765 Loss: 69.843536
2022-05-15 04:15: Train Epoch 13: 260/765 Loss: 54.098209
2022-05-15 04:16: Train Epoch 13: 280/765 Loss: 62.166832
2022-05-15 04:17: Train Epoch 13: 300/765 Loss: 65.523232
2022-05-15 04:19: Train Epoch 13: 320/765 Loss: 60.584064
2022-05-15 04:20: Train Epoch 13: 340/765 Loss: 74.292625
2022-05-15 04:22: Train Epoch 13: 360/765 Loss: 64.665871
2022-05-15 04:23: Train Epoch 13: 380/765 Loss: 56.089924
2022-05-15 04:25: Train Epoch 13: 400/765 Loss: 60.170845
2022-05-15 04:26: Train Epoch 13: 420/765 Loss: 64.288025
2022-05-15 04:28: Train Epoch 13: 440/765 Loss: 54.310215
2022-05-15 04:29: Train Epoch 13: 460/765 Loss: 45.462730
2022-05-15 04:31: Train Epoch 13: 480/765 Loss: 63.237259
2022-05-15 04:32: Train Epoch 13: 500/765 Loss: 46.298477
2022-05-15 04:34: Train Epoch 13: 520/765 Loss: 48.345184
2022-05-15 04:35: Train Epoch 13: 540/765 Loss: 69.411865
2022-05-15 04:37: Train Epoch 13: 560/765 Loss: 56.753479
2022-05-15 04:38: Train Epoch 13: 580/765 Loss: 71.690704
2022-05-15 04:40: Train Epoch 13: 600/765 Loss: 50.432339
2022-05-15 04:41: Train Epoch 13: 620/765 Loss: 59.082424
2022-05-15 04:43: Train Epoch 13: 640/765 Loss: 46.299652
2022-05-15 04:44: Train Epoch 13: 660/765 Loss: 65.856819
2022-05-15 04:46: Train Epoch 13: 680/765 Loss: 58.948212
2022-05-15 04:47: Train Epoch 13: 700/765 Loss: 63.474575
2022-05-15 04:49: Train Epoch 13: 720/765 Loss: 57.769268
2022-05-15 04:50: Train Epoch 13: 740/765 Loss: 62.176262
2022-05-15 04:52: Train Epoch 13: 760/765 Loss: 61.324879
2022-05-15 04:52: **********Train Epoch 13: averaged Loss: 59.063890
2022-05-15 04:54: **********Val Epoch 13: average Loss: 61.361379
2022-05-15 04:54: Train Epoch 14: 0/765 Loss: 44.698532
2022-05-15 04:56: Train Epoch 14: 20/765 Loss: 62.943161
2022-05-15 04:57: Train Epoch 14: 40/765 Loss: 60.981422
2022-05-15 04:59: Train Epoch 14: 60/765 Loss: 51.302174
2022-05-15 05:00: Train Epoch 14: 80/765 Loss: 52.455189
2022-05-15 05:02: Train Epoch 14: 100/765 Loss: 57.190861
2022-05-15 05:03: Train Epoch 14: 120/765 Loss: 70.422409
2022-05-15 05:05: Train Epoch 14: 140/765 Loss: 49.644970
2022-05-15 05:06: Train Epoch 14: 160/765 Loss: 49.812527
2022-05-15 05:08: Train Epoch 14: 180/765 Loss: 61.324738
2022-05-15 05:09: Train Epoch 14: 200/765 Loss: 65.087715
2022-05-15 05:10: Train Epoch 14: 220/765 Loss: 64.818497
2022-05-15 05:12: Train Epoch 14: 240/765 Loss: 57.169113
2022-05-15 05:13: Train Epoch 14: 260/765 Loss: 68.099777
2022-05-15 05:15: Train Epoch 14: 280/765 Loss: 61.919617
2022-05-15 05:16: Train Epoch 14: 300/765 Loss: 62.716518
2022-05-15 05:18: Train Epoch 14: 320/765 Loss: 52.854744
2022-05-15 05:19: Train Epoch 14: 340/765 Loss: 50.561558
2022-05-15 05:21: Train Epoch 14: 360/765 Loss: 61.756714
2022-05-15 05:22: Train Epoch 14: 380/765 Loss: 52.700760
2022-05-15 05:24: Train Epoch 14: 400/765 Loss: 55.671932
2022-05-15 05:25: Train Epoch 14: 420/765 Loss: 58.046417
2022-05-15 05:27: Train Epoch 14: 440/765 Loss: 106.195496
2022-05-15 05:28: Train Epoch 14: 460/765 Loss: 109.256126
2022-05-15 05:30: Train Epoch 14: 480/765 Loss: 63.989010
2022-05-15 05:31: Train Epoch 14: 500/765 Loss: 57.529434
2022-05-15 05:33: Train Epoch 14: 520/765 Loss: 62.466141
2022-05-15 05:34: Train Epoch 14: 540/765 Loss: 62.673672
2022-05-15 05:36: Train Epoch 14: 560/765 Loss: 55.629066
2022-05-15 05:37: Train Epoch 14: 580/765 Loss: 63.774841
2022-05-15 05:39: Train Epoch 14: 600/765 Loss: 60.506905
2022-05-15 05:40: Train Epoch 14: 620/765 Loss: 79.286179
2022-05-15 05:42: Train Epoch 14: 640/765 Loss: 66.628876
2022-05-15 05:43: Train Epoch 14: 660/765 Loss: 71.616142
2022-05-15 05:44: Train Epoch 14: 680/765 Loss: 64.408104
2022-05-15 05:46: Train Epoch 14: 700/765 Loss: 64.370422
2022-05-15 05:47: Train Epoch 14: 720/765 Loss: 62.190620
2022-05-15 05:49: Train Epoch 14: 740/765 Loss: 68.037544
2022-05-15 05:50: Train Epoch 14: 760/765 Loss: 57.628124
2022-05-15 05:51: **********Train Epoch 14: averaged Loss: 62.280710
2022-05-15 05:53: **********Val Epoch 14: average Loss: 61.380375
2022-05-15 05:53: Train Epoch 15: 0/765 Loss: 63.510452
2022-05-15 05:55: Train Epoch 15: 20/765 Loss: 66.571426
2022-05-15 05:56: Train Epoch 15: 40/765 Loss: 58.796509
2022-05-15 05:57: Train Epoch 15: 60/765 Loss: 53.358528
2022-05-15 05:59: Train Epoch 15: 80/765 Loss: 53.457321
2022-05-15 06:00: Train Epoch 15: 100/765 Loss: 56.253735
2022-05-15 06:02: Train Epoch 15: 120/765 Loss: 49.356152
2022-05-15 06:03: Train Epoch 15: 140/765 Loss: 53.703316
2022-05-15 06:05: Train Epoch 15: 160/765 Loss: 53.580151
2022-05-15 06:06: Train Epoch 15: 180/765 Loss: 57.386570
2022-05-15 06:08: Train Epoch 15: 200/765 Loss: 56.200195
2022-05-15 06:09: Train Epoch 15: 220/765 Loss: 47.188915
2022-05-15 06:11: Train Epoch 15: 240/765 Loss: 46.494804
2022-05-15 06:12: Train Epoch 15: 260/765 Loss: 60.517120
2022-05-15 06:14: Train Epoch 15: 280/765 Loss: 51.620525
2022-05-15 06:15: Train Epoch 15: 300/765 Loss: 57.447666
2022-05-15 06:17: Train Epoch 15: 320/765 Loss: 54.698166
2022-05-15 06:18: Train Epoch 15: 340/765 Loss: 64.894165
2022-05-15 06:20: Train Epoch 15: 360/765 Loss: 46.846134
2022-05-15 06:21: Train Epoch 15: 380/765 Loss: 49.797802
2022-05-15 06:23: Train Epoch 15: 400/765 Loss: 80.564796
2022-05-15 06:24: Train Epoch 15: 420/765 Loss: 66.561172
2022-05-15 06:26: Train Epoch 15: 440/765 Loss: 50.838394
2022-05-15 06:27: Train Epoch 15: 460/765 Loss: 47.872246
2022-05-15 06:29: Train Epoch 15: 480/765 Loss: 51.758965
2022-05-15 06:30: Train Epoch 15: 500/765 Loss: 59.076069
2022-05-15 06:31: Train Epoch 15: 520/765 Loss: 58.171101
2022-05-15 06:33: Train Epoch 15: 540/765 Loss: 65.278069
2022-05-15 06:34: Train Epoch 15: 560/765 Loss: 51.728306
2022-05-15 06:36: Train Epoch 15: 580/765 Loss: 59.840748
2022-05-15 06:37: Train Epoch 15: 600/765 Loss: 59.836613
2022-05-15 06:39: Train Epoch 15: 620/765 Loss: 54.444744
2022-05-15 06:40: Train Epoch 15: 640/765 Loss: 40.780785
2022-05-15 06:42: Train Epoch 15: 660/765 Loss: 66.063240
2022-05-15 06:43: Train Epoch 15: 680/765 Loss: 50.013058
2022-05-15 06:45: Train Epoch 15: 700/765 Loss: 63.352753
2022-05-15 06:46: Train Epoch 15: 720/765 Loss: 55.296543
2022-05-15 06:48: Train Epoch 15: 740/765 Loss: 63.863651
2022-05-15 06:49: Train Epoch 15: 760/765 Loss: 59.009232
2022-05-15 06:50: **********Train Epoch 15: averaged Loss: 56.710731
2022-05-15 06:52: **********Val Epoch 15: average Loss: 55.175639
2022-05-15 06:52: *********************************Current best model saved!
2022-05-15 06:52: Saving current best model to ../runs\LondonHW_30\05-14-16h04m_LondonHW_30_GCDE_type1_embed{10}hid{128}hidhid{128}lyrs{3}lr{0.001}wd{0.001}\best_model.pth
2022-05-15 06:52: Train Epoch 16: 0/765 Loss: 53.426701
2022-05-15 06:53: Train Epoch 16: 20/765 Loss: 54.350933
2022-05-15 06:55: Train Epoch 16: 40/765 Loss: 61.984924
2022-05-15 06:56: Train Epoch 16: 60/765 Loss: 54.469791
2022-05-15 06:58: Train Epoch 16: 80/765 Loss: 51.888180
2022-05-15 06:59: Train Epoch 16: 100/765 Loss: 57.485168
2022-05-15 07:01: Train Epoch 16: 120/765 Loss: 51.980850
2022-05-15 07:02: Train Epoch 16: 140/765 Loss: 47.994835
2022-05-15 07:04: Train Epoch 16: 160/765 Loss: 57.120285
2022-05-15 07:05: Train Epoch 16: 180/765 Loss: 41.842808
2022-05-15 07:07: Train Epoch 16: 200/765 Loss: 57.895016
2022-05-15 07:08: Train Epoch 16: 220/765 Loss: 51.033096
2022-05-15 07:10: Train Epoch 16: 240/765 Loss: 48.586632
2022-05-15 07:11: Train Epoch 16: 260/765 Loss: 53.276077
2022-05-15 07:13: Train Epoch 16: 280/765 Loss: 44.840408
2022-05-15 07:14: Train Epoch 16: 300/765 Loss: 47.577744
2022-05-15 07:16: Train Epoch 16: 320/765 Loss: 57.195602
2022-05-15 07:17: Train Epoch 16: 340/765 Loss: 52.088860
2022-05-15 07:19: Train Epoch 16: 360/765 Loss: 53.229191
2022-05-15 07:20: Train Epoch 16: 380/765 Loss: 58.572601
2022-05-15 07:21: Train Epoch 16: 400/765 Loss: 45.687408
2022-05-15 07:23: Train Epoch 16: 420/765 Loss: 53.494583
2022-05-15 07:24: Train Epoch 16: 440/765 Loss: 56.276524
2022-05-15 07:26: Train Epoch 16: 460/765 Loss: 40.838074
2022-05-15 07:27: Train Epoch 16: 480/765 Loss: 58.853489
2022-05-15 07:29: Train Epoch 16: 500/765 Loss: 58.327858
2022-05-15 07:30: Train Epoch 16: 520/765 Loss: 54.924274
2022-05-15 07:32: Train Epoch 16: 540/765 Loss: 49.605469
2022-05-15 07:33: Train Epoch 16: 560/765 Loss: 61.262783
2022-05-15 07:35: Train Epoch 16: 580/765 Loss: 60.688808
2022-05-15 07:36: Train Epoch 16: 600/765 Loss: 64.036263
2022-05-15 07:38: Train Epoch 16: 620/765 Loss: 51.362408
2022-05-15 07:39: Train Epoch 16: 640/765 Loss: 43.099251
2022-05-15 07:41: Train Epoch 16: 660/765 Loss: 57.077438
2022-05-15 07:42: Train Epoch 16: 680/765 Loss: 51.227306
2022-05-15 07:44: Train Epoch 16: 700/765 Loss: 39.756634
2022-05-15 07:45: Train Epoch 16: 720/765 Loss: 46.047302
2022-05-15 07:47: Train Epoch 16: 740/765 Loss: 37.928204
2022-05-15 07:48: Train Epoch 16: 760/765 Loss: 45.967846
2022-05-15 07:48: **********Train Epoch 16: averaged Loss: 51.744290
2022-05-15 07:51: **********Val Epoch 16: average Loss: 52.811859
2022-05-15 07:51: *********************************Current best model saved!
2022-05-15 07:51: Saving current best model to ../runs\LondonHW_30\05-14-16h04m_LondonHW_30_GCDE_type1_embed{10}hid{128}hidhid{128}lyrs{3}lr{0.001}wd{0.001}\best_model.pth
2022-05-15 07:51: Train Epoch 17: 0/765 Loss: 52.886276
2022-05-15 07:52: Train Epoch 17: 20/765 Loss: 51.046074
2022-05-15 07:54: Train Epoch 17: 40/765 Loss: 49.212723
2022-05-15 07:55: Train Epoch 17: 60/765 Loss: 49.625065
2022-05-15 07:57: Train Epoch 17: 80/765 Loss: 43.443340
2022-05-15 07:58: Train Epoch 17: 100/765 Loss: 53.706318
2022-05-15 08:00: Train Epoch 17: 120/765 Loss: 49.929611
2022-05-15 08:01: Train Epoch 17: 140/765 Loss: 43.265518
2022-05-15 08:03: Train Epoch 17: 160/765 Loss: 45.319340
2022-05-15 08:04: Train Epoch 17: 180/765 Loss: 58.416153
2022-05-15 08:06: Train Epoch 17: 200/765 Loss: 56.527393
2022-05-15 08:07: Train Epoch 17: 220/765 Loss: 50.163334
2022-05-15 08:08: Train Epoch 17: 240/765 Loss: 41.847065
2022-05-15 08:10: Train Epoch 17: 260/765 Loss: 49.878307
2022-05-15 08:11: Train Epoch 17: 280/765 Loss: 43.594925
2022-05-15 08:13: Train Epoch 17: 300/765 Loss: 50.005299
2022-05-15 08:14: Train Epoch 17: 320/765 Loss: 47.019714
2022-05-15 08:16: Train Epoch 17: 340/765 Loss: 37.789906
2022-05-15 08:17: Train Epoch 17: 360/765 Loss: 36.742332
2022-05-15 08:19: Train Epoch 17: 380/765 Loss: 47.104259
2022-05-15 08:20: Train Epoch 17: 400/765 Loss: 54.352772
2022-05-15 08:22: Train Epoch 17: 420/765 Loss: 43.147362
2022-05-15 08:23: Train Epoch 17: 440/765 Loss: 52.206432
2022-05-15 08:25: Train Epoch 17: 460/765 Loss: 52.877159
2022-05-15 08:26: Train Epoch 17: 480/765 Loss: 45.021725
2022-05-15 08:28: Train Epoch 17: 500/765 Loss: 53.228798
2022-05-15 08:29: Train Epoch 17: 520/765 Loss: 55.643322
2022-05-15 08:31: Train Epoch 17: 540/765 Loss: 48.699207
2022-05-15 08:32: Train Epoch 17: 560/765 Loss: 45.540035
2022-05-15 08:34: Train Epoch 17: 580/765 Loss: 46.150249
2022-05-15 08:35: Train Epoch 17: 600/765 Loss: 45.494431
2022-05-15 08:37: Train Epoch 17: 620/765 Loss: 45.711010
2022-05-15 08:38: Train Epoch 17: 640/765 Loss: 43.839813
2022-05-15 08:40: Train Epoch 17: 660/765 Loss: 52.090214
2022-05-15 08:41: Train Epoch 17: 680/765 Loss: 45.296104
2022-05-15 08:42: Train Epoch 17: 700/765 Loss: 44.155277
2022-05-15 08:44: Train Epoch 17: 720/765 Loss: 43.762009
2022-05-15 08:45: Train Epoch 17: 740/765 Loss: 34.413128
2022-05-15 08:47: Train Epoch 17: 760/765 Loss: 39.941681
2022-05-15 08:47: **********Train Epoch 17: averaged Loss: 47.661522
2022-05-15 08:50: **********Val Epoch 17: average Loss: 44.621683
2022-05-15 08:50: *********************************Current best model saved!
2022-05-15 08:50: Saving current best model to ../runs\LondonHW_30\05-14-16h04m_LondonHW_30_GCDE_type1_embed{10}hid{128}hidhid{128}lyrs{3}lr{0.001}wd{0.001}\best_model.pth
2022-05-15 08:50: Train Epoch 18: 0/765 Loss: 47.746704
2022-05-15 08:51: Train Epoch 18: 20/765 Loss: 50.256313
2022-05-15 08:53: Train Epoch 18: 40/765 Loss: 50.232956
2022-05-15 08:54: Train Epoch 18: 60/765 Loss: 47.856289
2022-05-15 08:56: Train Epoch 18: 80/765 Loss: 41.900173
2022-05-15 08:57: Train Epoch 18: 100/765 Loss: 40.579449
2022-05-15 08:58: Train Epoch 18: 120/765 Loss: 51.859756
2022-05-15 09:00: Train Epoch 18: 140/765 Loss: 59.020218
2022-05-15 09:01: Train Epoch 18: 160/765 Loss: 39.932060
2022-05-15 09:03: Train Epoch 18: 180/765 Loss: 33.957325
2022-05-15 09:04: Train Epoch 18: 200/765 Loss: 45.610851
2022-05-15 09:06: Train Epoch 18: 220/765 Loss: 48.403732
2022-05-15 09:07: Train Epoch 18: 240/765 Loss: 53.430393
2022-05-15 09:09: Train Epoch 18: 260/765 Loss: 75.078979
2022-05-15 09:10: Train Epoch 18: 280/765 Loss: 60.823978
2022-05-15 09:12: Train Epoch 18: 300/765 Loss: 59.630238
2022-05-15 09:13: Train Epoch 18: 320/765 Loss: 79.419106
2022-05-15 09:15: Train Epoch 18: 340/765 Loss: 67.306740
2022-05-15 09:16: Train Epoch 18: 360/765 Loss: 56.832924
2022-05-15 09:18: Train Epoch 18: 380/765 Loss: 54.201614
2022-05-15 09:19: Train Epoch 18: 400/765 Loss: 46.108761
2022-05-15 09:21: Train Epoch 18: 420/765 Loss: 54.695839
2022-05-15 09:22: Train Epoch 18: 440/765 Loss: 60.033772
2022-05-15 09:24: Train Epoch 18: 460/765 Loss: 50.971760
2022-05-15 09:25: Train Epoch 18: 480/765 Loss: 59.233406
2022-05-15 09:27: Train Epoch 18: 500/765 Loss: 58.846863
2022-05-15 09:28: Train Epoch 18: 520/765 Loss: 57.198761
2022-05-15 09:30: Train Epoch 18: 540/765 Loss: 59.750748
2022-05-15 09:31: Train Epoch 18: 560/765 Loss: 62.347130
2022-05-15 09:33: Train Epoch 18: 580/765 Loss: 42.909668
2022-05-15 09:34: Train Epoch 18: 600/765 Loss: 52.033382
2022-05-15 09:35: Train Epoch 18: 620/765 Loss: 56.735989
2022-05-15 09:37: Train Epoch 18: 640/765 Loss: 51.569675
2022-05-15 09:38: Train Epoch 18: 660/765 Loss: 54.406189
2022-05-15 09:40: Train Epoch 18: 680/765 Loss: 54.430706
2022-05-15 09:41: Train Epoch 18: 700/765 Loss: 51.601566
2022-05-15 09:43: Train Epoch 18: 720/765 Loss: 49.926502
2022-05-15 09:44: Train Epoch 18: 740/765 Loss: 38.066940
2022-05-15 09:46: Train Epoch 18: 760/765 Loss: 41.604088
2022-05-15 09:46: **********Train Epoch 18: averaged Loss: 54.508357
2022-05-15 09:48: **********Val Epoch 18: average Loss: 48.981208
2022-05-15 09:48: Train Epoch 19: 0/765 Loss: 51.928509
2022-05-15 09:50: Train Epoch 19: 20/765 Loss: 60.608089
2022-05-15 09:51: Train Epoch 19: 40/765 Loss: 50.196629
2022-05-15 09:53: Train Epoch 19: 60/765 Loss: 44.840782
2022-05-15 09:54: Train Epoch 19: 80/765 Loss: 48.330185
2022-05-15 09:56: Train Epoch 19: 100/765 Loss: 58.228901
2022-05-15 09:57: Train Epoch 19: 120/765 Loss: 45.722427
2022-05-15 09:59: Train Epoch 19: 140/765 Loss: 50.210316
2022-05-15 10:00: Train Epoch 19: 160/765 Loss: 48.258186
2022-05-15 10:02: Train Epoch 19: 180/765 Loss: 59.035503
2022-05-15 10:03: Train Epoch 19: 200/765 Loss: 41.641243
2022-05-15 10:05: Train Epoch 19: 220/765 Loss: 59.890087
2022-05-15 10:06: Train Epoch 19: 240/765 Loss: 51.548782
2022-05-15 10:08: Train Epoch 19: 260/765 Loss: 48.307236
2022-05-15 10:09: Train Epoch 19: 280/765 Loss: 47.094299
2022-05-15 10:11: Train Epoch 19: 300/765 Loss: 39.927017
2022-05-15 10:12: Train Epoch 19: 320/765 Loss: 46.463154
2022-05-15 10:14: Train Epoch 19: 340/765 Loss: 48.980686
2022-05-15 10:15: Train Epoch 19: 360/765 Loss: 47.206127
2022-05-15 10:17: Train Epoch 19: 380/765 Loss: 47.070518
2022-05-15 10:18: Train Epoch 19: 400/765 Loss: 54.831360
2022-05-15 10:20: Train Epoch 19: 420/765 Loss: 43.458088
2022-05-15 10:21: Train Epoch 19: 440/765 Loss: 49.000916
2022-05-15 10:23: Train Epoch 19: 460/765 Loss: 54.039532
2022-05-15 10:24: Train Epoch 19: 480/765 Loss: 53.662189
2022-05-15 10:25: Train Epoch 19: 500/765 Loss: 38.880680
2022-05-15 10:27: Train Epoch 19: 520/765 Loss: 47.256191
2022-05-15 10:28: Train Epoch 19: 540/765 Loss: 69.882812
2022-05-15 10:30: Train Epoch 19: 560/765 Loss: 48.297962
2022-05-15 10:31: Train Epoch 19: 580/765 Loss: 60.544426
2022-05-15 10:33: Train Epoch 19: 600/765 Loss: 64.638176
2022-05-15 10:34: Train Epoch 19: 620/765 Loss: 55.713894
2022-05-15 10:36: Train Epoch 19: 640/765 Loss: 57.964420
2022-05-15 10:37: Train Epoch 19: 660/765 Loss: 50.291264
2022-05-15 10:39: Train Epoch 19: 680/765 Loss: 56.366894
2022-05-15 10:40: Train Epoch 19: 700/765 Loss: 43.321037
2022-05-15 10:42: Train Epoch 19: 720/765 Loss: 55.614178
2022-05-15 10:43: Train Epoch 19: 740/765 Loss: 44.290245
2022-05-15 10:45: Train Epoch 19: 760/765 Loss: 51.384262
2022-05-15 10:45: **********Train Epoch 19: averaged Loss: 52.579861
2022-05-15 10:47: **********Val Epoch 19: average Loss: 47.662180
2022-05-15 10:47: Train Epoch 20: 0/765 Loss: 49.203613
2022-05-15 10:49: Train Epoch 20: 20/765 Loss: 50.400673
2022-05-15 10:50: Train Epoch 20: 40/765 Loss: 50.746983
2022-05-15 10:52: Train Epoch 20: 60/765 Loss: 38.956657
2022-05-15 10:53: Train Epoch 20: 80/765 Loss: 47.110748
2022-05-15 10:55: Train Epoch 20: 100/765 Loss: 57.500423
2022-05-15 10:56: Train Epoch 20: 120/765 Loss: 53.010590
2022-05-15 10:58: Train Epoch 20: 140/765 Loss: 41.565815
2022-05-15 10:59: Train Epoch 20: 160/765 Loss: 49.765495
2022-05-15 11:01: Train Epoch 20: 180/765 Loss: 64.116516
2022-05-15 11:02: Train Epoch 20: 200/765 Loss: 56.879730
2022-05-15 11:04: Train Epoch 20: 220/765 Loss: 47.343063
2022-05-15 11:05: Train Epoch 20: 240/765 Loss: 40.034245
2022-05-15 11:07: Train Epoch 20: 260/765 Loss: 57.826527
2022-05-15 11:08: Train Epoch 20: 280/765 Loss: 51.592220
2022-05-15 11:10: Train Epoch 20: 300/765 Loss: 54.930840
2022-05-15 11:11: Train Epoch 20: 320/765 Loss: 52.714737
2022-05-15 11:12: Train Epoch 20: 340/765 Loss: 45.080254
2022-05-15 11:14: Train Epoch 20: 360/765 Loss: 45.278881
2022-05-15 11:15: Train Epoch 20: 380/765 Loss: 35.765224
2022-05-15 11:17: Train Epoch 20: 400/765 Loss: 52.083694
2022-05-15 11:18: Train Epoch 20: 420/765 Loss: 33.952915
2022-05-15 11:20: Train Epoch 20: 440/765 Loss: 50.073746
2022-05-15 11:21: Train Epoch 20: 460/765 Loss: 37.944885
2022-05-15 11:23: Train Epoch 20: 480/765 Loss: 43.751534
2022-05-15 11:24: Train Epoch 20: 500/765 Loss: 48.606224
2022-05-15 11:26: Train Epoch 20: 520/765 Loss: 43.618759
2022-05-15 11:27: Train Epoch 20: 540/765 Loss: 47.543682
2022-05-15 11:29: Train Epoch 20: 560/765 Loss: 41.667042
2022-05-15 11:30: Train Epoch 20: 580/765 Loss: 51.933987
2022-05-15 11:32: Train Epoch 20: 600/765 Loss: 51.954563
2022-05-15 11:33: Train Epoch 20: 620/765 Loss: 44.312050
2022-05-15 11:35: Train Epoch 20: 640/765 Loss: 47.829979
2022-05-15 11:36: Train Epoch 20: 660/765 Loss: 33.478916
2022-05-15 11:38: Train Epoch 20: 680/765 Loss: 38.430950
2022-05-15 11:39: Train Epoch 20: 700/765 Loss: 48.364464
2022-05-15 11:41: Train Epoch 20: 720/765 Loss: 47.923168
2022-05-15 11:42: Train Epoch 20: 740/765 Loss: 48.320244
2022-05-15 11:44: Train Epoch 20: 760/765 Loss: 65.747299
2022-05-15 11:44: **********Train Epoch 20: averaged Loss: 49.193046
2022-05-15 11:46: **********Val Epoch 20: average Loss: 48.495905
2022-05-15 11:46: Train Epoch 21: 0/765 Loss: 46.194477
2022-05-15 11:48: Train Epoch 21: 20/765 Loss: 42.490982
2022-05-15 11:49: Train Epoch 21: 40/765 Loss: 45.931087
2022-05-15 11:51: Train Epoch 21: 60/765 Loss: 44.509525
2022-05-15 11:52: Train Epoch 21: 80/765 Loss: 45.009399
2022-05-15 11:54: Train Epoch 21: 100/765 Loss: 37.169167
2022-05-15 11:55: Train Epoch 21: 120/765 Loss: 49.151810
2022-05-15 11:57: Train Epoch 21: 140/765 Loss: 58.813129
2022-05-15 11:58: Train Epoch 21: 160/765 Loss: 40.371815
2022-05-15 12:00: Train Epoch 21: 180/765 Loss: 52.662437
2022-05-15 12:01: Train Epoch 21: 200/765 Loss: 43.048065
2022-05-15 12:03: Train Epoch 21: 220/765 Loss: 38.839188
2022-05-15 12:04: Train Epoch 21: 240/765 Loss: 44.362041
2022-05-15 12:05: Train Epoch 21: 260/765 Loss: 49.293869
2022-05-15 12:07: Train Epoch 21: 280/765 Loss: 49.255894
2022-05-15 12:08: Train Epoch 21: 300/765 Loss: 50.156761
2022-05-15 12:10: Train Epoch 21: 320/765 Loss: 51.579365
2022-05-15 12:11: Train Epoch 21: 340/765 Loss: 52.635174
2022-05-15 12:13: Train Epoch 21: 360/765 Loss: 49.714245
2022-05-15 12:14: Train Epoch 21: 380/765 Loss: 49.246399
2022-05-15 12:16: Train Epoch 21: 400/765 Loss: 49.616142
2022-05-15 12:17: Train Epoch 21: 420/765 Loss: 50.306118
2022-05-15 12:19: Train Epoch 21: 440/765 Loss: 55.107292
2022-05-15 12:20: Train Epoch 21: 460/765 Loss: 46.362793
2022-05-15 12:22: Train Epoch 21: 480/765 Loss: 52.433964
2022-05-15 12:23: Train Epoch 21: 500/765 Loss: 52.267445
2022-05-15 12:25: Train Epoch 21: 520/765 Loss: 50.281040
2022-05-15 12:26: Train Epoch 21: 540/765 Loss: 61.774368
2022-05-15 12:28: Train Epoch 21: 560/765 Loss: 49.703400
2022-05-15 12:29: Train Epoch 21: 580/765 Loss: 69.422592
2022-05-15 12:31: Train Epoch 21: 600/765 Loss: 50.316135
2022-05-15 12:32: Train Epoch 21: 620/765 Loss: 46.942478
2022-05-15 12:34: Train Epoch 21: 640/765 Loss: 51.662342
2022-05-15 12:35: Train Epoch 21: 660/765 Loss: 52.530018
2022-05-15 12:36: Train Epoch 21: 680/765 Loss: 72.518044
2022-05-15 12:38: Train Epoch 21: 700/765 Loss: 58.931347
2022-05-15 12:39: Train Epoch 21: 720/765 Loss: 57.088062
2022-05-15 12:41: Train Epoch 21: 740/765 Loss: 61.184929
2022-05-15 12:42: Train Epoch 21: 760/765 Loss: 67.682869
2022-05-15 12:43: **********Train Epoch 21: averaged Loss: 50.855745
2022-05-15 12:45: **********Val Epoch 21: average Loss: 64.113927
2022-05-15 12:45: Train Epoch 22: 0/765 Loss: 62.852634
2022-05-15 12:47: Train Epoch 22: 20/765 Loss: 41.711792
2022-05-15 12:48: Train Epoch 22: 40/765 Loss: 59.256958
2022-05-15 12:49: Train Epoch 22: 60/765 Loss: 44.880463
2022-05-15 12:51: Train Epoch 22: 80/765 Loss: 51.652428
2022-05-15 12:52: Train Epoch 22: 100/765 Loss: 50.418732
2022-05-15 12:54: Train Epoch 22: 120/765 Loss: 54.068939
2022-05-15 12:55: Train Epoch 22: 140/765 Loss: 60.326359
2022-05-15 12:57: Train Epoch 22: 160/765 Loss: 69.739624
2022-05-15 12:58: Train Epoch 22: 180/765 Loss: 78.178146
2022-05-15 13:00: Train Epoch 22: 200/765 Loss: 47.642689
2022-05-15 13:01: Train Epoch 22: 220/765 Loss: 53.806850
2022-05-15 13:03: Train Epoch 22: 240/765 Loss: 57.323380
2022-05-15 13:04: Train Epoch 22: 260/765 Loss: 57.563183
2022-05-15 13:06: Train Epoch 22: 280/765 Loss: 60.306637
2022-05-15 13:07: Train Epoch 22: 300/765 Loss: 67.200981
2022-05-15 13:09: Train Epoch 22: 320/765 Loss: 40.754250
2022-05-15 13:10: Train Epoch 22: 340/765 Loss: 48.277088
2022-05-15 13:12: Train Epoch 22: 360/765 Loss: 46.488186
2022-05-15 13:13: Train Epoch 22: 380/765 Loss: 55.330284
2022-05-15 13:15: Train Epoch 22: 400/765 Loss: 60.467503
2022-05-15 13:16: Train Epoch 22: 420/765 Loss: 68.428406
2022-05-15 13:18: Train Epoch 22: 440/765 Loss: 51.529892
2022-05-15 13:19: Train Epoch 22: 460/765 Loss: 51.031807
2022-05-15 13:20: Train Epoch 22: 480/765 Loss: 56.433567
2022-05-15 13:22: Train Epoch 22: 500/765 Loss: 51.412769
2022-05-15 13:23: Train Epoch 22: 520/765 Loss: 59.817791
2022-05-15 13:25: Train Epoch 22: 540/765 Loss: 54.089184
2022-05-15 13:26: Train Epoch 22: 560/765 Loss: 57.822052
2022-05-15 13:28: Train Epoch 22: 580/765 Loss: 52.627918
2022-05-15 13:29: Train Epoch 22: 600/765 Loss: 48.159035
2022-05-15 13:31: Train Epoch 22: 620/765 Loss: 49.104073
2022-05-15 13:32: Train Epoch 22: 640/765 Loss: 59.578117
2022-05-15 13:34: Train Epoch 22: 660/765 Loss: 57.947441
2022-05-15 13:35: Train Epoch 22: 680/765 Loss: 86.968941
2022-05-15 13:37: Train Epoch 22: 700/765 Loss: 197.513260
2022-05-15 13:38: Train Epoch 22: 720/765 Loss: 215.883850
2022-05-15 13:40: Train Epoch 22: 740/765 Loss: 127.582291
2022-05-15 13:41: Train Epoch 22: 760/765 Loss: 130.529251
2022-05-15 13:41: **********Train Epoch 22: averaged Loss: 69.634401
2022-05-15 13:44: **********Val Epoch 22: average Loss: 146.842820
2022-05-15 13:44: Train Epoch 23: 0/765 Loss: 131.588318
2022-05-15 13:45: Train Epoch 23: 20/765 Loss: 93.263458
2022-05-15 13:47: Train Epoch 23: 40/765 Loss: 85.095802
2022-05-15 13:48: Train Epoch 23: 60/765 Loss: 68.850578
2022-05-15 13:50: Train Epoch 23: 80/765 Loss: 66.338768
2022-05-15 13:51: Train Epoch 23: 100/765 Loss: 71.058784
2022-05-15 13:53: Train Epoch 23: 120/765 Loss: 84.717659
2022-05-15 13:54: Train Epoch 23: 140/765 Loss: 79.089424
2022-05-15 13:56: Train Epoch 23: 160/765 Loss: 55.643032
2022-05-15 13:57: Train Epoch 23: 180/765 Loss: 66.892784
2022-05-15 13:59: Train Epoch 23: 200/765 Loss: 50.994400
2022-05-15 14:00: Train Epoch 23: 220/765 Loss: 56.438389
2022-05-15 14:02: Train Epoch 23: 240/765 Loss: 66.950386
2022-05-15 14:03: Train Epoch 23: 260/765 Loss: 72.249504
2022-05-15 14:04: Train Epoch 23: 280/765 Loss: 67.660088
2022-05-15 14:06: Train Epoch 23: 300/765 Loss: 64.566475
2022-05-15 14:07: Train Epoch 23: 320/765 Loss: 65.706352
2022-05-15 14:09: Train Epoch 23: 340/765 Loss: 50.982395
2022-05-15 14:10: Train Epoch 23: 360/765 Loss: 69.547798
2022-05-15 14:12: Train Epoch 23: 380/765 Loss: 58.740307
2022-05-15 14:13: Train Epoch 23: 400/765 Loss: 61.976067
2022-05-15 14:15: Train Epoch 23: 420/765 Loss: 64.806320
2022-05-15 14:16: Train Epoch 23: 440/765 Loss: 65.641167
2022-05-15 14:18: Train Epoch 23: 460/765 Loss: 61.041668
2022-05-15 14:19: Train Epoch 23: 480/765 Loss: 45.042274
2022-05-15 14:21: Train Epoch 23: 500/765 Loss: 67.530022
2022-05-15 14:22: Train Epoch 23: 520/765 Loss: 55.857948
2022-05-15 14:24: Train Epoch 23: 540/765 Loss: 54.947594
2022-05-15 14:25: Train Epoch 23: 560/765 Loss: 55.163876
2022-05-15 14:27: Train Epoch 23: 580/765 Loss: 55.962368
2022-05-15 14:28: Train Epoch 23: 600/765 Loss: 57.172379
2022-05-15 14:30: Train Epoch 23: 620/765 Loss: 72.433426
2022-05-15 14:31: Train Epoch 23: 640/765 Loss: 63.400616
2022-05-15 14:33: Train Epoch 23: 660/765 Loss: 41.562874
2022-05-15 14:34: Train Epoch 23: 680/765 Loss: 49.483810
2022-05-15 14:36: Train Epoch 23: 700/765 Loss: 52.809002
2022-05-15 14:37: Train Epoch 23: 720/765 Loss: 53.267933
2022-05-15 14:38: Train Epoch 23: 740/765 Loss: 51.638947
2022-05-15 14:40: Train Epoch 23: 760/765 Loss: 54.290791
2022-05-15 14:40: **********Train Epoch 23: averaged Loss: 65.722656
2022-05-15 14:43: **********Val Epoch 23: average Loss: 50.624909
2022-05-15 14:43: Train Epoch 24: 0/765 Loss: 39.579163
2022-05-15 14:44: Train Epoch 24: 20/765 Loss: 43.537228
2022-05-15 14:46: Train Epoch 24: 40/765 Loss: 61.061665
2022-05-15 14:47: Train Epoch 24: 60/765 Loss: 53.664429
2022-05-15 14:49: Train Epoch 24: 80/765 Loss: 66.812172
2022-05-15 14:50: Train Epoch 24: 100/765 Loss: 59.856300
2022-05-15 14:51: Train Epoch 24: 120/765 Loss: 65.334717
2022-05-15 14:53: Train Epoch 24: 140/765 Loss: 63.389309
2022-05-15 14:54: Train Epoch 24: 160/765 Loss: 58.432396
2022-05-15 14:56: Train Epoch 24: 180/765 Loss: 43.759956
2022-05-15 14:57: Train Epoch 24: 200/765 Loss: 46.801483
2022-05-15 14:59: Train Epoch 24: 220/765 Loss: 63.928635
2022-05-15 15:00: Train Epoch 24: 240/765 Loss: 56.812370
2022-05-15 15:02: Train Epoch 24: 260/765 Loss: 51.178043
2022-05-15 15:03: Train Epoch 24: 280/765 Loss: 54.683006
2022-05-15 15:05: Train Epoch 24: 300/765 Loss: 66.358269
2022-05-15 15:06: Train Epoch 24: 320/765 Loss: 134.358688
2022-05-15 15:08: Train Epoch 24: 340/765 Loss: 82.495300
2022-05-15 15:09: Train Epoch 24: 360/765 Loss: 76.123512
2022-05-15 15:11: Train Epoch 24: 380/765 Loss: 53.899811
2022-05-15 15:12: Train Epoch 24: 400/765 Loss: 57.265038
2022-05-15 15:14: Train Epoch 24: 420/765 Loss: 55.047939
2022-05-15 15:15: Train Epoch 24: 440/765 Loss: 43.094719
2022-05-15 15:17: Train Epoch 24: 460/765 Loss: 54.003220
2022-05-15 15:18: Train Epoch 24: 480/765 Loss: 53.006817
2022-05-15 15:20: Train Epoch 24: 500/765 Loss: 60.921505
2022-05-15 15:21: Train Epoch 24: 520/765 Loss: 61.537182
2022-05-15 15:22: Train Epoch 24: 540/765 Loss: 52.516884
2022-05-15 15:24: Train Epoch 24: 560/765 Loss: 55.099125
2022-05-15 15:25: Train Epoch 24: 580/765 Loss: 52.344414
2022-05-15 15:27: Train Epoch 24: 600/765 Loss: 55.289314
2022-05-15 15:28: Train Epoch 24: 620/765 Loss: 51.696842
2022-05-15 15:30: Train Epoch 24: 640/765 Loss: 58.024956
2022-05-15 15:31: Train Epoch 24: 660/765 Loss: 67.033157
2022-05-15 15:33: Train Epoch 24: 680/765 Loss: 82.333832
2022-05-15 15:34: Train Epoch 24: 700/765 Loss: 74.671753
2022-05-15 15:36: Train Epoch 24: 720/765 Loss: 60.264999
2022-05-15 15:37: Train Epoch 24: 740/765 Loss: 62.055340
2022-05-15 15:39: Train Epoch 24: 760/765 Loss: 53.286072
2022-05-15 15:39: **********Train Epoch 24: averaged Loss: 61.815097
2022-05-15 15:41: **********Val Epoch 24: average Loss: 57.923542
2022-05-15 15:41: Train Epoch 25: 0/765 Loss: 60.941746
2022-05-15 15:43: Train Epoch 25: 20/765 Loss: 69.134781
2022-05-15 15:44: Train Epoch 25: 40/765 Loss: 50.164276
2022-05-15 15:46: Train Epoch 25: 60/765 Loss: 69.083488
2022-05-15 15:47: Train Epoch 25: 80/765 Loss: 72.359238
2022-05-15 15:49: Train Epoch 25: 100/765 Loss: 123.306961
2022-05-15 15:50: Train Epoch 25: 120/765 Loss: 116.466164
2022-05-15 15:52: Train Epoch 25: 140/765 Loss: 161.165527
2022-05-15 15:53: Train Epoch 25: 160/765 Loss: 94.805794
2022-05-15 15:55: Train Epoch 25: 180/765 Loss: 58.459488
2022-05-15 15:56: Train Epoch 25: 200/765 Loss: 47.057487
2022-05-15 15:58: Train Epoch 25: 220/765 Loss: 49.689854
2022-05-15 15:59: Train Epoch 25: 240/765 Loss: 52.895767
2022-05-15 16:01: Train Epoch 25: 260/765 Loss: 45.628353
2022-05-15 16:02: Train Epoch 25: 280/765 Loss: 45.891762
2022-05-15 16:04: Train Epoch 25: 300/765 Loss: 70.860550
2022-05-15 16:05: Train Epoch 25: 320/765 Loss: 40.903080
2022-05-15 16:07: Train Epoch 25: 340/765 Loss: 52.644768
2022-05-15 16:08: Train Epoch 25: 360/765 Loss: 50.520634
2022-05-15 16:09: Train Epoch 25: 380/765 Loss: 62.689964
2022-05-15 16:11: Train Epoch 25: 400/765 Loss: 63.669113
2022-05-15 16:12: Train Epoch 25: 420/765 Loss: 45.280659
2022-05-15 16:14: Train Epoch 25: 440/765 Loss: 51.983543
2022-05-15 16:15: Train Epoch 25: 460/765 Loss: 49.696995
2022-05-15 16:17: Train Epoch 25: 480/765 Loss: 52.662724
2022-05-15 16:18: Train Epoch 25: 500/765 Loss: 48.608528
2022-05-15 16:20: Train Epoch 25: 520/765 Loss: 47.871368
2022-05-15 16:21: Train Epoch 25: 540/765 Loss: 62.633366
2022-05-15 16:23: Train Epoch 25: 560/765 Loss: 54.199253
2022-05-15 16:24: Train Epoch 25: 580/765 Loss: 65.561790
2022-05-15 16:26: Train Epoch 25: 600/765 Loss: 50.589600
2022-05-15 16:27: Train Epoch 25: 620/765 Loss: 59.438339
2022-05-15 16:29: Train Epoch 25: 640/765 Loss: 51.614803
2022-05-15 16:30: Train Epoch 25: 660/765 Loss: 57.003792
2022-05-15 16:32: Train Epoch 25: 680/765 Loss: 50.462486
2022-05-15 16:33: Train Epoch 25: 700/765 Loss: 55.661022
2022-05-15 16:35: Train Epoch 25: 720/765 Loss: 60.533726
2022-05-15 16:36: Train Epoch 25: 740/765 Loss: 40.352863
2022-05-15 16:38: Train Epoch 25: 760/765 Loss: 48.441071
2022-05-15 16:38: **********Train Epoch 25: averaged Loss: 62.739800
2022-05-15 16:40: **********Val Epoch 25: average Loss: 58.322922
2022-05-15 16:40: Train Epoch 26: 0/765 Loss: 60.723072
2022-05-15 16:42: Train Epoch 26: 20/765 Loss: 50.407009
2022-05-15 16:43: Train Epoch 26: 40/765 Loss: 52.023182
2022-05-15 16:45: Train Epoch 26: 60/765 Loss: 41.087376
2022-05-15 16:46: Train Epoch 26: 80/765 Loss: 40.916454
2022-05-15 16:48: Train Epoch 26: 100/765 Loss: 51.636471
2022-05-15 16:49: Train Epoch 26: 120/765 Loss: 37.239922
2022-05-15 16:51: Train Epoch 26: 140/765 Loss: 61.298393
2022-05-15 16:52: Train Epoch 26: 160/765 Loss: 54.256611
2022-05-15 16:53: Train Epoch 26: 180/765 Loss: 45.801842
2022-05-15 16:55: Train Epoch 26: 200/765 Loss: 50.953831
2022-05-15 16:56: Train Epoch 26: 220/765 Loss: 39.956333
2022-05-15 16:58: Train Epoch 26: 240/765 Loss: 41.210838
2022-05-15 16:59: Train Epoch 26: 260/765 Loss: 40.529190
2022-05-15 17:01: Train Epoch 26: 280/765 Loss: 51.966808
2022-05-15 17:02: Train Epoch 26: 300/765 Loss: 43.580910
2022-05-15 17:04: Train Epoch 26: 320/765 Loss: 63.494949
2022-05-15 17:05: Train Epoch 26: 340/765 Loss: 43.251057
2022-05-15 17:07: Train Epoch 26: 360/765 Loss: 43.024815
2022-05-15 17:08: Train Epoch 26: 380/765 Loss: 53.555660
2022-05-15 17:10: Train Epoch 26: 400/765 Loss: 52.503845
2022-05-15 17:11: Train Epoch 26: 420/765 Loss: 44.994961
2022-05-15 17:13: Train Epoch 26: 440/765 Loss: 48.915413
2022-05-15 17:14: Train Epoch 26: 460/765 Loss: 51.357731
2022-05-15 17:16: Train Epoch 26: 480/765 Loss: 41.300053
2022-05-15 17:17: Train Epoch 26: 500/765 Loss: 50.101135
2022-05-15 17:19: Train Epoch 26: 520/765 Loss: 44.343632
2022-05-15 17:20: Train Epoch 26: 540/765 Loss: 46.831059
2022-05-15 17:22: Train Epoch 26: 560/765 Loss: 46.655846
2022-05-15 17:23: Train Epoch 26: 580/765 Loss: 48.889416
2022-05-15 17:25: Train Epoch 26: 600/765 Loss: 42.942707
2022-05-15 17:26: Train Epoch 26: 620/765 Loss: 41.879517
2022-05-15 17:27: Train Epoch 26: 640/765 Loss: 40.634178
2022-05-15 17:29: Train Epoch 26: 660/765 Loss: 56.405746
2022-05-15 17:30: Train Epoch 26: 680/765 Loss: 52.764282
2022-05-15 17:32: Train Epoch 26: 700/765 Loss: 49.637775
2022-05-15 17:33: Train Epoch 26: 720/765 Loss: 40.260845
2022-05-15 17:35: Train Epoch 26: 740/765 Loss: 48.333260
2022-05-15 17:36: Train Epoch 26: 760/765 Loss: 54.839577
2022-05-15 17:37: **********Train Epoch 26: averaged Loss: 48.199245
2022-05-15 17:39: **********Val Epoch 26: average Loss: 45.745130
2022-05-15 17:39: Train Epoch 27: 0/765 Loss: 42.200806
2022-05-15 17:40: Train Epoch 27: 20/765 Loss: 38.150368
2022-05-15 17:42: Train Epoch 27: 40/765 Loss: 49.768707
2022-05-15 17:43: Train Epoch 27: 60/765 Loss: 59.173626
2022-05-15 17:45: Train Epoch 27: 80/765 Loss: 37.512291
2022-05-15 17:46: Train Epoch 27: 100/765 Loss: 73.592361
2022-05-15 17:48: Train Epoch 27: 120/765 Loss: 44.090744
2022-05-15 17:49: Train Epoch 27: 140/765 Loss: 53.168587
2022-05-15 17:51: Train Epoch 27: 160/765 Loss: 49.159931
2022-05-15 17:52: Train Epoch 27: 180/765 Loss: 40.289146
2022-05-15 17:54: Train Epoch 27: 200/765 Loss: 44.942738
2022-05-15 17:55: Train Epoch 27: 220/765 Loss: 35.050819
2022-05-15 17:57: Train Epoch 27: 240/765 Loss: 39.535793
2022-05-15 17:58: Train Epoch 27: 260/765 Loss: 48.740089
2022-05-15 18:00: Train Epoch 27: 280/765 Loss: 46.756207
2022-05-15 18:01: Train Epoch 27: 300/765 Loss: 31.813524
2022-05-15 18:03: Train Epoch 27: 320/765 Loss: 53.950066
2022-05-15 18:04: Train Epoch 27: 340/765 Loss: 39.482506
2022-05-15 18:06: Train Epoch 27: 360/765 Loss: 52.216610
2022-05-15 18:07: Train Epoch 27: 380/765 Loss: 42.781696
2022-05-15 18:09: Train Epoch 27: 400/765 Loss: 49.104221
2022-05-15 18:10: Train Epoch 27: 420/765 Loss: 49.328648
2022-05-15 18:12: Train Epoch 27: 440/765 Loss: 40.614418
2022-05-15 18:13: Train Epoch 27: 460/765 Loss: 43.274063
2022-05-15 18:15: Train Epoch 27: 480/765 Loss: 48.725506
2022-05-15 18:16: Train Epoch 27: 500/765 Loss: 47.312675
2022-05-15 18:17: Train Epoch 27: 520/765 Loss: 48.900009
2022-05-15 18:19: Train Epoch 27: 540/765 Loss: 44.380386
2022-05-15 18:20: Train Epoch 27: 560/765 Loss: 55.783073
2022-05-15 18:22: Train Epoch 27: 580/765 Loss: 37.468548
2022-05-15 18:23: Train Epoch 27: 600/765 Loss: 51.103901
2022-05-15 18:25: Train Epoch 27: 620/765 Loss: 65.007713
2022-05-15 18:26: Train Epoch 27: 640/765 Loss: 40.452377
2022-05-15 18:28: Train Epoch 27: 660/765 Loss: 55.078293
2022-05-15 18:29: Train Epoch 27: 680/765 Loss: 47.628258
2022-05-15 18:31: Train Epoch 27: 700/765 Loss: 49.699738
2022-05-15 18:32: Train Epoch 27: 720/765 Loss: 43.458534
2022-05-15 18:34: Train Epoch 27: 740/765 Loss: 40.413132
2022-05-15 18:35: Train Epoch 27: 760/765 Loss: 41.298409
2022-05-15 18:35: **********Train Epoch 27: averaged Loss: 47.551514
2022-05-15 18:38: **********Val Epoch 27: average Loss: 46.568842
2022-05-15 18:38: Train Epoch 28: 0/765 Loss: 46.692791
2022-05-15 18:39: Train Epoch 28: 20/765 Loss: 41.987282
2022-05-15 18:41: Train Epoch 28: 40/765 Loss: 38.324474
2022-05-15 18:42: Train Epoch 28: 60/765 Loss: 46.751488
2022-05-15 18:44: Train Epoch 28: 80/765 Loss: 41.499588
2022-05-15 18:45: Train Epoch 28: 100/765 Loss: 50.220135
2022-05-15 18:47: Train Epoch 28: 120/765 Loss: 38.122189
2022-05-15 18:48: Train Epoch 28: 140/765 Loss: 33.856300
2022-05-15 18:50: Train Epoch 28: 160/765 Loss: 48.680588
2022-05-15 18:51: Train Epoch 28: 180/765 Loss: 53.098846
2022-05-15 18:53: Train Epoch 28: 200/765 Loss: 45.770962
2022-05-15 18:54: Train Epoch 28: 220/765 Loss: 39.870762
2022-05-15 18:56: Train Epoch 28: 240/765 Loss: 43.393925
2022-05-15 18:57: Train Epoch 28: 260/765 Loss: 46.196949
2022-05-15 18:59: Train Epoch 28: 280/765 Loss: 49.819443
2022-05-15 19:00: Train Epoch 28: 300/765 Loss: 55.060642
2022-05-15 19:02: Train Epoch 28: 320/765 Loss: 47.694038
2022-05-15 19:03: Train Epoch 28: 340/765 Loss: 42.140137
2022-05-15 19:05: Train Epoch 28: 360/765 Loss: 51.177345
2022-05-15 19:06: Train Epoch 28: 380/765 Loss: 40.070065
2022-05-15 19:07: Train Epoch 28: 400/765 Loss: 50.089005
2022-05-15 19:09: Train Epoch 28: 420/765 Loss: 43.251003
2022-05-15 19:10: Train Epoch 28: 440/765 Loss: 49.067963
2022-05-15 19:12: Train Epoch 28: 460/765 Loss: 48.056545
2022-05-15 19:13: Train Epoch 28: 480/765 Loss: 44.585735
2022-05-15 19:15: Train Epoch 28: 500/765 Loss: 48.429344
2022-05-15 19:16: Train Epoch 28: 520/765 Loss: 32.316792
2022-05-15 19:18: Train Epoch 28: 540/765 Loss: 52.402260
2022-05-15 19:19: Train Epoch 28: 560/765 Loss: 45.722790
2022-05-15 19:21: Train Epoch 28: 580/765 Loss: 32.981911
2022-05-15 19:22: Train Epoch 28: 600/765 Loss: 51.963783
2022-05-15 19:24: Train Epoch 28: 620/765 Loss: 47.682587
2022-05-15 19:25: Train Epoch 28: 640/765 Loss: 44.678745
2022-05-15 19:27: Train Epoch 28: 660/765 Loss: 38.305649
2022-05-15 19:28: Train Epoch 28: 680/765 Loss: 47.731140
2022-05-15 19:30: Train Epoch 28: 700/765 Loss: 48.620621
2022-05-15 19:31: Train Epoch 28: 720/765 Loss: 40.235565
2022-05-15 19:33: Train Epoch 28: 740/765 Loss: 44.840240
2022-05-15 19:34: Train Epoch 28: 760/765 Loss: 55.800323
2022-05-15 19:34: **********Train Epoch 28: averaged Loss: 46.765088
2022-05-15 19:37: **********Val Epoch 28: average Loss: 48.094657
2022-05-15 19:37: Train Epoch 29: 0/765 Loss: 42.703083
2022-05-15 19:38: Train Epoch 29: 20/765 Loss: 40.437206
2022-05-15 19:40: Train Epoch 29: 40/765 Loss: 58.385914
2022-05-15 19:41: Train Epoch 29: 60/765 Loss: 43.097305
2022-05-15 19:43: Train Epoch 29: 80/765 Loss: 36.345394
2022-05-15 19:44: Train Epoch 29: 100/765 Loss: 38.233948
2022-05-15 19:46: Train Epoch 29: 120/765 Loss: 49.175175
2022-05-15 19:47: Train Epoch 29: 140/765 Loss: 49.624191
2022-05-15 19:49: Train Epoch 29: 160/765 Loss: 55.161499
2022-05-15 19:50: Train Epoch 29: 180/765 Loss: 44.160988
2022-05-15 19:52: Train Epoch 29: 200/765 Loss: 47.909649
2022-05-15 19:53: Train Epoch 29: 220/765 Loss: 45.845566
2022-05-15 19:55: Train Epoch 29: 240/765 Loss: 51.031418
2022-05-15 19:56: Train Epoch 29: 260/765 Loss: 54.382732
2022-05-15 19:57: Train Epoch 29: 280/765 Loss: 47.759499
2022-05-15 19:59: Train Epoch 29: 300/765 Loss: 44.898861
2022-05-15 20:00: Train Epoch 29: 320/765 Loss: 46.243786
2022-05-15 20:02: Train Epoch 29: 340/765 Loss: 55.987965
2022-05-15 20:03: Train Epoch 29: 360/765 Loss: 43.558666
2022-05-15 20:05: Train Epoch 29: 380/765 Loss: 41.008865
2022-05-15 20:06: Train Epoch 29: 400/765 Loss: 53.968113
2022-05-15 20:08: Train Epoch 29: 420/765 Loss: 54.643826
2022-05-15 20:09: Train Epoch 29: 440/765 Loss: 51.698864
2022-05-15 20:11: Train Epoch 29: 460/765 Loss: 40.444057
2022-05-15 20:12: Train Epoch 29: 480/765 Loss: 63.500294
2022-05-15 20:14: Train Epoch 29: 500/765 Loss: 49.544098
2022-05-15 20:15: Train Epoch 29: 520/765 Loss: 42.731148
2022-05-15 20:17: Train Epoch 29: 540/765 Loss: 44.778988
2022-05-15 20:18: Train Epoch 29: 560/765 Loss: 52.723846
2022-05-15 20:20: Train Epoch 29: 580/765 Loss: 36.631252
2022-05-15 20:21: Train Epoch 29: 600/765 Loss: 50.453690
2022-05-15 20:23: Train Epoch 29: 620/765 Loss: 70.064735
2022-05-15 20:24: Train Epoch 29: 640/765 Loss: 57.617920
2022-05-15 20:26: Train Epoch 29: 660/765 Loss: 46.004635
2022-05-15 20:27: Train Epoch 29: 680/765 Loss: 62.647655
2022-05-15 20:28: Train Epoch 29: 700/765 Loss: 51.336658
2022-05-15 20:30: Train Epoch 29: 720/765 Loss: 49.370918
2022-05-15 20:31: Train Epoch 29: 740/765 Loss: 53.214520
2022-05-15 20:33: Train Epoch 29: 760/765 Loss: 58.797775
2022-05-15 20:33: **********Train Epoch 29: averaged Loss: 48.355906
2022-05-15 20:35: **********Val Epoch 29: average Loss: 52.559426
2022-05-15 20:36: Train Epoch 30: 0/765 Loss: 47.710114
2022-05-15 20:37: Train Epoch 30: 20/765 Loss: 67.806961
2022-05-15 20:39: Train Epoch 30: 40/765 Loss: 57.906425
2022-05-15 20:40: Train Epoch 30: 60/765 Loss: 43.944931
2022-05-15 20:41: Train Epoch 30: 80/765 Loss: 48.540577
2022-05-15 20:43: Train Epoch 30: 100/765 Loss: 38.384365
2022-05-15 20:44: Train Epoch 30: 120/765 Loss: 44.570080
2022-05-15 20:46: Train Epoch 30: 140/765 Loss: 55.148739
2022-05-15 20:47: Train Epoch 30: 160/765 Loss: 53.982178
2022-05-15 20:49: Train Epoch 30: 180/765 Loss: 31.981495
2022-05-15 20:50: Train Epoch 30: 200/765 Loss: 46.349712
2022-05-15 20:52: Train Epoch 30: 220/765 Loss: 63.927261
2022-05-15 20:53: Train Epoch 30: 240/765 Loss: 43.610401
2022-05-15 20:55: Train Epoch 30: 260/765 Loss: 51.498291
2022-05-15 20:56: Train Epoch 30: 280/765 Loss: 48.980122
2022-05-15 20:58: Train Epoch 30: 300/765 Loss: 37.762951
2022-05-15 20:59: Train Epoch 30: 320/765 Loss: 50.212902
2022-05-15 21:01: Train Epoch 30: 340/765 Loss: 48.299541
2022-05-15 21:02: Train Epoch 30: 360/765 Loss: 36.676041
2022-05-15 21:04: Train Epoch 30: 380/765 Loss: 46.381020
2022-05-15 21:05: Train Epoch 30: 400/765 Loss: 40.691532
2022-05-15 21:07: Train Epoch 30: 420/765 Loss: 47.640251
2022-05-15 21:08: Train Epoch 30: 440/765 Loss: 41.796982
2022-05-15 21:10: Train Epoch 30: 460/765 Loss: 56.508541
2022-05-15 21:11: Train Epoch 30: 480/765 Loss: 50.969376
2022-05-15 21:12: Train Epoch 30: 500/765 Loss: 56.545757
2022-05-15 21:14: Train Epoch 30: 520/765 Loss: 51.918102
2022-05-15 21:15: Train Epoch 30: 540/765 Loss: 41.231422
2022-05-15 21:17: Train Epoch 30: 560/765 Loss: 44.163822
2022-05-15 21:18: Train Epoch 30: 580/765 Loss: 54.603920
2022-05-15 21:20: Train Epoch 30: 600/765 Loss: 53.454208
2022-05-15 21:21: Train Epoch 30: 620/765 Loss: 52.089935
2022-05-15 21:23: Train Epoch 30: 640/765 Loss: 48.337414
2022-05-15 21:24: Train Epoch 30: 660/765 Loss: 43.651829
2022-05-15 21:26: Train Epoch 30: 680/765 Loss: 47.205288
2022-05-15 21:27: Train Epoch 30: 700/765 Loss: 43.807205
2022-05-15 21:29: Train Epoch 30: 720/765 Loss: 43.444881
2022-05-15 21:30: Train Epoch 30: 740/765 Loss: 43.030697
2022-05-15 21:32: Train Epoch 30: 760/765 Loss: 52.452904
2022-05-15 21:32: **********Train Epoch 30: averaged Loss: 47.196114
2022-05-15 21:34: **********Val Epoch 30: average Loss: 47.608123
2022-05-15 21:34: Train Epoch 31: 0/765 Loss: 45.395813
2022-05-15 21:36: Train Epoch 31: 20/765 Loss: 44.069550
2022-05-15 21:37: Train Epoch 31: 40/765 Loss: 54.710770
2022-05-15 21:39: Train Epoch 31: 60/765 Loss: 25.497021
2022-05-15 21:40: Train Epoch 31: 80/765 Loss: 49.273781
2022-05-15 21:42: Train Epoch 31: 100/765 Loss: 36.929813
2022-05-15 21:43: Train Epoch 31: 120/765 Loss: 39.201218
2022-05-15 21:45: Train Epoch 31: 140/765 Loss: 56.338909
2022-05-15 21:46: Train Epoch 31: 160/765 Loss: 53.507423
2022-05-15 21:48: Train Epoch 31: 180/765 Loss: 40.951229
2022-05-15 21:49: Train Epoch 31: 200/765 Loss: 60.443684
2022-05-15 21:51: Train Epoch 31: 220/765 Loss: 47.478634
2022-05-15 21:52: Train Epoch 31: 240/765 Loss: 44.501373
2022-05-15 21:54: Train Epoch 31: 260/765 Loss: 49.448116
2022-05-15 21:55: Train Epoch 31: 280/765 Loss: 38.103645
2022-05-15 21:56: Train Epoch 31: 300/765 Loss: 47.634926
2022-05-15 21:58: Train Epoch 31: 320/765 Loss: 51.447338
2022-05-15 21:59: Train Epoch 31: 340/765 Loss: 43.518127
2022-05-15 22:01: Train Epoch 31: 360/765 Loss: 49.224792
2022-05-15 22:02: Train Epoch 31: 380/765 Loss: 47.945930
2022-05-15 22:04: Train Epoch 31: 400/765 Loss: 70.659897
2022-05-15 22:05: Train Epoch 31: 420/765 Loss: 71.590080
2022-05-15 22:07: Train Epoch 31: 440/765 Loss: 55.712402
2022-05-15 22:08: Train Epoch 31: 460/765 Loss: 61.810059
2022-05-15 22:10: Train Epoch 31: 480/765 Loss: 47.067440
2022-05-15 22:11: Train Epoch 31: 500/765 Loss: 55.333504
2022-05-15 22:13: Train Epoch 31: 520/765 Loss: 60.412567
2022-05-15 22:14: Train Epoch 31: 540/765 Loss: 55.384220
2022-05-15 22:16: Train Epoch 31: 560/765 Loss: 49.508160
2022-05-15 22:17: Train Epoch 31: 580/765 Loss: 43.060558
2022-05-15 22:19: Train Epoch 31: 600/765 Loss: 54.518806
2022-05-15 22:20: Train Epoch 31: 620/765 Loss: 36.397190
2022-05-15 22:22: Train Epoch 31: 640/765 Loss: 50.600410
2022-05-15 22:23: Train Epoch 31: 660/765 Loss: 48.376480
2022-05-15 22:25: Train Epoch 31: 680/765 Loss: 48.851280
2022-05-15 22:26: Train Epoch 31: 700/765 Loss: 55.104595
2022-05-15 22:28: Train Epoch 31: 720/765 Loss: 43.426056
2022-05-15 22:29: Train Epoch 31: 740/765 Loss: 51.276154
2022-05-15 22:30: Train Epoch 31: 760/765 Loss: 53.460186
2022-05-15 22:31: **********Train Epoch 31: averaged Loss: 48.123340
2022-05-15 22:33: **********Val Epoch 31: average Loss: 45.569005
2022-05-15 22:33: Train Epoch 32: 0/765 Loss: 49.276463
2022-05-15 22:35: Train Epoch 32: 20/765 Loss: 41.775448
2022-05-15 22:36: Train Epoch 32: 40/765 Loss: 50.152618
2022-05-15 22:38: Train Epoch 32: 60/765 Loss: 53.317627
2022-05-15 22:39: Train Epoch 32: 80/765 Loss: 49.337357
2022-05-15 22:41: Train Epoch 32: 100/765 Loss: 52.681263
2022-05-15 22:42: Train Epoch 32: 120/765 Loss: 47.494068
2022-05-15 22:43: Train Epoch 32: 140/765 Loss: 50.320908
2022-05-15 22:45: Train Epoch 32: 160/765 Loss: 45.831589
2022-05-15 22:46: Train Epoch 32: 180/765 Loss: 44.736076
2022-05-15 22:48: Train Epoch 32: 200/765 Loss: 59.032558
2022-05-15 22:49: Train Epoch 32: 220/765 Loss: 42.995213
2022-05-15 22:51: Train Epoch 32: 240/765 Loss: 49.534622
2022-05-15 22:52: Train Epoch 32: 260/765 Loss: 55.716534
2022-05-15 22:54: Train Epoch 32: 280/765 Loss: 51.121628
2022-05-15 22:55: Train Epoch 32: 300/765 Loss: 47.021088
2022-05-15 22:57: Train Epoch 32: 320/765 Loss: 64.343941
2022-05-15 22:58: Train Epoch 32: 340/765 Loss: 56.606258
2022-05-15 23:00: Train Epoch 32: 360/765 Loss: 54.787800
2022-05-15 23:01: Train Epoch 32: 380/765 Loss: 70.784142
2022-05-15 23:03: Train Epoch 32: 400/765 Loss: 52.730721
2022-05-15 23:04: Train Epoch 32: 420/765 Loss: 78.849281
2022-05-15 23:06: Train Epoch 32: 440/765 Loss: 57.729965
2022-05-15 23:07: Train Epoch 32: 460/765 Loss: 59.484737
2022-05-15 23:09: Train Epoch 32: 480/765 Loss: 47.285625
2022-05-15 23:10: Train Epoch 32: 500/765 Loss: 43.444233
2022-05-15 23:12: Train Epoch 32: 520/765 Loss: 48.763527
2022-05-15 23:13: Train Epoch 32: 540/765 Loss: 43.843937
2022-05-15 23:14: Train Epoch 32: 560/765 Loss: 51.230572
2022-05-15 23:16: Train Epoch 32: 580/765 Loss: 55.577477
2022-05-15 23:17: Train Epoch 32: 600/765 Loss: 47.313576
2022-05-15 23:19: Train Epoch 32: 620/765 Loss: 43.980053
2022-05-15 23:20: Train Epoch 32: 640/765 Loss: 46.549465
2022-05-15 23:22: Train Epoch 32: 660/765 Loss: 53.119247
2022-05-15 23:23: Train Epoch 32: 680/765 Loss: 49.647125
2022-05-15 23:25: Train Epoch 32: 700/765 Loss: 44.158356
2022-05-15 23:26: Train Epoch 32: 720/765 Loss: 53.754597
2022-05-15 23:28: Train Epoch 32: 740/765 Loss: 53.903267
2022-05-15 23:29: Train Epoch 32: 760/765 Loss: 46.568409
2022-05-15 23:30: **********Train Epoch 32: averaged Loss: 50.375203
2022-05-15 23:32: **********Val Epoch 32: average Loss: 47.024155
2022-05-15 23:32: Validation performance didn't improve for 15 epochs. Training stops.
2022-05-15 23:32: Total training time: 1887.1718min, best loss: 44.621683
2022-05-15 23:36: Horizon 01, MAE: 44.46, RMSE: 74.98, MAPE: 19.6388%
2022-05-15 23:36: Average Horizon, MAE: 44.46, RMSE: 74.98, MAPE: 19.6388%
